[0.733s] DEBUG:colcon:Command line arguments: ['/usr/bin/colcon', 'build', '--symlink-install', '--cmake-args', '-DCMAKE_BUILD_TYPE=Debug']
[0.733s] DEBUG:colcon:Parsed command line arguments: Namespace(log_base=None, log_level=None, verb_name='build', build_base='build', install_base='install', merge_install=False, symlink_install=True, test_result_base=None, continue_on_error=False, executor='parallel', parallel_workers=16, event_handlers=None, ignore_user_meta=False, metas=['./colcon.meta'], base_paths=['.'], packages_ignore=None, packages_ignore_regex=None, paths=None, packages_up_to=None, packages_up_to_regex=None, packages_above=None, packages_above_and_dependencies=None, packages_above_depth=None, packages_select_by_dep=None, packages_skip_by_dep=None, packages_skip_up_to=None, packages_select_build_failed=False, packages_skip_build_finished=False, packages_select_test_failures=False, packages_skip_test_passed=False, packages_select=None, packages_skip=None, packages_select_regex=None, packages_skip_regex=None, packages_start=None, packages_end=None, allow_overriding=[], cmake_args=['-DCMAKE_BUILD_TYPE=Debug'], cmake_target=None, cmake_target_skip_unavailable=False, cmake_clean_cache=False, cmake_clean_first=False, cmake_force_configure=False, ament_cmake_args=None, catkin_cmake_args=None, catkin_skip_building_tests=False, verb_parser=<colcon_defaults.argument_parser.defaults.DefaultArgumentsDecorator object at 0x7e58bbe17c40>, verb_extension=<colcon_core.verb.build.BuildVerb object at 0x7e58bc15d6f0>, main=<bound method BuildVerb.main of <colcon_core.verb.build.BuildVerb object at 0x7e58bc15d6f0>>)
[0.774s] Level 1:colcon.colcon_core.package_discovery:discover_packages(colcon_meta) check parameters
[0.774s] Level 1:colcon.colcon_core.package_discovery:discover_packages(recursive) check parameters
[0.774s] Level 1:colcon.colcon_core.package_discovery:discover_packages(ignore) check parameters
[0.774s] Level 1:colcon.colcon_core.package_discovery:discover_packages(path) check parameters
[0.775s] Level 1:colcon.colcon_core.package_discovery:discover_packages(colcon_meta) discover
[0.775s] Level 1:colcon.colcon_core.package_discovery:discover_packages(recursive) discover
[0.775s] INFO:colcon.colcon_core.package_discovery:Crawling recursively for packages in '/home/evan/UAV_ws'
[0.775s] Level 1:colcon.colcon_core.package_identification:_identify(.) by extensions ['ignore', 'ignore_ament_install']
[0.775s] Level 1:colcon.colcon_core.package_identification:_identify(.) by extension 'ignore'
[0.775s] Level 1:colcon.colcon_core.package_identification:_identify(.) by extension 'ignore_ament_install'
[0.775s] Level 1:colcon.colcon_core.package_identification:_identify(.) by extensions ['colcon_pkg']
[0.775s] Level 1:colcon.colcon_core.package_identification:_identify(.) by extension 'colcon_pkg'
[0.775s] Level 1:colcon.colcon_core.package_identification:_identify(.) by extensions ['colcon_meta']
[0.775s] Level 1:colcon.colcon_core.package_identification:_identify(.) by extension 'colcon_meta'
[0.775s] Level 1:colcon.colcon_core.package_identification:_identify(.) by extensions ['ros']
[0.775s] Level 1:colcon.colcon_core.package_identification:_identify(.) by extension 'ros'
[0.785s] Level 1:colcon.colcon_core.package_identification:_identify(.) by extensions ['cmake', 'python']
[0.785s] Level 1:colcon.colcon_core.package_identification:_identify(.) by extension 'cmake'
[0.785s] Level 1:colcon.colcon_core.package_identification:_identify(.) by extension 'python'
[0.785s] Level 1:colcon.colcon_core.package_identification:_identify(.) by extensions ['python_setup_py']
[0.785s] Level 1:colcon.colcon_core.package_identification:_identify(.) by extension 'python_setup_py'
[0.785s] Level 1:colcon.colcon_core.package_identification:_identify(build) by extensions ['ignore', 'ignore_ament_install']
[0.785s] Level 1:colcon.colcon_core.package_identification:_identify(build) by extension 'ignore'
[0.785s] Level 1:colcon.colcon_core.package_identification:_identify(build) ignored
[0.785s] Level 1:colcon.colcon_core.package_identification:_identify(install) by extensions ['ignore', 'ignore_ament_install']
[0.785s] Level 1:colcon.colcon_core.package_identification:_identify(install) by extension 'ignore'
[0.785s] Level 1:colcon.colcon_core.package_identification:_identify(install) ignored
[0.785s] Level 1:colcon.colcon_core.package_identification:_identify(log) by extensions ['ignore', 'ignore_ament_install']
[0.785s] Level 1:colcon.colcon_core.package_identification:_identify(log) by extension 'ignore'
[0.786s] Level 1:colcon.colcon_core.package_identification:_identify(log) ignored
[0.786s] Level 1:colcon.colcon_core.package_identification:_identify(src) by extensions ['ignore', 'ignore_ament_install']
[0.786s] Level 1:colcon.colcon_core.package_identification:_identify(src) by extension 'ignore'
[0.786s] Level 1:colcon.colcon_core.package_identification:_identify(src) by extension 'ignore_ament_install'
[0.786s] Level 1:colcon.colcon_core.package_identification:_identify(src) by extensions ['colcon_pkg']
[0.786s] Level 1:colcon.colcon_core.package_identification:_identify(src) by extension 'colcon_pkg'
[0.786s] Level 1:colcon.colcon_core.package_identification:_identify(src) by extensions ['colcon_meta']
[0.786s] Level 1:colcon.colcon_core.package_identification:_identify(src) by extension 'colcon_meta'
[0.786s] Level 1:colcon.colcon_core.package_identification:_identify(src) by extensions ['ros']
[0.786s] Level 1:colcon.colcon_core.package_identification:_identify(src) by extension 'ros'
[0.786s] Level 1:colcon.colcon_core.package_identification:_identify(src) by extensions ['cmake', 'python']
[0.786s] Level 1:colcon.colcon_core.package_identification:_identify(src) by extension 'cmake'
[0.786s] Level 1:colcon.colcon_core.package_identification:_identify(src) by extension 'python'
[0.786s] Level 1:colcon.colcon_core.package_identification:_identify(src) by extensions ['python_setup_py']
[0.786s] Level 1:colcon.colcon_core.package_identification:_identify(src) by extension 'python_setup_py'
[0.786s] Level 1:colcon.colcon_core.package_identification:_identify(src/common_msgs) by extensions ['ignore', 'ignore_ament_install']
[0.786s] Level 1:colcon.colcon_core.package_identification:_identify(src/common_msgs) by extension 'ignore'
[0.786s] Level 1:colcon.colcon_core.package_identification:_identify(src/common_msgs) by extension 'ignore_ament_install'
[0.786s] Level 1:colcon.colcon_core.package_identification:_identify(src/common_msgs) by extensions ['colcon_pkg']
[0.786s] Level 1:colcon.colcon_core.package_identification:_identify(src/common_msgs) by extension 'colcon_pkg'
[0.786s] Level 1:colcon.colcon_core.package_identification:_identify(src/common_msgs) by extensions ['colcon_meta']
[0.786s] Level 1:colcon.colcon_core.package_identification:_identify(src/common_msgs) by extension 'colcon_meta'
[0.786s] Level 1:colcon.colcon_core.package_identification:_identify(src/common_msgs) by extensions ['ros']
[0.786s] Level 1:colcon.colcon_core.package_identification:_identify(src/common_msgs) by extension 'ros'
[0.789s] DEBUG:colcon.colcon_core.package_identification:Package 'src/common_msgs' with type 'ros.ament_cmake' and name 'common_msgs'
[0.789s] Level 1:colcon.colcon_core.package_identification:_identify(src/grampc-d) by extensions ['ignore', 'ignore_ament_install']
[0.789s] Level 1:colcon.colcon_core.package_identification:_identify(src/grampc-d) by extension 'ignore'
[0.789s] Level 1:colcon.colcon_core.package_identification:_identify(src/grampc-d) by extension 'ignore_ament_install'
[0.789s] Level 1:colcon.colcon_core.package_identification:_identify(src/grampc-d) by extensions ['colcon_pkg']
[0.789s] Level 1:colcon.colcon_core.package_identification:_identify(src/grampc-d) by extension 'colcon_pkg'
[0.789s] Level 1:colcon.colcon_core.package_identification:_identify(src/grampc-d) by extensions ['colcon_meta']
[0.789s] Level 1:colcon.colcon_core.package_identification:_identify(src/grampc-d) by extension 'colcon_meta'
[0.789s] Level 1:colcon.colcon_core.package_identification:_identify(src/grampc-d) by extensions ['ros']
[0.789s] Level 1:colcon.colcon_core.package_identification:_identify(src/grampc-d) by extension 'ros'
[0.789s] DEBUG:colcon.colcon_core.package_identification:Package 'src/grampc-d' with type 'ros.ament_cmake' and name 'grampc-d'
[0.790s] Level 1:colcon.colcon_core.package_identification:_identify(src/libs) by extensions ['ignore', 'ignore_ament_install']
[0.790s] Level 1:colcon.colcon_core.package_identification:_identify(src/libs) by extension 'ignore'
[0.790s] Level 1:colcon.colcon_core.package_identification:_identify(src/libs) by extension 'ignore_ament_install'
[0.790s] Level 1:colcon.colcon_core.package_identification:_identify(src/libs) by extensions ['colcon_pkg']
[0.790s] Level 1:colcon.colcon_core.package_identification:_identify(src/libs) by extension 'colcon_pkg'
[0.790s] Level 1:colcon.colcon_core.package_identification:_identify(src/libs) by extensions ['colcon_meta']
[0.790s] Level 1:colcon.colcon_core.package_identification:_identify(src/libs) by extension 'colcon_meta'
[0.790s] Level 1:colcon.colcon_core.package_identification:_identify(src/libs) by extensions ['ros']
[0.790s] Level 1:colcon.colcon_core.package_identification:_identify(src/libs) by extension 'ros'
[0.790s] DEBUG:colcon.colcon_core.package_identification:Package 'src/libs' with type 'ros.ament_cmake' and name 'libs'
[0.790s] Level 1:colcon.colcon_core.package_identification:_identify(src/mpc_node) by extensions ['ignore', 'ignore_ament_install']
[0.790s] Level 1:colcon.colcon_core.package_identification:_identify(src/mpc_node) by extension 'ignore'
[0.790s] Level 1:colcon.colcon_core.package_identification:_identify(src/mpc_node) by extension 'ignore_ament_install'
[0.790s] Level 1:colcon.colcon_core.package_identification:_identify(src/mpc_node) by extensions ['colcon_pkg']
[0.790s] Level 1:colcon.colcon_core.package_identification:_identify(src/mpc_node) by extension 'colcon_pkg'
[0.791s] Level 1:colcon.colcon_core.package_identification:_identify(src/mpc_node) by extensions ['colcon_meta']
[0.791s] Level 1:colcon.colcon_core.package_identification:_identify(src/mpc_node) by extension 'colcon_meta'
[0.791s] Level 1:colcon.colcon_core.package_identification:_identify(src/mpc_node) by extensions ['ros']
[0.791s] Level 1:colcon.colcon_core.package_identification:_identify(src/mpc_node) by extension 'ros'
[0.791s] DEBUG:colcon.colcon_core.package_identification:Package 'src/mpc_node' with type 'ros.ament_cmake' and name 'mpc_node'
[0.791s] Level 1:colcon.colcon_core.package_identification:_identify(src/simulator_node) by extensions ['ignore', 'ignore_ament_install']
[0.791s] Level 1:colcon.colcon_core.package_identification:_identify(src/simulator_node) by extension 'ignore'
[0.791s] Level 1:colcon.colcon_core.package_identification:_identify(src/simulator_node) by extension 'ignore_ament_install'
[0.791s] Level 1:colcon.colcon_core.package_identification:_identify(src/simulator_node) by extensions ['colcon_pkg']
[0.791s] Level 1:colcon.colcon_core.package_identification:_identify(src/simulator_node) by extension 'colcon_pkg'
[0.791s] Level 1:colcon.colcon_core.package_identification:_identify(src/simulator_node) by extensions ['colcon_meta']
[0.791s] Level 1:colcon.colcon_core.package_identification:_identify(src/simulator_node) by extension 'colcon_meta'
[0.791s] Level 1:colcon.colcon_core.package_identification:_identify(src/simulator_node) by extensions ['ros']
[0.791s] Level 1:colcon.colcon_core.package_identification:_identify(src/simulator_node) by extension 'ros'
[0.792s] DEBUG:colcon.colcon_core.package_identification:Package 'src/simulator_node' with type 'ros.ament_cmake' and name 'simulator_node'
[0.792s] Level 1:colcon.colcon_core.package_identification:_identify(src/test) by extensions ['ignore', 'ignore_ament_install']
[0.792s] Level 1:colcon.colcon_core.package_identification:_identify(src/test) by extension 'ignore'
[0.792s] Level 1:colcon.colcon_core.package_identification:_identify(src/test) by extension 'ignore_ament_install'
[0.792s] Level 1:colcon.colcon_core.package_identification:_identify(src/test) by extensions ['colcon_pkg']
[0.792s] Level 1:colcon.colcon_core.package_identification:_identify(src/test) by extension 'colcon_pkg'
[0.792s] Level 1:colcon.colcon_core.package_identification:_identify(src/test) by extensions ['colcon_meta']
[0.792s] Level 1:colcon.colcon_core.package_identification:_identify(src/test) by extension 'colcon_meta'
[0.792s] Level 1:colcon.colcon_core.package_identification:_identify(src/test) by extensions ['ros']
[0.792s] Level 1:colcon.colcon_core.package_identification:_identify(src/test) by extension 'ros'
[0.793s] DEBUG:colcon.colcon_core.package_identification:Package 'src/test' with type 'ros.ament_cmake' and name 'test'
[0.793s] Level 1:colcon.colcon_core.package_identification:_identify(src/uav_launch) by extensions ['ignore', 'ignore_ament_install']
[0.793s] Level 1:colcon.colcon_core.package_identification:_identify(src/uav_launch) by extension 'ignore'
[0.793s] Level 1:colcon.colcon_core.package_identification:_identify(src/uav_launch) by extension 'ignore_ament_install'
[0.793s] Level 1:colcon.colcon_core.package_identification:_identify(src/uav_launch) by extensions ['colcon_pkg']
[0.793s] Level 1:colcon.colcon_core.package_identification:_identify(src/uav_launch) by extension 'colcon_pkg'
[0.793s] Level 1:colcon.colcon_core.package_identification:_identify(src/uav_launch) by extensions ['colcon_meta']
[0.793s] Level 1:colcon.colcon_core.package_identification:_identify(src/uav_launch) by extension 'colcon_meta'
[0.793s] Level 1:colcon.colcon_core.package_identification:_identify(src/uav_launch) by extensions ['ros']
[0.793s] Level 1:colcon.colcon_core.package_identification:_identify(src/uav_launch) by extension 'ros'
[0.793s] DEBUG:colcon.colcon_core.package_identification:Package 'src/uav_launch' with type 'ros.ament_cmake' and name 'uav_launch'
[0.793s] Level 1:colcon.colcon_core.package_discovery:discover_packages(recursive) using defaults
[0.793s] Level 1:colcon.colcon_core.package_discovery:discover_packages(ignore) discover
[0.793s] Level 1:colcon.colcon_core.package_discovery:discover_packages(ignore) using defaults
[0.793s] Level 1:colcon.colcon_core.package_discovery:discover_packages(path) discover
[0.793s] Level 1:colcon.colcon_core.package_discovery:discover_packages(path) using defaults
[0.863s] Level 1:colcon.colcon_core.package_discovery:discover_packages(prefix_path) check parameters
[0.863s] Level 1:colcon.colcon_core.package_discovery:discover_packages(prefix_path) discover
[0.886s] DEBUG:colcon.colcon_installed_package_information.package_discovery:Found 7 installed packages in /home/evan/UAV_ws/install
[0.897s] DEBUG:colcon.colcon_installed_package_information.package_discovery:Found 291 installed packages in /opt/ros/humble
[0.898s] Level 1:colcon.colcon_core.package_discovery:discover_packages(prefix_path) using defaults
[0.957s] Level 5:colcon.colcon_core.verb:set package 'common_msgs' build argument 'cmake_args' from command line to '['-DCMAKE_BUILD_TYPE=Debug']'
[0.957s] Level 5:colcon.colcon_core.verb:set package 'common_msgs' build argument 'cmake_target' from command line to 'None'
[0.958s] Level 5:colcon.colcon_core.verb:set package 'common_msgs' build argument 'cmake_target_skip_unavailable' from command line to 'False'
[0.958s] Level 5:colcon.colcon_core.verb:set package 'common_msgs' build argument 'cmake_clean_cache' from command line to 'False'
[0.958s] Level 5:colcon.colcon_core.verb:set package 'common_msgs' build argument 'cmake_clean_first' from command line to 'False'
[0.958s] Level 5:colcon.colcon_core.verb:set package 'common_msgs' build argument 'cmake_force_configure' from command line to 'False'
[0.958s] Level 5:colcon.colcon_core.verb:set package 'common_msgs' build argument 'ament_cmake_args' from command line to 'None'
[0.958s] Level 5:colcon.colcon_core.verb:set package 'common_msgs' build argument 'catkin_cmake_args' from command line to 'None'
[0.958s] Level 5:colcon.colcon_core.verb:set package 'common_msgs' build argument 'catkin_skip_building_tests' from command line to 'False'
[0.958s] DEBUG:colcon.colcon_core.verb:Building package 'common_msgs' with the following arguments: {'ament_cmake_args': None, 'build_base': '/home/evan/UAV_ws/build/common_msgs', 'catkin_cmake_args': None, 'catkin_skip_building_tests': False, 'cmake_args': ['-DCMAKE_BUILD_TYPE=Debug'], 'cmake_clean_cache': False, 'cmake_clean_first': False, 'cmake_force_configure': False, 'cmake_target': None, 'cmake_target_skip_unavailable': False, 'install_base': '/home/evan/UAV_ws/install/common_msgs', 'merge_install': False, 'path': '/home/evan/UAV_ws/src/common_msgs', 'symlink_install': True, 'test_result_base': None}
[0.969s] Level 5:colcon.colcon_core.verb:set package 'libs' build argument 'cmake_args' from command line to '['-DCMAKE_BUILD_TYPE=Debug']'
[0.969s] Level 5:colcon.colcon_core.verb:set package 'libs' build argument 'cmake_target' from command line to 'None'
[0.969s] Level 5:colcon.colcon_core.verb:set package 'libs' build argument 'cmake_target_skip_unavailable' from command line to 'False'
[0.969s] Level 5:colcon.colcon_core.verb:set package 'libs' build argument 'cmake_clean_cache' from command line to 'False'
[0.969s] Level 5:colcon.colcon_core.verb:set package 'libs' build argument 'cmake_clean_first' from command line to 'False'
[0.969s] Level 5:colcon.colcon_core.verb:set package 'libs' build argument 'cmake_force_configure' from command line to 'False'
[0.969s] Level 5:colcon.colcon_core.verb:set package 'libs' build argument 'ament_cmake_args' from command line to 'None'
[0.969s] Level 5:colcon.colcon_core.verb:set package 'libs' build argument 'catkin_cmake_args' from command line to 'None'
[0.969s] Level 5:colcon.colcon_core.verb:set package 'libs' build argument 'catkin_skip_building_tests' from command line to 'False'
[0.969s] DEBUG:colcon.colcon_core.verb:Building package 'libs' with the following arguments: {'ament_cmake_args': None, 'build_base': '/home/evan/UAV_ws/build/libs', 'catkin_cmake_args': None, 'catkin_skip_building_tests': False, 'cmake_args': ['-DCMAKE_BUILD_TYPE=Debug'], 'cmake_clean_cache': False, 'cmake_clean_first': False, 'cmake_force_configure': False, 'cmake_target': None, 'cmake_target_skip_unavailable': False, 'install_base': '/home/evan/UAV_ws/install/libs', 'merge_install': False, 'path': '/home/evan/UAV_ws/src/libs', 'symlink_install': True, 'test_result_base': None}
[0.980s] Level 5:colcon.colcon_core.verb:set package 'uav_launch' build argument 'cmake_args' from command line to '['-DCMAKE_BUILD_TYPE=Debug']'
[0.980s] Level 5:colcon.colcon_core.verb:set package 'uav_launch' build argument 'cmake_target' from command line to 'None'
[0.980s] Level 5:colcon.colcon_core.verb:set package 'uav_launch' build argument 'cmake_target_skip_unavailable' from command line to 'False'
[0.980s] Level 5:colcon.colcon_core.verb:set package 'uav_launch' build argument 'cmake_clean_cache' from command line to 'False'
[0.980s] Level 5:colcon.colcon_core.verb:set package 'uav_launch' build argument 'cmake_clean_first' from command line to 'False'
[0.980s] Level 5:colcon.colcon_core.verb:set package 'uav_launch' build argument 'cmake_force_configure' from command line to 'False'
[0.980s] Level 5:colcon.colcon_core.verb:set package 'uav_launch' build argument 'ament_cmake_args' from command line to 'None'
[0.980s] Level 5:colcon.colcon_core.verb:set package 'uav_launch' build argument 'catkin_cmake_args' from command line to 'None'
[0.980s] Level 5:colcon.colcon_core.verb:set package 'uav_launch' build argument 'catkin_skip_building_tests' from command line to 'False'
[0.980s] DEBUG:colcon.colcon_core.verb:Building package 'uav_launch' with the following arguments: {'ament_cmake_args': None, 'build_base': '/home/evan/UAV_ws/build/uav_launch', 'catkin_cmake_args': None, 'catkin_skip_building_tests': False, 'cmake_args': ['-DCMAKE_BUILD_TYPE=Debug'], 'cmake_clean_cache': False, 'cmake_clean_first': False, 'cmake_force_configure': False, 'cmake_target': None, 'cmake_target_skip_unavailable': False, 'install_base': '/home/evan/UAV_ws/install/uav_launch', 'merge_install': False, 'path': '/home/evan/UAV_ws/src/uav_launch', 'symlink_install': True, 'test_result_base': None}
[0.999s] Level 5:colcon.colcon_core.verb:set package 'grampc-d' build argument 'cmake_args' from command line to '['-DCMAKE_BUILD_TYPE=Debug']'
[0.999s] Level 5:colcon.colcon_core.verb:set package 'grampc-d' build argument 'cmake_target' from command line to 'None'
[0.999s] Level 5:colcon.colcon_core.verb:set package 'grampc-d' build argument 'cmake_target_skip_unavailable' from command line to 'False'
[0.999s] Level 5:colcon.colcon_core.verb:set package 'grampc-d' build argument 'cmake_clean_cache' from command line to 'False'
[0.999s] Level 5:colcon.colcon_core.verb:set package 'grampc-d' build argument 'cmake_clean_first' from command line to 'False'
[0.999s] Level 5:colcon.colcon_core.verb:set package 'grampc-d' build argument 'cmake_force_configure' from command line to 'False'
[0.999s] Level 5:colcon.colcon_core.verb:set package 'grampc-d' build argument 'ament_cmake_args' from command line to 'None'
[0.999s] Level 5:colcon.colcon_core.verb:set package 'grampc-d' build argument 'catkin_cmake_args' from command line to 'None'
[0.999s] Level 5:colcon.colcon_core.verb:set package 'grampc-d' build argument 'catkin_skip_building_tests' from command line to 'False'
[0.999s] DEBUG:colcon.colcon_core.verb:Building package 'grampc-d' with the following arguments: {'ament_cmake_args': None, 'build_base': '/home/evan/UAV_ws/build/grampc-d', 'catkin_cmake_args': None, 'catkin_skip_building_tests': False, 'cmake_args': ['-DCMAKE_BUILD_TYPE=Debug'], 'cmake_clean_cache': False, 'cmake_clean_first': False, 'cmake_force_configure': False, 'cmake_target': None, 'cmake_target_skip_unavailable': False, 'install_base': '/home/evan/UAV_ws/install/grampc-d', 'merge_install': False, 'path': '/home/evan/UAV_ws/src/grampc-d', 'symlink_install': True, 'test_result_base': None}
[1.011s] Level 5:colcon.colcon_core.verb:set package 'test' build argument 'cmake_args' from command line to '['-DCMAKE_BUILD_TYPE=Debug']'
[1.011s] Level 5:colcon.colcon_core.verb:set package 'test' build argument 'cmake_target' from command line to 'None'
[1.011s] Level 5:colcon.colcon_core.verb:set package 'test' build argument 'cmake_target_skip_unavailable' from command line to 'False'
[1.011s] Level 5:colcon.colcon_core.verb:set package 'test' build argument 'cmake_clean_cache' from command line to 'False'
[1.011s] Level 5:colcon.colcon_core.verb:set package 'test' build argument 'cmake_clean_first' from command line to 'False'
[1.011s] Level 5:colcon.colcon_core.verb:set package 'test' build argument 'cmake_force_configure' from command line to 'False'
[1.011s] Level 5:colcon.colcon_core.verb:set package 'test' build argument 'ament_cmake_args' from command line to 'None'
[1.011s] Level 5:colcon.colcon_core.verb:set package 'test' build argument 'catkin_cmake_args' from command line to 'None'
[1.011s] Level 5:colcon.colcon_core.verb:set package 'test' build argument 'catkin_skip_building_tests' from command line to 'False'
[1.011s] DEBUG:colcon.colcon_core.verb:Building package 'test' with the following arguments: {'ament_cmake_args': None, 'build_base': '/home/evan/UAV_ws/build/test', 'catkin_cmake_args': None, 'catkin_skip_building_tests': False, 'cmake_args': ['-DCMAKE_BUILD_TYPE=Debug'], 'cmake_clean_cache': False, 'cmake_clean_first': False, 'cmake_force_configure': False, 'cmake_target': None, 'cmake_target_skip_unavailable': False, 'install_base': '/home/evan/UAV_ws/install/test', 'merge_install': False, 'path': '/home/evan/UAV_ws/src/test', 'symlink_install': True, 'test_result_base': None}
[1.022s] Level 5:colcon.colcon_core.verb:set package 'mpc_node' build argument 'cmake_args' from command line to '['-DCMAKE_BUILD_TYPE=Debug']'
[1.022s] Level 5:colcon.colcon_core.verb:set package 'mpc_node' build argument 'cmake_target' from command line to 'None'
[1.022s] Level 5:colcon.colcon_core.verb:set package 'mpc_node' build argument 'cmake_target_skip_unavailable' from command line to 'False'
[1.022s] Level 5:colcon.colcon_core.verb:set package 'mpc_node' build argument 'cmake_clean_cache' from command line to 'False'
[1.022s] Level 5:colcon.colcon_core.verb:set package 'mpc_node' build argument 'cmake_clean_first' from command line to 'False'
[1.022s] Level 5:colcon.colcon_core.verb:set package 'mpc_node' build argument 'cmake_force_configure' from command line to 'False'
[1.022s] Level 5:colcon.colcon_core.verb:set package 'mpc_node' build argument 'ament_cmake_args' from command line to 'None'
[1.022s] Level 5:colcon.colcon_core.verb:set package 'mpc_node' build argument 'catkin_cmake_args' from command line to 'None'
[1.022s] Level 5:colcon.colcon_core.verb:set package 'mpc_node' build argument 'catkin_skip_building_tests' from command line to 'False'
[1.022s] DEBUG:colcon.colcon_core.verb:Building package 'mpc_node' with the following arguments: {'ament_cmake_args': None, 'build_base': '/home/evan/UAV_ws/build/mpc_node', 'catkin_cmake_args': None, 'catkin_skip_building_tests': False, 'cmake_args': ['-DCMAKE_BUILD_TYPE=Debug'], 'cmake_clean_cache': False, 'cmake_clean_first': False, 'cmake_force_configure': False, 'cmake_target': None, 'cmake_target_skip_unavailable': False, 'install_base': '/home/evan/UAV_ws/install/mpc_node', 'merge_install': False, 'path': '/home/evan/UAV_ws/src/mpc_node', 'symlink_install': True, 'test_result_base': None}
[1.033s] Level 5:colcon.colcon_core.verb:set package 'simulator_node' build argument 'cmake_args' from command line to '['-DCMAKE_BUILD_TYPE=Debug']'
[1.033s] Level 5:colcon.colcon_core.verb:set package 'simulator_node' build argument 'cmake_target' from command line to 'None'
[1.033s] Level 5:colcon.colcon_core.verb:set package 'simulator_node' build argument 'cmake_target_skip_unavailable' from command line to 'False'
[1.033s] Level 5:colcon.colcon_core.verb:set package 'simulator_node' build argument 'cmake_clean_cache' from command line to 'False'
[1.033s] Level 5:colcon.colcon_core.verb:set package 'simulator_node' build argument 'cmake_clean_first' from command line to 'False'
[1.033s] Level 5:colcon.colcon_core.verb:set package 'simulator_node' build argument 'cmake_force_configure' from command line to 'False'
[1.033s] Level 5:colcon.colcon_core.verb:set package 'simulator_node' build argument 'ament_cmake_args' from command line to 'None'
[1.033s] Level 5:colcon.colcon_core.verb:set package 'simulator_node' build argument 'catkin_cmake_args' from command line to 'None'
[1.033s] Level 5:colcon.colcon_core.verb:set package 'simulator_node' build argument 'catkin_skip_building_tests' from command line to 'False'
[1.033s] DEBUG:colcon.colcon_core.verb:Building package 'simulator_node' with the following arguments: {'ament_cmake_args': None, 'build_base': '/home/evan/UAV_ws/build/simulator_node', 'catkin_cmake_args': None, 'catkin_skip_building_tests': False, 'cmake_args': ['-DCMAKE_BUILD_TYPE=Debug'], 'cmake_clean_cache': False, 'cmake_clean_first': False, 'cmake_force_configure': False, 'cmake_target': None, 'cmake_target_skip_unavailable': False, 'install_base': '/home/evan/UAV_ws/install/simulator_node', 'merge_install': False, 'path': '/home/evan/UAV_ws/src/simulator_node', 'symlink_install': True, 'test_result_base': None}
[1.045s] INFO:colcon.colcon_core.executor:Executing jobs using 'parallel' executor
[1.057s] DEBUG:colcon.colcon_parallel_executor.executor.parallel:run_until_complete
[1.057s] INFO:colcon.colcon_ros.task.ament_cmake.build:Building ROS package in '/home/evan/UAV_ws/src/libs' with build type 'ament_cmake'
[1.057s] INFO:colcon.colcon_cmake.task.cmake.build:Building CMake package in '/home/evan/UAV_ws/src/libs'
[1.070s] INFO:colcon.colcon_core.plugin_system:Skipping extension 'colcon_core.shell.bat': Not used on non-Windows systems
[1.070s] INFO:colcon.colcon_core.shell:Skip shell extension 'powershell' for command environment: Not usable outside of PowerShell
[1.070s] DEBUG:colcon.colcon_core.shell:Skip shell extension 'dsv' for command environment
[1.107s] INFO:colcon.colcon_ros.task.ament_cmake.build:Building ROS package in '/home/evan/UAV_ws/src/common_msgs' with build type 'ament_cmake'
[1.107s] INFO:colcon.colcon_cmake.task.cmake.build:Building CMake package in '/home/evan/UAV_ws/src/common_msgs'
[1.121s] INFO:colcon.colcon_core.shell:Skip shell extension 'powershell' for command environment: Not usable outside of PowerShell
[1.121s] DEBUG:colcon.colcon_core.shell:Skip shell extension 'dsv' for command environment
[1.163s] INFO:colcon.colcon_ros.task.ament_cmake.build:Building ROS package in '/home/evan/UAV_ws/src/uav_launch' with build type 'ament_cmake'
[1.163s] INFO:colcon.colcon_cmake.task.cmake.build:Building CMake package in '/home/evan/UAV_ws/src/uav_launch'
[1.175s] INFO:colcon.colcon_core.shell:Skip shell extension 'powershell' for command environment: Not usable outside of PowerShell
[1.175s] DEBUG:colcon.colcon_core.shell:Skip shell extension 'dsv' for command environment
[1.216s] DEBUG:colcon.colcon_core.event_handler.log_command:Invoking command in '/home/evan/UAV_ws/build/libs': CMAKE_PREFIX_PATH=${CMAKE_PREFIX_PATH}:/opt/ros/humble /usr/bin/cmake --build /home/evan/UAV_ws/build/libs -- -j16 -l16
[1.220s] DEBUG:colcon.colcon_core.event_handler.log_command:Invoking command in '/home/evan/UAV_ws/build/common_msgs': CMAKE_PREFIX_PATH=${CMAKE_PREFIX_PATH}:/opt/ros/humble /usr/bin/cmake --build /home/evan/UAV_ws/build/common_msgs -- -j16 -l16
[1.221s] DEBUG:colcon.colcon_core.event_handler.log_command:Invoking command in '/home/evan/UAV_ws/build/uav_launch': CMAKE_PREFIX_PATH=${CMAKE_PREFIX_PATH}:/opt/ros/humble /usr/bin/cmake --build /home/evan/UAV_ws/build/uav_launch -- -j16 -l16
[1.255s] DEBUG:colcon.colcon_core.event_handler.log_command:Invoked command in '/home/evan/UAV_ws/build/uav_launch' returned '0': CMAKE_PREFIX_PATH=${CMAKE_PREFIX_PATH}:/opt/ros/humble /usr/bin/cmake --build /home/evan/UAV_ws/build/uav_launch -- -j16 -l16
[1.274s] DEBUG:colcon.colcon_core.event_handler.log_command:Invoked command in '/home/evan/UAV_ws/build/libs' returned '0': CMAKE_PREFIX_PATH=${CMAKE_PREFIX_PATH}:/opt/ros/humble /usr/bin/cmake --build /home/evan/UAV_ws/build/libs -- -j16 -l16
[1.286s] DEBUG:colcon.colcon_core.event_handler.log_command:Invoking command in '/home/evan/UAV_ws/build/uav_launch': CMAKE_PREFIX_PATH=${CMAKE_PREFIX_PATH}:/opt/ros/humble /usr/bin/cmake --install /home/evan/UAV_ws/build/uav_launch
[1.306s] Level 1:colcon.colcon_core.environment:create_environment_scripts_only(uav_launch)
[1.306s] DEBUG:colcon.colcon_core.event_handler.log_command:Invoked command in '/home/evan/UAV_ws/build/uav_launch' returned '0': CMAKE_PREFIX_PATH=${CMAKE_PREFIX_PATH}:/opt/ros/humble /usr/bin/cmake --install /home/evan/UAV_ws/build/uav_launch
[1.320s] Level 1:colcon.colcon_core.environment:checking '/home/evan/UAV_ws/install/uav_launch' for CMake module files
[1.320s] Level 1:colcon.colcon_core.environment:checking '/home/evan/UAV_ws/install/uav_launch' for CMake config files
[1.320s] Level 1:colcon.colcon_core.shell:create_environment_hook('uav_launch', 'cmake_prefix_path')
[1.333s] INFO:colcon.colcon_core.shell:Creating environment hook '/home/evan/UAV_ws/install/uav_launch/share/uav_launch/hook/cmake_prefix_path.ps1'
[1.334s] INFO:colcon.colcon_core.shell:Creating environment descriptor '/home/evan/UAV_ws/install/uav_launch/share/uav_launch/hook/cmake_prefix_path.dsv'
[1.334s] INFO:colcon.colcon_core.shell:Creating environment hook '/home/evan/UAV_ws/install/uav_launch/share/uav_launch/hook/cmake_prefix_path.sh'
[1.335s] Level 1:colcon.colcon_core.environment:checking '/home/evan/UAV_ws/install/uav_launch/bin'
[1.335s] Level 1:colcon.colcon_core.environment:checking '/home/evan/UAV_ws/install/uav_launch/lib/pkgconfig/uav_launch.pc'
[1.335s] Level 1:colcon.colcon_core.environment:checking '/home/evan/UAV_ws/install/uav_launch/lib/python3.10/site-packages'
[1.335s] Level 1:colcon.colcon_core.environment:checking '/home/evan/UAV_ws/install/uav_launch/bin'
[1.348s] INFO:colcon.colcon_core.shell:Creating package script '/home/evan/UAV_ws/install/uav_launch/share/uav_launch/package.ps1'
[1.349s] INFO:colcon.colcon_core.shell:Creating package descriptor '/home/evan/UAV_ws/install/uav_launch/share/uav_launch/package.dsv'
[1.349s] INFO:colcon.colcon_core.shell:Creating package script '/home/evan/UAV_ws/install/uav_launch/share/uav_launch/package.sh'
[1.350s] INFO:colcon.colcon_core.shell:Creating package script '/home/evan/UAV_ws/install/uav_launch/share/uav_launch/package.bash'
[1.350s] INFO:colcon.colcon_core.shell:Creating package script '/home/evan/UAV_ws/install/uav_launch/share/uav_launch/package.zsh'
[1.351s] Level 1:colcon.colcon_core.environment:create_file_with_runtime_dependencies(/home/evan/UAV_ws/install/uav_launch/share/colcon-core/packages/uav_launch)
[1.353s] DEBUG:colcon.colcon_core.event_handler.log_command:Invoking command in '/home/evan/UAV_ws/build/libs': CMAKE_PREFIX_PATH=${CMAKE_PREFIX_PATH}:/opt/ros/humble /usr/bin/cmake --install /home/evan/UAV_ws/build/libs
[1.388s] Level 1:colcon.colcon_core.environment:create_environment_scripts_only(uav_launch)
[1.400s] Level 1:colcon.colcon_core.environment:checking '/home/evan/UAV_ws/install/uav_launch' for CMake module files
[1.401s] Level 1:colcon.colcon_core.environment:checking '/home/evan/UAV_ws/install/uav_launch' for CMake config files
[1.401s] Level 1:colcon.colcon_core.shell:create_environment_hook('uav_launch', 'cmake_prefix_path')
[1.414s] INFO:colcon.colcon_core.shell:Creating environment hook '/home/evan/UAV_ws/install/uav_launch/share/uav_launch/hook/cmake_prefix_path.ps1'
[1.415s] INFO:colcon.colcon_core.shell:Creating environment descriptor '/home/evan/UAV_ws/install/uav_launch/share/uav_launch/hook/cmake_prefix_path.dsv'
[1.415s] INFO:colcon.colcon_core.shell:Creating environment hook '/home/evan/UAV_ws/install/uav_launch/share/uav_launch/hook/cmake_prefix_path.sh'
[1.416s] Level 1:colcon.colcon_core.environment:checking '/home/evan/UAV_ws/install/uav_launch/bin'
[1.416s] Level 1:colcon.colcon_core.environment:checking '/home/evan/UAV_ws/install/uav_launch/lib/pkgconfig/uav_launch.pc'
[1.416s] Level 1:colcon.colcon_core.environment:checking '/home/evan/UAV_ws/install/uav_launch/lib/python3.10/site-packages'
[1.416s] Level 1:colcon.colcon_core.environment:checking '/home/evan/UAV_ws/install/uav_launch/bin'
[1.428s] INFO:colcon.colcon_core.shell:Creating package script '/home/evan/UAV_ws/install/uav_launch/share/uav_launch/package.ps1'
[1.429s] INFO:colcon.colcon_core.shell:Creating package descriptor '/home/evan/UAV_ws/install/uav_launch/share/uav_launch/package.dsv'
[1.429s] INFO:colcon.colcon_core.shell:Creating package script '/home/evan/UAV_ws/install/uav_launch/share/uav_launch/package.sh'
[1.430s] INFO:colcon.colcon_core.shell:Creating package script '/home/evan/UAV_ws/install/uav_launch/share/uav_launch/package.bash'
[1.430s] INFO:colcon.colcon_core.shell:Creating package script '/home/evan/UAV_ws/install/uav_launch/share/uav_launch/package.zsh'
[1.430s] Level 1:colcon.colcon_core.environment:create_file_with_runtime_dependencies(/home/evan/UAV_ws/install/uav_launch/share/colcon-core/packages/uav_launch)
[1.431s] Level 1:colcon.colcon_core.environment:create_environment_scripts_only(libs)
[1.432s] DEBUG:colcon.colcon_core.event_handler.log_command:Invoked command in '/home/evan/UAV_ws/build/libs' returned '0': CMAKE_PREFIX_PATH=${CMAKE_PREFIX_PATH}:/opt/ros/humble /usr/bin/cmake --install /home/evan/UAV_ws/build/libs
[1.444s] Level 1:colcon.colcon_core.environment:checking '/home/evan/UAV_ws/install/libs' for CMake module files
[1.445s] Level 1:colcon.colcon_core.environment:checking '/home/evan/UAV_ws/install/libs' for CMake config files
[1.445s] Level 1:colcon.colcon_core.shell:create_environment_hook('libs', 'cmake_prefix_path')
[1.459s] INFO:colcon.colcon_core.shell:Creating environment hook '/home/evan/UAV_ws/install/libs/share/libs/hook/cmake_prefix_path.ps1'
[1.459s] INFO:colcon.colcon_core.shell:Creating environment descriptor '/home/evan/UAV_ws/install/libs/share/libs/hook/cmake_prefix_path.dsv'
[1.460s] INFO:colcon.colcon_core.shell:Creating environment hook '/home/evan/UAV_ws/install/libs/share/libs/hook/cmake_prefix_path.sh'
[1.460s] Level 1:colcon.colcon_core.environment:checking '/home/evan/UAV_ws/install/libs/lib'
[1.460s] Level 1:colcon.colcon_core.environment:checking '/home/evan/UAV_ws/install/libs/bin'
[1.460s] Level 1:colcon.colcon_core.environment:checking '/home/evan/UAV_ws/install/libs/lib/pkgconfig/libs.pc'
[1.460s] Level 1:colcon.colcon_core.environment:checking '/home/evan/UAV_ws/install/libs/lib/python3.10/site-packages'
[1.461s] Level 1:colcon.colcon_core.environment:checking '/home/evan/UAV_ws/install/libs/bin'
[1.473s] INFO:colcon.colcon_core.shell:Creating package script '/home/evan/UAV_ws/install/libs/share/libs/package.ps1'
[1.473s] INFO:colcon.colcon_core.shell:Creating package descriptor '/home/evan/UAV_ws/install/libs/share/libs/package.dsv'
[1.474s] INFO:colcon.colcon_core.shell:Creating package script '/home/evan/UAV_ws/install/libs/share/libs/package.sh'
[1.474s] INFO:colcon.colcon_core.shell:Creating package script '/home/evan/UAV_ws/install/libs/share/libs/package.bash'
[1.474s] INFO:colcon.colcon_core.shell:Creating package script '/home/evan/UAV_ws/install/libs/share/libs/package.zsh'
[1.474s] Level 1:colcon.colcon_core.environment:create_file_with_runtime_dependencies(/home/evan/UAV_ws/install/libs/share/colcon-core/packages/libs)
[1.525s] DEBUG:colcon.colcon_core.event_handler.log_command:Invoked command in '/home/evan/UAV_ws/build/common_msgs' returned '0': CMAKE_PREFIX_PATH=${CMAKE_PREFIX_PATH}:/opt/ros/humble /usr/bin/cmake --build /home/evan/UAV_ws/build/common_msgs -- -j16 -l16
[1.567s] Level 1:colcon.colcon_core.environment:create_environment_scripts_only(libs)
[1.579s] Level 1:colcon.colcon_core.environment:checking '/home/evan/UAV_ws/install/libs' for CMake module files
[1.579s] Level 1:colcon.colcon_core.environment:checking '/home/evan/UAV_ws/install/libs' for CMake config files
[1.580s] Level 1:colcon.colcon_core.shell:create_environment_hook('libs', 'cmake_prefix_path')
[1.593s] INFO:colcon.colcon_core.shell:Creating environment hook '/home/evan/UAV_ws/install/libs/share/libs/hook/cmake_prefix_path.ps1'
[1.593s] INFO:colcon.colcon_core.shell:Creating environment descriptor '/home/evan/UAV_ws/install/libs/share/libs/hook/cmake_prefix_path.dsv'
[1.593s] INFO:colcon.colcon_core.shell:Creating environment hook '/home/evan/UAV_ws/install/libs/share/libs/hook/cmake_prefix_path.sh'
[1.594s] Level 1:colcon.colcon_core.environment:checking '/home/evan/UAV_ws/install/libs/lib'
[1.594s] Level 1:colcon.colcon_core.environment:checking '/home/evan/UAV_ws/install/libs/bin'
[1.594s] Level 1:colcon.colcon_core.environment:checking '/home/evan/UAV_ws/install/libs/lib/pkgconfig/libs.pc'
[1.594s] Level 1:colcon.colcon_core.environment:checking '/home/evan/UAV_ws/install/libs/lib/python3.10/site-packages'
[1.594s] Level 1:colcon.colcon_core.environment:checking '/home/evan/UAV_ws/install/libs/bin'
[1.606s] INFO:colcon.colcon_core.shell:Creating package script '/home/evan/UAV_ws/install/libs/share/libs/package.ps1'
[1.606s] INFO:colcon.colcon_core.shell:Creating package descriptor '/home/evan/UAV_ws/install/libs/share/libs/package.dsv'
[1.606s] INFO:colcon.colcon_core.shell:Creating package script '/home/evan/UAV_ws/install/libs/share/libs/package.sh'
[1.607s] INFO:colcon.colcon_core.shell:Creating package script '/home/evan/UAV_ws/install/libs/share/libs/package.bash'
[1.607s] INFO:colcon.colcon_core.shell:Creating package script '/home/evan/UAV_ws/install/libs/share/libs/package.zsh'
[1.607s] Level 1:colcon.colcon_core.environment:create_file_with_runtime_dependencies(/home/evan/UAV_ws/install/libs/share/colcon-core/packages/libs)
[1.608s] INFO:colcon.colcon_ros.task.ament_cmake.build:Building ROS package in '/home/evan/UAV_ws/src/grampc-d' with build type 'ament_cmake'
[1.608s] INFO:colcon.colcon_cmake.task.cmake.build:Building CMake package in '/home/evan/UAV_ws/src/grampc-d'
[1.619s] INFO:colcon.colcon_core.shell:Skip shell extension 'powershell' for command environment: Not usable outside of PowerShell
[1.619s] DEBUG:colcon.colcon_core.shell:Skip shell extension 'dsv' for command environment
[1.658s] INFO:colcon.colcon_ros.task.ament_cmake.build:Building ROS package in '/home/evan/UAV_ws/src/test' with build type 'ament_cmake'
[1.658s] INFO:colcon.colcon_cmake.task.cmake.build:Building CMake package in '/home/evan/UAV_ws/src/test'
[1.670s] INFO:colcon.colcon_core.shell:Skip shell extension 'powershell' for command environment: Not usable outside of PowerShell
[1.670s] DEBUG:colcon.colcon_core.shell:Skip shell extension 'dsv' for command environment
[1.712s] DEBUG:colcon.colcon_core.event_handler.log_command:Invoking command in '/home/evan/UAV_ws/build/common_msgs': CMAKE_PREFIX_PATH=${CMAKE_PREFIX_PATH}:/opt/ros/humble /usr/bin/cmake --install /home/evan/UAV_ws/build/common_msgs
[1.716s] DEBUG:colcon.colcon_core.event_handler.log_command:Invoking command in '/home/evan/UAV_ws/build/grampc-d': CMAKE_PREFIX_PATH=/home/evan/UAV_ws/install/libs:/home/evan/UAV_ws/install/uav_launch:/home/evan/UAV_ws/install/test:/home/evan/UAV_ws/install/simulator_node:/home/evan/UAV_ws/install/mpc_node:/home/evan/UAV_ws/install/grampc-d:/home/evan/UAV_ws/install/common_msgs:/opt/ros/humble /usr/bin/cmake --build /home/evan/UAV_ws/build/grampc-d -- -j16 -l16
[1.717s] DEBUG:colcon.colcon_core.event_handler.log_command:Invoking command in '/home/evan/UAV_ws/build/test': CMAKE_PREFIX_PATH=/home/evan/UAV_ws/install/libs:/home/evan/UAV_ws/install/uav_launch:/home/evan/UAV_ws/install/test:/home/evan/UAV_ws/install/simulator_node:/home/evan/UAV_ws/install/mpc_node:/home/evan/UAV_ws/install/grampc-d:/home/evan/UAV_ws/install/common_msgs:/opt/ros/humble /usr/bin/cmake --build /home/evan/UAV_ws/build/test -- -j16 -l16
[1.758s] DEBUG:colcon.colcon_core.event_handler.log_command:Invoked command in '/home/evan/UAV_ws/build/test' returned '0': CMAKE_PREFIX_PATH=/home/evan/UAV_ws/install/libs:/home/evan/UAV_ws/install/uav_launch:/home/evan/UAV_ws/install/test:/home/evan/UAV_ws/install/simulator_node:/home/evan/UAV_ws/install/mpc_node:/home/evan/UAV_ws/install/grampc-d:/home/evan/UAV_ws/install/common_msgs:/opt/ros/humble /usr/bin/cmake --build /home/evan/UAV_ws/build/test -- -j16 -l16
[1.783s] Level 1:colcon.colcon_core.environment:create_environment_scripts_only(common_msgs)
[1.784s] DEBUG:colcon.colcon_core.event_handler.log_command:Invoked command in '/home/evan/UAV_ws/build/common_msgs' returned '0': CMAKE_PREFIX_PATH=${CMAKE_PREFIX_PATH}:/opt/ros/humble /usr/bin/cmake --install /home/evan/UAV_ws/build/common_msgs
[1.796s] Level 1:colcon.colcon_core.environment:checking '/home/evan/UAV_ws/install/common_msgs' for CMake module files
[1.797s] Level 1:colcon.colcon_core.environment:checking '/home/evan/UAV_ws/install/common_msgs' for CMake config files
[1.798s] Level 1:colcon.colcon_core.shell:create_environment_hook('common_msgs', 'cmake_prefix_path')
[1.809s] INFO:colcon.colcon_core.shell:Creating environment hook '/home/evan/UAV_ws/install/common_msgs/share/common_msgs/hook/cmake_prefix_path.ps1'
[1.810s] INFO:colcon.colcon_core.shell:Creating environment descriptor '/home/evan/UAV_ws/install/common_msgs/share/common_msgs/hook/cmake_prefix_path.dsv'
[1.810s] INFO:colcon.colcon_core.shell:Creating environment hook '/home/evan/UAV_ws/install/common_msgs/share/common_msgs/hook/cmake_prefix_path.sh'
[1.810s] Level 1:colcon.colcon_core.environment:checking '/home/evan/UAV_ws/install/common_msgs/lib'
[1.810s] Level 1:colcon.colcon_core.shell:create_environment_hook('common_msgs', 'ld_library_path_lib')
[1.821s] INFO:colcon.colcon_core.shell:Creating environment hook '/home/evan/UAV_ws/install/common_msgs/share/common_msgs/hook/ld_library_path_lib.ps1'
[1.822s] INFO:colcon.colcon_core.shell:Creating environment descriptor '/home/evan/UAV_ws/install/common_msgs/share/common_msgs/hook/ld_library_path_lib.dsv'
[1.822s] INFO:colcon.colcon_core.shell:Creating environment hook '/home/evan/UAV_ws/install/common_msgs/share/common_msgs/hook/ld_library_path_lib.sh'
[1.822s] Level 1:colcon.colcon_core.environment:checking '/home/evan/UAV_ws/install/common_msgs/bin'
[1.822s] Level 1:colcon.colcon_core.environment:checking '/home/evan/UAV_ws/install/common_msgs/lib/pkgconfig/common_msgs.pc'
[1.822s] Level 1:colcon.colcon_core.environment:checking '/home/evan/UAV_ws/install/common_msgs/lib/python3.10/site-packages'
[1.822s] Level 1:colcon.colcon_core.environment:checking '/home/evan/UAV_ws/install/common_msgs/bin'
[1.833s] INFO:colcon.colcon_core.shell:Creating package script '/home/evan/UAV_ws/install/common_msgs/share/common_msgs/package.ps1'
[1.834s] INFO:colcon.colcon_core.shell:Creating package descriptor '/home/evan/UAV_ws/install/common_msgs/share/common_msgs/package.dsv'
[1.834s] INFO:colcon.colcon_core.shell:Creating package script '/home/evan/UAV_ws/install/common_msgs/share/common_msgs/package.sh'
[1.834s] INFO:colcon.colcon_core.shell:Creating package script '/home/evan/UAV_ws/install/common_msgs/share/common_msgs/package.bash'
[1.835s] INFO:colcon.colcon_core.shell:Creating package script '/home/evan/UAV_ws/install/common_msgs/share/common_msgs/package.zsh'
[1.835s] Level 1:colcon.colcon_core.environment:create_file_with_runtime_dependencies(/home/evan/UAV_ws/install/common_msgs/share/colcon-core/packages/common_msgs)
[1.837s] DEBUG:colcon.colcon_core.event_handler.log_command:Invoking command in '/home/evan/UAV_ws/build/test': CMAKE_PREFIX_PATH=/home/evan/UAV_ws/install/libs:/home/evan/UAV_ws/install/uav_launch:/home/evan/UAV_ws/install/test:/home/evan/UAV_ws/install/simulator_node:/home/evan/UAV_ws/install/mpc_node:/home/evan/UAV_ws/install/grampc-d:/home/evan/UAV_ws/install/common_msgs:/opt/ros/humble /usr/bin/cmake --install /home/evan/UAV_ws/build/test
[1.838s] DEBUG:colcon.colcon_core.event_handler.log_command:Invoked command in '/home/evan/UAV_ws/build/grampc-d' returned '0': CMAKE_PREFIX_PATH=/home/evan/UAV_ws/install/libs:/home/evan/UAV_ws/install/uav_launch:/home/evan/UAV_ws/install/test:/home/evan/UAV_ws/install/simulator_node:/home/evan/UAV_ws/install/mpc_node:/home/evan/UAV_ws/install/grampc-d:/home/evan/UAV_ws/install/common_msgs:/opt/ros/humble /usr/bin/cmake --build /home/evan/UAV_ws/build/grampc-d -- -j16 -l16
[1.856s] Level 1:colcon.colcon_core.environment:create_environment_scripts_only(test)
[1.856s] DEBUG:colcon.colcon_core.event_handler.log_command:Invoked command in '/home/evan/UAV_ws/build/test' returned '0': CMAKE_PREFIX_PATH=/home/evan/UAV_ws/install/libs:/home/evan/UAV_ws/install/uav_launch:/home/evan/UAV_ws/install/test:/home/evan/UAV_ws/install/simulator_node:/home/evan/UAV_ws/install/mpc_node:/home/evan/UAV_ws/install/grampc-d:/home/evan/UAV_ws/install/common_msgs:/opt/ros/humble /usr/bin/cmake --install /home/evan/UAV_ws/build/test
[1.867s] Level 1:colcon.colcon_core.environment:checking '/home/evan/UAV_ws/install/test' for CMake module files
[1.868s] Level 1:colcon.colcon_core.environment:checking '/home/evan/UAV_ws/install/test' for CMake config files
[1.868s] Level 1:colcon.colcon_core.shell:create_environment_hook('test', 'cmake_prefix_path')
[1.879s] INFO:colcon.colcon_core.shell:Creating environment hook '/home/evan/UAV_ws/install/test/share/test/hook/cmake_prefix_path.ps1'
[1.879s] INFO:colcon.colcon_core.shell:Creating environment descriptor '/home/evan/UAV_ws/install/test/share/test/hook/cmake_prefix_path.dsv'
[1.879s] INFO:colcon.colcon_core.shell:Creating environment hook '/home/evan/UAV_ws/install/test/share/test/hook/cmake_prefix_path.sh'
[1.880s] Level 1:colcon.colcon_core.environment:checking '/home/evan/UAV_ws/install/test/bin'
[1.880s] Level 1:colcon.colcon_core.environment:checking '/home/evan/UAV_ws/install/test/lib/pkgconfig/test.pc'
[1.880s] Level 1:colcon.colcon_core.environment:checking '/home/evan/UAV_ws/install/test/lib/python3.10/site-packages'
[1.880s] Level 1:colcon.colcon_core.environment:checking '/home/evan/UAV_ws/install/test/bin'
[1.892s] INFO:colcon.colcon_core.shell:Creating package script '/home/evan/UAV_ws/install/test/share/test/package.ps1'
[1.893s] INFO:colcon.colcon_core.shell:Creating package descriptor '/home/evan/UAV_ws/install/test/share/test/package.dsv'
[1.893s] INFO:colcon.colcon_core.shell:Creating package script '/home/evan/UAV_ws/install/test/share/test/package.sh'
[1.893s] INFO:colcon.colcon_core.shell:Creating package script '/home/evan/UAV_ws/install/test/share/test/package.bash'
[1.893s] INFO:colcon.colcon_core.shell:Creating package script '/home/evan/UAV_ws/install/test/share/test/package.zsh'
[1.894s] Level 1:colcon.colcon_core.environment:create_file_with_runtime_dependencies(/home/evan/UAV_ws/install/test/share/colcon-core/packages/test)
[1.928s] Level 1:colcon.colcon_core.environment:create_environment_scripts_only(test)
[1.940s] Level 1:colcon.colcon_core.environment:checking '/home/evan/UAV_ws/install/test' for CMake module files
[1.941s] Level 1:colcon.colcon_core.environment:checking '/home/evan/UAV_ws/install/test' for CMake config files
[1.941s] Level 1:colcon.colcon_core.shell:create_environment_hook('test', 'cmake_prefix_path')
[1.952s] INFO:colcon.colcon_core.shell:Creating environment hook '/home/evan/UAV_ws/install/test/share/test/hook/cmake_prefix_path.ps1'
[1.953s] INFO:colcon.colcon_core.shell:Creating environment descriptor '/home/evan/UAV_ws/install/test/share/test/hook/cmake_prefix_path.dsv'
[1.953s] INFO:colcon.colcon_core.shell:Creating environment hook '/home/evan/UAV_ws/install/test/share/test/hook/cmake_prefix_path.sh'
[1.953s] Level 1:colcon.colcon_core.environment:checking '/home/evan/UAV_ws/install/test/bin'
[1.954s] Level 1:colcon.colcon_core.environment:checking '/home/evan/UAV_ws/install/test/lib/pkgconfig/test.pc'
[1.954s] Level 1:colcon.colcon_core.environment:checking '/home/evan/UAV_ws/install/test/lib/python3.10/site-packages'
[1.954s] Level 1:colcon.colcon_core.environment:checking '/home/evan/UAV_ws/install/test/bin'
[1.965s] INFO:colcon.colcon_core.shell:Creating package script '/home/evan/UAV_ws/install/test/share/test/package.ps1'
[1.966s] INFO:colcon.colcon_core.shell:Creating package descriptor '/home/evan/UAV_ws/install/test/share/test/package.dsv'
[1.966s] INFO:colcon.colcon_core.shell:Creating package script '/home/evan/UAV_ws/install/test/share/test/package.sh'
[1.966s] INFO:colcon.colcon_core.shell:Creating package script '/home/evan/UAV_ws/install/test/share/test/package.bash'
[1.967s] INFO:colcon.colcon_core.shell:Creating package script '/home/evan/UAV_ws/install/test/share/test/package.zsh'
[1.967s] Level 1:colcon.colcon_core.environment:create_file_with_runtime_dependencies(/home/evan/UAV_ws/install/test/share/colcon-core/packages/test)
[1.969s] DEBUG:colcon.colcon_core.event_handler.log_command:Invoking command in '/home/evan/UAV_ws/build/grampc-d': CMAKE_PREFIX_PATH=/home/evan/UAV_ws/install/libs:/home/evan/UAV_ws/install/uav_launch:/home/evan/UAV_ws/install/test:/home/evan/UAV_ws/install/simulator_node:/home/evan/UAV_ws/install/mpc_node:/home/evan/UAV_ws/install/grampc-d:/home/evan/UAV_ws/install/common_msgs:/opt/ros/humble /usr/bin/cmake --install /home/evan/UAV_ws/build/grampc-d
[1.990s] Level 1:colcon.colcon_core.environment:create_environment_scripts_only(common_msgs)
[2.003s] Level 1:colcon.colcon_core.environment:checking '/home/evan/UAV_ws/install/common_msgs' for CMake module files
[2.003s] Level 1:colcon.colcon_core.environment:checking '/home/evan/UAV_ws/install/common_msgs' for CMake config files
[2.004s] Level 1:colcon.colcon_core.shell:create_environment_hook('common_msgs', 'cmake_prefix_path')
[2.016s] INFO:colcon.colcon_core.shell:Creating environment hook '/home/evan/UAV_ws/install/common_msgs/share/common_msgs/hook/cmake_prefix_path.ps1'
[2.016s] INFO:colcon.colcon_core.shell:Creating environment descriptor '/home/evan/UAV_ws/install/common_msgs/share/common_msgs/hook/cmake_prefix_path.dsv'
[2.017s] INFO:colcon.colcon_core.shell:Creating environment hook '/home/evan/UAV_ws/install/common_msgs/share/common_msgs/hook/cmake_prefix_path.sh'
[2.017s] Level 1:colcon.colcon_core.environment:checking '/home/evan/UAV_ws/install/common_msgs/lib'
[2.017s] Level 1:colcon.colcon_core.shell:create_environment_hook('common_msgs', 'ld_library_path_lib')
[2.029s] INFO:colcon.colcon_core.shell:Creating environment hook '/home/evan/UAV_ws/install/common_msgs/share/common_msgs/hook/ld_library_path_lib.ps1'
[2.029s] INFO:colcon.colcon_core.shell:Creating environment descriptor '/home/evan/UAV_ws/install/common_msgs/share/common_msgs/hook/ld_library_path_lib.dsv'
[2.029s] INFO:colcon.colcon_core.shell:Creating environment hook '/home/evan/UAV_ws/install/common_msgs/share/common_msgs/hook/ld_library_path_lib.sh'
[2.029s] Level 1:colcon.colcon_core.environment:checking '/home/evan/UAV_ws/install/common_msgs/bin'
[2.029s] Level 1:colcon.colcon_core.environment:checking '/home/evan/UAV_ws/install/common_msgs/lib/pkgconfig/common_msgs.pc'
[2.030s] Level 1:colcon.colcon_core.environment:checking '/home/evan/UAV_ws/install/common_msgs/lib/python3.10/site-packages'
[2.030s] Level 1:colcon.colcon_core.environment:checking '/home/evan/UAV_ws/install/common_msgs/bin'
[2.042s] INFO:colcon.colcon_core.shell:Creating package script '/home/evan/UAV_ws/install/common_msgs/share/common_msgs/package.ps1'
[2.043s] INFO:colcon.colcon_core.shell:Creating package descriptor '/home/evan/UAV_ws/install/common_msgs/share/common_msgs/package.dsv'
[2.043s] INFO:colcon.colcon_core.shell:Creating package script '/home/evan/UAV_ws/install/common_msgs/share/common_msgs/package.sh'
[2.043s] INFO:colcon.colcon_core.shell:Creating package script '/home/evan/UAV_ws/install/common_msgs/share/common_msgs/package.bash'
[2.044s] INFO:colcon.colcon_core.shell:Creating package script '/home/evan/UAV_ws/install/common_msgs/share/common_msgs/package.zsh'
[2.044s] Level 1:colcon.colcon_core.environment:create_file_with_runtime_dependencies(/home/evan/UAV_ws/install/common_msgs/share/colcon-core/packages/common_msgs)
[2.045s] Level 1:colcon.colcon_core.environment:create_environment_scripts_only(grampc-d)
[2.046s] DEBUG:colcon.colcon_core.event_handler.log_command:Invoked command in '/home/evan/UAV_ws/build/grampc-d' returned '0': CMAKE_PREFIX_PATH=/home/evan/UAV_ws/install/libs:/home/evan/UAV_ws/install/uav_launch:/home/evan/UAV_ws/install/test:/home/evan/UAV_ws/install/simulator_node:/home/evan/UAV_ws/install/mpc_node:/home/evan/UAV_ws/install/grampc-d:/home/evan/UAV_ws/install/common_msgs:/opt/ros/humble /usr/bin/cmake --install /home/evan/UAV_ws/build/grampc-d
[2.057s] Level 1:colcon.colcon_core.environment:checking '/home/evan/UAV_ws/install/grampc-d' for CMake module files
[2.057s] Level 1:colcon.colcon_core.environment:checking '/home/evan/UAV_ws/install/grampc-d' for CMake config files
[2.058s] Level 1:colcon.colcon_core.shell:create_environment_hook('grampc-d', 'cmake_prefix_path')
[2.069s] INFO:colcon.colcon_core.shell:Creating environment hook '/home/evan/UAV_ws/install/grampc-d/share/grampc-d/hook/cmake_prefix_path.ps1'
[2.069s] INFO:colcon.colcon_core.shell:Creating environment descriptor '/home/evan/UAV_ws/install/grampc-d/share/grampc-d/hook/cmake_prefix_path.dsv'
[2.070s] INFO:colcon.colcon_core.shell:Creating environment hook '/home/evan/UAV_ws/install/grampc-d/share/grampc-d/hook/cmake_prefix_path.sh'
[2.070s] Level 1:colcon.colcon_core.environment:checking '/home/evan/UAV_ws/install/grampc-d/lib'
[2.070s] Level 1:colcon.colcon_core.environment:checking '/home/evan/UAV_ws/install/grampc-d/bin'
[2.070s] Level 1:colcon.colcon_core.environment:checking '/home/evan/UAV_ws/install/grampc-d/lib/pkgconfig/grampc-d.pc'
[2.070s] Level 1:colcon.colcon_core.environment:checking '/home/evan/UAV_ws/install/grampc-d/lib/python3.10/site-packages'
[2.070s] Level 1:colcon.colcon_core.environment:checking '/home/evan/UAV_ws/install/grampc-d/bin'
[2.082s] INFO:colcon.colcon_core.shell:Creating package script '/home/evan/UAV_ws/install/grampc-d/share/grampc-d/package.ps1'
[2.083s] INFO:colcon.colcon_core.shell:Creating package descriptor '/home/evan/UAV_ws/install/grampc-d/share/grampc-d/package.dsv'
[2.083s] INFO:colcon.colcon_core.shell:Creating package script '/home/evan/UAV_ws/install/grampc-d/share/grampc-d/package.sh'
[2.083s] INFO:colcon.colcon_core.shell:Creating package script '/home/evan/UAV_ws/install/grampc-d/share/grampc-d/package.bash'
[2.084s] INFO:colcon.colcon_core.shell:Creating package script '/home/evan/UAV_ws/install/grampc-d/share/grampc-d/package.zsh'
[2.084s] Level 1:colcon.colcon_core.environment:create_file_with_runtime_dependencies(/home/evan/UAV_ws/install/grampc-d/share/colcon-core/packages/grampc-d)
[2.244s] Level 1:colcon.colcon_core.environment:create_environment_scripts_only(grampc-d)
[2.255s] Level 1:colcon.colcon_core.environment:checking '/home/evan/UAV_ws/install/grampc-d' for CMake module files
[2.256s] Level 1:colcon.colcon_core.environment:checking '/home/evan/UAV_ws/install/grampc-d' for CMake config files
[2.257s] Level 1:colcon.colcon_core.shell:create_environment_hook('grampc-d', 'cmake_prefix_path')
[2.267s] INFO:colcon.colcon_core.shell:Creating environment hook '/home/evan/UAV_ws/install/grampc-d/share/grampc-d/hook/cmake_prefix_path.ps1'
[2.268s] INFO:colcon.colcon_core.shell:Creating environment descriptor '/home/evan/UAV_ws/install/grampc-d/share/grampc-d/hook/cmake_prefix_path.dsv'
[2.268s] INFO:colcon.colcon_core.shell:Creating environment hook '/home/evan/UAV_ws/install/grampc-d/share/grampc-d/hook/cmake_prefix_path.sh'
[2.268s] Level 1:colcon.colcon_core.environment:checking '/home/evan/UAV_ws/install/grampc-d/lib'
[2.268s] Level 1:colcon.colcon_core.environment:checking '/home/evan/UAV_ws/install/grampc-d/bin'
[2.268s] Level 1:colcon.colcon_core.environment:checking '/home/evan/UAV_ws/install/grampc-d/lib/pkgconfig/grampc-d.pc'
[2.269s] Level 1:colcon.colcon_core.environment:checking '/home/evan/UAV_ws/install/grampc-d/lib/python3.10/site-packages'
[2.269s] Level 1:colcon.colcon_core.environment:checking '/home/evan/UAV_ws/install/grampc-d/bin'
[2.286s] INFO:colcon.colcon_core.shell:Creating package script '/home/evan/UAV_ws/install/grampc-d/share/grampc-d/package.ps1'
[2.287s] INFO:colcon.colcon_core.shell:Creating package descriptor '/home/evan/UAV_ws/install/grampc-d/share/grampc-d/package.dsv'
[2.288s] INFO:colcon.colcon_core.shell:Creating package script '/home/evan/UAV_ws/install/grampc-d/share/grampc-d/package.sh'
[2.288s] INFO:colcon.colcon_core.shell:Creating package script '/home/evan/UAV_ws/install/grampc-d/share/grampc-d/package.bash'
[2.289s] INFO:colcon.colcon_core.shell:Creating package script '/home/evan/UAV_ws/install/grampc-d/share/grampc-d/package.zsh'
[2.289s] Level 1:colcon.colcon_core.environment:create_file_with_runtime_dependencies(/home/evan/UAV_ws/install/grampc-d/share/colcon-core/packages/grampc-d)
[2.290s] INFO:colcon.colcon_ros.task.ament_cmake.build:Building ROS package in '/home/evan/UAV_ws/src/mpc_node' with build type 'ament_cmake'
[2.290s] INFO:colcon.colcon_cmake.task.cmake.build:Building CMake package in '/home/evan/UAV_ws/src/mpc_node'
[2.302s] INFO:colcon.colcon_core.shell:Skip shell extension 'powershell' for command environment: Not usable outside of PowerShell
[2.302s] DEBUG:colcon.colcon_core.shell:Skip shell extension 'dsv' for command environment
[2.353s] INFO:colcon.colcon_ros.task.ament_cmake.build:Building ROS package in '/home/evan/UAV_ws/src/simulator_node' with build type 'ament_cmake'
[2.353s] INFO:colcon.colcon_cmake.task.cmake.build:Building CMake package in '/home/evan/UAV_ws/src/simulator_node'
[2.365s] INFO:colcon.colcon_core.shell:Skip shell extension 'powershell' for command environment: Not usable outside of PowerShell
[2.365s] DEBUG:colcon.colcon_core.shell:Skip shell extension 'dsv' for command environment
[2.405s] DEBUG:colcon.colcon_core.event_handler.log_command:Invoking command in '/home/evan/UAV_ws/build/mpc_node': CMAKE_PREFIX_PATH=/home/evan/UAV_ws/install/grampc-d:/home/evan/UAV_ws/install/libs:/home/evan/UAV_ws/install/common_msgs:/home/evan/UAV_ws/install/uav_launch:/home/evan/UAV_ws/install/test:/home/evan/UAV_ws/install/simulator_node:/home/evan/UAV_ws/install/mpc_node:/opt/ros/humble LD_LIBRARY_PATH=/home/evan/UAV_ws/install/common_msgs/lib:/home/evan/UAV_ws/install/grampc-d/lib:/home/evan/UAV_ws/install/libs/lib:/opt/ros/humble/opt/rviz_ogre_vendor/lib:/opt/ros/humble/lib/x86_64-linux-gnu:/opt/ros/humble/lib /usr/bin/cmake --build /home/evan/UAV_ws/build/mpc_node -- -j16 -l16
[2.414s] DEBUG:colcon.colcon_core.event_handler.log_command:Invoking command in '/home/evan/UAV_ws/build/simulator_node': CMAKE_PREFIX_PATH=/home/evan/UAV_ws/install/grampc-d:/home/evan/UAV_ws/install/libs:/home/evan/UAV_ws/install/common_msgs:/home/evan/UAV_ws/install/uav_launch:/home/evan/UAV_ws/install/test:/home/evan/UAV_ws/install/simulator_node:/home/evan/UAV_ws/install/mpc_node:/opt/ros/humble LD_LIBRARY_PATH=/home/evan/UAV_ws/install/common_msgs/lib:/home/evan/UAV_ws/install/grampc-d/lib:/home/evan/UAV_ws/install/libs/lib:/opt/ros/humble/opt/rviz_ogre_vendor/lib:/opt/ros/humble/lib/x86_64-linux-gnu:/opt/ros/humble/lib /usr/bin/cmake --build /home/evan/UAV_ws/build/simulator_node -- -j16 -l16
[2.468s] DEBUG:colcon.colcon_core.event_handler.log_command:Invoked command in '/home/evan/UAV_ws/build/mpc_node' returned '0': CMAKE_PREFIX_PATH=/home/evan/UAV_ws/install/grampc-d:/home/evan/UAV_ws/install/libs:/home/evan/UAV_ws/install/common_msgs:/home/evan/UAV_ws/install/uav_launch:/home/evan/UAV_ws/install/test:/home/evan/UAV_ws/install/simulator_node:/home/evan/UAV_ws/install/mpc_node:/opt/ros/humble LD_LIBRARY_PATH=/home/evan/UAV_ws/install/common_msgs/lib:/home/evan/UAV_ws/install/grampc-d/lib:/home/evan/UAV_ws/install/libs/lib:/opt/ros/humble/opt/rviz_ogre_vendor/lib:/opt/ros/humble/lib/x86_64-linux-gnu:/opt/ros/humble/lib /usr/bin/cmake --build /home/evan/UAV_ws/build/mpc_node -- -j16 -l16
[2.501s] DEBUG:colcon.colcon_core.event_handler.log_command:Invoking command in '/home/evan/UAV_ws/build/mpc_node': CMAKE_PREFIX_PATH=/home/evan/UAV_ws/install/grampc-d:/home/evan/UAV_ws/install/libs:/home/evan/UAV_ws/install/common_msgs:/home/evan/UAV_ws/install/uav_launch:/home/evan/UAV_ws/install/test:/home/evan/UAV_ws/install/simulator_node:/home/evan/UAV_ws/install/mpc_node:/opt/ros/humble LD_LIBRARY_PATH=/home/evan/UAV_ws/install/common_msgs/lib:/home/evan/UAV_ws/install/grampc-d/lib:/home/evan/UAV_ws/install/libs/lib:/opt/ros/humble/opt/rviz_ogre_vendor/lib:/opt/ros/humble/lib/x86_64-linux-gnu:/opt/ros/humble/lib /usr/bin/cmake --install /home/evan/UAV_ws/build/mpc_node
[2.521s] Level 1:colcon.colcon_core.environment:create_environment_scripts_only(mpc_node)
[2.522s] DEBUG:colcon.colcon_core.event_handler.log_command:Invoked command in '/home/evan/UAV_ws/build/mpc_node' returned '0': CMAKE_PREFIX_PATH=/home/evan/UAV_ws/install/grampc-d:/home/evan/UAV_ws/install/libs:/home/evan/UAV_ws/install/common_msgs:/home/evan/UAV_ws/install/uav_launch:/home/evan/UAV_ws/install/test:/home/evan/UAV_ws/install/simulator_node:/home/evan/UAV_ws/install/mpc_node:/opt/ros/humble LD_LIBRARY_PATH=/home/evan/UAV_ws/install/common_msgs/lib:/home/evan/UAV_ws/install/grampc-d/lib:/home/evan/UAV_ws/install/libs/lib:/opt/ros/humble/opt/rviz_ogre_vendor/lib:/opt/ros/humble/lib/x86_64-linux-gnu:/opt/ros/humble/lib /usr/bin/cmake --install /home/evan/UAV_ws/build/mpc_node
[2.533s] Level 1:colcon.colcon_core.environment:checking '/home/evan/UAV_ws/install/mpc_node' for CMake module files
[2.533s] Level 1:colcon.colcon_core.environment:checking '/home/evan/UAV_ws/install/mpc_node' for CMake config files
[2.534s] Level 1:colcon.colcon_core.shell:create_environment_hook('mpc_node', 'cmake_prefix_path')
[2.545s] INFO:colcon.colcon_core.shell:Creating environment hook '/home/evan/UAV_ws/install/mpc_node/share/mpc_node/hook/cmake_prefix_path.ps1'
[2.546s] INFO:colcon.colcon_core.shell:Creating environment descriptor '/home/evan/UAV_ws/install/mpc_node/share/mpc_node/hook/cmake_prefix_path.dsv'
[2.546s] INFO:colcon.colcon_core.shell:Creating environment hook '/home/evan/UAV_ws/install/mpc_node/share/mpc_node/hook/cmake_prefix_path.sh'
[2.546s] Level 1:colcon.colcon_core.environment:checking '/home/evan/UAV_ws/install/mpc_node/lib'
[2.546s] Level 1:colcon.colcon_core.environment:checking '/home/evan/UAV_ws/install/mpc_node/bin'
[2.547s] Level 1:colcon.colcon_core.environment:checking '/home/evan/UAV_ws/install/mpc_node/lib/pkgconfig/mpc_node.pc'
[2.547s] Level 1:colcon.colcon_core.environment:checking '/home/evan/UAV_ws/install/mpc_node/lib/python3.10/site-packages'
[2.547s] Level 1:colcon.colcon_core.environment:checking '/home/evan/UAV_ws/install/mpc_node/bin'
[2.558s] INFO:colcon.colcon_core.shell:Creating package script '/home/evan/UAV_ws/install/mpc_node/share/mpc_node/package.ps1'
[2.558s] INFO:colcon.colcon_core.shell:Creating package descriptor '/home/evan/UAV_ws/install/mpc_node/share/mpc_node/package.dsv'
[2.559s] INFO:colcon.colcon_core.shell:Creating package script '/home/evan/UAV_ws/install/mpc_node/share/mpc_node/package.sh'
[2.559s] INFO:colcon.colcon_core.shell:Creating package script '/home/evan/UAV_ws/install/mpc_node/share/mpc_node/package.bash'
[2.560s] INFO:colcon.colcon_core.shell:Creating package script '/home/evan/UAV_ws/install/mpc_node/share/mpc_node/package.zsh'
[2.560s] Level 1:colcon.colcon_core.environment:create_file_with_runtime_dependencies(/home/evan/UAV_ws/install/mpc_node/share/colcon-core/packages/mpc_node)
[2.604s] Level 1:colcon.colcon_core.environment:create_environment_scripts_only(mpc_node)
[2.615s] Level 1:colcon.colcon_core.environment:checking '/home/evan/UAV_ws/install/mpc_node' for CMake module files
[2.615s] Level 1:colcon.colcon_core.environment:checking '/home/evan/UAV_ws/install/mpc_node' for CMake config files
[2.616s] Level 1:colcon.colcon_core.shell:create_environment_hook('mpc_node', 'cmake_prefix_path')
[2.627s] INFO:colcon.colcon_core.shell:Creating environment hook '/home/evan/UAV_ws/install/mpc_node/share/mpc_node/hook/cmake_prefix_path.ps1'
[2.627s] INFO:colcon.colcon_core.shell:Creating environment descriptor '/home/evan/UAV_ws/install/mpc_node/share/mpc_node/hook/cmake_prefix_path.dsv'
[2.627s] INFO:colcon.colcon_core.shell:Creating environment hook '/home/evan/UAV_ws/install/mpc_node/share/mpc_node/hook/cmake_prefix_path.sh'
[2.628s] Level 1:colcon.colcon_core.environment:checking '/home/evan/UAV_ws/install/mpc_node/lib'
[2.628s] Level 1:colcon.colcon_core.environment:checking '/home/evan/UAV_ws/install/mpc_node/bin'
[2.628s] Level 1:colcon.colcon_core.environment:checking '/home/evan/UAV_ws/install/mpc_node/lib/pkgconfig/mpc_node.pc'
[2.628s] Level 1:colcon.colcon_core.environment:checking '/home/evan/UAV_ws/install/mpc_node/lib/python3.10/site-packages'
[2.628s] Level 1:colcon.colcon_core.environment:checking '/home/evan/UAV_ws/install/mpc_node/bin'
[2.640s] INFO:colcon.colcon_core.shell:Creating package script '/home/evan/UAV_ws/install/mpc_node/share/mpc_node/package.ps1'
[2.640s] INFO:colcon.colcon_core.shell:Creating package descriptor '/home/evan/UAV_ws/install/mpc_node/share/mpc_node/package.dsv'
[2.640s] INFO:colcon.colcon_core.shell:Creating package script '/home/evan/UAV_ws/install/mpc_node/share/mpc_node/package.sh'
[2.641s] INFO:colcon.colcon_core.shell:Creating package script '/home/evan/UAV_ws/install/mpc_node/share/mpc_node/package.bash'
[2.641s] INFO:colcon.colcon_core.shell:Creating package script '/home/evan/UAV_ws/install/mpc_node/share/mpc_node/package.zsh'
[2.641s] Level 1:colcon.colcon_core.environment:create_file_with_runtime_dependencies(/home/evan/UAV_ws/install/mpc_node/share/colcon-core/packages/mpc_node)
[11.681s] DEBUG:colcon.colcon_core.event_handler.log_command:Invoked command in '/home/evan/UAV_ws/build/simulator_node' returned '0': CMAKE_PREFIX_PATH=/home/evan/UAV_ws/install/grampc-d:/home/evan/UAV_ws/install/libs:/home/evan/UAV_ws/install/common_msgs:/home/evan/UAV_ws/install/uav_launch:/home/evan/UAV_ws/install/test:/home/evan/UAV_ws/install/simulator_node:/home/evan/UAV_ws/install/mpc_node:/opt/ros/humble LD_LIBRARY_PATH=/home/evan/UAV_ws/install/common_msgs/lib:/home/evan/UAV_ws/install/grampc-d/lib:/home/evan/UAV_ws/install/libs/lib:/opt/ros/humble/opt/rviz_ogre_vendor/lib:/opt/ros/humble/lib/x86_64-linux-gnu:/opt/ros/humble/lib /usr/bin/cmake --build /home/evan/UAV_ws/build/simulator_node -- -j16 -l16
[11.713s] DEBUG:colcon.colcon_core.event_handler.log_command:Invoking command in '/home/evan/UAV_ws/build/simulator_node': CMAKE_PREFIX_PATH=/home/evan/UAV_ws/install/grampc-d:/home/evan/UAV_ws/install/libs:/home/evan/UAV_ws/install/common_msgs:/home/evan/UAV_ws/install/uav_launch:/home/evan/UAV_ws/install/test:/home/evan/UAV_ws/install/simulator_node:/home/evan/UAV_ws/install/mpc_node:/opt/ros/humble LD_LIBRARY_PATH=/home/evan/UAV_ws/install/common_msgs/lib:/home/evan/UAV_ws/install/grampc-d/lib:/home/evan/UAV_ws/install/libs/lib:/opt/ros/humble/opt/rviz_ogre_vendor/lib:/opt/ros/humble/lib/x86_64-linux-gnu:/opt/ros/humble/lib /usr/bin/cmake --install /home/evan/UAV_ws/build/simulator_node
[11.736s] Level 1:colcon.colcon_core.environment:create_environment_scripts_only(simulator_node)
[11.736s] DEBUG:colcon.colcon_core.event_handler.log_command:Invoked command in '/home/evan/UAV_ws/build/simulator_node' returned '0': CMAKE_PREFIX_PATH=/home/evan/UAV_ws/install/grampc-d:/home/evan/UAV_ws/install/libs:/home/evan/UAV_ws/install/common_msgs:/home/evan/UAV_ws/install/uav_launch:/home/evan/UAV_ws/install/test:/home/evan/UAV_ws/install/simulator_node:/home/evan/UAV_ws/install/mpc_node:/opt/ros/humble LD_LIBRARY_PATH=/home/evan/UAV_ws/install/common_msgs/lib:/home/evan/UAV_ws/install/grampc-d/lib:/home/evan/UAV_ws/install/libs/lib:/opt/ros/humble/opt/rviz_ogre_vendor/lib:/opt/ros/humble/lib/x86_64-linux-gnu:/opt/ros/humble/lib /usr/bin/cmake --install /home/evan/UAV_ws/build/simulator_node
[11.748s] Level 1:colcon.colcon_core.environment:checking '/home/evan/UAV_ws/install/simulator_node' for CMake module files
[11.748s] Level 1:colcon.colcon_core.environment:checking '/home/evan/UAV_ws/install/simulator_node' for CMake config files
[11.749s] Level 1:colcon.colcon_core.shell:create_environment_hook('simulator_node', 'cmake_prefix_path')
[11.760s] INFO:colcon.colcon_core.shell:Creating environment hook '/home/evan/UAV_ws/install/simulator_node/share/simulator_node/hook/cmake_prefix_path.ps1'
[11.760s] INFO:colcon.colcon_core.shell:Creating environment descriptor '/home/evan/UAV_ws/install/simulator_node/share/simulator_node/hook/cmake_prefix_path.dsv'
[11.761s] INFO:colcon.colcon_core.shell:Creating environment hook '/home/evan/UAV_ws/install/simulator_node/share/simulator_node/hook/cmake_prefix_path.sh'
[11.761s] Level 1:colcon.colcon_core.environment:checking '/home/evan/UAV_ws/install/simulator_node/lib'
[11.761s] Level 1:colcon.colcon_core.environment:checking '/home/evan/UAV_ws/install/simulator_node/bin'
[11.761s] Level 1:colcon.colcon_core.environment:checking '/home/evan/UAV_ws/install/simulator_node/lib/pkgconfig/simulator_node.pc'
[11.761s] Level 1:colcon.colcon_core.environment:checking '/home/evan/UAV_ws/install/simulator_node/lib/python3.10/site-packages'
[11.762s] Level 1:colcon.colcon_core.environment:checking '/home/evan/UAV_ws/install/simulator_node/bin'
[11.773s] INFO:colcon.colcon_core.shell:Creating package script '/home/evan/UAV_ws/install/simulator_node/share/simulator_node/package.ps1'
[11.774s] INFO:colcon.colcon_core.shell:Creating package descriptor '/home/evan/UAV_ws/install/simulator_node/share/simulator_node/package.dsv'
[11.774s] INFO:colcon.colcon_core.shell:Creating package script '/home/evan/UAV_ws/install/simulator_node/share/simulator_node/package.sh'
[11.774s] INFO:colcon.colcon_core.shell:Creating package script '/home/evan/UAV_ws/install/simulator_node/share/simulator_node/package.bash'
[11.775s] INFO:colcon.colcon_core.shell:Creating package script '/home/evan/UAV_ws/install/simulator_node/share/simulator_node/package.zsh'
[11.775s] Level 1:colcon.colcon_core.environment:create_file_with_runtime_dependencies(/home/evan/UAV_ws/install/simulator_node/share/colcon-core/packages/simulator_node)
[11.822s] Level 1:colcon.colcon_core.environment:create_environment_scripts_only(simulator_node)
[11.834s] Level 1:colcon.colcon_core.environment:checking '/home/evan/UAV_ws/install/simulator_node' for CMake module files
[11.834s] Level 1:colcon.colcon_core.environment:checking '/home/evan/UAV_ws/install/simulator_node' for CMake config files
[11.835s] Level 1:colcon.colcon_core.shell:create_environment_hook('simulator_node', 'cmake_prefix_path')
[11.848s] INFO:colcon.colcon_core.shell:Creating environment hook '/home/evan/UAV_ws/install/simulator_node/share/simulator_node/hook/cmake_prefix_path.ps1'
[11.848s] INFO:colcon.colcon_core.shell:Creating environment descriptor '/home/evan/UAV_ws/install/simulator_node/share/simulator_node/hook/cmake_prefix_path.dsv'
[11.848s] INFO:colcon.colcon_core.shell:Creating environment hook '/home/evan/UAV_ws/install/simulator_node/share/simulator_node/hook/cmake_prefix_path.sh'
[11.849s] Level 1:colcon.colcon_core.environment:checking '/home/evan/UAV_ws/install/simulator_node/lib'
[11.849s] Level 1:colcon.colcon_core.environment:checking '/home/evan/UAV_ws/install/simulator_node/bin'
[11.849s] Level 1:colcon.colcon_core.environment:checking '/home/evan/UAV_ws/install/simulator_node/lib/pkgconfig/simulator_node.pc'
[11.849s] Level 1:colcon.colcon_core.environment:checking '/home/evan/UAV_ws/install/simulator_node/lib/python3.10/site-packages'
[11.849s] Level 1:colcon.colcon_core.environment:checking '/home/evan/UAV_ws/install/simulator_node/bin'
[11.862s] INFO:colcon.colcon_core.shell:Creating package script '/home/evan/UAV_ws/install/simulator_node/share/simulator_node/package.ps1'
[11.862s] INFO:colcon.colcon_core.shell:Creating package descriptor '/home/evan/UAV_ws/install/simulator_node/share/simulator_node/package.dsv'
[11.862s] INFO:colcon.colcon_core.shell:Creating package script '/home/evan/UAV_ws/install/simulator_node/share/simulator_node/package.sh'
[11.863s] INFO:colcon.colcon_core.shell:Creating package script '/home/evan/UAV_ws/install/simulator_node/share/simulator_node/package.bash'
[11.863s] INFO:colcon.colcon_core.shell:Creating package script '/home/evan/UAV_ws/install/simulator_node/share/simulator_node/package.zsh'
[11.863s] Level 1:colcon.colcon_core.environment:create_file_with_runtime_dependencies(/home/evan/UAV_ws/install/simulator_node/share/colcon-core/packages/simulator_node)
[11.864s] DEBUG:colcon.colcon_parallel_executor.executor.parallel:closing loop
[11.864s] DEBUG:colcon.colcon_parallel_executor.executor.parallel:loop closed
[11.864s] DEBUG:colcon.colcon_parallel_executor.executor.parallel:run_until_complete finished with '0'
[11.864s] DEBUG:colcon.colcon_core.event_reactor:joining thread
[11.879s] INFO:colcon.colcon_core.plugin_system:Skipping extension 'colcon_notification.desktop_notification.terminal_notifier': Not used on non-Darwin systems
[11.879s] INFO:colcon.colcon_core.plugin_system:Skipping extension 'colcon_notification.desktop_notification.win32': Not used on non-Windows systems
[11.879s] INFO:colcon.colcon_notification.desktop_notification:Sending desktop notification using 'notify2'
[11.891s] DEBUG:colcon.colcon_core.event_reactor:joined thread
[11.903s] INFO:colcon.colcon_core.shell:Creating prefix script '/home/evan/UAV_ws/install/local_setup.ps1'
[11.904s] INFO:colcon.colcon_core.shell:Creating prefix util module '/home/evan/UAV_ws/install/_local_setup_util_ps1.py'
[11.904s] INFO:colcon.colcon_core.shell:Creating prefix chain script '/home/evan/UAV_ws/install/setup.ps1'
[11.916s] INFO:colcon.colcon_core.shell:Creating prefix script '/home/evan/UAV_ws/install/local_setup.sh'
[11.916s] INFO:colcon.colcon_core.shell:Creating prefix util module '/home/evan/UAV_ws/install/_local_setup_util_sh.py'
[11.917s] INFO:colcon.colcon_core.shell:Creating prefix chain script '/home/evan/UAV_ws/install/setup.sh'
[11.928s] INFO:colcon.colcon_core.shell:Creating prefix script '/home/evan/UAV_ws/install/local_setup.bash'
[11.929s] INFO:colcon.colcon_core.shell:Creating prefix chain script '/home/evan/UAV_ws/install/setup.bash'
[11.941s] INFO:colcon.colcon_core.shell:Creating prefix script '/home/evan/UAV_ws/install/local_setup.zsh'
[11.941s] INFO:colcon.colcon_core.shell:Creating prefix chain script '/home/evan/UAV_ws/install/setup.zsh'
