-- The C compiler identification is GNU 9.4.0
-- The CXX compiler identification is GNU 9.4.0
-- Check for working C compiler: /usr/bin/cc
-- Check for working C compiler: /usr/bin/cc -- works
-- Detecting C compiler ABI info
-- Detecting C compiler ABI info - done
-- Detecting C compile features
-- Detecting C compile features - done
-- Check for working CXX compiler: /usr/bin/c++
-- Check for working CXX compiler: /usr/bin/c++ -- works
-- Detecting CXX compiler ABI info
-- Detecting CXX compiler ABI info - done
-- Detecting CXX compile features
-- Detecting CXX compile features - done
-- Found ament_cmake: 0.9.12 (/opt/ros/foxy/share/ament_cmake/cmake)
-- Found PythonInterp: /usr/bin/python3 (found suitable version "3.8.10", minimum required is "3") 
-- Using PYTHON_EXECUTABLE: /usr/bin/python3
-- Found rclcpp: 2.4.3 (/opt/ros/foxy/share/rclcpp/cmake)
-- Using all available rosidl_typesupport_c: rosidl_typesupport_fastrtps_c;rosidl_typesupport_introspection_c
-- Found rosidl_adapter: 1.3.1 (/opt/ros/foxy/share/rosidl_adapter/cmake)
-- Found OpenSSL: /usr/lib/aarch64-linux-gnu/libcrypto.so (found version "1.1.1f")  
-- Found FastRTPS: /opt/ros/foxy/include  
-- Using all available rosidl_typesupport_cpp: rosidl_typesupport_fastrtps_cpp;rosidl_typesupport_introspection_cpp
-- Found rmw_implementation_cmake: 1.0.4 (/opt/ros/foxy/share/rmw_implementation_cmake/cmake)
-- Using RMW implementation 'rmw_fastrtps_cpp' as default
-- Looking for pthread.h
-- Looking for pthread.h - found
-- Performing Test CMAKE_HAVE_LIBC_PTHREAD
-- Performing Test CMAKE_HAVE_LIBC_PTHREAD - Failed
-- Looking for pthread_create in pthreads
-- Looking for pthread_create in pthreads - not found
-- Looking for pthread_create in pthread
-- Looking for pthread_create in pthread - found
-- Found Threads: TRUE  
-- Found libs: 0.0.0 (/home/ubuntu/UAV_ws/install/libs/share/libs/cmake)
-- Found grampc-d: 0.0.0 (/home/ubuntu/UAV_ws/install/grampc-d/share/grampc-d/cmake)
-- Found common_msgs: 0.0.0 (/home/ubuntu/UAV_ws/install/common_msgs/share/common_msgs/cmake)
-- Found ament_lint_auto: 0.9.8 (/opt/ros/foxy/share/ament_lint_auto/cmake)
-- Added test 'cppcheck' to perform static code analysis on C / C++ code
-- Configured cppcheck include dirs: 
-- Configured cppcheck exclude dirs and/or files: 
-- Added test 'lint_cmake' to check CMake code style
-- Added test 'uncrustify' to check C / C++ code style
-- Configured uncrustify additional arguments: 
-- Added test 'xmllint' to check XML markup files
-- Configuring done
-- Generating done
-- Build files have been written to: /home/ubuntu/UAV_ws/build/mpc_node
[35m[1mScanning dependencies of target mpc_node_exe[0m
[ 50%] [32mBuilding CXX object CMakeFiles/mpc_node_exe.dir/src/mpc_node.cpp.o[0m
[01m[K/home/ubuntu/UAV_ws/src/mpc_node/src/mpc_node.cpp:[m[K In constructor ‘[01m[KControlNode::ControlNode()[m[K’:
[01m[K/home/ubuntu/UAV_ws/src/mpc_node/src/mpc_node.cpp:78:18:[m[K [01;35m[Kwarning: [m[KISO C++ forbids variable length array ‘[01m[Kmodel_parameters[m[K’ [[01;35m[K-Wvla[m[K]
   78 |         typeRNum [01;35m[Kmodel_parameters[m[K[num_xtraj + num_utraj + 2];
      |                  [01;35m[K^~~~~~~~~~~~~~~~[m[K
[01m[K/home/ubuntu/UAV_ws/src/mpc_node/src/mpc_node.cpp:28:14:[m[K [01;35m[Kwarning: [m[Kunused variable ‘[01m[Kfo[m[K’ [[01;35m[K-Wunused-variable[m[K]
   28 |         bool [01;35m[Kfo[m[K = file.is_open();
      |              [01;35m[K^~[m[K
[01m[K/home/ubuntu/UAV_ws/src/mpc_node/src/mpc_node.cpp:66:24:[m[K [01;35m[Kwarning: [m[Kunused variable ‘[01m[KTsim[m[K’ [[01;35m[K-Wunused-variable[m[K]
   66 |         const typeRNum [01;35m[KTsim[m[K = 3.3;
      |                        [01;35m[K^~~~[m[K
[100%] [32m[1mLinking CXX executable mpc_node_exe[0m
[100%] Built target mpc_node_exe
-- Install configuration: ""
-- Installing: /home/ubuntu/UAV_ws/install/mpc_node/lib/mpc_node/mpc_node_exe
-- Set runtime path of "/home/ubuntu/UAV_ws/install/mpc_node/lib/mpc_node/mpc_node_exe" to ""
-- Up-to-date: /home/ubuntu/UAV_ws/install/mpc_node/share/ament_index/resource_index/package_run_dependencies/mpc_node
-- Installing: /home/ubuntu/UAV_ws/install/mpc_node/share/ament_index/resource_index/parent_prefix_path/mpc_node
-- Up-to-date: /home/ubuntu/UAV_ws/install/mpc_node/share/mpc_node/environment/ament_prefix_path.sh
-- Installing: /home/ubuntu/UAV_ws/install/mpc_node/share/mpc_node/environment/ament_prefix_path.dsv
-- Up-to-date: /home/ubuntu/UAV_ws/install/mpc_node/share/mpc_node/environment/path.sh
-- Installing: /home/ubuntu/UAV_ws/install/mpc_node/share/mpc_node/environment/path.dsv
-- Up-to-date: /home/ubuntu/UAV_ws/install/mpc_node/share/mpc_node/local_setup.bash
-- Up-to-date: /home/ubuntu/UAV_ws/install/mpc_node/share/mpc_node/local_setup.sh
-- Up-to-date: /home/ubuntu/UAV_ws/install/mpc_node/share/mpc_node/local_setup.zsh
-- Installing: /home/ubuntu/UAV_ws/install/mpc_node/share/mpc_node/local_setup.dsv
-- Installing: /home/ubuntu/UAV_ws/install/mpc_node/share/mpc_node/package.dsv
-- Up-to-date: /home/ubuntu/UAV_ws/install/mpc_node/share/ament_index/resource_index/packages/mpc_node
-- Up-to-date: /home/ubuntu/UAV_ws/install/mpc_node/share/mpc_node/cmake/mpc_nodeConfig.cmake
-- Up-to-date: /home/ubuntu/UAV_ws/install/mpc_node/share/mpc_node/cmake/mpc_nodeConfig-version.cmake
-- Up-to-date: /home/ubuntu/UAV_ws/install/mpc_node/share/mpc_node/package.xml
