[1.421s] Invoking command in '/home/ubuntu/UAV_ws/build/mpc_node': CMAKE_PREFIX_PATH=/home/ubuntu/UAV_ws/install/grampc-d:/home/ubuntu/UAV_ws/install/libs:/home/ubuntu/UAV_ws/install/common_msgs:/home/ubuntu/UAV_ws/install/uav_launch:/home/ubuntu/UAV_ws/install/test:/home/ubuntu/UAV_ws/install/simulator_node:/home/ubuntu/UAV_ws/install/mpc_node:/opt/ros/foxy LD_LIBRARY_PATH=/home/ubuntu/UAV_ws/install/common_msgs/lib:/home/ubuntu/UAV_ws/install/grampc-d/lib:/home/ubuntu/UAV_ws/install/libs/lib:/opt/ros/foxy/opt/yaml_cpp_vendor/lib:/opt/ros/foxy/opt/rviz_ogre_vendor/lib:/opt/ros/foxy/lib/aarch64-linux-gnu:/opt/ros/foxy/lib /usr/bin/cmake /home/ubuntu/UAV_ws/src/mpc_node -DCMAKE_INSTALL_PREFIX=/home/ubuntu/UAV_ws/install/mpc_node
[1.668s] -- The C compiler identification is GNU 9.4.0
[1.882s] -- The CXX compiler identification is GNU 9.4.0
[1.901s] -- Check for working C compiler: /usr/bin/cc
[2.187s] -- Check for working C compiler: /usr/bin/cc -- works
[2.190s] -- Detecting C compiler ABI info
[2.481s] -- Detecting C compiler ABI info - done
[2.516s] -- Detecting C compile features
[2.517s] -- Detecting C compile features - done
[2.526s] -- Check for working CXX compiler: /usr/bin/c++
[2.841s] -- Check for working CXX compiler: /usr/bin/c++ -- works
[2.845s] -- Detecting CXX compiler ABI info
[3.169s] -- Detecting CXX compiler ABI info - done
[3.206s] -- Detecting CXX compile features
[3.207s] -- Detecting CXX compile features - done
[3.231s] -- Found ament_cmake: 0.9.12 (/opt/ros/foxy/share/ament_cmake/cmake)
[3.352s] -- Found PythonInterp: /usr/bin/python3 (found suitable version "3.8.10", minimum required is "3") 
[3.353s] -- Using PYTHON_EXECUTABLE: /usr/bin/python3
[4.249s] -- Found rclcpp: 2.4.3 (/opt/ros/foxy/share/rclcpp/cmake)
[4.563s] -- Using all available rosidl_typesupport_c: rosidl_typesupport_fastrtps_c;rosidl_typesupport_introspection_c
[4.622s] -- Found rosidl_adapter: 1.3.1 (/opt/ros/foxy/share/rosidl_adapter/cmake)
[5.175s] -- Found OpenSSL: /usr/lib/aarch64-linux-gnu/libcrypto.so (found version "1.1.1f")  
[5.395s] -- Found FastRTPS: /opt/ros/foxy/include  
[5.922s] -- Using all available rosidl_typesupport_cpp: rosidl_typesupport_fastrtps_cpp;rosidl_typesupport_introspection_cpp
[6.190s] -- Found rmw_implementation_cmake: 1.0.4 (/opt/ros/foxy/share/rmw_implementation_cmake/cmake)
[6.195s] -- Using RMW implementation 'rmw_fastrtps_cpp' as default
[6.199s] -- Looking for pthread.h
[6.503s] -- Looking for pthread.h - found
[6.504s] -- Performing Test CMAKE_HAVE_LIBC_PTHREAD
[6.815s] -- Performing Test CMAKE_HAVE_LIBC_PTHREAD - Failed
[6.816s] -- Looking for pthread_create in pthreads
[7.068s] -- Looking for pthread_create in pthreads - not found
[7.069s] -- Looking for pthread_create in pthread
[7.370s] -- Looking for pthread_create in pthread - found
[7.374s] -- Found Threads: TRUE  
[7.981s] -- Found libs: 0.0.0 (/home/ubuntu/UAV_ws/install/libs/share/libs/cmake)
[7.985s] -- Found grampc-d: 0.0.0 (/home/ubuntu/UAV_ws/install/grampc-d/share/grampc-d/cmake)
[7.991s] -- Found common_msgs: 0.0.0 (/home/ubuntu/UAV_ws/install/common_msgs/share/common_msgs/cmake)
[8.046s] -- Found ament_lint_auto: 0.9.8 (/opt/ros/foxy/share/ament_lint_auto/cmake)
[8.403s] -- Added test 'cppcheck' to perform static code analysis on C / C++ code
[8.403s] -- Configured cppcheck include dirs: 
[8.404s] -- Configured cppcheck exclude dirs and/or files: 
[8.407s] -- Added test 'lint_cmake' to check CMake code style
[8.413s] -- Added test 'uncrustify' to check C / C++ code style
[8.413s] -- Configured uncrustify additional arguments: 
[8.415s] -- Added test 'xmllint' to check XML markup files
[8.434s] -- Configuring done
[8.463s] -- Generating done
[8.469s] -- Build files have been written to: /home/ubuntu/UAV_ws/build/mpc_node
[8.487s] Invoked command in '/home/ubuntu/UAV_ws/build/mpc_node' returned '0': CMAKE_PREFIX_PATH=/home/ubuntu/UAV_ws/install/grampc-d:/home/ubuntu/UAV_ws/install/libs:/home/ubuntu/UAV_ws/install/common_msgs:/home/ubuntu/UAV_ws/install/uav_launch:/home/ubuntu/UAV_ws/install/test:/home/ubuntu/UAV_ws/install/simulator_node:/home/ubuntu/UAV_ws/install/mpc_node:/opt/ros/foxy LD_LIBRARY_PATH=/home/ubuntu/UAV_ws/install/common_msgs/lib:/home/ubuntu/UAV_ws/install/grampc-d/lib:/home/ubuntu/UAV_ws/install/libs/lib:/opt/ros/foxy/opt/yaml_cpp_vendor/lib:/opt/ros/foxy/opt/rviz_ogre_vendor/lib:/opt/ros/foxy/lib/aarch64-linux-gnu:/opt/ros/foxy/lib /usr/bin/cmake /home/ubuntu/UAV_ws/src/mpc_node -DCMAKE_INSTALL_PREFIX=/home/ubuntu/UAV_ws/install/mpc_node
[8.497s] Invoking command in '/home/ubuntu/UAV_ws/build/mpc_node': CMAKE_PREFIX_PATH=/home/ubuntu/UAV_ws/install/grampc-d:/home/ubuntu/UAV_ws/install/libs:/home/ubuntu/UAV_ws/install/common_msgs:/home/ubuntu/UAV_ws/install/uav_launch:/home/ubuntu/UAV_ws/install/test:/home/ubuntu/UAV_ws/install/simulator_node:/home/ubuntu/UAV_ws/install/mpc_node:/opt/ros/foxy LD_LIBRARY_PATH=/home/ubuntu/UAV_ws/install/common_msgs/lib:/home/ubuntu/UAV_ws/install/grampc-d/lib:/home/ubuntu/UAV_ws/install/libs/lib:/opt/ros/foxy/opt/yaml_cpp_vendor/lib:/opt/ros/foxy/opt/rviz_ogre_vendor/lib:/opt/ros/foxy/lib/aarch64-linux-gnu:/opt/ros/foxy/lib /usr/bin/cmake --build /home/ubuntu/UAV_ws/build/mpc_node -- -j4 -l4
[8.673s] [35m[1mScanning dependencies of target mpc_node_exe[0m
[8.827s] [ 50%] [32mBuilding CXX object CMakeFiles/mpc_node_exe.dir/src/mpc_node.cpp.o[0m
[14.101s] [01m[K/home/ubuntu/UAV_ws/src/mpc_node/src/mpc_node.cpp:[m[K In constructor ‘[01m[KControlNode::ControlNode()[m[K’:
[14.101s] [01m[K/home/ubuntu/UAV_ws/src/mpc_node/src/mpc_node.cpp:78:18:[m[K [01;35m[Kwarning: [m[KISO C++ forbids variable length array ‘[01m[Kmodel_parameters[m[K’ [[01;35m[K-Wvla[m[K]
[14.102s]    78 |         typeRNum [01;35m[Kmodel_parameters[m[K[num_xtraj + num_utraj + 2];
[14.102s]       |                  [01;35m[K^~~~~~~~~~~~~~~~[m[K
[14.141s] [01m[K/home/ubuntu/UAV_ws/src/mpc_node/src/mpc_node.cpp:28:14:[m[K [01;35m[Kwarning: [m[Kunused variable ‘[01m[Kfo[m[K’ [[01;35m[K-Wunused-variable[m[K]
[14.141s]    28 |         bool [01;35m[Kfo[m[K = file.is_open();
[14.142s]       |              [01;35m[K^~[m[K
[14.142s] [01m[K/home/ubuntu/UAV_ws/src/mpc_node/src/mpc_node.cpp:66:24:[m[K [01;35m[Kwarning: [m[Kunused variable ‘[01m[KTsim[m[K’ [[01;35m[K-Wunused-variable[m[K]
[14.142s]    66 |         const typeRNum [01;35m[KTsim[m[K = 3.3;
[14.143s]       |                        [01;35m[K^~~~[m[K
[27.708s] [100%] [32m[1mLinking CXX executable mpc_node_exe[0m
[32.290s] [100%] Built target mpc_node_exe
[32.330s] Invoked command in '/home/ubuntu/UAV_ws/build/mpc_node' returned '0': CMAKE_PREFIX_PATH=/home/ubuntu/UAV_ws/install/grampc-d:/home/ubuntu/UAV_ws/install/libs:/home/ubuntu/UAV_ws/install/common_msgs:/home/ubuntu/UAV_ws/install/uav_launch:/home/ubuntu/UAV_ws/install/test:/home/ubuntu/UAV_ws/install/simulator_node:/home/ubuntu/UAV_ws/install/mpc_node:/opt/ros/foxy LD_LIBRARY_PATH=/home/ubuntu/UAV_ws/install/common_msgs/lib:/home/ubuntu/UAV_ws/install/grampc-d/lib:/home/ubuntu/UAV_ws/install/libs/lib:/opt/ros/foxy/opt/yaml_cpp_vendor/lib:/opt/ros/foxy/opt/rviz_ogre_vendor/lib:/opt/ros/foxy/lib/aarch64-linux-gnu:/opt/ros/foxy/lib /usr/bin/cmake --build /home/ubuntu/UAV_ws/build/mpc_node -- -j4 -l4
[32.507s] Invoking command in '/home/ubuntu/UAV_ws/build/mpc_node': CMAKE_PREFIX_PATH=/home/ubuntu/UAV_ws/install/grampc-d:/home/ubuntu/UAV_ws/install/libs:/home/ubuntu/UAV_ws/install/common_msgs:/home/ubuntu/UAV_ws/install/uav_launch:/home/ubuntu/UAV_ws/install/test:/home/ubuntu/UAV_ws/install/simulator_node:/home/ubuntu/UAV_ws/install/mpc_node:/opt/ros/foxy LD_LIBRARY_PATH=/home/ubuntu/UAV_ws/install/common_msgs/lib:/home/ubuntu/UAV_ws/install/grampc-d/lib:/home/ubuntu/UAV_ws/install/libs/lib:/opt/ros/foxy/opt/yaml_cpp_vendor/lib:/opt/ros/foxy/opt/rviz_ogre_vendor/lib:/opt/ros/foxy/lib/aarch64-linux-gnu:/opt/ros/foxy/lib /usr/bin/cmake --install /home/ubuntu/UAV_ws/build/mpc_node
[32.543s] -- Install configuration: ""
[32.544s] -- Installing: /home/ubuntu/UAV_ws/install/mpc_node/lib/mpc_node/mpc_node_exe
[32.609s] -- Set runtime path of "/home/ubuntu/UAV_ws/install/mpc_node/lib/mpc_node/mpc_node_exe" to ""
[32.610s] -- Up-to-date: /home/ubuntu/UAV_ws/install/mpc_node/share/ament_index/resource_index/package_run_dependencies/mpc_node
[32.610s] -- Installing: /home/ubuntu/UAV_ws/install/mpc_node/share/ament_index/resource_index/parent_prefix_path/mpc_node
[32.611s] -- Up-to-date: /home/ubuntu/UAV_ws/install/mpc_node/share/mpc_node/environment/ament_prefix_path.sh
[32.611s] -- Installing: /home/ubuntu/UAV_ws/install/mpc_node/share/mpc_node/environment/ament_prefix_path.dsv
[32.612s] -- Up-to-date: /home/ubuntu/UAV_ws/install/mpc_node/share/mpc_node/environment/path.sh
[32.613s] -- Installing: /home/ubuntu/UAV_ws/install/mpc_node/share/mpc_node/environment/path.dsv
[32.614s] -- Up-to-date: /home/ubuntu/UAV_ws/install/mpc_node/share/mpc_node/local_setup.bash
[32.614s] -- Up-to-date: /home/ubuntu/UAV_ws/install/mpc_node/share/mpc_node/local_setup.sh
[32.614s] -- Up-to-date: /home/ubuntu/UAV_ws/install/mpc_node/share/mpc_node/local_setup.zsh
[32.615s] -- Installing: /home/ubuntu/UAV_ws/install/mpc_node/share/mpc_node/local_setup.dsv
[32.615s] -- Installing: /home/ubuntu/UAV_ws/install/mpc_node/share/mpc_node/package.dsv
[32.617s] -- Up-to-date: /home/ubuntu/UAV_ws/install/mpc_node/share/ament_index/resource_index/packages/mpc_node
[32.617s] -- Up-to-date: /home/ubuntu/UAV_ws/install/mpc_node/share/mpc_node/cmake/mpc_nodeConfig.cmake
[32.617s] -- Up-to-date: /home/ubuntu/UAV_ws/install/mpc_node/share/mpc_node/cmake/mpc_nodeConfig-version.cmake
[32.618s] -- Up-to-date: /home/ubuntu/UAV_ws/install/mpc_node/share/mpc_node/package.xml
[32.623s] Invoked command in '/home/ubuntu/UAV_ws/build/mpc_node' returned '0': CMAKE_PREFIX_PATH=/home/ubuntu/UAV_ws/install/grampc-d:/home/ubuntu/UAV_ws/install/libs:/home/ubuntu/UAV_ws/install/common_msgs:/home/ubuntu/UAV_ws/install/uav_launch:/home/ubuntu/UAV_ws/install/test:/home/ubuntu/UAV_ws/install/simulator_node:/home/ubuntu/UAV_ws/install/mpc_node:/opt/ros/foxy LD_LIBRARY_PATH=/home/ubuntu/UAV_ws/install/common_msgs/lib:/home/ubuntu/UAV_ws/install/grampc-d/lib:/home/ubuntu/UAV_ws/install/libs/lib:/opt/ros/foxy/opt/yaml_cpp_vendor/lib:/opt/ros/foxy/opt/rviz_ogre_vendor/lib:/opt/ros/foxy/lib/aarch64-linux-gnu:/opt/ros/foxy/lib /usr/bin/cmake --install /home/ubuntu/UAV_ws/build/mpc_node
