[1.431s] Invoking command in '/home/ubuntu/UAV_ws/build/simulator_node': CMAKE_PREFIX_PATH=/home/ubuntu/UAV_ws/install/grampc-d:/home/ubuntu/UAV_ws/install/libs:/home/ubuntu/UAV_ws/install/common_msgs:/home/ubuntu/UAV_ws/install/uav_launch:/home/ubuntu/UAV_ws/install/simulator_node:/home/ubuntu/UAV_ws/install/mpc_node:/opt/ros/foxy LD_LIBRARY_PATH=/home/ubuntu/UAV_ws/install/common_msgs/lib:/home/ubuntu/UAV_ws/install/grampc-d/lib:/home/ubuntu/UAV_ws/install/libs/lib:/opt/ros/foxy/opt/yaml_cpp_vendor/lib:/opt/ros/foxy/opt/rviz_ogre_vendor/lib:/opt/ros/foxy/lib/aarch64-linux-gnu:/opt/ros/foxy/lib /usr/bin/cmake /home/ubuntu/UAV_ws/src/simulator_node -DCMAKE_INSTALL_PREFIX=/home/ubuntu/UAV_ws/install/simulator_node
[1.679s] -- The C compiler identification is GNU 9.4.0
[1.896s] -- The CXX compiler identification is GNU 9.4.0
[1.915s] -- Check for working C compiler: /usr/bin/cc
[2.204s] -- Check for working C compiler: /usr/bin/cc -- works
[2.208s] -- Detecting C compiler ABI info
[2.503s] -- Detecting C compiler ABI info - done
[2.543s] -- Detecting C compile features
[2.544s] -- Detecting C compile features - done
[2.552s] -- Check for working CXX compiler: /usr/bin/c++
[2.869s] -- Check for working CXX compiler: /usr/bin/c++ -- works
[2.872s] -- Detecting CXX compiler ABI info
[3.202s] -- Detecting CXX compiler ABI info - done
[3.239s] -- Detecting CXX compile features
[3.241s] -- Detecting CXX compile features - done
[3.263s] -- Found ament_cmake: 0.9.12 (/opt/ros/foxy/share/ament_cmake/cmake)
[3.387s] -- Found PythonInterp: /usr/bin/python3 (found suitable version "3.8.10", minimum required is "3") 
[3.387s] -- Using PYTHON_EXECUTABLE: /usr/bin/python3
[4.279s] -- Found rclcpp: 2.4.3 (/opt/ros/foxy/share/rclcpp/cmake)
[4.587s] -- Using all available rosidl_typesupport_c: rosidl_typesupport_fastrtps_c;rosidl_typesupport_introspection_c
[4.645s] -- Found rosidl_adapter: 1.3.1 (/opt/ros/foxy/share/rosidl_adapter/cmake)
[5.190s] -- Found OpenSSL: /usr/lib/aarch64-linux-gnu/libcrypto.so (found version "1.1.1f")  
[5.410s] -- Found FastRTPS: /opt/ros/foxy/include  
[5.938s] -- Using all available rosidl_typesupport_cpp: rosidl_typesupport_fastrtps_cpp;rosidl_typesupport_introspection_cpp
[6.206s] -- Found rmw_implementation_cmake: 1.0.4 (/opt/ros/foxy/share/rmw_implementation_cmake/cmake)
[6.211s] -- Using RMW implementation 'rmw_fastrtps_cpp' as default
[6.215s] -- Looking for pthread.h
[6.517s] -- Looking for pthread.h - found
[6.517s] -- Performing Test CMAKE_HAVE_LIBC_PTHREAD
[6.832s] -- Performing Test CMAKE_HAVE_LIBC_PTHREAD - Failed
[6.833s] -- Looking for pthread_create in pthreads
[7.083s] -- Looking for pthread_create in pthreads - not found
[7.083s] -- Looking for pthread_create in pthread
[7.383s] -- Looking for pthread_create in pthread - found
[7.387s] -- Found Threads: TRUE  
[8.003s] -- Found common_msgs: 0.0.0 (/home/ubuntu/UAV_ws/install/common_msgs/share/common_msgs/cmake)
[8.037s] -- Found grampc-d: 0.0.0 (/home/ubuntu/UAV_ws/install/grampc-d/share/grampc-d/cmake)
[8.042s] -- Found libs: 0.0.0 (/home/ubuntu/UAV_ws/install/libs/share/libs/cmake)
[8.069s] -- Found ament_lint_auto: 0.9.8 (/opt/ros/foxy/share/ament_lint_auto/cmake)
[8.435s] -- Added test 'cppcheck' to perform static code analysis on C / C++ code
[8.435s] -- Configured cppcheck include dirs: 
[8.436s] -- Configured cppcheck exclude dirs and/or files: 
[8.438s] -- Added test 'lint_cmake' to check CMake code style
[8.443s] -- Added test 'uncrustify' to check C / C++ code style
[8.443s] -- Configured uncrustify additional arguments: 
[8.445s] -- Added test 'xmllint' to check XML markup files
[8.465s] -- Configuring done
[8.493s] -- Generating done
[8.500s] -- Build files have been written to: /home/ubuntu/UAV_ws/build/simulator_node
[8.518s] Invoked command in '/home/ubuntu/UAV_ws/build/simulator_node' returned '0': CMAKE_PREFIX_PATH=/home/ubuntu/UAV_ws/install/grampc-d:/home/ubuntu/UAV_ws/install/libs:/home/ubuntu/UAV_ws/install/common_msgs:/home/ubuntu/UAV_ws/install/uav_launch:/home/ubuntu/UAV_ws/install/simulator_node:/home/ubuntu/UAV_ws/install/mpc_node:/opt/ros/foxy LD_LIBRARY_PATH=/home/ubuntu/UAV_ws/install/common_msgs/lib:/home/ubuntu/UAV_ws/install/grampc-d/lib:/home/ubuntu/UAV_ws/install/libs/lib:/opt/ros/foxy/opt/yaml_cpp_vendor/lib:/opt/ros/foxy/opt/rviz_ogre_vendor/lib:/opt/ros/foxy/lib/aarch64-linux-gnu:/opt/ros/foxy/lib /usr/bin/cmake /home/ubuntu/UAV_ws/src/simulator_node -DCMAKE_INSTALL_PREFIX=/home/ubuntu/UAV_ws/install/simulator_node
[8.528s] Invoking command in '/home/ubuntu/UAV_ws/build/simulator_node': CMAKE_PREFIX_PATH=/home/ubuntu/UAV_ws/install/grampc-d:/home/ubuntu/UAV_ws/install/libs:/home/ubuntu/UAV_ws/install/common_msgs:/home/ubuntu/UAV_ws/install/uav_launch:/home/ubuntu/UAV_ws/install/simulator_node:/home/ubuntu/UAV_ws/install/mpc_node:/opt/ros/foxy LD_LIBRARY_PATH=/home/ubuntu/UAV_ws/install/common_msgs/lib:/home/ubuntu/UAV_ws/install/grampc-d/lib:/home/ubuntu/UAV_ws/install/libs/lib:/opt/ros/foxy/opt/yaml_cpp_vendor/lib:/opt/ros/foxy/opt/rviz_ogre_vendor/lib:/opt/ros/foxy/lib/aarch64-linux-gnu:/opt/ros/foxy/lib /usr/bin/cmake --build /home/ubuntu/UAV_ws/build/simulator_node -- -j4 -l4
[8.707s] [35m[1mScanning dependencies of target simulator_node_exe[0m
[8.899s] [100%] Built target simulator_node_exe
[8.939s] Invoked command in '/home/ubuntu/UAV_ws/build/simulator_node' returned '0': CMAKE_PREFIX_PATH=/home/ubuntu/UAV_ws/install/grampc-d:/home/ubuntu/UAV_ws/install/libs:/home/ubuntu/UAV_ws/install/common_msgs:/home/ubuntu/UAV_ws/install/uav_launch:/home/ubuntu/UAV_ws/install/simulator_node:/home/ubuntu/UAV_ws/install/mpc_node:/opt/ros/foxy LD_LIBRARY_PATH=/home/ubuntu/UAV_ws/install/common_msgs/lib:/home/ubuntu/UAV_ws/install/grampc-d/lib:/home/ubuntu/UAV_ws/install/libs/lib:/opt/ros/foxy/opt/yaml_cpp_vendor/lib:/opt/ros/foxy/opt/rviz_ogre_vendor/lib:/opt/ros/foxy/lib/aarch64-linux-gnu:/opt/ros/foxy/lib /usr/bin/cmake --build /home/ubuntu/UAV_ws/build/simulator_node -- -j4 -l4
[9.116s] Invoking command in '/home/ubuntu/UAV_ws/build/simulator_node': CMAKE_PREFIX_PATH=/home/ubuntu/UAV_ws/install/grampc-d:/home/ubuntu/UAV_ws/install/libs:/home/ubuntu/UAV_ws/install/common_msgs:/home/ubuntu/UAV_ws/install/uav_launch:/home/ubuntu/UAV_ws/install/simulator_node:/home/ubuntu/UAV_ws/install/mpc_node:/opt/ros/foxy LD_LIBRARY_PATH=/home/ubuntu/UAV_ws/install/common_msgs/lib:/home/ubuntu/UAV_ws/install/grampc-d/lib:/home/ubuntu/UAV_ws/install/libs/lib:/opt/ros/foxy/opt/yaml_cpp_vendor/lib:/opt/ros/foxy/opt/rviz_ogre_vendor/lib:/opt/ros/foxy/lib/aarch64-linux-gnu:/opt/ros/foxy/lib /usr/bin/cmake --install /home/ubuntu/UAV_ws/build/simulator_node
[9.151s] -- Install configuration: ""
[9.152s] -- Up-to-date: /home/ubuntu/UAV_ws/install/simulator_node/lib/simulator_node/simulator_node_exe
[9.153s] -- Up-to-date: /home/ubuntu/UAV_ws/install/simulator_node/share/ament_index/resource_index/package_run_dependencies/simulator_node
[9.154s] -- Up-to-date: /home/ubuntu/UAV_ws/install/simulator_node/share/ament_index/resource_index/parent_prefix_path/simulator_node
[9.154s] -- Up-to-date: /home/ubuntu/UAV_ws/install/simulator_node/share/simulator_node/environment/ament_prefix_path.sh
[9.155s] -- Installing: /home/ubuntu/UAV_ws/install/simulator_node/share/simulator_node/environment/ament_prefix_path.dsv
[9.156s] -- Up-to-date: /home/ubuntu/UAV_ws/install/simulator_node/share/simulator_node/environment/path.sh
[9.156s] -- Installing: /home/ubuntu/UAV_ws/install/simulator_node/share/simulator_node/environment/path.dsv
[9.157s] -- Up-to-date: /home/ubuntu/UAV_ws/install/simulator_node/share/simulator_node/local_setup.bash
[9.158s] -- Up-to-date: /home/ubuntu/UAV_ws/install/simulator_node/share/simulator_node/local_setup.sh
[9.158s] -- Up-to-date: /home/ubuntu/UAV_ws/install/simulator_node/share/simulator_node/local_setup.zsh
[9.158s] -- Installing: /home/ubuntu/UAV_ws/install/simulator_node/share/simulator_node/local_setup.dsv
[9.159s] -- Installing: /home/ubuntu/UAV_ws/install/simulator_node/share/simulator_node/package.dsv
[9.160s] -- Up-to-date: /home/ubuntu/UAV_ws/install/simulator_node/share/ament_index/resource_index/packages/simulator_node
[9.161s] -- Up-to-date: /home/ubuntu/UAV_ws/install/simulator_node/share/simulator_node/cmake/simulator_nodeConfig.cmake
[9.161s] -- Up-to-date: /home/ubuntu/UAV_ws/install/simulator_node/share/simulator_node/cmake/simulator_nodeConfig-version.cmake
[9.161s] -- Up-to-date: /home/ubuntu/UAV_ws/install/simulator_node/share/simulator_node/package.xml
[9.167s] Invoked command in '/home/ubuntu/UAV_ws/build/simulator_node' returned '0': CMAKE_PREFIX_PATH=/home/ubuntu/UAV_ws/install/grampc-d:/home/ubuntu/UAV_ws/install/libs:/home/ubuntu/UAV_ws/install/common_msgs:/home/ubuntu/UAV_ws/install/uav_launch:/home/ubuntu/UAV_ws/install/simulator_node:/home/ubuntu/UAV_ws/install/mpc_node:/opt/ros/foxy LD_LIBRARY_PATH=/home/ubuntu/UAV_ws/install/common_msgs/lib:/home/ubuntu/UAV_ws/install/grampc-d/lib:/home/ubuntu/UAV_ws/install/libs/lib:/opt/ros/foxy/opt/yaml_cpp_vendor/lib:/opt/ros/foxy/opt/rviz_ogre_vendor/lib:/opt/ros/foxy/lib/aarch64-linux-gnu:/opt/ros/foxy/lib /usr/bin/cmake --install /home/ubuntu/UAV_ws/build/simulator_node
