[1.438s] Invoking command in '/home/ubuntu/UAV_ws/build/mpc_node': CMAKE_PREFIX_PATH=/home/ubuntu/UAV_ws/install/grampc-d:/home/ubuntu/UAV_ws/install/libs:/home/ubuntu/UAV_ws/install/common_msgs:/home/ubuntu/UAV_ws/install/uav_launch:/home/ubuntu/UAV_ws/install/test:/home/ubuntu/UAV_ws/install/simulator_node:/home/ubuntu/UAV_ws/install/mpc_node:/opt/ros/foxy LD_LIBRARY_PATH=/home/ubuntu/UAV_ws/install/common_msgs/lib:/home/ubuntu/UAV_ws/install/grampc-d/lib:/home/ubuntu/UAV_ws/install/libs/lib:/opt/ros/foxy/opt/yaml_cpp_vendor/lib:/opt/ros/foxy/opt/rviz_ogre_vendor/lib:/opt/ros/foxy/lib/aarch64-linux-gnu:/opt/ros/foxy/lib /usr/bin/cmake /home/ubuntu/UAV_ws/src/mpc_node -DCMAKE_INSTALL_PREFIX=/home/ubuntu/UAV_ws/install/mpc_node
[1.685s] -- The C compiler identification is GNU 9.4.0
[1.900s] -- The CXX compiler identification is GNU 9.4.0
[1.920s] -- Check for working C compiler: /usr/bin/cc
[2.207s] -- Check for working C compiler: /usr/bin/cc -- works
[2.211s] -- Detecting C compiler ABI info
[2.499s] -- Detecting C compiler ABI info - done
[2.534s] -- Detecting C compile features
[2.535s] -- Detecting C compile features - done
[2.544s] -- Check for working CXX compiler: /usr/bin/c++
[2.862s] -- Check for working CXX compiler: /usr/bin/c++ -- works
[2.867s] -- Detecting CXX compiler ABI info
[3.187s] -- Detecting CXX compiler ABI info - done
[3.224s] -- Detecting CXX compile features
[3.226s] -- Detecting CXX compile features - done
[3.247s] -- Found ament_cmake: 0.9.12 (/opt/ros/foxy/share/ament_cmake/cmake)
[3.371s] -- Found PythonInterp: /usr/bin/python3 (found suitable version "3.8.10", minimum required is "3") 
[3.371s] -- Using PYTHON_EXECUTABLE: /usr/bin/python3
[4.254s] -- Found rclcpp: 2.4.3 (/opt/ros/foxy/share/rclcpp/cmake)
[4.556s] -- Using all available rosidl_typesupport_c: rosidl_typesupport_fastrtps_c;rosidl_typesupport_introspection_c
[4.612s] -- Found rosidl_adapter: 1.3.1 (/opt/ros/foxy/share/rosidl_adapter/cmake)
[5.157s] -- Found OpenSSL: /usr/lib/aarch64-linux-gnu/libcrypto.so (found version "1.1.1f")  
[5.379s] -- Found FastRTPS: /opt/ros/foxy/include  
[5.910s] -- Using all available rosidl_typesupport_cpp: rosidl_typesupport_fastrtps_cpp;rosidl_typesupport_introspection_cpp
[6.174s] -- Found rmw_implementation_cmake: 1.0.4 (/opt/ros/foxy/share/rmw_implementation_cmake/cmake)
[6.180s] -- Using RMW implementation 'rmw_fastrtps_cpp' as default
[6.183s] -- Looking for pthread.h
[6.485s] -- Looking for pthread.h - found
[6.485s] -- Performing Test CMAKE_HAVE_LIBC_PTHREAD
[6.798s] -- Performing Test CMAKE_HAVE_LIBC_PTHREAD - Failed
[6.799s] -- Looking for pthread_create in pthreads
[7.048s] -- Looking for pthread_create in pthreads - not found
[7.049s] -- Looking for pthread_create in pthread
[7.348s] -- Looking for pthread_create in pthread - found
[7.351s] -- Found Threads: TRUE  
[7.952s] -- Found libs: 0.0.0 (/home/ubuntu/UAV_ws/install/libs/share/libs/cmake)
[7.956s] -- Found grampc-d: 0.0.0 (/home/ubuntu/UAV_ws/install/grampc-d/share/grampc-d/cmake)
[7.963s] -- Found common_msgs: 0.0.0 (/home/ubuntu/UAV_ws/install/common_msgs/share/common_msgs/cmake)
[8.014s] -- Found ament_lint_auto: 0.9.8 (/opt/ros/foxy/share/ament_lint_auto/cmake)
[8.366s] -- Added test 'cppcheck' to perform static code analysis on C / C++ code
[8.366s] -- Configured cppcheck include dirs: 
[8.367s] -- Configured cppcheck exclude dirs and/or files: 
[8.370s] -- Added test 'lint_cmake' to check CMake code style
[8.376s] -- Added test 'uncrustify' to check C / C++ code style
[8.376s] -- Configured uncrustify additional arguments: 
[8.378s] -- Added test 'xmllint' to check XML markup files
[8.397s] -- Configuring done
[8.426s] -- Generating done
[8.432s] -- Build files have been written to: /home/ubuntu/UAV_ws/build/mpc_node
[8.450s] Invoked command in '/home/ubuntu/UAV_ws/build/mpc_node' returned '0': CMAKE_PREFIX_PATH=/home/ubuntu/UAV_ws/install/grampc-d:/home/ubuntu/UAV_ws/install/libs:/home/ubuntu/UAV_ws/install/common_msgs:/home/ubuntu/UAV_ws/install/uav_launch:/home/ubuntu/UAV_ws/install/test:/home/ubuntu/UAV_ws/install/simulator_node:/home/ubuntu/UAV_ws/install/mpc_node:/opt/ros/foxy LD_LIBRARY_PATH=/home/ubuntu/UAV_ws/install/common_msgs/lib:/home/ubuntu/UAV_ws/install/grampc-d/lib:/home/ubuntu/UAV_ws/install/libs/lib:/opt/ros/foxy/opt/yaml_cpp_vendor/lib:/opt/ros/foxy/opt/rviz_ogre_vendor/lib:/opt/ros/foxy/lib/aarch64-linux-gnu:/opt/ros/foxy/lib /usr/bin/cmake /home/ubuntu/UAV_ws/src/mpc_node -DCMAKE_INSTALL_PREFIX=/home/ubuntu/UAV_ws/install/mpc_node
[8.460s] Invoking command in '/home/ubuntu/UAV_ws/build/mpc_node': CMAKE_PREFIX_PATH=/home/ubuntu/UAV_ws/install/grampc-d:/home/ubuntu/UAV_ws/install/libs:/home/ubuntu/UAV_ws/install/common_msgs:/home/ubuntu/UAV_ws/install/uav_launch:/home/ubuntu/UAV_ws/install/test:/home/ubuntu/UAV_ws/install/simulator_node:/home/ubuntu/UAV_ws/install/mpc_node:/opt/ros/foxy LD_LIBRARY_PATH=/home/ubuntu/UAV_ws/install/common_msgs/lib:/home/ubuntu/UAV_ws/install/grampc-d/lib:/home/ubuntu/UAV_ws/install/libs/lib:/opt/ros/foxy/opt/yaml_cpp_vendor/lib:/opt/ros/foxy/opt/rviz_ogre_vendor/lib:/opt/ros/foxy/lib/aarch64-linux-gnu:/opt/ros/foxy/lib /usr/bin/cmake --build /home/ubuntu/UAV_ws/build/mpc_node -- -j4 -l4
[8.634s] [35m[1mScanning dependencies of target mpc_node_exe[0m
[8.829s] [100%] Built target mpc_node_exe
[8.870s] Invoked command in '/home/ubuntu/UAV_ws/build/mpc_node' returned '0': CMAKE_PREFIX_PATH=/home/ubuntu/UAV_ws/install/grampc-d:/home/ubuntu/UAV_ws/install/libs:/home/ubuntu/UAV_ws/install/common_msgs:/home/ubuntu/UAV_ws/install/uav_launch:/home/ubuntu/UAV_ws/install/test:/home/ubuntu/UAV_ws/install/simulator_node:/home/ubuntu/UAV_ws/install/mpc_node:/opt/ros/foxy LD_LIBRARY_PATH=/home/ubuntu/UAV_ws/install/common_msgs/lib:/home/ubuntu/UAV_ws/install/grampc-d/lib:/home/ubuntu/UAV_ws/install/libs/lib:/opt/ros/foxy/opt/yaml_cpp_vendor/lib:/opt/ros/foxy/opt/rviz_ogre_vendor/lib:/opt/ros/foxy/lib/aarch64-linux-gnu:/opt/ros/foxy/lib /usr/bin/cmake --build /home/ubuntu/UAV_ws/build/mpc_node -- -j4 -l4
[9.044s] Invoking command in '/home/ubuntu/UAV_ws/build/mpc_node': CMAKE_PREFIX_PATH=/home/ubuntu/UAV_ws/install/grampc-d:/home/ubuntu/UAV_ws/install/libs:/home/ubuntu/UAV_ws/install/common_msgs:/home/ubuntu/UAV_ws/install/uav_launch:/home/ubuntu/UAV_ws/install/test:/home/ubuntu/UAV_ws/install/simulator_node:/home/ubuntu/UAV_ws/install/mpc_node:/opt/ros/foxy LD_LIBRARY_PATH=/home/ubuntu/UAV_ws/install/common_msgs/lib:/home/ubuntu/UAV_ws/install/grampc-d/lib:/home/ubuntu/UAV_ws/install/libs/lib:/opt/ros/foxy/opt/yaml_cpp_vendor/lib:/opt/ros/foxy/opt/rviz_ogre_vendor/lib:/opt/ros/foxy/lib/aarch64-linux-gnu:/opt/ros/foxy/lib /usr/bin/cmake --install /home/ubuntu/UAV_ws/build/mpc_node
[9.081s] -- Install configuration: ""
[9.082s] -- Up-to-date: /home/ubuntu/UAV_ws/install/mpc_node/lib/mpc_node/mpc_node_exe
[9.083s] -- Up-to-date: /home/ubuntu/UAV_ws/install/mpc_node/share/ament_index/resource_index/package_run_dependencies/mpc_node
[9.084s] -- Up-to-date: /home/ubuntu/UAV_ws/install/mpc_node/share/ament_index/resource_index/parent_prefix_path/mpc_node
[9.084s] -- Up-to-date: /home/ubuntu/UAV_ws/install/mpc_node/share/mpc_node/environment/ament_prefix_path.sh
[9.085s] -- Installing: /home/ubuntu/UAV_ws/install/mpc_node/share/mpc_node/environment/ament_prefix_path.dsv
[9.086s] -- Up-to-date: /home/ubuntu/UAV_ws/install/mpc_node/share/mpc_node/environment/path.sh
[9.086s] -- Installing: /home/ubuntu/UAV_ws/install/mpc_node/share/mpc_node/environment/path.dsv
[9.087s] -- Up-to-date: /home/ubuntu/UAV_ws/install/mpc_node/share/mpc_node/local_setup.bash
[9.088s] -- Up-to-date: /home/ubuntu/UAV_ws/install/mpc_node/share/mpc_node/local_setup.sh
[9.088s] -- Up-to-date: /home/ubuntu/UAV_ws/install/mpc_node/share/mpc_node/local_setup.zsh
[9.088s] -- Installing: /home/ubuntu/UAV_ws/install/mpc_node/share/mpc_node/local_setup.dsv
[9.089s] -- Installing: /home/ubuntu/UAV_ws/install/mpc_node/share/mpc_node/package.dsv
[9.090s] -- Up-to-date: /home/ubuntu/UAV_ws/install/mpc_node/share/ament_index/resource_index/packages/mpc_node
[9.091s] -- Up-to-date: /home/ubuntu/UAV_ws/install/mpc_node/share/mpc_node/cmake/mpc_nodeConfig.cmake
[9.091s] -- Up-to-date: /home/ubuntu/UAV_ws/install/mpc_node/share/mpc_node/cmake/mpc_nodeConfig-version.cmake
[9.091s] -- Up-to-date: /home/ubuntu/UAV_ws/install/mpc_node/share/mpc_node/package.xml
[9.097s] Invoked command in '/home/ubuntu/UAV_ws/build/mpc_node' returned '0': CMAKE_PREFIX_PATH=/home/ubuntu/UAV_ws/install/grampc-d:/home/ubuntu/UAV_ws/install/libs:/home/ubuntu/UAV_ws/install/common_msgs:/home/ubuntu/UAV_ws/install/uav_launch:/home/ubuntu/UAV_ws/install/test:/home/ubuntu/UAV_ws/install/simulator_node:/home/ubuntu/UAV_ws/install/mpc_node:/opt/ros/foxy LD_LIBRARY_PATH=/home/ubuntu/UAV_ws/install/common_msgs/lib:/home/ubuntu/UAV_ws/install/grampc-d/lib:/home/ubuntu/UAV_ws/install/libs/lib:/opt/ros/foxy/opt/yaml_cpp_vendor/lib:/opt/ros/foxy/opt/rviz_ogre_vendor/lib:/opt/ros/foxy/lib/aarch64-linux-gnu:/opt/ros/foxy/lib /usr/bin/cmake --install /home/ubuntu/UAV_ws/build/mpc_node
