[19.185s] DEBUG:colcon:Command line arguments: ['/usr/local/bin/colcon', 'build', '--packages-select', 'grampc-d', '--cmake-clean-cache']
[19.185s] DEBUG:colcon:Parsed command line arguments: Namespace(allow_overriding=[], ament_cmake_args=None, base_paths=['.'], build_base='build', catkin_cmake_args=None, catkin_skip_building_tests=False, cmake_args=None, cmake_clean_cache=True, cmake_clean_first=False, cmake_force_configure=False, cmake_target=None, cmake_target_skip_unavailable=False, continue_on_error=False, event_handlers=None, executor='parallel', ignore_user_meta=False, install_base='install', log_base=None, log_level=None, main=<bound method BuildVerb.main of <colcon_core.verb.build.BuildVerb object at 0xffffb3d921f0>>, merge_install=False, metas=['./colcon.meta'], packages_above=None, packages_above_and_dependencies=None, packages_above_depth=None, packages_end=None, packages_ignore=None, packages_ignore_regex=None, packages_select=['grampc-d'], packages_select_build_failed=False, packages_select_by_dep=None, packages_select_regex=None, packages_select_test_failures=False, packages_skip=None, packages_skip_build_finished=False, packages_skip_by_dep=None, packages_skip_regex=None, packages_skip_test_passed=False, packages_skip_up_to=None, packages_start=None, packages_up_to=None, packages_up_to_regex=None, parallel_workers=4, paths=None, symlink_install=False, test_result_base=None, verb_extension=<colcon_core.verb.build.BuildVerb object at 0xffffb3d921f0>, verb_name='build', verb_parser=<colcon_defaults.argument_parser.defaults.DefaultArgumentsDecorator object at 0xffffb3d92e50>)
[20.041s] Level 1:colcon.colcon_core.package_discovery:discover_packages(colcon_meta) check parameters
[20.041s] Level 1:colcon.colcon_core.package_discovery:discover_packages(recursive) check parameters
[20.042s] Level 1:colcon.colcon_core.package_discovery:discover_packages(ignore) check parameters
[20.042s] Level 1:colcon.colcon_core.package_discovery:discover_packages(path) check parameters
[20.042s] Level 1:colcon.colcon_core.package_discovery:discover_packages(colcon_meta) discover
[20.042s] Level 1:colcon.colcon_core.package_discovery:discover_packages(recursive) discover
[20.042s] INFO:colcon.colcon_core.package_discovery:Crawling recursively for packages in '/home/ubuntu/UAV_ws'
[20.042s] Level 1:colcon.colcon_core.package_identification:_identify(.) by extensions ['ignore', 'ignore_ament_install']
[20.043s] Level 1:colcon.colcon_core.package_identification:_identify(.) by extension 'ignore'
[20.043s] Level 1:colcon.colcon_core.package_identification:_identify(.) by extension 'ignore_ament_install'
[20.043s] Level 1:colcon.colcon_core.package_identification:_identify(.) by extensions ['colcon_pkg']
[20.043s] Level 1:colcon.colcon_core.package_identification:_identify(.) by extension 'colcon_pkg'
[20.044s] Level 1:colcon.colcon_core.package_identification:_identify(.) by extensions ['colcon_meta']
[20.044s] Level 1:colcon.colcon_core.package_identification:_identify(.) by extension 'colcon_meta'
[20.044s] Level 1:colcon.colcon_core.package_identification:_identify(.) by extensions ['ros']
[20.044s] Level 1:colcon.colcon_core.package_identification:_identify(.) by extension 'ros'
[20.098s] Level 1:colcon.colcon_core.package_identification:_identify(.) by extensions ['cmake', 'python']
[20.098s] Level 1:colcon.colcon_core.package_identification:_identify(.) by extension 'cmake'
[20.098s] Level 1:colcon.colcon_core.package_identification:_identify(.) by extension 'python'
[20.098s] Level 1:colcon.colcon_core.package_identification:_identify(.) by extensions ['python_setup_py']
[20.099s] Level 1:colcon.colcon_core.package_identification:_identify(.) by extension 'python_setup_py'
[20.099s] Level 1:colcon.colcon_core.package_identification:_identify(build) by extensions ['ignore', 'ignore_ament_install']
[20.099s] Level 1:colcon.colcon_core.package_identification:_identify(build) by extension 'ignore'
[20.100s] Level 1:colcon.colcon_core.package_identification:_identify(build) ignored
[20.100s] Level 1:colcon.colcon_core.package_identification:_identify(install) by extensions ['ignore', 'ignore_ament_install']
[20.101s] Level 1:colcon.colcon_core.package_identification:_identify(install) by extension 'ignore'
[20.101s] Level 1:colcon.colcon_core.package_identification:_identify(install) ignored
[20.102s] Level 1:colcon.colcon_core.package_identification:_identify(log) by extensions ['ignore', 'ignore_ament_install']
[20.102s] Level 1:colcon.colcon_core.package_identification:_identify(log) by extension 'ignore'
[20.102s] Level 1:colcon.colcon_core.package_identification:_identify(log) ignored
[20.102s] Level 1:colcon.colcon_core.package_identification:_identify(my_bag_folder) by extensions ['ignore', 'ignore_ament_install']
[20.103s] Level 1:colcon.colcon_core.package_identification:_identify(my_bag_folder) by extension 'ignore'
[20.103s] Level 1:colcon.colcon_core.package_identification:_identify(my_bag_folder) by extension 'ignore_ament_install'
[20.103s] Level 1:colcon.colcon_core.package_identification:_identify(my_bag_folder) by extensions ['colcon_pkg']
[20.103s] Level 1:colcon.colcon_core.package_identification:_identify(my_bag_folder) by extension 'colcon_pkg'
[20.103s] Level 1:colcon.colcon_core.package_identification:_identify(my_bag_folder) by extensions ['colcon_meta']
[20.103s] Level 1:colcon.colcon_core.package_identification:_identify(my_bag_folder) by extension 'colcon_meta'
[20.104s] Level 1:colcon.colcon_core.package_identification:_identify(my_bag_folder) by extensions ['ros']
[20.104s] Level 1:colcon.colcon_core.package_identification:_identify(my_bag_folder) by extension 'ros'
[20.104s] Level 1:colcon.colcon_core.package_identification:_identify(my_bag_folder) by extensions ['cmake', 'python']
[20.104s] Level 1:colcon.colcon_core.package_identification:_identify(my_bag_folder) by extension 'cmake'
[20.104s] Level 1:colcon.colcon_core.package_identification:_identify(my_bag_folder) by extension 'python'
[20.104s] Level 1:colcon.colcon_core.package_identification:_identify(my_bag_folder) by extensions ['python_setup_py']
[20.104s] Level 1:colcon.colcon_core.package_identification:_identify(my_bag_folder) by extension 'python_setup_py'
[20.105s] Level 1:colcon.colcon_core.package_identification:_identify(src) by extensions ['ignore', 'ignore_ament_install']
[20.105s] Level 1:colcon.colcon_core.package_identification:_identify(src) by extension 'ignore'
[20.105s] Level 1:colcon.colcon_core.package_identification:_identify(src) by extension 'ignore_ament_install'
[20.106s] Level 1:colcon.colcon_core.package_identification:_identify(src) by extensions ['colcon_pkg']
[20.106s] Level 1:colcon.colcon_core.package_identification:_identify(src) by extension 'colcon_pkg'
[20.106s] Level 1:colcon.colcon_core.package_identification:_identify(src) by extensions ['colcon_meta']
[20.106s] Level 1:colcon.colcon_core.package_identification:_identify(src) by extension 'colcon_meta'
[20.106s] Level 1:colcon.colcon_core.package_identification:_identify(src) by extensions ['ros']
[20.106s] Level 1:colcon.colcon_core.package_identification:_identify(src) by extension 'ros'
[20.106s] Level 1:colcon.colcon_core.package_identification:_identify(src) by extensions ['cmake', 'python']
[20.107s] Level 1:colcon.colcon_core.package_identification:_identify(src) by extension 'cmake'
[20.107s] Level 1:colcon.colcon_core.package_identification:_identify(src) by extension 'python'
[20.107s] Level 1:colcon.colcon_core.package_identification:_identify(src) by extensions ['python_setup_py']
[20.107s] Level 1:colcon.colcon_core.package_identification:_identify(src) by extension 'python_setup_py'
[20.107s] Level 1:colcon.colcon_core.package_identification:_identify(src/common_msgs) by extensions ['ignore', 'ignore_ament_install']
[20.108s] Level 1:colcon.colcon_core.package_identification:_identify(src/common_msgs) by extension 'ignore'
[20.108s] Level 1:colcon.colcon_core.package_identification:_identify(src/common_msgs) by extension 'ignore_ament_install'
[20.108s] Level 1:colcon.colcon_core.package_identification:_identify(src/common_msgs) by extensions ['colcon_pkg']
[20.108s] Level 1:colcon.colcon_core.package_identification:_identify(src/common_msgs) by extension 'colcon_pkg'
[20.108s] Level 1:colcon.colcon_core.package_identification:_identify(src/common_msgs) by extensions ['colcon_meta']
[20.108s] Level 1:colcon.colcon_core.package_identification:_identify(src/common_msgs) by extension 'colcon_meta'
[20.109s] Level 1:colcon.colcon_core.package_identification:_identify(src/common_msgs) by extensions ['ros']
[20.109s] Level 1:colcon.colcon_core.package_identification:_identify(src/common_msgs) by extension 'ros'
[20.118s] DEBUG:colcon.colcon_core.package_identification:Package 'src/common_msgs' with type 'ros.ament_cmake' and name 'common_msgs'
[20.118s] Level 1:colcon.colcon_core.package_identification:_identify(src/grampc-d) by extensions ['ignore', 'ignore_ament_install']
[20.118s] Level 1:colcon.colcon_core.package_identification:_identify(src/grampc-d) by extension 'ignore'
[20.119s] Level 1:colcon.colcon_core.package_identification:_identify(src/grampc-d) by extension 'ignore_ament_install'
[20.119s] Level 1:colcon.colcon_core.package_identification:_identify(src/grampc-d) by extensions ['colcon_pkg']
[20.119s] Level 1:colcon.colcon_core.package_identification:_identify(src/grampc-d) by extension 'colcon_pkg'
[20.119s] Level 1:colcon.colcon_core.package_identification:_identify(src/grampc-d) by extensions ['colcon_meta']
[20.119s] Level 1:colcon.colcon_core.package_identification:_identify(src/grampc-d) by extension 'colcon_meta'
[20.120s] Level 1:colcon.colcon_core.package_identification:_identify(src/grampc-d) by extensions ['ros']
[20.120s] Level 1:colcon.colcon_core.package_identification:_identify(src/grampc-d) by extension 'ros'
[20.122s] DEBUG:colcon.colcon_core.package_identification:Package 'src/grampc-d' with type 'ros.ament_cmake' and name 'grampc-d'
[20.123s] Level 1:colcon.colcon_core.package_identification:_identify(src/libs) by extensions ['ignore', 'ignore_ament_install']
[20.123s] Level 1:colcon.colcon_core.package_identification:_identify(src/libs) by extension 'ignore'
[20.123s] Level 1:colcon.colcon_core.package_identification:_identify(src/libs) by extension 'ignore_ament_install'
[20.123s] Level 1:colcon.colcon_core.package_identification:_identify(src/libs) by extensions ['colcon_pkg']
[20.123s] Level 1:colcon.colcon_core.package_identification:_identify(src/libs) by extension 'colcon_pkg'
[20.124s] Level 1:colcon.colcon_core.package_identification:_identify(src/libs) by extensions ['colcon_meta']
[20.124s] Level 1:colcon.colcon_core.package_identification:_identify(src/libs) by extension 'colcon_meta'
[20.124s] Level 1:colcon.colcon_core.package_identification:_identify(src/libs) by extensions ['ros']
[20.124s] Level 1:colcon.colcon_core.package_identification:_identify(src/libs) by extension 'ros'
[20.126s] DEBUG:colcon.colcon_core.package_identification:Package 'src/libs' with type 'ros.ament_cmake' and name 'libs'
[20.127s] Level 1:colcon.colcon_core.package_identification:_identify(src/mpc_node) by extensions ['ignore', 'ignore_ament_install']
[20.127s] Level 1:colcon.colcon_core.package_identification:_identify(src/mpc_node) by extension 'ignore'
[20.127s] Level 1:colcon.colcon_core.package_identification:_identify(src/mpc_node) by extension 'ignore_ament_install'
[20.127s] Level 1:colcon.colcon_core.package_identification:_identify(src/mpc_node) by extensions ['colcon_pkg']
[20.128s] Level 1:colcon.colcon_core.package_identification:_identify(src/mpc_node) by extension 'colcon_pkg'
[20.128s] Level 1:colcon.colcon_core.package_identification:_identify(src/mpc_node) by extensions ['colcon_meta']
[20.128s] Level 1:colcon.colcon_core.package_identification:_identify(src/mpc_node) by extension 'colcon_meta'
[20.128s] Level 1:colcon.colcon_core.package_identification:_identify(src/mpc_node) by extensions ['ros']
[20.128s] Level 1:colcon.colcon_core.package_identification:_identify(src/mpc_node) by extension 'ros'
[20.131s] DEBUG:colcon.colcon_core.package_identification:Package 'src/mpc_node' with type 'ros.ament_cmake' and name 'mpc_node'
[20.132s] Level 1:colcon.colcon_core.package_identification:_identify(src/simulator_node) by extensions ['ignore', 'ignore_ament_install']
[20.132s] Level 1:colcon.colcon_core.package_identification:_identify(src/simulator_node) by extension 'ignore'
[20.132s] Level 1:colcon.colcon_core.package_identification:_identify(src/simulator_node) by extension 'ignore_ament_install'
[20.132s] Level 1:colcon.colcon_core.package_identification:_identify(src/simulator_node) by extensions ['colcon_pkg']
[20.132s] Level 1:colcon.colcon_core.package_identification:_identify(src/simulator_node) by extension 'colcon_pkg'
[20.133s] Level 1:colcon.colcon_core.package_identification:_identify(src/simulator_node) by extensions ['colcon_meta']
[20.133s] Level 1:colcon.colcon_core.package_identification:_identify(src/simulator_node) by extension 'colcon_meta'
[20.133s] Level 1:colcon.colcon_core.package_identification:_identify(src/simulator_node) by extensions ['ros']
[20.133s] Level 1:colcon.colcon_core.package_identification:_identify(src/simulator_node) by extension 'ros'
[20.136s] DEBUG:colcon.colcon_core.package_identification:Package 'src/simulator_node' with type 'ros.ament_cmake' and name 'simulator_node'
[20.136s] Level 1:colcon.colcon_core.package_identification:_identify(src/uav_launch) by extensions ['ignore', 'ignore_ament_install']
[20.137s] Level 1:colcon.colcon_core.package_identification:_identify(src/uav_launch) by extension 'ignore'
[20.137s] Level 1:colcon.colcon_core.package_identification:_identify(src/uav_launch) by extension 'ignore_ament_install'
[20.137s] Level 1:colcon.colcon_core.package_identification:_identify(src/uav_launch) by extensions ['colcon_pkg']
[20.137s] Level 1:colcon.colcon_core.package_identification:_identify(src/uav_launch) by extension 'colcon_pkg'
[20.137s] Level 1:colcon.colcon_core.package_identification:_identify(src/uav_launch) by extensions ['colcon_meta']
[20.137s] Level 1:colcon.colcon_core.package_identification:_identify(src/uav_launch) by extension 'colcon_meta'
[20.138s] Level 1:colcon.colcon_core.package_identification:_identify(src/uav_launch) by extensions ['ros']
[20.138s] Level 1:colcon.colcon_core.package_identification:_identify(src/uav_launch) by extension 'ros'
[20.139s] DEBUG:colcon.colcon_core.package_identification:Package 'src/uav_launch' with type 'ros.ament_cmake' and name 'uav_launch'
[20.139s] Level 1:colcon.colcon_core.package_discovery:discover_packages(recursive) using defaults
[20.140s] Level 1:colcon.colcon_core.package_discovery:discover_packages(ignore) discover
[20.140s] Level 1:colcon.colcon_core.package_discovery:discover_packages(ignore) using defaults
[20.140s] Level 1:colcon.colcon_core.package_discovery:discover_packages(path) discover
[20.140s] Level 1:colcon.colcon_core.package_discovery:discover_packages(path) using defaults
[21.192s] INFO:colcon.colcon_core.package_selection:Skipping not selected package 'common_msgs' in 'src/common_msgs'
[21.192s] INFO:colcon.colcon_core.package_selection:Skipping not selected package 'libs' in 'src/libs'
[21.192s] INFO:colcon.colcon_core.package_selection:Skipping not selected package 'uav_launch' in 'src/uav_launch'
[21.192s] INFO:colcon.colcon_core.package_selection:Skipping not selected package 'mpc_node' in 'src/mpc_node'
[21.192s] INFO:colcon.colcon_core.package_selection:Skipping not selected package 'simulator_node' in 'src/simulator_node'
[21.842s] Level 1:colcon.colcon_core.package_discovery:discover_packages(prefix_path) check parameters
[21.842s] Level 1:colcon.colcon_core.package_discovery:discover_packages(prefix_path) discover
[22.508s] DEBUG:colcon.colcon_installed_package_information.package_discovery:Found 256 installed packages in /opt/ros/foxy
[22.514s] Level 1:colcon.colcon_core.package_discovery:discover_packages(prefix_path) using defaults
[23.371s] Level 5:colcon.colcon_core.verb:set package 'grampc-d' build argument 'cmake_args' from command line to 'None'
[23.372s] Level 5:colcon.colcon_core.verb:set package 'grampc-d' build argument 'cmake_target' from command line to 'None'
[23.372s] Level 5:colcon.colcon_core.verb:set package 'grampc-d' build argument 'cmake_target_skip_unavailable' from command line to 'False'
[23.372s] Level 5:colcon.colcon_core.verb:set package 'grampc-d' build argument 'cmake_clean_cache' from command line to 'True'
[23.372s] Level 5:colcon.colcon_core.verb:set package 'grampc-d' build argument 'cmake_clean_first' from command line to 'False'
[23.372s] Level 5:colcon.colcon_core.verb:set package 'grampc-d' build argument 'cmake_force_configure' from command line to 'False'
[23.372s] Level 5:colcon.colcon_core.verb:set package 'grampc-d' build argument 'ament_cmake_args' from command line to 'None'
[23.372s] Level 5:colcon.colcon_core.verb:set package 'grampc-d' build argument 'catkin_cmake_args' from command line to 'None'
[23.372s] Level 5:colcon.colcon_core.verb:set package 'grampc-d' build argument 'catkin_skip_building_tests' from command line to 'False'
[23.373s] DEBUG:colcon.colcon_core.verb:Building package 'grampc-d' with the following arguments: {'ament_cmake_args': None, 'build_base': '/home/ubuntu/UAV_ws/build/grampc-d', 'catkin_cmake_args': None, 'catkin_skip_building_tests': False, 'cmake_args': None, 'cmake_clean_cache': True, 'cmake_clean_first': False, 'cmake_force_configure': False, 'cmake_target': None, 'cmake_target_skip_unavailable': False, 'install_base': '/home/ubuntu/UAV_ws/install/grampc-d', 'merge_install': False, 'path': '/home/ubuntu/UAV_ws/src/grampc-d', 'symlink_install': False, 'test_result_base': None}
[23.700s] INFO:colcon.colcon_core.executor:Executing jobs using 'parallel' executor
[24.030s] DEBUG:colcon.colcon_parallel_executor.executor.parallel:run_until_complete
[24.031s] INFO:colcon.colcon_ros.task.ament_cmake.build:Building ROS package in '/home/ubuntu/UAV_ws/src/grampc-d' with build type 'ament_cmake'
[24.031s] INFO:colcon.colcon_cmake.task.cmake.build:Building CMake package in '/home/ubuntu/UAV_ws/src/grampc-d'
[24.377s] INFO:colcon.colcon_core.plugin_system:Skipping extension 'colcon_core.shell.bat': Not used on non-Windows systems
[24.378s] INFO:colcon.colcon_core.shell:Skip shell extension 'powershell' for command environment: Not usable outside of PowerShell
[24.378s] DEBUG:colcon.colcon_core.shell:Skip shell extension 'dsv' for command environment
[25.154s] DEBUG:colcon.colcon_core.event_handler.log_command:Invoking command in '/home/ubuntu/UAV_ws/build/grampc-d': AMENT_PREFIX_PATH=/home/ubuntu/UAV_ws/install/libs:${AMENT_PREFIX_PATH} CMAKE_PREFIX_PATH=/home/ubuntu/UAV_ws/install/libs:/opt/ros/foxy LD_LIBRARY_PATH=/home/ubuntu/UAV_ws/install/libs/lib:${LD_LIBRARY_PATH} /usr/bin/cmake /home/ubuntu/UAV_ws/src/grampc-d -DCMAKE_INSTALL_PREFIX=/home/ubuntu/UAV_ws/install/grampc-d
[32.874s] DEBUG:colcon.colcon_core.event_handler.log_command:Invoked command in '/home/ubuntu/UAV_ws/build/grampc-d' returned '0': AMENT_PREFIX_PATH=/home/ubuntu/UAV_ws/install/libs:${AMENT_PREFIX_PATH} CMAKE_PREFIX_PATH=/home/ubuntu/UAV_ws/install/libs:/opt/ros/foxy LD_LIBRARY_PATH=/home/ubuntu/UAV_ws/install/libs/lib:${LD_LIBRARY_PATH} /usr/bin/cmake /home/ubuntu/UAV_ws/src/grampc-d -DCMAKE_INSTALL_PREFIX=/home/ubuntu/UAV_ws/install/grampc-d
[32.886s] DEBUG:colcon.colcon_core.event_handler.log_command:Invoking command in '/home/ubuntu/UAV_ws/build/grampc-d': AMENT_PREFIX_PATH=/home/ubuntu/UAV_ws/install/libs:${AMENT_PREFIX_PATH} CMAKE_PREFIX_PATH=/home/ubuntu/UAV_ws/install/libs:/opt/ros/foxy LD_LIBRARY_PATH=/home/ubuntu/UAV_ws/install/libs/lib:${LD_LIBRARY_PATH} /usr/bin/cmake --build /home/ubuntu/UAV_ws/build/grampc-d -- -j4 -l4
[33.639s] DEBUG:colcon.colcon_core.event_handler.log_command:Invoked command in '/home/ubuntu/UAV_ws/build/grampc-d' returned '0': AMENT_PREFIX_PATH=/home/ubuntu/UAV_ws/install/libs:${AMENT_PREFIX_PATH} CMAKE_PREFIX_PATH=/home/ubuntu/UAV_ws/install/libs:/opt/ros/foxy LD_LIBRARY_PATH=/home/ubuntu/UAV_ws/install/libs/lib:${LD_LIBRARY_PATH} /usr/bin/cmake --build /home/ubuntu/UAV_ws/build/grampc-d -- -j4 -l4
[34.164s] DEBUG:colcon.colcon_core.event_handler.log_command:Invoking command in '/home/ubuntu/UAV_ws/build/grampc-d': AMENT_PREFIX_PATH=/home/ubuntu/UAV_ws/install/libs:${AMENT_PREFIX_PATH} CMAKE_PREFIX_PATH=/home/ubuntu/UAV_ws/install/libs:/opt/ros/foxy LD_LIBRARY_PATH=/home/ubuntu/UAV_ws/install/libs/lib:${LD_LIBRARY_PATH} /usr/bin/cmake --install /home/ubuntu/UAV_ws/build/grampc-d
[34.223s] Level 1:colcon.colcon_core.environment:create_environment_scripts_only(grampc-d)
[34.238s] DEBUG:colcon.colcon_core.event_handler.log_command:Invoked command in '/home/ubuntu/UAV_ws/build/grampc-d' returned '0': AMENT_PREFIX_PATH=/home/ubuntu/UAV_ws/install/libs:${AMENT_PREFIX_PATH} CMAKE_PREFIX_PATH=/home/ubuntu/UAV_ws/install/libs:/opt/ros/foxy LD_LIBRARY_PATH=/home/ubuntu/UAV_ws/install/libs/lib:${LD_LIBRARY_PATH} /usr/bin/cmake --install /home/ubuntu/UAV_ws/build/grampc-d
[34.581s] Level 1:colcon.colcon_core.environment:checking '/home/ubuntu/UAV_ws/install/grampc-d' for CMake module files
[34.583s] Level 1:colcon.colcon_core.environment:checking '/home/ubuntu/UAV_ws/install/grampc-d' for CMake config files
[34.587s] Level 1:colcon.colcon_core.shell:create_environment_hook('grampc-d', 'cmake_prefix_path')
[34.924s] INFO:colcon.colcon_core.shell:Creating environment hook '/home/ubuntu/UAV_ws/install/grampc-d/share/grampc-d/hook/cmake_prefix_path.ps1'
[34.926s] INFO:colcon.colcon_core.shell:Creating environment descriptor '/home/ubuntu/UAV_ws/install/grampc-d/share/grampc-d/hook/cmake_prefix_path.dsv'
[34.928s] INFO:colcon.colcon_core.shell:Creating environment hook '/home/ubuntu/UAV_ws/install/grampc-d/share/grampc-d/hook/cmake_prefix_path.sh'
[34.931s] Level 1:colcon.colcon_core.environment:checking '/home/ubuntu/UAV_ws/install/grampc-d/lib'
[34.932s] Level 1:colcon.colcon_core.environment:checking '/home/ubuntu/UAV_ws/install/grampc-d/bin'
[34.932s] Level 1:colcon.colcon_core.environment:checking '/home/ubuntu/UAV_ws/install/grampc-d/lib/pkgconfig/grampc-d.pc'
[34.933s] Level 1:colcon.colcon_core.environment:checking '/home/ubuntu/UAV_ws/install/grampc-d/lib/python3.8/site-packages'
[34.934s] Level 1:colcon.colcon_core.environment:checking '/home/ubuntu/UAV_ws/install/grampc-d/bin'
[35.268s] INFO:colcon.colcon_core.shell:Creating package script '/home/ubuntu/UAV_ws/install/grampc-d/share/grampc-d/package.ps1'
[35.271s] INFO:colcon.colcon_core.shell:Creating package descriptor '/home/ubuntu/UAV_ws/install/grampc-d/share/grampc-d/package.dsv'
[35.273s] INFO:colcon.colcon_core.shell:Creating package script '/home/ubuntu/UAV_ws/install/grampc-d/share/grampc-d/package.sh'
[35.276s] INFO:colcon.colcon_core.shell:Creating package script '/home/ubuntu/UAV_ws/install/grampc-d/share/grampc-d/package.bash'
[35.279s] INFO:colcon.colcon_core.shell:Creating package script '/home/ubuntu/UAV_ws/install/grampc-d/share/grampc-d/package.zsh'
[35.281s] Level 1:colcon.colcon_core.environment:create_file_with_runtime_dependencies(/home/ubuntu/UAV_ws/install/grampc-d/share/colcon-core/packages/grampc-d)
[36.103s] Level 1:colcon.colcon_core.environment:create_environment_scripts_only(grampc-d)
[36.443s] Level 1:colcon.colcon_core.environment:checking '/home/ubuntu/UAV_ws/install/grampc-d' for CMake module files
[36.445s] Level 1:colcon.colcon_core.environment:checking '/home/ubuntu/UAV_ws/install/grampc-d' for CMake config files
[36.448s] Level 1:colcon.colcon_core.shell:create_environment_hook('grampc-d', 'cmake_prefix_path')
[36.785s] INFO:colcon.colcon_core.shell:Creating environment hook '/home/ubuntu/UAV_ws/install/grampc-d/share/grampc-d/hook/cmake_prefix_path.ps1'
[36.787s] INFO:colcon.colcon_core.shell:Creating environment descriptor '/home/ubuntu/UAV_ws/install/grampc-d/share/grampc-d/hook/cmake_prefix_path.dsv'
[36.788s] INFO:colcon.colcon_core.shell:Creating environment hook '/home/ubuntu/UAV_ws/install/grampc-d/share/grampc-d/hook/cmake_prefix_path.sh'
[36.791s] Level 1:colcon.colcon_core.environment:checking '/home/ubuntu/UAV_ws/install/grampc-d/lib'
[36.791s] Level 1:colcon.colcon_core.environment:checking '/home/ubuntu/UAV_ws/install/grampc-d/bin'
[36.791s] Level 1:colcon.colcon_core.environment:checking '/home/ubuntu/UAV_ws/install/grampc-d/lib/pkgconfig/grampc-d.pc'
[36.792s] Level 1:colcon.colcon_core.environment:checking '/home/ubuntu/UAV_ws/install/grampc-d/lib/python3.8/site-packages'
[36.793s] Level 1:colcon.colcon_core.environment:checking '/home/ubuntu/UAV_ws/install/grampc-d/bin'
[37.129s] INFO:colcon.colcon_core.shell:Creating package script '/home/ubuntu/UAV_ws/install/grampc-d/share/grampc-d/package.ps1'
[37.131s] INFO:colcon.colcon_core.shell:Creating package descriptor '/home/ubuntu/UAV_ws/install/grampc-d/share/grampc-d/package.dsv'
[37.133s] INFO:colcon.colcon_core.shell:Creating package script '/home/ubuntu/UAV_ws/install/grampc-d/share/grampc-d/package.sh'
[37.135s] INFO:colcon.colcon_core.shell:Creating package script '/home/ubuntu/UAV_ws/install/grampc-d/share/grampc-d/package.bash'
[37.136s] INFO:colcon.colcon_core.shell:Creating package script '/home/ubuntu/UAV_ws/install/grampc-d/share/grampc-d/package.zsh'
[37.138s] Level 1:colcon.colcon_core.environment:create_file_with_runtime_dependencies(/home/ubuntu/UAV_ws/install/grampc-d/share/colcon-core/packages/grampc-d)
[37.140s] DEBUG:colcon.colcon_parallel_executor.executor.parallel:closing loop
[37.140s] DEBUG:colcon.colcon_parallel_executor.executor.parallel:loop closed
[37.141s] DEBUG:colcon.colcon_parallel_executor.executor.parallel:run_until_complete finished with '0'
[37.141s] DEBUG:colcon.colcon_core.event_reactor:joining thread
[37.502s] INFO:colcon.colcon_core.plugin_system:Skipping extension 'colcon_notification.desktop_notification.notify_send': Could not find 'notify-send'
[37.502s] INFO:colcon.colcon_core.plugin_system:Skipping extension 'colcon_notification.desktop_notification.terminal_notifier': Not used on non-Darwin systems
[37.502s] INFO:colcon.colcon_core.plugin_system:Skipping extension 'colcon_notification.desktop_notification.win32': Not used on non-Windows systems
[37.502s] INFO:colcon.colcon_notification.desktop_notification:Sending desktop notification using 'notify2'
[37.505s] DEBUG:colcon.colcon_notification.desktop_notification.notify2:Failed to initialize notify2: org.freedesktop.DBus.Error.ServiceUnknown: The name org.freedesktop.Notifications was not provided by any .service files
[37.506s] DEBUG:colcon.colcon_core.event_reactor:joined thread
[37.842s] INFO:colcon.colcon_core.shell:Creating prefix script '/home/ubuntu/UAV_ws/install/local_setup.ps1'
[37.845s] INFO:colcon.colcon_core.shell:Creating prefix util module '/home/ubuntu/UAV_ws/install/_local_setup_util_ps1.py'
[37.850s] INFO:colcon.colcon_core.shell:Creating prefix chain script '/home/ubuntu/UAV_ws/install/setup.ps1'
[38.188s] INFO:colcon.colcon_core.shell:Creating prefix script '/home/ubuntu/UAV_ws/install/local_setup.sh'
[38.190s] INFO:colcon.colcon_core.shell:Creating prefix util module '/home/ubuntu/UAV_ws/install/_local_setup_util_sh.py'
[38.192s] INFO:colcon.colcon_core.shell:Creating prefix chain script '/home/ubuntu/UAV_ws/install/setup.sh'
[38.528s] INFO:colcon.colcon_core.shell:Creating prefix script '/home/ubuntu/UAV_ws/install/local_setup.bash'
[38.530s] INFO:colcon.colcon_core.shell:Creating prefix chain script '/home/ubuntu/UAV_ws/install/setup.bash'
[38.864s] INFO:colcon.colcon_core.shell:Creating prefix script '/home/ubuntu/UAV_ws/install/local_setup.zsh'
[38.866s] INFO:colcon.colcon_core.shell:Creating prefix chain script '/home/ubuntu/UAV_ws/install/setup.zsh'
