[0.087s] Invoking command in '/home/evan/UAV_ws/build/common_msgs': CMAKE_PREFIX_PATH=/opt/ros/humble /usr/bin/cmake --build /home/evan/UAV_ws/build/common_msgs -- -j16 -l16
[0.185s] [  1%] Built target common_msgs__cpp
[0.188s] [ 12%] Built target common_msgs__rosidl_generator_c
[0.194s] [ 12%] Built target ament_cmake_python_symlink_common_msgs
[0.211s] [ 78%] Built target common_msgs__rosidl_typesupport_introspection_c
[0.211s] [ 78%] Built target common_msgs__rosidl_typesupport_fastrtps_cpp
[0.211s] [ 78%] Built target common_msgs__rosidl_typesupport_c
[0.211s] [ 78%] Built target common_msgs__rosidl_typesupport_introspection_cpp
[0.211s] [ 78%] Built target common_msgs__rosidl_typesupport_cpp
[0.212s] [ 78%] Built target common_msgs__rosidl_typesupport_fastrtps_c
[0.235s] [ 78%] Built target common_msgs
[0.259s] [ 80%] Built target common_msgs__py
[0.288s] [ 89%] Built target common_msgs__rosidl_generator_py
[0.311s] [100%] Built target common_msgs__rosidl_typesupport_introspection_c__pyext
[0.311s] [100%] Built target common_msgs__rosidl_typesupport_c__pyext
[0.311s] [100%] Built target common_msgs__rosidl_typesupport_fastrtps_c__pyext
[0.375s] running egg_info
[0.390s] writing common_msgs.egg-info/PKG-INFO
[0.391s] writing dependency_links to common_msgs.egg-info/dependency_links.txt
[0.391s] writing top-level names to common_msgs.egg-info/top_level.txt
[0.431s] reading manifest file 'common_msgs.egg-info/SOURCES.txt'
[0.432s] writing manifest file 'common_msgs.egg-info/SOURCES.txt'
[0.456s] [100%] Built target ament_cmake_python_build_common_msgs_egg
[0.468s] Invoked command in '/home/evan/UAV_ws/build/common_msgs' returned '0': CMAKE_PREFIX_PATH=/opt/ros/humble /usr/bin/cmake --build /home/evan/UAV_ws/build/common_msgs -- -j16 -l16
[0.626s] Invoking command in '/home/evan/UAV_ws/build/common_msgs': CMAKE_PREFIX_PATH=/opt/ros/humble /usr/bin/cmake --install /home/evan/UAV_ws/build/common_msgs
[0.634s] -- Install configuration: "Debug"
[0.635s] -- Execute custom install script
[0.636s] -- Up-to-date symlink: /home/evan/UAV_ws/install/common_msgs/share/ament_index/resource_index/rosidl_interfaces/common_msgs
[0.637s] -- Up-to-date symlink: /home/evan/UAV_ws/install/common_msgs/include/common_msgs/common_msgs/msg/detail/input__functions.h
[0.637s] -- Up-to-date symlink: /home/evan/UAV_ws/install/common_msgs/include/common_msgs/common_msgs/msg/detail/input__struct.h
[0.638s] -- Up-to-date symlink: /home/evan/UAV_ws/install/common_msgs/include/common_msgs/common_msgs/msg/detail/input__type_support.h
[0.638s] -- Up-to-date symlink: /home/evan/UAV_ws/install/common_msgs/include/common_msgs/common_msgs/msg/detail/state__functions.h
[0.639s] -- Up-to-date symlink: /home/evan/UAV_ws/install/common_msgs/include/common_msgs/common_msgs/msg/detail/state__struct.h
[0.639s] -- Up-to-date symlink: /home/evan/UAV_ws/install/common_msgs/include/common_msgs/common_msgs/msg/detail/state__type_support.h
[0.639s] -- Up-to-date symlink: /home/evan/UAV_ws/install/common_msgs/include/common_msgs/common_msgs/msg/detail/u_traj__functions.h
[0.640s] -- Up-to-date symlink: /home/evan/UAV_ws/install/common_msgs/include/common_msgs/common_msgs/msg/detail/u_traj__struct.h
[0.640s] -- Up-to-date symlink: /home/evan/UAV_ws/install/common_msgs/include/common_msgs/common_msgs/msg/detail/u_traj__type_support.h
[0.640s] -- Up-to-date symlink: /home/evan/UAV_ws/install/common_msgs/include/common_msgs/common_msgs/msg/detail/x_traj__functions.h
[0.641s] -- Up-to-date symlink: /home/evan/UAV_ws/install/common_msgs/include/common_msgs/common_msgs/msg/detail/x_traj__struct.h
[0.641s] -- Up-to-date symlink: /home/evan/UAV_ws/install/common_msgs/include/common_msgs/common_msgs/msg/detail/x_traj__type_support.h
[0.641s] -- Up-to-date symlink: /home/evan/UAV_ws/install/common_msgs/include/common_msgs/common_msgs/msg/input.h
[0.641s] -- Up-to-date symlink: /home/evan/UAV_ws/install/common_msgs/include/common_msgs/common_msgs/msg/rosidl_generator_c__visibility_control.h
[0.642s] -- Up-to-date symlink: /home/evan/UAV_ws/install/common_msgs/include/common_msgs/common_msgs/msg/state.h
[0.642s] -- Up-to-date symlink: /home/evan/UAV_ws/install/common_msgs/include/common_msgs/common_msgs/msg/u_traj.h
[0.643s] -- Up-to-date symlink: /home/evan/UAV_ws/install/common_msgs/include/common_msgs/common_msgs/msg/x_traj.h
[0.643s] -- Up-to-date symlink: /home/evan/UAV_ws/install/common_msgs/share/common_msgs/environment/library_path.sh
[0.644s] -- Up-to-date symlink: /home/evan/UAV_ws/install/common_msgs/share/common_msgs/environment/library_path.dsv
[0.644s] -- Up-to-date symlink: /home/evan/UAV_ws/install/common_msgs/include/common_msgs/common_msgs/msg/detail/input__rosidl_typesupport_fastrtps_c.h
[0.645s] -- Up-to-date symlink: /home/evan/UAV_ws/install/common_msgs/include/common_msgs/common_msgs/msg/detail/state__rosidl_typesupport_fastrtps_c.h
[0.645s] -- Up-to-date symlink: /home/evan/UAV_ws/install/common_msgs/include/common_msgs/common_msgs/msg/detail/u_traj__rosidl_typesupport_fastrtps_c.h
[0.645s] -- Up-to-date symlink: /home/evan/UAV_ws/install/common_msgs/include/common_msgs/common_msgs/msg/detail/x_traj__rosidl_typesupport_fastrtps_c.h
[0.646s] -- Up-to-date symlink: /home/evan/UAV_ws/install/common_msgs/include/common_msgs/common_msgs/msg/rosidl_typesupport_fastrtps_c__visibility_control.h
[0.646s] -- Up-to-date symlink: /home/evan/UAV_ws/install/common_msgs/include/common_msgs/common_msgs/msg/detail/input__builder.hpp
[0.646s] -- Up-to-date symlink: /home/evan/UAV_ws/install/common_msgs/include/common_msgs/common_msgs/msg/detail/input__struct.hpp
[0.646s] -- Up-to-date symlink: /home/evan/UAV_ws/install/common_msgs/include/common_msgs/common_msgs/msg/detail/input__traits.hpp
[0.646s] -- Up-to-date symlink: /home/evan/UAV_ws/install/common_msgs/include/common_msgs/common_msgs/msg/detail/state__builder.hpp
[0.646s] -- Up-to-date symlink: /home/evan/UAV_ws/install/common_msgs/include/common_msgs/common_msgs/msg/detail/state__struct.hpp
[0.647s] -- Up-to-date symlink: /home/evan/UAV_ws/install/common_msgs/include/common_msgs/common_msgs/msg/detail/state__traits.hpp
[0.647s] -- Up-to-date symlink: /home/evan/UAV_ws/install/common_msgs/include/common_msgs/common_msgs/msg/detail/u_traj__builder.hpp
[0.647s] -- Up-to-date symlink: /home/evan/UAV_ws/install/common_msgs/include/common_msgs/common_msgs/msg/detail/u_traj__struct.hpp
[0.647s] -- Up-to-date symlink: /home/evan/UAV_ws/install/common_msgs/include/common_msgs/common_msgs/msg/detail/u_traj__traits.hpp
[0.648s] -- Up-to-date symlink: /home/evan/UAV_ws/install/common_msgs/include/common_msgs/common_msgs/msg/detail/x_traj__builder.hpp
[0.648s] -- Up-to-date symlink: /home/evan/UAV_ws/install/common_msgs/include/common_msgs/common_msgs/msg/detail/x_traj__struct.hpp
[0.648s] -- Up-to-date symlink: /home/evan/UAV_ws/install/common_msgs/include/common_msgs/common_msgs/msg/detail/x_traj__traits.hpp
[0.648s] -- Up-to-date symlink: /home/evan/UAV_ws/install/common_msgs/include/common_msgs/common_msgs/msg/input.hpp
[0.648s] -- Up-to-date symlink: /home/evan/UAV_ws/install/common_msgs/include/common_msgs/common_msgs/msg/state.hpp
[0.649s] -- Up-to-date symlink: /home/evan/UAV_ws/install/common_msgs/include/common_msgs/common_msgs/msg/u_traj.hpp
[0.649s] -- Up-to-date symlink: /home/evan/UAV_ws/install/common_msgs/include/common_msgs/common_msgs/msg/x_traj.hpp
[0.650s] -- Up-to-date symlink: /home/evan/UAV_ws/install/common_msgs/include/common_msgs/common_msgs/msg/detail/input__rosidl_typesupport_fastrtps_cpp.hpp
[0.650s] -- Up-to-date symlink: /home/evan/UAV_ws/install/common_msgs/include/common_msgs/common_msgs/msg/detail/state__rosidl_typesupport_fastrtps_cpp.hpp
[0.650s] -- Up-to-date symlink: /home/evan/UAV_ws/install/common_msgs/include/common_msgs/common_msgs/msg/detail/u_traj__rosidl_typesupport_fastrtps_cpp.hpp
[0.650s] -- Up-to-date symlink: /home/evan/UAV_ws/install/common_msgs/include/common_msgs/common_msgs/msg/detail/x_traj__rosidl_typesupport_fastrtps_cpp.hpp
[0.651s] -- Up-to-date symlink: /home/evan/UAV_ws/install/common_msgs/include/common_msgs/common_msgs/msg/rosidl_typesupport_fastrtps_cpp__visibility_control.h
[0.651s] -- Up-to-date symlink: /home/evan/UAV_ws/install/common_msgs/include/common_msgs/common_msgs/msg/detail/input__rosidl_typesupport_introspection_c.h
[0.652s] -- Up-to-date symlink: /home/evan/UAV_ws/install/common_msgs/include/common_msgs/common_msgs/msg/detail/state__rosidl_typesupport_introspection_c.h
[0.652s] -- Up-to-date symlink: /home/evan/UAV_ws/install/common_msgs/include/common_msgs/common_msgs/msg/detail/u_traj__rosidl_typesupport_introspection_c.h
[0.652s] -- Up-to-date symlink: /home/evan/UAV_ws/install/common_msgs/include/common_msgs/common_msgs/msg/detail/x_traj__rosidl_typesupport_introspection_c.h
[0.653s] -- Up-to-date symlink: /home/evan/UAV_ws/install/common_msgs/include/common_msgs/common_msgs/msg/rosidl_typesupport_introspection_c__visibility_control.h
[0.653s] -- Up-to-date symlink: /home/evan/UAV_ws/install/common_msgs/include/common_msgs/common_msgs/msg/detail/input__rosidl_typesupport_introspection_cpp.hpp
[0.653s] -- Up-to-date symlink: /home/evan/UAV_ws/install/common_msgs/include/common_msgs/common_msgs/msg/detail/state__rosidl_typesupport_introspection_cpp.hpp
[0.654s] -- Up-to-date symlink: /home/evan/UAV_ws/install/common_msgs/include/common_msgs/common_msgs/msg/detail/u_traj__rosidl_typesupport_introspection_cpp.hpp
[0.654s] -- Up-to-date symlink: /home/evan/UAV_ws/install/common_msgs/include/common_msgs/common_msgs/msg/detail/x_traj__rosidl_typesupport_introspection_cpp.hpp
[0.654s] -- Up-to-date symlink: /home/evan/UAV_ws/install/common_msgs/share/common_msgs/environment/pythonpath.sh
[0.655s] -- Up-to-date symlink: /home/evan/UAV_ws/install/common_msgs/share/common_msgs/environment/pythonpath.dsv
[0.656s] -- Up-to-date symlink: /home/evan/UAV_ws/install/common_msgs/local/lib/python3.10/dist-packages/common_msgs-0.0.0-py3.10.egg-info/PKG-INFO
[0.657s] -- Up-to-date symlink: /home/evan/UAV_ws/install/common_msgs/local/lib/python3.10/dist-packages/common_msgs-0.0.0-py3.10.egg-info/SOURCES.txt
[0.657s] -- Up-to-date symlink: /home/evan/UAV_ws/install/common_msgs/local/lib/python3.10/dist-packages/common_msgs-0.0.0-py3.10.egg-info/dependency_links.txt
[0.657s] -- Up-to-date symlink: /home/evan/UAV_ws/install/common_msgs/local/lib/python3.10/dist-packages/common_msgs-0.0.0-py3.10.egg-info/top_level.txt
[0.658s] -- Up-to-date symlink: /home/evan/UAV_ws/install/common_msgs/local/lib/python3.10/dist-packages/common_msgs/__init__.py
[0.658s] -- Up-to-date symlink: /home/evan/UAV_ws/install/common_msgs/local/lib/python3.10/dist-packages/common_msgs/_common_msgs_s.ep.rosidl_typesupport_c.c
[0.659s] -- Up-to-date symlink: /home/evan/UAV_ws/install/common_msgs/local/lib/python3.10/dist-packages/common_msgs/_common_msgs_s.ep.rosidl_typesupport_fastrtps_c.c
[0.659s] -- Up-to-date symlink: /home/evan/UAV_ws/install/common_msgs/local/lib/python3.10/dist-packages/common_msgs/_common_msgs_s.ep.rosidl_typesupport_introspection_c.c
[0.659s] -- Up-to-date symlink: /home/evan/UAV_ws/install/common_msgs/local/lib/python3.10/dist-packages/common_msgs/common_msgs_s__rosidl_typesupport_c.cpython-310-x86_64-linux-gnu.so
[0.660s] -- Up-to-date symlink: /home/evan/UAV_ws/install/common_msgs/local/lib/python3.10/dist-packages/common_msgs/common_msgs_s__rosidl_typesupport_fastrtps_c.cpython-310-x86_64-linux-gnu.so
[0.660s] -- Up-to-date symlink: /home/evan/UAV_ws/install/common_msgs/local/lib/python3.10/dist-packages/common_msgs/common_msgs_s__rosidl_typesupport_introspection_c.cpython-310-x86_64-linux-gnu.so
[0.660s] -- Up-to-date symlink: /home/evan/UAV_ws/install/common_msgs/local/lib/python3.10/dist-packages/common_msgs/libcommon_msgs__rosidl_generator_py.so
[0.661s] -- Up-to-date symlink: /home/evan/UAV_ws/install/common_msgs/local/lib/python3.10/dist-packages/common_msgs/msg/__init__.py
[0.661s] -- Up-to-date symlink: /home/evan/UAV_ws/install/common_msgs/local/lib/python3.10/dist-packages/common_msgs/msg/_input.py
[0.662s] -- Up-to-date symlink: /home/evan/UAV_ws/install/common_msgs/local/lib/python3.10/dist-packages/common_msgs/msg/_input_s.c
[0.662s] -- Up-to-date symlink: /home/evan/UAV_ws/install/common_msgs/local/lib/python3.10/dist-packages/common_msgs/msg/_state.py
[0.662s] -- Up-to-date symlink: /home/evan/UAV_ws/install/common_msgs/local/lib/python3.10/dist-packages/common_msgs/msg/_state_s.c
[0.663s] -- Up-to-date symlink: /home/evan/UAV_ws/install/common_msgs/local/lib/python3.10/dist-packages/common_msgs/msg/_u_traj.py
[0.663s] -- Up-to-date symlink: /home/evan/UAV_ws/install/common_msgs/local/lib/python3.10/dist-packages/common_msgs/msg/_u_traj_s.c
[0.663s] -- Up-to-date symlink: /home/evan/UAV_ws/install/common_msgs/local/lib/python3.10/dist-packages/common_msgs/msg/_x_traj.py
[0.664s] -- Up-to-date symlink: /home/evan/UAV_ws/install/common_msgs/local/lib/python3.10/dist-packages/common_msgs/msg/_x_traj_s.c
[0.664s] -- Up-to-date symlink: /home/evan/UAV_ws/install/common_msgs/local/lib/python3.10/dist-packages/common_msgs/common_msgs_s__rosidl_typesupport_fastrtps_c.cpython-310-x86_64-linux-gnu.so
[0.665s] -- Up-to-date symlink: /home/evan/UAV_ws/install/common_msgs/local/lib/python3.10/dist-packages/common_msgs/common_msgs_s__rosidl_typesupport_introspection_c.cpython-310-x86_64-linux-gnu.so
[0.665s] -- Up-to-date symlink: /home/evan/UAV_ws/install/common_msgs/local/lib/python3.10/dist-packages/common_msgs/common_msgs_s__rosidl_typesupport_c.cpython-310-x86_64-linux-gnu.so
[0.666s] -- Up-to-date symlink: /home/evan/UAV_ws/install/common_msgs/share/common_msgs/msg/XTraj.idl
[0.666s] -- Up-to-date symlink: /home/evan/UAV_ws/install/common_msgs/share/common_msgs/msg/UTraj.idl
[0.667s] -- Up-to-date symlink: /home/evan/UAV_ws/install/common_msgs/share/common_msgs/msg/State.idl
[0.667s] -- Up-to-date symlink: /home/evan/UAV_ws/install/common_msgs/share/common_msgs/msg/Input.idl
[0.667s] -- Up-to-date symlink: /home/evan/UAV_ws/install/common_msgs/share/common_msgs/msg/XTraj.msg
[0.668s] -- Up-to-date symlink: /home/evan/UAV_ws/install/common_msgs/share/common_msgs/msg/UTraj.msg
[0.668s] -- Up-to-date symlink: /home/evan/UAV_ws/install/common_msgs/share/common_msgs/msg/State.msg
[0.668s] -- Up-to-date symlink: /home/evan/UAV_ws/install/common_msgs/share/common_msgs/msg/Input.msg
[0.668s] -- Up-to-date symlink: /home/evan/UAV_ws/install/common_msgs/share/ament_index/resource_index/package_run_dependencies/common_msgs
[0.669s] -- Up-to-date symlink: /home/evan/UAV_ws/install/common_msgs/share/ament_index/resource_index/parent_prefix_path/common_msgs
[0.669s] -- Up-to-date symlink: /home/evan/UAV_ws/install/common_msgs/share/common_msgs/environment/ament_prefix_path.sh
[0.670s] -- Up-to-date symlink: /home/evan/UAV_ws/install/common_msgs/share/common_msgs/environment/ament_prefix_path.dsv
[0.670s] -- Up-to-date symlink: /home/evan/UAV_ws/install/common_msgs/share/common_msgs/environment/path.sh
[0.670s] -- Up-to-date symlink: /home/evan/UAV_ws/install/common_msgs/share/common_msgs/environment/path.dsv
[0.671s] -- Up-to-date symlink: /home/evan/UAV_ws/install/common_msgs/share/common_msgs/local_setup.bash
[0.671s] -- Up-to-date symlink: /home/evan/UAV_ws/install/common_msgs/share/common_msgs/local_setup.sh
[0.671s] -- Up-to-date symlink: /home/evan/UAV_ws/install/common_msgs/share/common_msgs/local_setup.zsh
[0.672s] -- Up-to-date symlink: /home/evan/UAV_ws/install/common_msgs/share/common_msgs/local_setup.dsv
[0.672s] -- Symlinking: /home/evan/UAV_ws/install/common_msgs/share/common_msgs/package.dsv
[0.681s] -- Up-to-date symlink: /home/evan/UAV_ws/install/common_msgs/share/ament_index/resource_index/packages/common_msgs
[0.682s] -- Up-to-date symlink: /home/evan/UAV_ws/install/common_msgs/share/common_msgs/cmake/rosidl_cmake-extras.cmake
[0.682s] -- Up-to-date symlink: /home/evan/UAV_ws/install/common_msgs/share/common_msgs/cmake/ament_cmake_export_include_directories-extras.cmake
[0.683s] -- Up-to-date symlink: /home/evan/UAV_ws/install/common_msgs/share/common_msgs/cmake/ament_cmake_export_libraries-extras.cmake
[0.683s] -- Up-to-date symlink: /home/evan/UAV_ws/install/common_msgs/share/common_msgs/cmake/ament_cmake_export_targets-extras.cmake
[0.683s] -- Up-to-date symlink: /home/evan/UAV_ws/install/common_msgs/share/common_msgs/cmake/rosidl_cmake_export_typesupport_targets-extras.cmake
[0.684s] -- Up-to-date symlink: /home/evan/UAV_ws/install/common_msgs/share/common_msgs/cmake/ament_cmake_export_dependencies-extras.cmake
[0.684s] -- Up-to-date symlink: /home/evan/UAV_ws/install/common_msgs/share/common_msgs/cmake/rosidl_cmake_export_typesupport_libraries-extras.cmake
[0.684s] -- Up-to-date symlink: /home/evan/UAV_ws/install/common_msgs/share/common_msgs/cmake/common_msgsConfig.cmake
[0.685s] -- Up-to-date symlink: /home/evan/UAV_ws/install/common_msgs/share/common_msgs/cmake/common_msgsConfig-version.cmake
[0.685s] -- Up-to-date symlink: /home/evan/UAV_ws/install/common_msgs/share/common_msgs/package.xml
[0.686s] -- Up-to-date: /home/evan/UAV_ws/install/common_msgs/lib/libcommon_msgs__rosidl_generator_c.so
[0.687s] -- Up-to-date: /home/evan/UAV_ws/install/common_msgs/lib/libcommon_msgs__rosidl_typesupport_fastrtps_c.so
[0.688s] -- Up-to-date: /home/evan/UAV_ws/install/common_msgs/lib/libcommon_msgs__rosidl_typesupport_fastrtps_cpp.so
[0.689s] -- Up-to-date: /home/evan/UAV_ws/install/common_msgs/lib/libcommon_msgs__rosidl_typesupport_introspection_c.so
[0.690s] -- Up-to-date: /home/evan/UAV_ws/install/common_msgs/lib/libcommon_msgs__rosidl_typesupport_c.so
[0.691s] -- Up-to-date: /home/evan/UAV_ws/install/common_msgs/lib/libcommon_msgs__rosidl_typesupport_introspection_cpp.so
[0.692s] -- Up-to-date: /home/evan/UAV_ws/install/common_msgs/lib/libcommon_msgs__rosidl_typesupport_cpp.so
[0.718s] Listing '/home/evan/UAV_ws/install/common_msgs/local/lib/python3.10/dist-packages/common_msgs'...
[0.719s] Listing '/home/evan/UAV_ws/install/common_msgs/local/lib/python3.10/dist-packages/common_msgs/msg'...
[0.723s] -- Up-to-date: /home/evan/UAV_ws/install/common_msgs/lib/libcommon_msgs__rosidl_generator_py.so
[0.724s] -- Up-to-date: /home/evan/UAV_ws/install/common_msgs/share/common_msgs/cmake/export_common_msgs__rosidl_generator_cExport.cmake
[0.724s] -- Up-to-date: /home/evan/UAV_ws/install/common_msgs/share/common_msgs/cmake/export_common_msgs__rosidl_generator_cExport-debug.cmake
[0.724s] -- Up-to-date: /home/evan/UAV_ws/install/common_msgs/share/common_msgs/cmake/export_common_msgs__rosidl_typesupport_fastrtps_cExport.cmake
[0.724s] -- Up-to-date: /home/evan/UAV_ws/install/common_msgs/share/common_msgs/cmake/export_common_msgs__rosidl_typesupport_fastrtps_cExport-debug.cmake
[0.725s] -- Up-to-date: /home/evan/UAV_ws/install/common_msgs/share/common_msgs/cmake/export_common_msgs__rosidl_generator_cppExport.cmake
[0.725s] -- Up-to-date: /home/evan/UAV_ws/install/common_msgs/share/common_msgs/cmake/export_common_msgs__rosidl_typesupport_fastrtps_cppExport.cmake
[0.725s] -- Up-to-date: /home/evan/UAV_ws/install/common_msgs/share/common_msgs/cmake/export_common_msgs__rosidl_typesupport_fastrtps_cppExport-debug.cmake
[0.725s] -- Up-to-date: /home/evan/UAV_ws/install/common_msgs/share/common_msgs/cmake/common_msgs__rosidl_typesupport_introspection_cExport.cmake
[0.726s] -- Up-to-date: /home/evan/UAV_ws/install/common_msgs/share/common_msgs/cmake/common_msgs__rosidl_typesupport_introspection_cExport-debug.cmake
[0.726s] -- Up-to-date: /home/evan/UAV_ws/install/common_msgs/share/common_msgs/cmake/common_msgs__rosidl_typesupport_cExport.cmake
[0.726s] -- Up-to-date: /home/evan/UAV_ws/install/common_msgs/share/common_msgs/cmake/common_msgs__rosidl_typesupport_cExport-debug.cmake
[0.726s] -- Up-to-date: /home/evan/UAV_ws/install/common_msgs/share/common_msgs/cmake/common_msgs__rosidl_typesupport_introspection_cppExport.cmake
[0.726s] -- Up-to-date: /home/evan/UAV_ws/install/common_msgs/share/common_msgs/cmake/common_msgs__rosidl_typesupport_introspection_cppExport-debug.cmake
[0.727s] -- Up-to-date: /home/evan/UAV_ws/install/common_msgs/share/common_msgs/cmake/common_msgs__rosidl_typesupport_cppExport.cmake
[0.727s] -- Up-to-date: /home/evan/UAV_ws/install/common_msgs/share/common_msgs/cmake/common_msgs__rosidl_typesupport_cppExport-debug.cmake
[0.727s] -- Up-to-date: /home/evan/UAV_ws/install/common_msgs/share/common_msgs/cmake/export_common_msgs__rosidl_generator_pyExport.cmake
[0.727s] -- Up-to-date: /home/evan/UAV_ws/install/common_msgs/share/common_msgs/cmake/export_common_msgs__rosidl_generator_pyExport-debug.cmake
[0.767s] Invoked command in '/home/evan/UAV_ws/build/common_msgs' returned '0': CMAKE_PREFIX_PATH=/opt/ros/humble /usr/bin/cmake --install /home/evan/UAV_ws/build/common_msgs
