[1.066s] Invoking command in '/home/ubuntu/UAV_ws/build/libs': CMAKE_PREFIX_PATH=/opt/ros/foxy /usr/bin/cmake /home/ubuntu/UAV_ws/src/libs -DCMAKE_INSTALL_PREFIX=/home/ubuntu/UAV_ws/install/libs
[1.302s] -- The C compiler identification is GNU 9.4.0
[1.509s] -- The CXX compiler identification is GNU 9.4.0
[1.526s] -- Check for working C compiler: /usr/bin/cc
[1.800s] -- Check for working C compiler: /usr/bin/cc -- works
[1.803s] -- Detecting C compiler ABI info
[2.079s] -- Detecting C compiler ABI info - done
[2.114s] -- Detecting C compile features
[2.115s] -- Detecting C compile features - done
[2.123s] -- Check for working CXX compiler: /usr/bin/c++
[2.426s] -- Check for working CXX compiler: /usr/bin/c++ -- works
[2.430s] -- Detecting CXX compiler ABI info
[2.738s] -- Detecting CXX compiler ABI info - done
[2.776s] -- Detecting CXX compile features
[2.778s] -- Detecting CXX compile features - done
[2.796s] -- Found ament_cmake: 0.9.12 (/opt/ros/foxy/share/ament_cmake/cmake)
[2.908s] -- Found PythonInterp: /usr/bin/python3 (found suitable version "3.8.10", minimum required is "3") 
[2.908s] -- Using PYTHON_EXECUTABLE: /usr/bin/python3
[3.748s] -- Found rclcpp: 2.4.3 (/opt/ros/foxy/share/rclcpp/cmake)
[4.010s] -- Using all available rosidl_typesupport_c: rosidl_typesupport_fastrtps_c;rosidl_typesupport_introspection_c
[4.056s] -- Found rosidl_adapter: 1.3.1 (/opt/ros/foxy/share/rosidl_adapter/cmake)
[4.561s] -- Found OpenSSL: /usr/lib/aarch64-linux-gnu/libcrypto.so (found version "1.1.1f")  
[4.774s] -- Found FastRTPS: /opt/ros/foxy/include  
[5.272s] -- Using all available rosidl_typesupport_cpp: rosidl_typesupport_fastrtps_cpp;rosidl_typesupport_introspection_cpp
[5.509s] -- Found rmw_implementation_cmake: 1.0.4 (/opt/ros/foxy/share/rmw_implementation_cmake/cmake)
[5.514s] -- Using RMW implementation 'rmw_fastrtps_cpp' as default
[5.517s] -- Looking for pthread.h
[5.802s] -- Looking for pthread.h - found
[5.803s] -- Performing Test CMAKE_HAVE_LIBC_PTHREAD
[6.096s] -- Performing Test CMAKE_HAVE_LIBC_PTHREAD - Failed
[6.097s] -- Looking for pthread_create in pthreads
[6.331s] -- Looking for pthread_create in pthreads - not found
[6.332s] -- Looking for pthread_create in pthread
[6.619s] -- Looking for pthread_create in pthread - found
[6.623s] -- Found Threads: TRUE  
[7.253s] -- Found Git: /usr/bin/git (found version "2.25.1") 
[7.392s] -- ASIO include directory: /home/ubuntu/UAV_ws/src/libs/libs/asio/src/asio/asio/include
[7.393s] -- CEREAL include directory: /home/ubuntu/UAV_ws/src/libs/libs/cereal/src/cereal/include
[7.642s] -- Configuring done
[7.678s] -- Generating done
[7.685s] -- Build files have been written to: /home/ubuntu/UAV_ws/build/libs
[7.703s] Invoked command in '/home/ubuntu/UAV_ws/build/libs' returned '0': CMAKE_PREFIX_PATH=/opt/ros/foxy /usr/bin/cmake /home/ubuntu/UAV_ws/src/libs -DCMAKE_INSTALL_PREFIX=/home/ubuntu/UAV_ws/install/libs
[7.714s] Invoking command in '/home/ubuntu/UAV_ws/build/libs': CMAKE_PREFIX_PATH=/opt/ros/foxy /usr/bin/cmake --build /home/ubuntu/UAV_ws/build/libs -- -j4 -l4
[7.877s] [35m[1mScanning dependencies of target asio[0m
[7.878s] [35m[1mScanning dependencies of target cereal[0m
[7.882s] [35m[1mScanning dependencies of target sha[0m
[7.883s] [35m[1mScanning dependencies of target grampc[0m
[7.923s] [ 19%] Built target cereal
[7.928s] [ 38%] Built target asio
[7.943s] [ 57%] Built target sha
[7.953s] [100%] Built target grampc
[7.994s] Invoked command in '/home/ubuntu/UAV_ws/build/libs' returned '0': CMAKE_PREFIX_PATH=/opt/ros/foxy /usr/bin/cmake --build /home/ubuntu/UAV_ws/build/libs -- -j4 -l4
[8.330s] Invoking command in '/home/ubuntu/UAV_ws/build/libs': CMAKE_PREFIX_PATH=/opt/ros/foxy /usr/bin/cmake --install /home/ubuntu/UAV_ws/build/libs
[8.362s] -- Install configuration: ""
[8.362s] -- Up-to-date: /home/ubuntu/UAV_ws/install/libs/share/libs/environment/library_path.sh
[8.363s] -- Installing: /home/ubuntu/UAV_ws/install/libs/share/libs/environment/library_path.dsv
[8.363s] -- Up-to-date: /home/ubuntu/UAV_ws/install/libs/include/libs
[8.364s] -- Up-to-date: /home/ubuntu/UAV_ws/install/libs/include/libs/eulermod2.h
[8.364s] -- Up-to-date: /home/ubuntu/UAV_ws/install/libs/include/libs/f2cmod.h
[8.365s] -- Up-to-date: /home/ubuntu/UAV_ws/install/libs/include/libs/rodas.h
[8.365s] -- Up-to-date: /home/ubuntu/UAV_ws/install/libs/include/libs/simpson.h
[8.366s] -- Up-to-date: /home/ubuntu/UAV_ws/install/libs/include/libs/probfct.h
[8.366s] -- Up-to-date: /home/ubuntu/UAV_ws/install/libs/include/libs/problem_description.hpp
[8.366s] -- Up-to-date: /home/ubuntu/UAV_ws/install/libs/include/libs/grampc_init.h
[8.367s] -- Up-to-date: /home/ubuntu/UAV_ws/install/libs/include/libs/grampc_util.h
[8.367s] -- Up-to-date: /home/ubuntu/UAV_ws/install/libs/include/libs/grampc_macro.h
[8.368s] -- Up-to-date: /home/ubuntu/UAV_ws/install/libs/include/libs/grampc_mess.h
[8.368s] -- Up-to-date: /home/ubuntu/UAV_ws/install/libs/include/libs/rodas_decsol_f2c.h
[8.368s] -- Up-to-date: /home/ubuntu/UAV_ws/install/libs/include/libs/ruku45.h
[8.369s] -- Up-to-date: /home/ubuntu/UAV_ws/install/libs/include/libs/euler1.h
[8.369s] -- Up-to-date: /home/ubuntu/UAV_ws/install/libs/include/libs/grampc_setparam.h
[8.369s] -- Up-to-date: /home/ubuntu/UAV_ws/install/libs/include/libs/grampc.hpp
[8.370s] -- Up-to-date: /home/ubuntu/UAV_ws/install/libs/include/libs/grampc_run.h
[8.370s] -- Up-to-date: /home/ubuntu/UAV_ws/install/libs/include/libs/trapezodial.h
[8.371s] -- Up-to-date: /home/ubuntu/UAV_ws/install/libs/include/libs/grampc_setopt.h
[8.371s] -- Up-to-date: /home/ubuntu/UAV_ws/install/libs/include/libs/grampc_fixedsize.h
[8.371s] -- Up-to-date: /home/ubuntu/UAV_ws/install/libs/include/libs/grampc_alloc.h
[8.372s] -- Up-to-date: /home/ubuntu/UAV_ws/install/libs/include/libs/grampc.h
[8.372s] -- Up-to-date: /home/ubuntu/UAV_ws/install/libs/include/libs/heun2.h
[8.372s] -- Up-to-date: /home/ubuntu/UAV_ws/install/libs/lib/libgrampc.a
[8.373s] -- Up-to-date: /home/ubuntu/UAV_ws/install/libs/share/ament_index/resource_index/package_run_dependencies/libs
[8.373s] -- Up-to-date: /home/ubuntu/UAV_ws/install/libs/share/ament_index/resource_index/parent_prefix_path/libs
[8.373s] -- Up-to-date: /home/ubuntu/UAV_ws/install/libs/share/libs/environment/ament_prefix_path.sh
[8.374s] -- Installing: /home/ubuntu/UAV_ws/install/libs/share/libs/environment/ament_prefix_path.dsv
[8.374s] -- Up-to-date: /home/ubuntu/UAV_ws/install/libs/share/libs/environment/path.sh
[8.375s] -- Installing: /home/ubuntu/UAV_ws/install/libs/share/libs/environment/path.dsv
[8.375s] -- Up-to-date: /home/ubuntu/UAV_ws/install/libs/share/libs/local_setup.bash
[8.375s] -- Up-to-date: /home/ubuntu/UAV_ws/install/libs/share/libs/local_setup.sh
[8.376s] -- Up-to-date: /home/ubuntu/UAV_ws/install/libs/share/libs/local_setup.zsh
[8.376s] -- Installing: /home/ubuntu/UAV_ws/install/libs/share/libs/local_setup.dsv
[8.376s] -- Installing: /home/ubuntu/UAV_ws/install/libs/share/libs/package.dsv
[8.377s] -- Up-to-date: /home/ubuntu/UAV_ws/install/libs/share/ament_index/resource_index/packages/libs
[8.377s] -- Up-to-date: /home/ubuntu/UAV_ws/install/libs/share/libs/cmake/grampcExport.cmake
[8.378s] -- Installing: /home/ubuntu/UAV_ws/install/libs/share/libs/cmake/grampcExport-noconfig.cmake
[8.378s] -- Up-to-date: /home/ubuntu/UAV_ws/install/libs/share/libs/cmake/ament_cmake_export_targets-extras.cmake
[8.378s] -- Up-to-date: /home/ubuntu/UAV_ws/install/libs/share/libs/cmake/libsConfig.cmake
[8.379s] -- Up-to-date: /home/ubuntu/UAV_ws/install/libs/share/libs/cmake/libsConfig-version.cmake
[8.379s] -- Up-to-date: /home/ubuntu/UAV_ws/install/libs/share/libs/package.xml
[8.383s] Invoked command in '/home/ubuntu/UAV_ws/build/libs' returned '0': CMAKE_PREFIX_PATH=/opt/ros/foxy /usr/bin/cmake --install /home/ubuntu/UAV_ws/build/libs
