-- The C compiler identification is GNU 9.4.0
-- The CXX compiler identification is GNU 9.4.0
-- Check for working C compiler: /usr/bin/cc
-- Check for working C compiler: /usr/bin/cc -- works
-- Detecting C compiler ABI info
-- Detecting C compiler ABI info - done
-- Detecting C compile features
-- Detecting C compile features - done
-- Check for working CXX compiler: /usr/bin/c++
-- Check for working CXX compiler: /usr/bin/c++ -- works
-- Detecting CXX compiler ABI info
-- Detecting CXX compiler ABI info - done
-- Detecting CXX compile features
-- Detecting CXX compile features - done
-- Found ament_cmake: 0.9.12 (/opt/ros/foxy/share/ament_cmake/cmake)
-- Found PythonInterp: /usr/bin/python3 (found suitable version "3.8.10", minimum required is "3") 
-- Using PYTHON_EXECUTABLE: /usr/bin/python3
-- Found rclcpp: 2.4.3 (/opt/ros/foxy/share/rclcpp/cmake)
-- Using all available rosidl_typesupport_c: rosidl_typesupport_fastrtps_c;rosidl_typesupport_introspection_c
-- Found rosidl_adapter: 1.3.1 (/opt/ros/foxy/share/rosidl_adapter/cmake)
-- Found OpenSSL: /usr/lib/aarch64-linux-gnu/libcrypto.so (found version "1.1.1f")  
-- Found FastRTPS: /opt/ros/foxy/include  
-- Using all available rosidl_typesupport_cpp: rosidl_typesupport_fastrtps_cpp;rosidl_typesupport_introspection_cpp
-- Found rmw_implementation_cmake: 1.0.4 (/opt/ros/foxy/share/rmw_implementation_cmake/cmake)
-- Using RMW implementation 'rmw_fastrtps_cpp' as default
-- Looking for pthread.h
-- Looking for pthread.h - found
-- Performing Test CMAKE_HAVE_LIBC_PTHREAD
-- Performing Test CMAKE_HAVE_LIBC_PTHREAD - Failed
-- Looking for pthread_create in pthreads
-- Looking for pthread_create in pthreads - not found
-- Looking for pthread_create in pthread
-- Looking for pthread_create in pthread - found
-- Found Threads: TRUE  
-- Found Git: /usr/bin/git (found version "2.25.1") 
-- ASIO include directory: /home/ubuntu/UAV_ws/src/libs/libs/asio/src/asio/asio/include
-- CEREAL include directory: /home/ubuntu/UAV_ws/src/libs/libs/cereal/src/cereal/include
-- Configuring done
-- Generating done
-- Build files have been written to: /home/ubuntu/UAV_ws/build/libs
[35m[1mScanning dependencies of target cereal[0m
[35m[1mScanning dependencies of target sha[0m
[35m[1mScanning dependencies of target asio[0m
[35m[1mScanning dependencies of target grampc[0m
[  2%] [34m[1mPerforming download step (git clone) for 'asio'[0m
[  4%] [34m[1mPerforming download step (git clone) for 'sha'[0m
[  7%] [34m[1mNo patch step for 'cereal'[0m
[  9%] [32mBuilding C object CMakeFiles/grampc.dir/src/euler1.c.o[0m
-- asio download command succeeded.  See also /home/ubuntu/UAV_ws/src/libs/libs/asio/src/asio-stamp/asio-download-*.log
[ 11%] [34m[1mNo update step for 'cereal'[0m
[ 14%] [34m[1mNo patch step for 'asio'[0m
[ 16%] [32mBuilding C object CMakeFiles/grampc.dir/src/eulermod2.c.o[0m
[ 19%] [34m[1mNo configure step for 'cereal'[0m
[ 21%] [34m[1mNo update step for 'asio'[0m
[ 23%] [34m[1mNo build step for 'cereal'[0m
[ 26%] [34m[1mNo configure step for 'asio'[0m
[ 28%] [32mBuilding C object CMakeFiles/grampc.dir/src/grampc_alloc.c.o[0m
[ 30%] [34m[1mNo install step for 'cereal'[0m
[ 33%] [34m[1mNo build step for 'asio'[0m
[ 35%] [34m[1mCompleted 'cereal'[0m
[ 38%] [34m[1mNo install step for 'asio'[0m
[ 40%] [32mBuilding C object CMakeFiles/grampc.dir/src/grampc_fixedsize.c.o[0m
[ 42%] [34m[1mCompleted 'asio'[0m
[ 47%] Built target cereal
[ 50%] [32mBuilding C object CMakeFiles/grampc.dir/src/grampc_init.c.o[0m
[ 52%] [32mBuilding C object CMakeFiles/grampc.dir/src/grampc_mess.c.o[0m
-- sha download command succeeded.  See also /home/ubuntu/UAV_ws/src/libs/libs/sha/src/sha-stamp/sha-download-*.log
[ 54%] Built target asio
[ 57%] [34m[1mNo patch step for 'sha'[0m
[ 59%] [34m[1mNo update step for 'sha'[0m
[ 61%] [32mBuilding C object CMakeFiles/grampc.dir/src/grampc_run.c.o[0m
[ 64%] [32mBuilding C object CMakeFiles/grampc.dir/src/grampc_setopt.c.o[0m
[ 66%] [34m[1mNo configure step for 'sha'[0m
[ 69%] [32mBuilding C object CMakeFiles/grampc.dir/src/grampc_setparam.c.o[0m
[ 71%] [34m[1mNo build step for 'sha'[0m
[ 73%] [32mBuilding C object CMakeFiles/grampc.dir/src/grampc_util.c.o[0m
[ 76%] [34m[1mNo install step for 'sha'[0m
[ 78%] [32mBuilding C object CMakeFiles/grampc.dir/src/heun2.c.o[0m
[ 80%] [34m[1mCompleted 'sha'[0m
[ 83%] [32mBuilding C object CMakeFiles/grampc.dir/src/rodas.c.o[0m
[ 85%] Built target sha
[ 88%] [32mBuilding C object CMakeFiles/grampc.dir/src/ruku45.c.o[0m
[ 90%] [32mBuilding C object CMakeFiles/grampc.dir/src/simpson.c.o[0m
[ 92%] [32mBuilding C object CMakeFiles/grampc.dir/src/trapezodial.c.o[0m
[ 95%] [32mBuilding CXX object CMakeFiles/grampc.dir/src/grampc.cpp.o[0m
[ 97%] [32mBuilding CXX object CMakeFiles/grampc.dir/src/problem_description.cpp.o[0m
[100%] [32m[1mLinking CXX static library libgrampc.a[0m
[100%] Built target grampc
-- Install configuration: ""
-- Installing: /home/ubuntu/UAV_ws/install/libs/share/libs/environment/library_path.sh
-- Installing: /home/ubuntu/UAV_ws/install/libs/share/libs/environment/library_path.dsv
-- Up-to-date: /home/ubuntu/UAV_ws/install/libs/include/libs
-- Installing: /home/ubuntu/UAV_ws/install/libs/include/libs/eulermod2.h
-- Installing: /home/ubuntu/UAV_ws/install/libs/include/libs/f2cmod.h
-- Installing: /home/ubuntu/UAV_ws/install/libs/include/libs/rodas.h
-- Installing: /home/ubuntu/UAV_ws/install/libs/include/libs/simpson.h
-- Installing: /home/ubuntu/UAV_ws/install/libs/include/libs/probfct.h
-- Installing: /home/ubuntu/UAV_ws/install/libs/include/libs/problem_description.hpp
-- Installing: /home/ubuntu/UAV_ws/install/libs/include/libs/grampc_init.h
-- Installing: /home/ubuntu/UAV_ws/install/libs/include/libs/grampc_util.h
-- Installing: /home/ubuntu/UAV_ws/install/libs/include/libs/grampc_macro.h
-- Installing: /home/ubuntu/UAV_ws/install/libs/include/libs/grampc_mess.h
-- Installing: /home/ubuntu/UAV_ws/install/libs/include/libs/rodas_decsol_f2c.h
-- Installing: /home/ubuntu/UAV_ws/install/libs/include/libs/ruku45.h
-- Installing: /home/ubuntu/UAV_ws/install/libs/include/libs/euler1.h
-- Installing: /home/ubuntu/UAV_ws/install/libs/include/libs/grampc_setparam.h
-- Installing: /home/ubuntu/UAV_ws/install/libs/include/libs/grampc.hpp
-- Installing: /home/ubuntu/UAV_ws/install/libs/include/libs/grampc_run.h
-- Installing: /home/ubuntu/UAV_ws/install/libs/include/libs/trapezodial.h
-- Installing: /home/ubuntu/UAV_ws/install/libs/include/libs/grampc_setopt.h
-- Installing: /home/ubuntu/UAV_ws/install/libs/include/libs/grampc_fixedsize.h
-- Installing: /home/ubuntu/UAV_ws/install/libs/include/libs/grampc_alloc.h
-- Installing: /home/ubuntu/UAV_ws/install/libs/include/libs/grampc.h
-- Installing: /home/ubuntu/UAV_ws/install/libs/include/libs/heun2.h
-- Installing: /home/ubuntu/UAV_ws/install/libs/lib/libgrampc.a
-- Installing: /home/ubuntu/UAV_ws/install/libs/share/ament_index/resource_index/package_run_dependencies/libs
-- Installing: /home/ubuntu/UAV_ws/install/libs/share/ament_index/resource_index/parent_prefix_path/libs
-- Installing: /home/ubuntu/UAV_ws/install/libs/share/libs/environment/ament_prefix_path.sh
-- Installing: /home/ubuntu/UAV_ws/install/libs/share/libs/environment/ament_prefix_path.dsv
-- Installing: /home/ubuntu/UAV_ws/install/libs/share/libs/environment/path.sh
-- Installing: /home/ubuntu/UAV_ws/install/libs/share/libs/environment/path.dsv
-- Installing: /home/ubuntu/UAV_ws/install/libs/share/libs/local_setup.bash
-- Installing: /home/ubuntu/UAV_ws/install/libs/share/libs/local_setup.sh
-- Installing: /home/ubuntu/UAV_ws/install/libs/share/libs/local_setup.zsh
-- Installing: /home/ubuntu/UAV_ws/install/libs/share/libs/local_setup.dsv
-- Installing: /home/ubuntu/UAV_ws/install/libs/share/libs/package.dsv
-- Installing: /home/ubuntu/UAV_ws/install/libs/share/ament_index/resource_index/packages/libs
-- Old export file "/home/ubuntu/UAV_ws/install/libs/share/libs/cmake/grampcExport.cmake" will be replaced.  Removing files [/home/ubuntu/UAV_ws/install/libs/share/libs/cmake/grampcExport-debug.cmake].
-- Installing: /home/ubuntu/UAV_ws/install/libs/share/libs/cmake/grampcExport.cmake
-- Installing: /home/ubuntu/UAV_ws/install/libs/share/libs/cmake/grampcExport-noconfig.cmake
-- Installing: /home/ubuntu/UAV_ws/install/libs/share/libs/cmake/ament_cmake_export_targets-extras.cmake
-- Installing: /home/ubuntu/UAV_ws/install/libs/share/libs/cmake/libsConfig.cmake
-- Installing: /home/ubuntu/UAV_ws/install/libs/share/libs/cmake/libsConfig-version.cmake
-- Installing: /home/ubuntu/UAV_ws/install/libs/share/libs/package.xml
