[19.424s] DEBUG:colcon:Command line arguments: ['/usr/local/bin/colcon', 'build', '--packages-select', 'libs', '--cmake-clean-cache']
[19.425s] DEBUG:colcon:Parsed command line arguments: Namespace(allow_overriding=[], ament_cmake_args=None, base_paths=['.'], build_base='build', catkin_cmake_args=None, catkin_skip_building_tests=False, cmake_args=None, cmake_clean_cache=True, cmake_clean_first=False, cmake_force_configure=False, cmake_target=None, cmake_target_skip_unavailable=False, continue_on_error=False, event_handlers=None, executor='parallel', ignore_user_meta=False, install_base='install', log_base=None, log_level=None, main=<bound method BuildVerb.main of <colcon_core.verb.build.BuildVerb object at 0xffffb9e8f1f0>>, merge_install=False, metas=['./colcon.meta'], packages_above=None, packages_above_and_dependencies=None, packages_above_depth=None, packages_end=None, packages_ignore=None, packages_ignore_regex=None, packages_select=['libs'], packages_select_build_failed=False, packages_select_by_dep=None, packages_select_regex=None, packages_select_test_failures=False, packages_skip=None, packages_skip_build_finished=False, packages_skip_by_dep=None, packages_skip_regex=None, packages_skip_test_passed=False, packages_skip_up_to=None, packages_start=None, packages_up_to=None, packages_up_to_regex=None, parallel_workers=4, paths=None, symlink_install=False, test_result_base=None, verb_extension=<colcon_core.verb.build.BuildVerb object at 0xffffb9e8f1f0>, verb_name='build', verb_parser=<colcon_defaults.argument_parser.defaults.DefaultArgumentsDecorator object at 0xffffb9e8fe50>)
[20.281s] Level 1:colcon.colcon_core.package_discovery:discover_packages(colcon_meta) check parameters
[20.282s] Level 1:colcon.colcon_core.package_discovery:discover_packages(recursive) check parameters
[20.282s] Level 1:colcon.colcon_core.package_discovery:discover_packages(ignore) check parameters
[20.282s] Level 1:colcon.colcon_core.package_discovery:discover_packages(path) check parameters
[20.282s] Level 1:colcon.colcon_core.package_discovery:discover_packages(colcon_meta) discover
[20.282s] Level 1:colcon.colcon_core.package_discovery:discover_packages(recursive) discover
[20.282s] INFO:colcon.colcon_core.package_discovery:Crawling recursively for packages in '/home/ubuntu/UAV_ws'
[20.283s] Level 1:colcon.colcon_core.package_identification:_identify(.) by extensions ['ignore', 'ignore_ament_install']
[20.283s] Level 1:colcon.colcon_core.package_identification:_identify(.) by extension 'ignore'
[20.283s] Level 1:colcon.colcon_core.package_identification:_identify(.) by extension 'ignore_ament_install'
[20.284s] Level 1:colcon.colcon_core.package_identification:_identify(.) by extensions ['colcon_pkg']
[20.284s] Level 1:colcon.colcon_core.package_identification:_identify(.) by extension 'colcon_pkg'
[20.284s] Level 1:colcon.colcon_core.package_identification:_identify(.) by extensions ['colcon_meta']
[20.284s] Level 1:colcon.colcon_core.package_identification:_identify(.) by extension 'colcon_meta'
[20.284s] Level 1:colcon.colcon_core.package_identification:_identify(.) by extensions ['ros']
[20.284s] Level 1:colcon.colcon_core.package_identification:_identify(.) by extension 'ros'
[20.339s] Level 1:colcon.colcon_core.package_identification:_identify(.) by extensions ['cmake', 'python']
[20.339s] Level 1:colcon.colcon_core.package_identification:_identify(.) by extension 'cmake'
[20.339s] Level 1:colcon.colcon_core.package_identification:_identify(.) by extension 'python'
[20.339s] Level 1:colcon.colcon_core.package_identification:_identify(.) by extensions ['python_setup_py']
[20.339s] Level 1:colcon.colcon_core.package_identification:_identify(.) by extension 'python_setup_py'
[20.340s] Level 1:colcon.colcon_core.package_identification:_identify(build) by extensions ['ignore', 'ignore_ament_install']
[20.340s] Level 1:colcon.colcon_core.package_identification:_identify(build) by extension 'ignore'
[20.340s] Level 1:colcon.colcon_core.package_identification:_identify(build) ignored
[20.341s] Level 1:colcon.colcon_core.package_identification:_identify(install) by extensions ['ignore', 'ignore_ament_install']
[20.341s] Level 1:colcon.colcon_core.package_identification:_identify(install) by extension 'ignore'
[20.341s] Level 1:colcon.colcon_core.package_identification:_identify(install) ignored
[20.342s] Level 1:colcon.colcon_core.package_identification:_identify(log) by extensions ['ignore', 'ignore_ament_install']
[20.343s] Level 1:colcon.colcon_core.package_identification:_identify(log) by extension 'ignore'
[20.343s] Level 1:colcon.colcon_core.package_identification:_identify(log) ignored
[20.343s] Level 1:colcon.colcon_core.package_identification:_identify(my_bag_folder) by extensions ['ignore', 'ignore_ament_install']
[20.343s] Level 1:colcon.colcon_core.package_identification:_identify(my_bag_folder) by extension 'ignore'
[20.344s] Level 1:colcon.colcon_core.package_identification:_identify(my_bag_folder) by extension 'ignore_ament_install'
[20.344s] Level 1:colcon.colcon_core.package_identification:_identify(my_bag_folder) by extensions ['colcon_pkg']
[20.344s] Level 1:colcon.colcon_core.package_identification:_identify(my_bag_folder) by extension 'colcon_pkg'
[20.344s] Level 1:colcon.colcon_core.package_identification:_identify(my_bag_folder) by extensions ['colcon_meta']
[20.344s] Level 1:colcon.colcon_core.package_identification:_identify(my_bag_folder) by extension 'colcon_meta'
[20.344s] Level 1:colcon.colcon_core.package_identification:_identify(my_bag_folder) by extensions ['ros']
[20.344s] Level 1:colcon.colcon_core.package_identification:_identify(my_bag_folder) by extension 'ros'
[20.345s] Level 1:colcon.colcon_core.package_identification:_identify(my_bag_folder) by extensions ['cmake', 'python']
[20.345s] Level 1:colcon.colcon_core.package_identification:_identify(my_bag_folder) by extension 'cmake'
[20.345s] Level 1:colcon.colcon_core.package_identification:_identify(my_bag_folder) by extension 'python'
[20.345s] Level 1:colcon.colcon_core.package_identification:_identify(my_bag_folder) by extensions ['python_setup_py']
[20.345s] Level 1:colcon.colcon_core.package_identification:_identify(my_bag_folder) by extension 'python_setup_py'
[20.346s] Level 1:colcon.colcon_core.package_identification:_identify(src) by extensions ['ignore', 'ignore_ament_install']
[20.346s] Level 1:colcon.colcon_core.package_identification:_identify(src) by extension 'ignore'
[20.346s] Level 1:colcon.colcon_core.package_identification:_identify(src) by extension 'ignore_ament_install'
[20.346s] Level 1:colcon.colcon_core.package_identification:_identify(src) by extensions ['colcon_pkg']
[20.346s] Level 1:colcon.colcon_core.package_identification:_identify(src) by extension 'colcon_pkg'
[20.347s] Level 1:colcon.colcon_core.package_identification:_identify(src) by extensions ['colcon_meta']
[20.347s] Level 1:colcon.colcon_core.package_identification:_identify(src) by extension 'colcon_meta'
[20.347s] Level 1:colcon.colcon_core.package_identification:_identify(src) by extensions ['ros']
[20.347s] Level 1:colcon.colcon_core.package_identification:_identify(src) by extension 'ros'
[20.347s] Level 1:colcon.colcon_core.package_identification:_identify(src) by extensions ['cmake', 'python']
[20.348s] Level 1:colcon.colcon_core.package_identification:_identify(src) by extension 'cmake'
[20.348s] Level 1:colcon.colcon_core.package_identification:_identify(src) by extension 'python'
[20.348s] Level 1:colcon.colcon_core.package_identification:_identify(src) by extensions ['python_setup_py']
[20.348s] Level 1:colcon.colcon_core.package_identification:_identify(src) by extension 'python_setup_py'
[20.348s] Level 1:colcon.colcon_core.package_identification:_identify(src/common_msgs) by extensions ['ignore', 'ignore_ament_install']
[20.349s] Level 1:colcon.colcon_core.package_identification:_identify(src/common_msgs) by extension 'ignore'
[20.349s] Level 1:colcon.colcon_core.package_identification:_identify(src/common_msgs) by extension 'ignore_ament_install'
[20.349s] Level 1:colcon.colcon_core.package_identification:_identify(src/common_msgs) by extensions ['colcon_pkg']
[20.349s] Level 1:colcon.colcon_core.package_identification:_identify(src/common_msgs) by extension 'colcon_pkg'
[20.349s] Level 1:colcon.colcon_core.package_identification:_identify(src/common_msgs) by extensions ['colcon_meta']
[20.349s] Level 1:colcon.colcon_core.package_identification:_identify(src/common_msgs) by extension 'colcon_meta'
[20.350s] Level 1:colcon.colcon_core.package_identification:_identify(src/common_msgs) by extensions ['ros']
[20.350s] Level 1:colcon.colcon_core.package_identification:_identify(src/common_msgs) by extension 'ros'
[20.358s] DEBUG:colcon.colcon_core.package_identification:Package 'src/common_msgs' with type 'ros.ament_cmake' and name 'common_msgs'
[20.359s] Level 1:colcon.colcon_core.package_identification:_identify(src/grampc-d) by extensions ['ignore', 'ignore_ament_install']
[20.359s] Level 1:colcon.colcon_core.package_identification:_identify(src/grampc-d) by extension 'ignore'
[20.360s] Level 1:colcon.colcon_core.package_identification:_identify(src/grampc-d) by extension 'ignore_ament_install'
[20.360s] Level 1:colcon.colcon_core.package_identification:_identify(src/grampc-d) by extensions ['colcon_pkg']
[20.360s] Level 1:colcon.colcon_core.package_identification:_identify(src/grampc-d) by extension 'colcon_pkg'
[20.360s] Level 1:colcon.colcon_core.package_identification:_identify(src/grampc-d) by extensions ['colcon_meta']
[20.360s] Level 1:colcon.colcon_core.package_identification:_identify(src/grampc-d) by extension 'colcon_meta'
[20.361s] Level 1:colcon.colcon_core.package_identification:_identify(src/grampc-d) by extensions ['ros']
[20.361s] Level 1:colcon.colcon_core.package_identification:_identify(src/grampc-d) by extension 'ros'
[20.363s] DEBUG:colcon.colcon_core.package_identification:Package 'src/grampc-d' with type 'ros.ament_cmake' and name 'grampc-d'
[20.364s] Level 1:colcon.colcon_core.package_identification:_identify(src/libs) by extensions ['ignore', 'ignore_ament_install']
[20.364s] Level 1:colcon.colcon_core.package_identification:_identify(src/libs) by extension 'ignore'
[20.364s] Level 1:colcon.colcon_core.package_identification:_identify(src/libs) by extension 'ignore_ament_install'
[20.364s] Level 1:colcon.colcon_core.package_identification:_identify(src/libs) by extensions ['colcon_pkg']
[20.365s] Level 1:colcon.colcon_core.package_identification:_identify(src/libs) by extension 'colcon_pkg'
[20.365s] Level 1:colcon.colcon_core.package_identification:_identify(src/libs) by extensions ['colcon_meta']
[20.365s] Level 1:colcon.colcon_core.package_identification:_identify(src/libs) by extension 'colcon_meta'
[20.365s] Level 1:colcon.colcon_core.package_identification:_identify(src/libs) by extensions ['ros']
[20.365s] Level 1:colcon.colcon_core.package_identification:_identify(src/libs) by extension 'ros'
[20.367s] DEBUG:colcon.colcon_core.package_identification:Package 'src/libs' with type 'ros.ament_cmake' and name 'libs'
[20.368s] Level 1:colcon.colcon_core.package_identification:_identify(src/mpc_node) by extensions ['ignore', 'ignore_ament_install']
[20.368s] Level 1:colcon.colcon_core.package_identification:_identify(src/mpc_node) by extension 'ignore'
[20.368s] Level 1:colcon.colcon_core.package_identification:_identify(src/mpc_node) by extension 'ignore_ament_install'
[20.369s] Level 1:colcon.colcon_core.package_identification:_identify(src/mpc_node) by extensions ['colcon_pkg']
[20.369s] Level 1:colcon.colcon_core.package_identification:_identify(src/mpc_node) by extension 'colcon_pkg'
[20.369s] Level 1:colcon.colcon_core.package_identification:_identify(src/mpc_node) by extensions ['colcon_meta']
[20.369s] Level 1:colcon.colcon_core.package_identification:_identify(src/mpc_node) by extension 'colcon_meta'
[20.369s] Level 1:colcon.colcon_core.package_identification:_identify(src/mpc_node) by extensions ['ros']
[20.369s] Level 1:colcon.colcon_core.package_identification:_identify(src/mpc_node) by extension 'ros'
[20.372s] DEBUG:colcon.colcon_core.package_identification:Package 'src/mpc_node' with type 'ros.ament_cmake' and name 'mpc_node'
[20.373s] Level 1:colcon.colcon_core.package_identification:_identify(src/simulator_node) by extensions ['ignore', 'ignore_ament_install']
[20.373s] Level 1:colcon.colcon_core.package_identification:_identify(src/simulator_node) by extension 'ignore'
[20.373s] Level 1:colcon.colcon_core.package_identification:_identify(src/simulator_node) by extension 'ignore_ament_install'
[20.374s] Level 1:colcon.colcon_core.package_identification:_identify(src/simulator_node) by extensions ['colcon_pkg']
[20.374s] Level 1:colcon.colcon_core.package_identification:_identify(src/simulator_node) by extension 'colcon_pkg'
[20.374s] Level 1:colcon.colcon_core.package_identification:_identify(src/simulator_node) by extensions ['colcon_meta']
[20.374s] Level 1:colcon.colcon_core.package_identification:_identify(src/simulator_node) by extension 'colcon_meta'
[20.374s] Level 1:colcon.colcon_core.package_identification:_identify(src/simulator_node) by extensions ['ros']
[20.374s] Level 1:colcon.colcon_core.package_identification:_identify(src/simulator_node) by extension 'ros'
[20.377s] DEBUG:colcon.colcon_core.package_identification:Package 'src/simulator_node' with type 'ros.ament_cmake' and name 'simulator_node'
[20.377s] Level 1:colcon.colcon_core.package_identification:_identify(src/uav_launch) by extensions ['ignore', 'ignore_ament_install']
[20.378s] Level 1:colcon.colcon_core.package_identification:_identify(src/uav_launch) by extension 'ignore'
[20.378s] Level 1:colcon.colcon_core.package_identification:_identify(src/uav_launch) by extension 'ignore_ament_install'
[20.378s] Level 1:colcon.colcon_core.package_identification:_identify(src/uav_launch) by extensions ['colcon_pkg']
[20.378s] Level 1:colcon.colcon_core.package_identification:_identify(src/uav_launch) by extension 'colcon_pkg'
[20.378s] Level 1:colcon.colcon_core.package_identification:_identify(src/uav_launch) by extensions ['colcon_meta']
[20.379s] Level 1:colcon.colcon_core.package_identification:_identify(src/uav_launch) by extension 'colcon_meta'
[20.379s] Level 1:colcon.colcon_core.package_identification:_identify(src/uav_launch) by extensions ['ros']
[20.379s] Level 1:colcon.colcon_core.package_identification:_identify(src/uav_launch) by extension 'ros'
[20.381s] DEBUG:colcon.colcon_core.package_identification:Package 'src/uav_launch' with type 'ros.ament_cmake' and name 'uav_launch'
[20.381s] Level 1:colcon.colcon_core.package_discovery:discover_packages(recursive) using defaults
[20.381s] Level 1:colcon.colcon_core.package_discovery:discover_packages(ignore) discover
[20.381s] Level 1:colcon.colcon_core.package_discovery:discover_packages(ignore) using defaults
[20.381s] Level 1:colcon.colcon_core.package_discovery:discover_packages(path) discover
[20.381s] Level 1:colcon.colcon_core.package_discovery:discover_packages(path) using defaults
[21.441s] INFO:colcon.colcon_core.package_selection:Skipping not selected package 'common_msgs' in 'src/common_msgs'
[21.442s] INFO:colcon.colcon_core.package_selection:Skipping not selected package 'uav_launch' in 'src/uav_launch'
[21.442s] INFO:colcon.colcon_core.package_selection:Skipping not selected package 'grampc-d' in 'src/grampc-d'
[21.442s] INFO:colcon.colcon_core.package_selection:Skipping not selected package 'mpc_node' in 'src/mpc_node'
[21.442s] INFO:colcon.colcon_core.package_selection:Skipping not selected package 'simulator_node' in 'src/simulator_node'
[22.099s] Level 1:colcon.colcon_core.package_discovery:discover_packages(prefix_path) check parameters
[22.100s] Level 1:colcon.colcon_core.package_discovery:discover_packages(prefix_path) discover
[22.777s] DEBUG:colcon.colcon_installed_package_information.package_discovery:Found 256 installed packages in /opt/ros/foxy
[22.783s] Level 1:colcon.colcon_core.package_discovery:discover_packages(prefix_path) using defaults
[23.646s] Level 5:colcon.colcon_core.verb:set package 'libs' build argument 'cmake_args' from command line to 'None'
[23.647s] Level 5:colcon.colcon_core.verb:set package 'libs' build argument 'cmake_target' from command line to 'None'
[23.647s] Level 5:colcon.colcon_core.verb:set package 'libs' build argument 'cmake_target_skip_unavailable' from command line to 'False'
[23.647s] Level 5:colcon.colcon_core.verb:set package 'libs' build argument 'cmake_clean_cache' from command line to 'True'
[23.647s] Level 5:colcon.colcon_core.verb:set package 'libs' build argument 'cmake_clean_first' from command line to 'False'
[23.647s] Level 5:colcon.colcon_core.verb:set package 'libs' build argument 'cmake_force_configure' from command line to 'False'
[23.647s] Level 5:colcon.colcon_core.verb:set package 'libs' build argument 'ament_cmake_args' from command line to 'None'
[23.647s] Level 5:colcon.colcon_core.verb:set package 'libs' build argument 'catkin_cmake_args' from command line to 'None'
[23.647s] Level 5:colcon.colcon_core.verb:set package 'libs' build argument 'catkin_skip_building_tests' from command line to 'False'
[23.647s] DEBUG:colcon.colcon_core.verb:Building package 'libs' with the following arguments: {'ament_cmake_args': None, 'build_base': '/home/ubuntu/UAV_ws/build/libs', 'catkin_cmake_args': None, 'catkin_skip_building_tests': False, 'cmake_args': None, 'cmake_clean_cache': True, 'cmake_clean_first': False, 'cmake_force_configure': False, 'cmake_target': None, 'cmake_target_skip_unavailable': False, 'install_base': '/home/ubuntu/UAV_ws/install/libs', 'merge_install': False, 'path': '/home/ubuntu/UAV_ws/src/libs', 'symlink_install': False, 'test_result_base': None}
[23.982s] INFO:colcon.colcon_core.executor:Executing jobs using 'parallel' executor
[24.319s] DEBUG:colcon.colcon_parallel_executor.executor.parallel:run_until_complete
[24.320s] INFO:colcon.colcon_ros.task.ament_cmake.build:Building ROS package in '/home/ubuntu/UAV_ws/src/libs' with build type 'ament_cmake'
[24.321s] INFO:colcon.colcon_cmake.task.cmake.build:Building CMake package in '/home/ubuntu/UAV_ws/src/libs'
[24.673s] INFO:colcon.colcon_core.plugin_system:Skipping extension 'colcon_core.shell.bat': Not used on non-Windows systems
[24.673s] INFO:colcon.colcon_core.shell:Skip shell extension 'powershell' for command environment: Not usable outside of PowerShell
[24.674s] DEBUG:colcon.colcon_core.shell:Skip shell extension 'dsv' for command environment
[25.388s] DEBUG:colcon.colcon_core.event_handler.log_command:Invoking command in '/home/ubuntu/UAV_ws/build/libs': CMAKE_PREFIX_PATH=/opt/ros/foxy /usr/bin/cmake /home/ubuntu/UAV_ws/src/libs -DCMAKE_INSTALL_PREFIX=/home/ubuntu/UAV_ws/install/libs
[32.039s] DEBUG:colcon.colcon_core.event_handler.log_command:Invoked command in '/home/ubuntu/UAV_ws/build/libs' returned '0': CMAKE_PREFIX_PATH=/opt/ros/foxy /usr/bin/cmake /home/ubuntu/UAV_ws/src/libs -DCMAKE_INSTALL_PREFIX=/home/ubuntu/UAV_ws/install/libs
[32.050s] DEBUG:colcon.colcon_core.event_handler.log_command:Invoking command in '/home/ubuntu/UAV_ws/build/libs': CMAKE_PREFIX_PATH=/opt/ros/foxy /usr/bin/cmake --build /home/ubuntu/UAV_ws/build/libs -- -j4 -l4
[36.323s] DEBUG:colcon.colcon_core.event_handler.log_command:Invoked command in '/home/ubuntu/UAV_ws/build/libs' returned '0': CMAKE_PREFIX_PATH=/opt/ros/foxy /usr/bin/cmake --build /home/ubuntu/UAV_ws/build/libs -- -j4 -l4
[36.676s] DEBUG:colcon.colcon_core.event_handler.log_command:Invoking command in '/home/ubuntu/UAV_ws/build/libs': CMAKE_PREFIX_PATH=/opt/ros/foxy /usr/bin/cmake --install /home/ubuntu/UAV_ws/build/libs
[36.751s] Level 1:colcon.colcon_core.environment:create_environment_scripts_only(libs)
[36.753s] DEBUG:colcon.colcon_core.event_handler.log_command:Invoked command in '/home/ubuntu/UAV_ws/build/libs' returned '0': CMAKE_PREFIX_PATH=/opt/ros/foxy /usr/bin/cmake --install /home/ubuntu/UAV_ws/build/libs
[37.105s] Level 1:colcon.colcon_core.environment:checking '/home/ubuntu/UAV_ws/install/libs' for CMake module files
[37.107s] Level 1:colcon.colcon_core.environment:checking '/home/ubuntu/UAV_ws/install/libs' for CMake config files
[37.109s] Level 1:colcon.colcon_core.shell:create_environment_hook('libs', 'cmake_prefix_path')
[37.448s] INFO:colcon.colcon_core.shell:Creating environment hook '/home/ubuntu/UAV_ws/install/libs/share/libs/hook/cmake_prefix_path.ps1'
[37.450s] INFO:colcon.colcon_core.shell:Creating environment descriptor '/home/ubuntu/UAV_ws/install/libs/share/libs/hook/cmake_prefix_path.dsv'
[37.452s] INFO:colcon.colcon_core.shell:Creating environment hook '/home/ubuntu/UAV_ws/install/libs/share/libs/hook/cmake_prefix_path.sh'
[37.455s] Level 1:colcon.colcon_core.environment:checking '/home/ubuntu/UAV_ws/install/libs/lib'
[37.456s] Level 1:colcon.colcon_core.environment:checking '/home/ubuntu/UAV_ws/install/libs/bin'
[37.456s] Level 1:colcon.colcon_core.environment:checking '/home/ubuntu/UAV_ws/install/libs/lib/pkgconfig/libs.pc'
[37.457s] Level 1:colcon.colcon_core.environment:checking '/home/ubuntu/UAV_ws/install/libs/lib/python3.8/site-packages'
[37.458s] Level 1:colcon.colcon_core.environment:checking '/home/ubuntu/UAV_ws/install/libs/bin'
[37.798s] INFO:colcon.colcon_core.shell:Creating package script '/home/ubuntu/UAV_ws/install/libs/share/libs/package.ps1'
[37.801s] INFO:colcon.colcon_core.shell:Creating package descriptor '/home/ubuntu/UAV_ws/install/libs/share/libs/package.dsv'
[37.803s] INFO:colcon.colcon_core.shell:Creating package script '/home/ubuntu/UAV_ws/install/libs/share/libs/package.sh'
[37.805s] INFO:colcon.colcon_core.shell:Creating package script '/home/ubuntu/UAV_ws/install/libs/share/libs/package.bash'
[37.808s] INFO:colcon.colcon_core.shell:Creating package script '/home/ubuntu/UAV_ws/install/libs/share/libs/package.zsh'
[37.811s] Level 1:colcon.colcon_core.environment:create_file_with_runtime_dependencies(/home/ubuntu/UAV_ws/install/libs/share/colcon-core/packages/libs)
[38.462s] Level 1:colcon.colcon_core.environment:create_environment_scripts_only(libs)
[38.803s] Level 1:colcon.colcon_core.environment:checking '/home/ubuntu/UAV_ws/install/libs' for CMake module files
[38.806s] Level 1:colcon.colcon_core.environment:checking '/home/ubuntu/UAV_ws/install/libs' for CMake config files
[38.808s] Level 1:colcon.colcon_core.shell:create_environment_hook('libs', 'cmake_prefix_path')
[39.150s] INFO:colcon.colcon_core.shell:Creating environment hook '/home/ubuntu/UAV_ws/install/libs/share/libs/hook/cmake_prefix_path.ps1'
[39.152s] INFO:colcon.colcon_core.shell:Creating environment descriptor '/home/ubuntu/UAV_ws/install/libs/share/libs/hook/cmake_prefix_path.dsv'
[39.154s] INFO:colcon.colcon_core.shell:Creating environment hook '/home/ubuntu/UAV_ws/install/libs/share/libs/hook/cmake_prefix_path.sh'
[39.157s] Level 1:colcon.colcon_core.environment:checking '/home/ubuntu/UAV_ws/install/libs/lib'
[39.157s] Level 1:colcon.colcon_core.environment:checking '/home/ubuntu/UAV_ws/install/libs/bin'
[39.157s] Level 1:colcon.colcon_core.environment:checking '/home/ubuntu/UAV_ws/install/libs/lib/pkgconfig/libs.pc'
[39.158s] Level 1:colcon.colcon_core.environment:checking '/home/ubuntu/UAV_ws/install/libs/lib/python3.8/site-packages'
[39.159s] Level 1:colcon.colcon_core.environment:checking '/home/ubuntu/UAV_ws/install/libs/bin'
[39.498s] INFO:colcon.colcon_core.shell:Creating package script '/home/ubuntu/UAV_ws/install/libs/share/libs/package.ps1'
[39.501s] INFO:colcon.colcon_core.shell:Creating package descriptor '/home/ubuntu/UAV_ws/install/libs/share/libs/package.dsv'
[39.502s] INFO:colcon.colcon_core.shell:Creating package script '/home/ubuntu/UAV_ws/install/libs/share/libs/package.sh'
[39.504s] INFO:colcon.colcon_core.shell:Creating package script '/home/ubuntu/UAV_ws/install/libs/share/libs/package.bash'
[39.506s] INFO:colcon.colcon_core.shell:Creating package script '/home/ubuntu/UAV_ws/install/libs/share/libs/package.zsh'
[39.508s] Level 1:colcon.colcon_core.environment:create_file_with_runtime_dependencies(/home/ubuntu/UAV_ws/install/libs/share/colcon-core/packages/libs)
[39.509s] DEBUG:colcon.colcon_parallel_executor.executor.parallel:closing loop
[39.510s] DEBUG:colcon.colcon_parallel_executor.executor.parallel:loop closed
[39.512s] DEBUG:colcon.colcon_parallel_executor.executor.parallel:run_until_complete finished with '0'
[39.513s] DEBUG:colcon.colcon_core.event_reactor:joining thread
[39.888s] INFO:colcon.colcon_core.plugin_system:Skipping extension 'colcon_notification.desktop_notification.notify_send': Could not find 'notify-send'
[39.888s] INFO:colcon.colcon_core.plugin_system:Skipping extension 'colcon_notification.desktop_notification.terminal_notifier': Not used on non-Darwin systems
[39.889s] INFO:colcon.colcon_core.plugin_system:Skipping extension 'colcon_notification.desktop_notification.win32': Not used on non-Windows systems
[39.889s] INFO:colcon.colcon_notification.desktop_notification:Sending desktop notification using 'notify2'
[39.892s] DEBUG:colcon.colcon_notification.desktop_notification.notify2:Failed to initialize notify2: org.freedesktop.DBus.Error.ServiceUnknown: The name org.freedesktop.Notifications was not provided by any .service files
[39.892s] DEBUG:colcon.colcon_core.event_reactor:joined thread
[40.234s] INFO:colcon.colcon_core.shell:Creating prefix script '/home/ubuntu/UAV_ws/install/local_setup.ps1'
[40.238s] INFO:colcon.colcon_core.shell:Creating prefix util module '/home/ubuntu/UAV_ws/install/_local_setup_util_ps1.py'
[40.242s] INFO:colcon.colcon_core.shell:Creating prefix chain script '/home/ubuntu/UAV_ws/install/setup.ps1'
[40.581s] INFO:colcon.colcon_core.shell:Creating prefix script '/home/ubuntu/UAV_ws/install/local_setup.sh'
[40.583s] INFO:colcon.colcon_core.shell:Creating prefix util module '/home/ubuntu/UAV_ws/install/_local_setup_util_sh.py'
[40.585s] INFO:colcon.colcon_core.shell:Creating prefix chain script '/home/ubuntu/UAV_ws/install/setup.sh'
[40.925s] INFO:colcon.colcon_core.shell:Creating prefix script '/home/ubuntu/UAV_ws/install/local_setup.bash'
[40.927s] INFO:colcon.colcon_core.shell:Creating prefix chain script '/home/ubuntu/UAV_ws/install/setup.bash'
[41.266s] INFO:colcon.colcon_core.shell:Creating prefix script '/home/ubuntu/UAV_ws/install/local_setup.zsh'
[41.268s] INFO:colcon.colcon_core.shell:Creating prefix chain script '/home/ubuntu/UAV_ws/install/setup.zsh'
