[0.061s] Invoking command in '/home/evan/UAV_ws/build/uav_launch': CMAKE_PREFIX_PATH=${CMAKE_PREFIX_PATH}:/opt/ros/humble /usr/bin/cmake /home/evan/UAV_ws/src/uav_launch -DCMAKE_BUILD_TYPE=Debug -DAMENT_CMAKE_SYMLINK_INSTALL=1 -DCMAKE_INSTALL_PREFIX=/home/evan/UAV_ws/install/uav_launch
[0.104s] -- The C compiler identification is GNU 11.4.0
[0.153s] -- The CXX compiler identification is GNU 11.4.0
[0.159s] -- Detecting C compiler ABI info
[0.221s] -- Detecting C compiler ABI info - done
[0.227s] -- Check for working C compiler: /usr/bin/cc - skipped
[0.227s] -- Detecting C compile features
[0.227s] -- Detecting C compile features - done
[0.229s] -- Detecting CXX compiler ABI info
[0.300s] -- Detecting CXX compiler ABI info - done
[0.309s] -- Check for working CXX compiler: /usr/bin/c++ - skipped
[0.310s] -- Detecting CXX compile features
[0.310s] -- Detecting CXX compile features - done
[0.313s] -- Found ament_cmake: 1.3.7 (/opt/ros/humble/share/ament_cmake/cmake)
[0.647s] -- Found Python3: /usr/bin/python3.10 (found version "3.10.12") found components: Interpreter 
[0.697s] -- Override CMake install command with custom implementation using symlinks instead of copying resources
[0.718s] -- Found ament_lint_auto: 0.12.10 (/opt/ros/humble/share/ament_lint_auto/cmake)
[0.783s] -- Added test 'flake8' to check Python code syntax and style conventions
[0.784s] -- Added test 'lint_cmake' to check CMake code style
[0.784s] -- Added test 'pep257' to check Python code against some of the docstring style conventions in PEP 257
[0.785s] -- Added test 'xmllint' to check XML markup files
[0.787s] -- Configuring done
[0.789s] -- Generating done
[0.790s] -- Build files have been written to: /home/evan/UAV_ws/build/uav_launch
[0.795s] Invoked command in '/home/evan/UAV_ws/build/uav_launch' returned '0': CMAKE_PREFIX_PATH=${CMAKE_PREFIX_PATH}:/opt/ros/humble /usr/bin/cmake /home/evan/UAV_ws/src/uav_launch -DCMAKE_BUILD_TYPE=Debug -DAMENT_CMAKE_SYMLINK_INSTALL=1 -DCMAKE_INSTALL_PREFIX=/home/evan/UAV_ws/install/uav_launch
[0.796s] Invoking command in '/home/evan/UAV_ws/build/uav_launch': CMAKE_PREFIX_PATH=${CMAKE_PREFIX_PATH}:/opt/ros/humble /usr/bin/cmake --build /home/evan/UAV_ws/build/uav_launch -- -j16 -l16
[0.841s] Invoked command in '/home/evan/UAV_ws/build/uav_launch' returned '0': CMAKE_PREFIX_PATH=${CMAKE_PREFIX_PATH}:/opt/ros/humble /usr/bin/cmake --build /home/evan/UAV_ws/build/uav_launch -- -j16 -l16
[0.876s] Invoking command in '/home/evan/UAV_ws/build/uav_launch': CMAKE_PREFIX_PATH=${CMAKE_PREFIX_PATH}:/opt/ros/humble /usr/bin/cmake --install /home/evan/UAV_ws/build/uav_launch
[0.882s] -- Install configuration: "Debug"
[0.882s] -- Execute custom install script
[0.882s] -- Symlinking: /home/evan/UAV_ws/install/uav_launch/share/uav_launch//launch/uav_launch.py
[0.890s] -- Symlinking: /home/evan/UAV_ws/install/uav_launch/share/ament_index/resource_index/package_run_dependencies/uav_launch
[0.898s] -- Symlinking: /home/evan/UAV_ws/install/uav_launch/share/ament_index/resource_index/parent_prefix_path/uav_launch
[0.907s] -- Symlinking: /home/evan/UAV_ws/install/uav_launch/share/uav_launch/environment/ament_prefix_path.sh
[0.916s] -- Symlinking: /home/evan/UAV_ws/install/uav_launch/share/uav_launch/environment/ament_prefix_path.dsv
[0.927s] -- Symlinking: /home/evan/UAV_ws/install/uav_launch/share/uav_launch/environment/path.sh
[0.938s] -- Symlinking: /home/evan/UAV_ws/install/uav_launch/share/uav_launch/environment/path.dsv
[0.947s] -- Symlinking: /home/evan/UAV_ws/install/uav_launch/share/uav_launch/local_setup.bash
[0.957s] -- Symlinking: /home/evan/UAV_ws/install/uav_launch/share/uav_launch/local_setup.sh
[0.967s] -- Symlinking: /home/evan/UAV_ws/install/uav_launch/share/uav_launch/local_setup.zsh
[0.976s] -- Symlinking: /home/evan/UAV_ws/install/uav_launch/share/uav_launch/local_setup.dsv
[0.985s] -- Symlinking: /home/evan/UAV_ws/install/uav_launch/share/uav_launch/package.dsv
[0.995s] -- Symlinking: /home/evan/UAV_ws/install/uav_launch/share/ament_index/resource_index/packages/uav_launch
[1.003s] -- Symlinking: /home/evan/UAV_ws/install/uav_launch/share/uav_launch/cmake/uav_launchConfig.cmake
[1.010s] -- Symlinking: /home/evan/UAV_ws/install/uav_launch/share/uav_launch/cmake/uav_launchConfig-version.cmake
[1.018s] -- Symlinking: /home/evan/UAV_ws/install/uav_launch/share/uav_launch/package.xml
[1.032s] Invoked command in '/home/evan/UAV_ws/build/uav_launch' returned '0': CMAKE_PREFIX_PATH=${CMAKE_PREFIX_PATH}:/opt/ros/humble /usr/bin/cmake --install /home/evan/UAV_ws/build/uav_launch
