Performing C SOURCE FILE Test CMAKE_HAVE_LIBC_PTHREAD failed with the following output:
Change Dir: /home/ubuntu/UAV_ws/build/grampc-d/CMakeFiles/CMakeTmp

Run Build Command(s):/usr/bin/make cmTC_c64b7/fast && /usr/bin/make -f CMakeFiles/cmTC_c64b7.dir/build.make CMakeFiles/cmTC_c64b7.dir/build
make[1]: Entering directory '/home/ubuntu/UAV_ws/build/grampc-d/CMakeFiles/CMakeTmp'
Building C object CMakeFiles/cmTC_c64b7.dir/src.c.o
/usr/bin/cc   -DCMAKE_HAVE_LIBC_PTHREAD   -o CMakeFiles/cmTC_c64b7.dir/src.c.o   -c /home/ubuntu/UAV_ws/build/grampc-d/CMakeFiles/CMakeTmp/src.c
Linking C executable cmTC_c64b7
/usr/bin/cmake -E cmake_link_script CMakeFiles/cmTC_c64b7.dir/link.txt --verbose=1
/usr/bin/cc  -DCMAKE_HAVE_LIBC_PTHREAD    CMakeFiles/cmTC_c64b7.dir/src.c.o  -o cmTC_c64b7 
/usr/bin/ld: CMakeFiles/cmTC_c64b7.dir/src.c.o: in function `main':
src.c:(.text+0x48): undefined reference to `pthread_create'
/usr/bin/ld: src.c:(.text+0x50): undefined reference to `pthread_detach'
/usr/bin/ld: src.c:(.text+0x5c): undefined reference to `pthread_join'
collect2: error: ld returned 1 exit status
make[1]: *** [CMakeFiles/cmTC_c64b7.dir/build.make:87: cmTC_c64b7] Error 1
make[1]: Leaving directory '/home/ubuntu/UAV_ws/build/grampc-d/CMakeFiles/CMakeTmp'
make: *** [Makefile:121: cmTC_c64b7/fast] Error 2


Source file was:
#include <pthread.h>

void* test_func(void* data)
{
  return data;
}

int main(void)
{
  pthread_t thread;
  pthread_create(&thread, NULL, test_func, NULL);
  pthread_detach(thread);
  pthread_join(thread, NULL);
  pthread_atfork(NULL, NULL, NULL);
  pthread_exit(NULL);

  return 0;
}

Determining if the function pthread_create exists in the pthreads failed with the following output:
Change Dir: /home/ubuntu/UAV_ws/build/grampc-d/CMakeFiles/CMakeTmp

Run Build Command(s):/usr/bin/make cmTC_277b6/fast && /usr/bin/make -f CMakeFiles/cmTC_277b6.dir/build.make CMakeFiles/cmTC_277b6.dir/build
make[1]: Entering directory '/home/ubuntu/UAV_ws/build/grampc-d/CMakeFiles/CMakeTmp'
Building C object CMakeFiles/cmTC_277b6.dir/CheckFunctionExists.c.o
/usr/bin/cc   -DCHECK_FUNCTION_EXISTS=pthread_create   -o CMakeFiles/cmTC_277b6.dir/CheckFunctionExists.c.o   -c /usr/share/cmake-3.16/Modules/CheckFunctionExists.c
Linking C executable cmTC_277b6
/usr/bin/cmake -E cmake_link_script CMakeFiles/cmTC_277b6.dir/link.txt --verbose=1
/usr/bin/cc  -DCHECK_FUNCTION_EXISTS=pthread_create    CMakeFiles/cmTC_277b6.dir/CheckFunctionExists.c.o  -o cmTC_277b6  -lpthreads 
/usr/bin/ld: cannot find -lpthreads
collect2: error: ld returned 1 exit status
make[1]: *** [CMakeFiles/cmTC_277b6.dir/build.make:87: cmTC_277b6] Error 1
make[1]: Leaving directory '/home/ubuntu/UAV_ws/build/grampc-d/CMakeFiles/CMakeTmp'
make: *** [Makefile:121: cmTC_277b6/fast] Error 2



Performing C SOURCE FILE Test CMAKE_HAVE_LIBC_PTHREAD failed with the following output:
Change Dir: /home/ubuntu/UAV_ws/build/grampc-d/CMakeFiles/CMakeTmp

Run Build Command(s):/usr/bin/make cmTC_c42be/fast && /usr/bin/make -f CMakeFiles/cmTC_c42be.dir/build.make CMakeFiles/cmTC_c42be.dir/build
make[1]: Entering directory '/home/ubuntu/UAV_ws/build/grampc-d/CMakeFiles/CMakeTmp'
Building C object CMakeFiles/cmTC_c42be.dir/src.c.o
/usr/bin/cc   -DCMAKE_HAVE_LIBC_PTHREAD   -o CMakeFiles/cmTC_c42be.dir/src.c.o   -c /home/ubuntu/UAV_ws/build/grampc-d/CMakeFiles/CMakeTmp/src.c
Linking C executable cmTC_c42be
/usr/bin/cmake -E cmake_link_script CMakeFiles/cmTC_c42be.dir/link.txt --verbose=1
/usr/bin/cc  -DCMAKE_HAVE_LIBC_PTHREAD    CMakeFiles/cmTC_c42be.dir/src.c.o  -o cmTC_c42be 
/usr/bin/ld: CMakeFiles/cmTC_c42be.dir/src.c.o: in function `main':
src.c:(.text+0x48): undefined reference to `pthread_create'
/usr/bin/ld: src.c:(.text+0x50): undefined reference to `pthread_detach'
/usr/bin/ld: src.c:(.text+0x5c): undefined reference to `pthread_join'
collect2: error: ld returned 1 exit status
make[1]: *** [CMakeFiles/cmTC_c42be.dir/build.make:87: cmTC_c42be] Error 1
make[1]: Leaving directory '/home/ubuntu/UAV_ws/build/grampc-d/CMakeFiles/CMakeTmp'
make: *** [Makefile:121: cmTC_c42be/fast] Error 2


Source file was:
#include <pthread.h>

void* test_func(void* data)
{
  return data;
}

int main(void)
{
  pthread_t thread;
  pthread_create(&thread, NULL, test_func, NULL);
  pthread_detach(thread);
  pthread_join(thread, NULL);
  pthread_atfork(NULL, NULL, NULL);
  pthread_exit(NULL);

  return 0;
}

Determining if the function pthread_create exists in the pthreads failed with the following output:
Change Dir: /home/ubuntu/UAV_ws/build/grampc-d/CMakeFiles/CMakeTmp

Run Build Command(s):/usr/bin/make cmTC_96b34/fast && /usr/bin/make -f CMakeFiles/cmTC_96b34.dir/build.make CMakeFiles/cmTC_96b34.dir/build
make[1]: Entering directory '/home/ubuntu/UAV_ws/build/grampc-d/CMakeFiles/CMakeTmp'
Building C object CMakeFiles/cmTC_96b34.dir/CheckFunctionExists.c.o
/usr/bin/cc   -DCHECK_FUNCTION_EXISTS=pthread_create   -o CMakeFiles/cmTC_96b34.dir/CheckFunctionExists.c.o   -c /usr/share/cmake-3.16/Modules/CheckFunctionExists.c
Linking C executable cmTC_96b34
/usr/bin/cmake -E cmake_link_script CMakeFiles/cmTC_96b34.dir/link.txt --verbose=1
/usr/bin/cc  -DCHECK_FUNCTION_EXISTS=pthread_create    CMakeFiles/cmTC_96b34.dir/CheckFunctionExists.c.o  -o cmTC_96b34  -lpthreads 
/usr/bin/ld: cannot find -lpthreads
collect2: error: ld returned 1 exit status
make[1]: *** [CMakeFiles/cmTC_96b34.dir/build.make:87: cmTC_96b34] Error 1
make[1]: Leaving directory '/home/ubuntu/UAV_ws/build/grampc-d/CMakeFiles/CMakeTmp'
make: *** [Makefile:121: cmTC_96b34/fast] Error 2



Performing C SOURCE FILE Test CMAKE_HAVE_LIBC_PTHREAD failed with the following output:
Change Dir: /home/ubuntu/UAV_ws/build/grampc-d/CMakeFiles/CMakeTmp

Run Build Command(s):/usr/bin/make cmTC_a8484/fast && /usr/bin/make -f CMakeFiles/cmTC_a8484.dir/build.make CMakeFiles/cmTC_a8484.dir/build
make[1]: Entering directory '/home/ubuntu/UAV_ws/build/grampc-d/CMakeFiles/CMakeTmp'
Building C object CMakeFiles/cmTC_a8484.dir/src.c.o
/usr/bin/cc   -DCMAKE_HAVE_LIBC_PTHREAD   -o CMakeFiles/cmTC_a8484.dir/src.c.o   -c /home/ubuntu/UAV_ws/build/grampc-d/CMakeFiles/CMakeTmp/src.c
Linking C executable cmTC_a8484
/usr/bin/cmake -E cmake_link_script CMakeFiles/cmTC_a8484.dir/link.txt --verbose=1
/usr/bin/cc  -DCMAKE_HAVE_LIBC_PTHREAD    CMakeFiles/cmTC_a8484.dir/src.c.o  -o cmTC_a8484 
/usr/bin/ld: CMakeFiles/cmTC_a8484.dir/src.c.o: in function `main':
src.c:(.text+0x48): undefined reference to `pthread_create'
/usr/bin/ld: src.c:(.text+0x50): undefined reference to `pthread_detach'
/usr/bin/ld: src.c:(.text+0x5c): undefined reference to `pthread_join'
collect2: error: ld returned 1 exit status
make[1]: *** [CMakeFiles/cmTC_a8484.dir/build.make:87: cmTC_a8484] Error 1
make[1]: Leaving directory '/home/ubuntu/UAV_ws/build/grampc-d/CMakeFiles/CMakeTmp'
make: *** [Makefile:121: cmTC_a8484/fast] Error 2


Source file was:
#include <pthread.h>

void* test_func(void* data)
{
  return data;
}

int main(void)
{
  pthread_t thread;
  pthread_create(&thread, NULL, test_func, NULL);
  pthread_detach(thread);
  pthread_join(thread, NULL);
  pthread_atfork(NULL, NULL, NULL);
  pthread_exit(NULL);

  return 0;
}

Determining if the function pthread_create exists in the pthreads failed with the following output:
Change Dir: /home/ubuntu/UAV_ws/build/grampc-d/CMakeFiles/CMakeTmp

Run Build Command(s):/usr/bin/make cmTC_c7508/fast && /usr/bin/make -f CMakeFiles/cmTC_c7508.dir/build.make CMakeFiles/cmTC_c7508.dir/build
make[1]: Entering directory '/home/ubuntu/UAV_ws/build/grampc-d/CMakeFiles/CMakeTmp'
Building C object CMakeFiles/cmTC_c7508.dir/CheckFunctionExists.c.o
/usr/bin/cc   -DCHECK_FUNCTION_EXISTS=pthread_create   -o CMakeFiles/cmTC_c7508.dir/CheckFunctionExists.c.o   -c /usr/share/cmake-3.16/Modules/CheckFunctionExists.c
Linking C executable cmTC_c7508
/usr/bin/cmake -E cmake_link_script CMakeFiles/cmTC_c7508.dir/link.txt --verbose=1
/usr/bin/cc  -DCHECK_FUNCTION_EXISTS=pthread_create    CMakeFiles/cmTC_c7508.dir/CheckFunctionExists.c.o  -o cmTC_c7508  -lpthreads 
/usr/bin/ld: cannot find -lpthreads
collect2: error: ld returned 1 exit status
make[1]: *** [CMakeFiles/cmTC_c7508.dir/build.make:87: cmTC_c7508] Error 1
make[1]: Leaving directory '/home/ubuntu/UAV_ws/build/grampc-d/CMakeFiles/CMakeTmp'
make: *** [Makefile:121: cmTC_c7508/fast] Error 2



Performing C SOURCE FILE Test CMAKE_HAVE_LIBC_PTHREAD failed with the following output:
Change Dir: /home/ubuntu/UAV_ws/build/grampc-d/CMakeFiles/CMakeTmp

Run Build Command(s):/usr/bin/make cmTC_01ddc/fast && /usr/bin/make -f CMakeFiles/cmTC_01ddc.dir/build.make CMakeFiles/cmTC_01ddc.dir/build
make[1]: Entering directory '/home/ubuntu/UAV_ws/build/grampc-d/CMakeFiles/CMakeTmp'
Building C object CMakeFiles/cmTC_01ddc.dir/src.c.o
/usr/bin/cc   -DCMAKE_HAVE_LIBC_PTHREAD   -o CMakeFiles/cmTC_01ddc.dir/src.c.o   -c /home/ubuntu/UAV_ws/build/grampc-d/CMakeFiles/CMakeTmp/src.c
Linking C executable cmTC_01ddc
/usr/bin/cmake -E cmake_link_script CMakeFiles/cmTC_01ddc.dir/link.txt --verbose=1
/usr/bin/cc  -DCMAKE_HAVE_LIBC_PTHREAD    CMakeFiles/cmTC_01ddc.dir/src.c.o  -o cmTC_01ddc 
/usr/bin/ld: CMakeFiles/cmTC_01ddc.dir/src.c.o: in function `main':
src.c:(.text+0x48): undefined reference to `pthread_create'
/usr/bin/ld: src.c:(.text+0x50): undefined reference to `pthread_detach'
/usr/bin/ld: src.c:(.text+0x5c): undefined reference to `pthread_join'
collect2: error: ld returned 1 exit status
make[1]: *** [CMakeFiles/cmTC_01ddc.dir/build.make:87: cmTC_01ddc] Error 1
make[1]: Leaving directory '/home/ubuntu/UAV_ws/build/grampc-d/CMakeFiles/CMakeTmp'
make: *** [Makefile:121: cmTC_01ddc/fast] Error 2


Source file was:
#include <pthread.h>

void* test_func(void* data)
{
  return data;
}

int main(void)
{
  pthread_t thread;
  pthread_create(&thread, NULL, test_func, NULL);
  pthread_detach(thread);
  pthread_join(thread, NULL);
  pthread_atfork(NULL, NULL, NULL);
  pthread_exit(NULL);

  return 0;
}

Determining if the function pthread_create exists in the pthreads failed with the following output:
Change Dir: /home/ubuntu/UAV_ws/build/grampc-d/CMakeFiles/CMakeTmp

Run Build Command(s):/usr/bin/make cmTC_f1414/fast && /usr/bin/make -f CMakeFiles/cmTC_f1414.dir/build.make CMakeFiles/cmTC_f1414.dir/build
make[1]: Entering directory '/home/ubuntu/UAV_ws/build/grampc-d/CMakeFiles/CMakeTmp'
Building C object CMakeFiles/cmTC_f1414.dir/CheckFunctionExists.c.o
/usr/bin/cc   -DCHECK_FUNCTION_EXISTS=pthread_create   -o CMakeFiles/cmTC_f1414.dir/CheckFunctionExists.c.o   -c /usr/share/cmake-3.16/Modules/CheckFunctionExists.c
Linking C executable cmTC_f1414
/usr/bin/cmake -E cmake_link_script CMakeFiles/cmTC_f1414.dir/link.txt --verbose=1
/usr/bin/cc  -DCHECK_FUNCTION_EXISTS=pthread_create    CMakeFiles/cmTC_f1414.dir/CheckFunctionExists.c.o  -o cmTC_f1414  -lpthreads 
/usr/bin/ld: cannot find -lpthreads
collect2: error: ld returned 1 exit status
make[1]: *** [CMakeFiles/cmTC_f1414.dir/build.make:87: cmTC_f1414] Error 1
make[1]: Leaving directory '/home/ubuntu/UAV_ws/build/grampc-d/CMakeFiles/CMakeTmp'
make: *** [Makefile:121: cmTC_f1414/fast] Error 2



