Performing C SOURCE FILE Test CMAKE_HAVE_LIBC_PTHREAD failed with the following output:
Change Dir: /home/ubuntu/UAV_ws/build/mpc_node/CMakeFiles/CMakeTmp

Run Build Command(s):/usr/bin/make cmTC_ee231/fast && /usr/bin/make -f CMakeFiles/cmTC_ee231.dir/build.make CMakeFiles/cmTC_ee231.dir/build
make[1]: Entering directory '/home/ubuntu/UAV_ws/build/mpc_node/CMakeFiles/CMakeTmp'
Building C object CMakeFiles/cmTC_ee231.dir/src.c.o
/usr/bin/cc   -DCMAKE_HAVE_LIBC_PTHREAD   -o CMakeFiles/cmTC_ee231.dir/src.c.o   -c /home/ubuntu/UAV_ws/build/mpc_node/CMakeFiles/CMakeTmp/src.c
Linking C executable cmTC_ee231
/usr/bin/cmake -E cmake_link_script CMakeFiles/cmTC_ee231.dir/link.txt --verbose=1
/usr/bin/cc  -DCMAKE_HAVE_LIBC_PTHREAD    CMakeFiles/cmTC_ee231.dir/src.c.o  -o cmTC_ee231 
/usr/bin/ld: CMakeFiles/cmTC_ee231.dir/src.c.o: in function `main':
src.c:(.text+0x48): undefined reference to `pthread_create'
/usr/bin/ld: src.c:(.text+0x50): undefined reference to `pthread_detach'
/usr/bin/ld: src.c:(.text+0x5c): undefined reference to `pthread_join'
collect2: error: ld returned 1 exit status
make[1]: *** [CMakeFiles/cmTC_ee231.dir/build.make:87: cmTC_ee231] Error 1
make[1]: Leaving directory '/home/ubuntu/UAV_ws/build/mpc_node/CMakeFiles/CMakeTmp'
make: *** [Makefile:121: cmTC_ee231/fast] Error 2


Source file was:
#include <pthread.h>

void* test_func(void* data)
{
  return data;
}

int main(void)
{
  pthread_t thread;
  pthread_create(&thread, NULL, test_func, NULL);
  pthread_detach(thread);
  pthread_join(thread, NULL);
  pthread_atfork(NULL, NULL, NULL);
  pthread_exit(NULL);

  return 0;
}

Determining if the function pthread_create exists in the pthreads failed with the following output:
Change Dir: /home/ubuntu/UAV_ws/build/mpc_node/CMakeFiles/CMakeTmp

Run Build Command(s):/usr/bin/make cmTC_7ed32/fast && /usr/bin/make -f CMakeFiles/cmTC_7ed32.dir/build.make CMakeFiles/cmTC_7ed32.dir/build
make[1]: Entering directory '/home/ubuntu/UAV_ws/build/mpc_node/CMakeFiles/CMakeTmp'
Building C object CMakeFiles/cmTC_7ed32.dir/CheckFunctionExists.c.o
/usr/bin/cc   -DCHECK_FUNCTION_EXISTS=pthread_create   -o CMakeFiles/cmTC_7ed32.dir/CheckFunctionExists.c.o   -c /usr/share/cmake-3.16/Modules/CheckFunctionExists.c
Linking C executable cmTC_7ed32
/usr/bin/cmake -E cmake_link_script CMakeFiles/cmTC_7ed32.dir/link.txt --verbose=1
/usr/bin/cc  -DCHECK_FUNCTION_EXISTS=pthread_create    CMakeFiles/cmTC_7ed32.dir/CheckFunctionExists.c.o  -o cmTC_7ed32  -lpthreads 
/usr/bin/ld: cannot find -lpthreads
collect2: error: ld returned 1 exit status
make[1]: *** [CMakeFiles/cmTC_7ed32.dir/build.make:87: cmTC_7ed32] Error 1
make[1]: Leaving directory '/home/ubuntu/UAV_ws/build/mpc_node/CMakeFiles/CMakeTmp'
make: *** [Makefile:121: cmTC_7ed32/fast] Error 2



Performing C SOURCE FILE Test CMAKE_HAVE_LIBC_PTHREAD failed with the following output:
Change Dir: /home/ubuntu/UAV_ws/build/mpc_node/CMakeFiles/CMakeTmp

Run Build Command(s):/usr/bin/make cmTC_c7789/fast && /usr/bin/make -f CMakeFiles/cmTC_c7789.dir/build.make CMakeFiles/cmTC_c7789.dir/build
make[1]: Entering directory '/home/ubuntu/UAV_ws/build/mpc_node/CMakeFiles/CMakeTmp'
Building C object CMakeFiles/cmTC_c7789.dir/src.c.o
/usr/bin/cc   -DCMAKE_HAVE_LIBC_PTHREAD   -o CMakeFiles/cmTC_c7789.dir/src.c.o   -c /home/ubuntu/UAV_ws/build/mpc_node/CMakeFiles/CMakeTmp/src.c
Linking C executable cmTC_c7789
/usr/bin/cmake -E cmake_link_script CMakeFiles/cmTC_c7789.dir/link.txt --verbose=1
/usr/bin/cc  -DCMAKE_HAVE_LIBC_PTHREAD    CMakeFiles/cmTC_c7789.dir/src.c.o  -o cmTC_c7789 
/usr/bin/ld: CMakeFiles/cmTC_c7789.dir/src.c.o: in function `main':
src.c:(.text+0x48): undefined reference to `pthread_create'
/usr/bin/ld: src.c:(.text+0x50): undefined reference to `pthread_detach'
/usr/bin/ld: src.c:(.text+0x5c): undefined reference to `pthread_join'
collect2: error: ld returned 1 exit status
make[1]: *** [CMakeFiles/cmTC_c7789.dir/build.make:87: cmTC_c7789] Error 1
make[1]: Leaving directory '/home/ubuntu/UAV_ws/build/mpc_node/CMakeFiles/CMakeTmp'
make: *** [Makefile:121: cmTC_c7789/fast] Error 2


Source file was:
#include <pthread.h>

void* test_func(void* data)
{
  return data;
}

int main(void)
{
  pthread_t thread;
  pthread_create(&thread, NULL, test_func, NULL);
  pthread_detach(thread);
  pthread_join(thread, NULL);
  pthread_atfork(NULL, NULL, NULL);
  pthread_exit(NULL);

  return 0;
}

Determining if the function pthread_create exists in the pthreads failed with the following output:
Change Dir: /home/ubuntu/UAV_ws/build/mpc_node/CMakeFiles/CMakeTmp

Run Build Command(s):/usr/bin/make cmTC_98943/fast && /usr/bin/make -f CMakeFiles/cmTC_98943.dir/build.make CMakeFiles/cmTC_98943.dir/build
make[1]: Entering directory '/home/ubuntu/UAV_ws/build/mpc_node/CMakeFiles/CMakeTmp'
Building C object CMakeFiles/cmTC_98943.dir/CheckFunctionExists.c.o
/usr/bin/cc   -DCHECK_FUNCTION_EXISTS=pthread_create   -o CMakeFiles/cmTC_98943.dir/CheckFunctionExists.c.o   -c /usr/share/cmake-3.16/Modules/CheckFunctionExists.c
Linking C executable cmTC_98943
/usr/bin/cmake -E cmake_link_script CMakeFiles/cmTC_98943.dir/link.txt --verbose=1
/usr/bin/cc  -DCHECK_FUNCTION_EXISTS=pthread_create    CMakeFiles/cmTC_98943.dir/CheckFunctionExists.c.o  -o cmTC_98943  -lpthreads 
/usr/bin/ld: cannot find -lpthreads
collect2: error: ld returned 1 exit status
make[1]: *** [CMakeFiles/cmTC_98943.dir/build.make:87: cmTC_98943] Error 1
make[1]: Leaving directory '/home/ubuntu/UAV_ws/build/mpc_node/CMakeFiles/CMakeTmp'
make: *** [Makefile:121: cmTC_98943/fast] Error 2



Performing C SOURCE FILE Test CMAKE_HAVE_LIBC_PTHREAD failed with the following output:
Change Dir: /home/ubuntu/UAV_ws/build/mpc_node/CMakeFiles/CMakeTmp

Run Build Command(s):/usr/bin/make cmTC_95cfe/fast && /usr/bin/make -f CMakeFiles/cmTC_95cfe.dir/build.make CMakeFiles/cmTC_95cfe.dir/build
make[1]: Entering directory '/home/ubuntu/UAV_ws/build/mpc_node/CMakeFiles/CMakeTmp'
Building C object CMakeFiles/cmTC_95cfe.dir/src.c.o
/usr/bin/cc   -DCMAKE_HAVE_LIBC_PTHREAD   -o CMakeFiles/cmTC_95cfe.dir/src.c.o   -c /home/ubuntu/UAV_ws/build/mpc_node/CMakeFiles/CMakeTmp/src.c
Linking C executable cmTC_95cfe
/usr/bin/cmake -E cmake_link_script CMakeFiles/cmTC_95cfe.dir/link.txt --verbose=1
/usr/bin/cc  -DCMAKE_HAVE_LIBC_PTHREAD    CMakeFiles/cmTC_95cfe.dir/src.c.o  -o cmTC_95cfe 
/usr/bin/ld: CMakeFiles/cmTC_95cfe.dir/src.c.o: in function `main':
src.c:(.text+0x48): undefined reference to `pthread_create'
/usr/bin/ld: src.c:(.text+0x50): undefined reference to `pthread_detach'
/usr/bin/ld: src.c:(.text+0x5c): undefined reference to `pthread_join'
collect2: error: ld returned 1 exit status
make[1]: *** [CMakeFiles/cmTC_95cfe.dir/build.make:87: cmTC_95cfe] Error 1
make[1]: Leaving directory '/home/ubuntu/UAV_ws/build/mpc_node/CMakeFiles/CMakeTmp'
make: *** [Makefile:121: cmTC_95cfe/fast] Error 2


Source file was:
#include <pthread.h>

void* test_func(void* data)
{
  return data;
}

int main(void)
{
  pthread_t thread;
  pthread_create(&thread, NULL, test_func, NULL);
  pthread_detach(thread);
  pthread_join(thread, NULL);
  pthread_atfork(NULL, NULL, NULL);
  pthread_exit(NULL);

  return 0;
}

Determining if the function pthread_create exists in the pthreads failed with the following output:
Change Dir: /home/ubuntu/UAV_ws/build/mpc_node/CMakeFiles/CMakeTmp

Run Build Command(s):/usr/bin/make cmTC_762e4/fast && /usr/bin/make -f CMakeFiles/cmTC_762e4.dir/build.make CMakeFiles/cmTC_762e4.dir/build
make[1]: Entering directory '/home/ubuntu/UAV_ws/build/mpc_node/CMakeFiles/CMakeTmp'
Building C object CMakeFiles/cmTC_762e4.dir/CheckFunctionExists.c.o
/usr/bin/cc   -DCHECK_FUNCTION_EXISTS=pthread_create   -o CMakeFiles/cmTC_762e4.dir/CheckFunctionExists.c.o   -c /usr/share/cmake-3.16/Modules/CheckFunctionExists.c
Linking C executable cmTC_762e4
/usr/bin/cmake -E cmake_link_script CMakeFiles/cmTC_762e4.dir/link.txt --verbose=1
/usr/bin/cc  -DCHECK_FUNCTION_EXISTS=pthread_create    CMakeFiles/cmTC_762e4.dir/CheckFunctionExists.c.o  -o cmTC_762e4  -lpthreads 
/usr/bin/ld: cannot find -lpthreads
collect2: error: ld returned 1 exit status
make[1]: *** [CMakeFiles/cmTC_762e4.dir/build.make:87: cmTC_762e4] Error 1
make[1]: Leaving directory '/home/ubuntu/UAV_ws/build/mpc_node/CMakeFiles/CMakeTmp'
make: *** [Makefile:121: cmTC_762e4/fast] Error 2



Performing C SOURCE FILE Test CMAKE_HAVE_LIBC_PTHREAD failed with the following output:
Change Dir: /home/ubuntu/UAV_ws/build/mpc_node/CMakeFiles/CMakeTmp

Run Build Command(s):/usr/bin/make cmTC_68b1a/fast && /usr/bin/make -f CMakeFiles/cmTC_68b1a.dir/build.make CMakeFiles/cmTC_68b1a.dir/build
make[1]: Entering directory '/home/ubuntu/UAV_ws/build/mpc_node/CMakeFiles/CMakeTmp'
Building C object CMakeFiles/cmTC_68b1a.dir/src.c.o
/usr/bin/cc   -DCMAKE_HAVE_LIBC_PTHREAD   -o CMakeFiles/cmTC_68b1a.dir/src.c.o   -c /home/ubuntu/UAV_ws/build/mpc_node/CMakeFiles/CMakeTmp/src.c
Linking C executable cmTC_68b1a
/usr/bin/cmake -E cmake_link_script CMakeFiles/cmTC_68b1a.dir/link.txt --verbose=1
/usr/bin/cc  -DCMAKE_HAVE_LIBC_PTHREAD    CMakeFiles/cmTC_68b1a.dir/src.c.o  -o cmTC_68b1a 
/usr/bin/ld: CMakeFiles/cmTC_68b1a.dir/src.c.o: in function `main':
src.c:(.text+0x48): undefined reference to `pthread_create'
/usr/bin/ld: src.c:(.text+0x50): undefined reference to `pthread_detach'
/usr/bin/ld: src.c:(.text+0x5c): undefined reference to `pthread_join'
collect2: error: ld returned 1 exit status
make[1]: *** [CMakeFiles/cmTC_68b1a.dir/build.make:87: cmTC_68b1a] Error 1
make[1]: Leaving directory '/home/ubuntu/UAV_ws/build/mpc_node/CMakeFiles/CMakeTmp'
make: *** [Makefile:121: cmTC_68b1a/fast] Error 2


Source file was:
#include <pthread.h>

void* test_func(void* data)
{
  return data;
}

int main(void)
{
  pthread_t thread;
  pthread_create(&thread, NULL, test_func, NULL);
  pthread_detach(thread);
  pthread_join(thread, NULL);
  pthread_atfork(NULL, NULL, NULL);
  pthread_exit(NULL);

  return 0;
}

Determining if the function pthread_create exists in the pthreads failed with the following output:
Change Dir: /home/ubuntu/UAV_ws/build/mpc_node/CMakeFiles/CMakeTmp

Run Build Command(s):/usr/bin/make cmTC_7b9b5/fast && /usr/bin/make -f CMakeFiles/cmTC_7b9b5.dir/build.make CMakeFiles/cmTC_7b9b5.dir/build
make[1]: Entering directory '/home/ubuntu/UAV_ws/build/mpc_node/CMakeFiles/CMakeTmp'
Building C object CMakeFiles/cmTC_7b9b5.dir/CheckFunctionExists.c.o
/usr/bin/cc   -DCHECK_FUNCTION_EXISTS=pthread_create   -o CMakeFiles/cmTC_7b9b5.dir/CheckFunctionExists.c.o   -c /usr/share/cmake-3.16/Modules/CheckFunctionExists.c
Linking C executable cmTC_7b9b5
/usr/bin/cmake -E cmake_link_script CMakeFiles/cmTC_7b9b5.dir/link.txt --verbose=1
/usr/bin/cc  -DCHECK_FUNCTION_EXISTS=pthread_create    CMakeFiles/cmTC_7b9b5.dir/CheckFunctionExists.c.o  -o cmTC_7b9b5  -lpthreads 
/usr/bin/ld: cannot find -lpthreads
collect2: error: ld returned 1 exit status
make[1]: *** [CMakeFiles/cmTC_7b9b5.dir/build.make:87: cmTC_7b9b5] Error 1
make[1]: Leaving directory '/home/ubuntu/UAV_ws/build/mpc_node/CMakeFiles/CMakeTmp'
make: *** [Makefile:121: cmTC_7b9b5/fast] Error 2



