[ 47%] Built target cereal
[ 47%] Built target asio
[ 57%] Built target sha
[100%] Built target grampc
-- Install configuration: "Debug"
-- Execute custom install script
-- Up-to-date symlink: /home/evan/UAV_ws/install/libs/share/libs/environment/library_path.sh
-- Up-to-date symlink: /home/evan/UAV_ws/install/libs/share/libs/environment/library_path.dsv
-- Up-to-date symlink: /home/evan/UAV_ws/install/libs/include/libs/euler1.h
-- Up-to-date symlink: /home/evan/UAV_ws/install/libs/include/libs/eulermod2.h
-- Up-to-date symlink: /home/evan/UAV_ws/install/libs/include/libs/f2cmod.h
-- Up-to-date symlink: /home/evan/UAV_ws/install/libs/include/libs/grampc.h
-- Up-to-date symlink: /home/evan/UAV_ws/install/libs/include/libs/grampc.hpp
-- Up-to-date symlink: /home/evan/UAV_ws/install/libs/include/libs/grampc_alloc.h
-- Up-to-date symlink: /home/evan/UAV_ws/install/libs/include/libs/grampc_fixedsize.h
-- Up-to-date symlink: /home/evan/UAV_ws/install/libs/include/libs/grampc_init.h
-- Up-to-date symlink: /home/evan/UAV_ws/install/libs/include/libs/grampc_macro.h
-- Up-to-date symlink: /home/evan/UAV_ws/install/libs/include/libs/grampc_mess.h
-- Up-to-date symlink: /home/evan/UAV_ws/install/libs/include/libs/grampc_run.h
-- Up-to-date symlink: /home/evan/UAV_ws/install/libs/include/libs/grampc_setopt.h
-- Up-to-date symlink: /home/evan/UAV_ws/install/libs/include/libs/grampc_setparam.h
-- Up-to-date symlink: /home/evan/UAV_ws/install/libs/include/libs/grampc_util.h
-- Up-to-date symlink: /home/evan/UAV_ws/install/libs/include/libs/heun2.h
-- Up-to-date symlink: /home/evan/UAV_ws/install/libs/include/libs/probfct.h
-- Up-to-date symlink: /home/evan/UAV_ws/install/libs/include/libs/problem_description.hpp
-- Up-to-date symlink: /home/evan/UAV_ws/install/libs/include/libs/rodas.h
-- Up-to-date symlink: /home/evan/UAV_ws/install/libs/include/libs/rodas_decsol_f2c.h
-- Up-to-date symlink: /home/evan/UAV_ws/install/libs/include/libs/ruku45.h
-- Up-to-date symlink: /home/evan/UAV_ws/install/libs/include/libs/simpson.h
-- Up-to-date symlink: /home/evan/UAV_ws/install/libs/include/libs/trapezodial.h
-- Up-to-date symlink: /home/evan/UAV_ws/install/libs/share/ament_index/resource_index/package_run_dependencies/libs
-- Up-to-date symlink: /home/evan/UAV_ws/install/libs/share/ament_index/resource_index/parent_prefix_path/libs
-- Up-to-date symlink: /home/evan/UAV_ws/install/libs/share/libs/environment/ament_prefix_path.sh
-- Up-to-date symlink: /home/evan/UAV_ws/install/libs/share/libs/environment/ament_prefix_path.dsv
-- Up-to-date symlink: /home/evan/UAV_ws/install/libs/share/libs/environment/path.sh
-- Up-to-date symlink: /home/evan/UAV_ws/install/libs/share/libs/environment/path.dsv
-- Up-to-date symlink: /home/evan/UAV_ws/install/libs/share/libs/local_setup.bash
-- Up-to-date symlink: /home/evan/UAV_ws/install/libs/share/libs/local_setup.sh
-- Up-to-date symlink: /home/evan/UAV_ws/install/libs/share/libs/local_setup.zsh
-- Up-to-date symlink: /home/evan/UAV_ws/install/libs/share/libs/local_setup.dsv
-- Symlinking: /home/evan/UAV_ws/install/libs/share/libs/package.dsv
-- Up-to-date symlink: /home/evan/UAV_ws/install/libs/share/ament_index/resource_index/packages/libs
-- Up-to-date symlink: /home/evan/UAV_ws/install/libs/share/libs/cmake/ament_cmake_export_targets-extras.cmake
-- Up-to-date symlink: /home/evan/UAV_ws/install/libs/share/libs/cmake/libsConfig.cmake
-- Up-to-date symlink: /home/evan/UAV_ws/install/libs/share/libs/cmake/libsConfig-version.cmake
-- Up-to-date symlink: /home/evan/UAV_ws/install/libs/share/libs/package.xml
-- Up-to-date: /home/evan/UAV_ws/install/libs/lib/libgrampc.a
-- Up-to-date: /home/evan/UAV_ws/install/libs/share/libs/cmake/grampcExport.cmake
-- Up-to-date: /home/evan/UAV_ws/install/libs/share/libs/cmake/grampcExport-debug.cmake
