[1.420s] Invoking command in '/home/ubuntu/UAV_ws/build/simulator_node': CMAKE_PREFIX_PATH=/home/ubuntu/UAV_ws/install/grampc-d:/home/ubuntu/UAV_ws/install/libs:/home/ubuntu/UAV_ws/install/common_msgs:/home/ubuntu/UAV_ws/install/uav_launch:/home/ubuntu/UAV_ws/install/test:/home/ubuntu/UAV_ws/install/simulator_node:/home/ubuntu/UAV_ws/install/mpc_node:/opt/ros/foxy LD_LIBRARY_PATH=/home/ubuntu/UAV_ws/install/common_msgs/lib:/home/ubuntu/UAV_ws/install/grampc-d/lib:/home/ubuntu/UAV_ws/install/libs/lib:/opt/ros/foxy/opt/yaml_cpp_vendor/lib:/opt/ros/foxy/opt/rviz_ogre_vendor/lib:/opt/ros/foxy/lib/aarch64-linux-gnu:/opt/ros/foxy/lib /usr/bin/cmake /home/ubuntu/UAV_ws/src/simulator_node -DCMAKE_INSTALL_PREFIX=/home/ubuntu/UAV_ws/install/simulator_node
[1.666s] -- The C compiler identification is GNU 9.4.0
[1.880s] -- The CXX compiler identification is GNU 9.4.0
[1.898s] -- Check for working C compiler: /usr/bin/cc
[2.183s] -- Check for working C compiler: /usr/bin/cc -- works
[2.186s] -- Detecting C compiler ABI info
[2.477s] -- Detecting C compiler ABI info - done
[2.514s] -- Detecting C compile features
[2.515s] -- Detecting C compile features - done
[2.523s] -- Check for working CXX compiler: /usr/bin/c++
[2.837s] -- Check for working CXX compiler: /usr/bin/c++ -- works
[2.842s] -- Detecting CXX compiler ABI info
[3.160s] -- Detecting CXX compiler ABI info - done
[3.197s] -- Detecting CXX compile features
[3.199s] -- Detecting CXX compile features - done
[3.221s] -- Found ament_cmake: 0.9.12 (/opt/ros/foxy/share/ament_cmake/cmake)
[3.343s] -- Found PythonInterp: /usr/bin/python3 (found suitable version "3.8.10", minimum required is "3") 
[3.344s] -- Using PYTHON_EXECUTABLE: /usr/bin/python3
[4.223s] -- Found rclcpp: 2.4.3 (/opt/ros/foxy/share/rclcpp/cmake)
[4.525s] -- Using all available rosidl_typesupport_c: rosidl_typesupport_fastrtps_c;rosidl_typesupport_introspection_c
[4.581s] -- Found rosidl_adapter: 1.3.1 (/opt/ros/foxy/share/rosidl_adapter/cmake)
[5.130s] -- Found OpenSSL: /usr/lib/aarch64-linux-gnu/libcrypto.so (found version "1.1.1f")  
[5.349s] -- Found FastRTPS: /opt/ros/foxy/include  
[5.872s] -- Using all available rosidl_typesupport_cpp: rosidl_typesupport_fastrtps_cpp;rosidl_typesupport_introspection_cpp
[6.136s] -- Found rmw_implementation_cmake: 1.0.4 (/opt/ros/foxy/share/rmw_implementation_cmake/cmake)
[6.142s] -- Using RMW implementation 'rmw_fastrtps_cpp' as default
[6.145s] -- Looking for pthread.h
[6.446s] -- Looking for pthread.h - found
[6.447s] -- Performing Test CMAKE_HAVE_LIBC_PTHREAD
[6.752s] -- Performing Test CMAKE_HAVE_LIBC_PTHREAD - Failed
[6.753s] -- Looking for pthread_create in pthreads
[7.001s] -- Looking for pthread_create in pthreads - not found
[7.002s] -- Looking for pthread_create in pthread
[7.303s] -- Looking for pthread_create in pthread - found
[7.307s] -- Found Threads: TRUE  
[7.921s] -- Found common_msgs: 0.0.0 (/home/ubuntu/UAV_ws/install/common_msgs/share/common_msgs/cmake)
[7.955s] -- Found grampc-d: 0.0.0 (/home/ubuntu/UAV_ws/install/grampc-d/share/grampc-d/cmake)
[7.960s] -- Found libs: 0.0.0 (/home/ubuntu/UAV_ws/install/libs/share/libs/cmake)
[7.985s] -- Found ament_lint_auto: 0.9.8 (/opt/ros/foxy/share/ament_lint_auto/cmake)
[8.343s] -- Added test 'cppcheck' to perform static code analysis on C / C++ code
[8.343s] -- Configured cppcheck include dirs: 
[8.344s] -- Configured cppcheck exclude dirs and/or files: 
[8.347s] -- Added test 'lint_cmake' to check CMake code style
[8.351s] -- Added test 'uncrustify' to check C / C++ code style
[8.351s] -- Configured uncrustify additional arguments: 
[8.353s] -- Added test 'xmllint' to check XML markup files
[8.373s] -- Configuring done
[8.402s] -- Generating done
[8.408s] -- Build files have been written to: /home/ubuntu/UAV_ws/build/simulator_node
[8.437s] Invoked command in '/home/ubuntu/UAV_ws/build/simulator_node' returned '0': CMAKE_PREFIX_PATH=/home/ubuntu/UAV_ws/install/grampc-d:/home/ubuntu/UAV_ws/install/libs:/home/ubuntu/UAV_ws/install/common_msgs:/home/ubuntu/UAV_ws/install/uav_launch:/home/ubuntu/UAV_ws/install/test:/home/ubuntu/UAV_ws/install/simulator_node:/home/ubuntu/UAV_ws/install/mpc_node:/opt/ros/foxy LD_LIBRARY_PATH=/home/ubuntu/UAV_ws/install/common_msgs/lib:/home/ubuntu/UAV_ws/install/grampc-d/lib:/home/ubuntu/UAV_ws/install/libs/lib:/opt/ros/foxy/opt/yaml_cpp_vendor/lib:/opt/ros/foxy/opt/rviz_ogre_vendor/lib:/opt/ros/foxy/lib/aarch64-linux-gnu:/opt/ros/foxy/lib /usr/bin/cmake /home/ubuntu/UAV_ws/src/simulator_node -DCMAKE_INSTALL_PREFIX=/home/ubuntu/UAV_ws/install/simulator_node
[8.447s] Invoking command in '/home/ubuntu/UAV_ws/build/simulator_node': CMAKE_PREFIX_PATH=/home/ubuntu/UAV_ws/install/grampc-d:/home/ubuntu/UAV_ws/install/libs:/home/ubuntu/UAV_ws/install/common_msgs:/home/ubuntu/UAV_ws/install/uav_launch:/home/ubuntu/UAV_ws/install/test:/home/ubuntu/UAV_ws/install/simulator_node:/home/ubuntu/UAV_ws/install/mpc_node:/opt/ros/foxy LD_LIBRARY_PATH=/home/ubuntu/UAV_ws/install/common_msgs/lib:/home/ubuntu/UAV_ws/install/grampc-d/lib:/home/ubuntu/UAV_ws/install/libs/lib:/opt/ros/foxy/opt/yaml_cpp_vendor/lib:/opt/ros/foxy/opt/rviz_ogre_vendor/lib:/opt/ros/foxy/lib/aarch64-linux-gnu:/opt/ros/foxy/lib /usr/bin/cmake --build /home/ubuntu/UAV_ws/build/simulator_node -- -j4 -l4
[8.622s] [35m[1mScanning dependencies of target simulator_node_exe[0m
[8.815s] [100%] Built target simulator_node_exe
[8.854s] Invoked command in '/home/ubuntu/UAV_ws/build/simulator_node' returned '0': CMAKE_PREFIX_PATH=/home/ubuntu/UAV_ws/install/grampc-d:/home/ubuntu/UAV_ws/install/libs:/home/ubuntu/UAV_ws/install/common_msgs:/home/ubuntu/UAV_ws/install/uav_launch:/home/ubuntu/UAV_ws/install/test:/home/ubuntu/UAV_ws/install/simulator_node:/home/ubuntu/UAV_ws/install/mpc_node:/opt/ros/foxy LD_LIBRARY_PATH=/home/ubuntu/UAV_ws/install/common_msgs/lib:/home/ubuntu/UAV_ws/install/grampc-d/lib:/home/ubuntu/UAV_ws/install/libs/lib:/opt/ros/foxy/opt/yaml_cpp_vendor/lib:/opt/ros/foxy/opt/rviz_ogre_vendor/lib:/opt/ros/foxy/lib/aarch64-linux-gnu:/opt/ros/foxy/lib /usr/bin/cmake --build /home/ubuntu/UAV_ws/build/simulator_node -- -j4 -l4
[9.031s] Invoking command in '/home/ubuntu/UAV_ws/build/simulator_node': CMAKE_PREFIX_PATH=/home/ubuntu/UAV_ws/install/grampc-d:/home/ubuntu/UAV_ws/install/libs:/home/ubuntu/UAV_ws/install/common_msgs:/home/ubuntu/UAV_ws/install/uav_launch:/home/ubuntu/UAV_ws/install/test:/home/ubuntu/UAV_ws/install/simulator_node:/home/ubuntu/UAV_ws/install/mpc_node:/opt/ros/foxy LD_LIBRARY_PATH=/home/ubuntu/UAV_ws/install/common_msgs/lib:/home/ubuntu/UAV_ws/install/grampc-d/lib:/home/ubuntu/UAV_ws/install/libs/lib:/opt/ros/foxy/opt/yaml_cpp_vendor/lib:/opt/ros/foxy/opt/rviz_ogre_vendor/lib:/opt/ros/foxy/lib/aarch64-linux-gnu:/opt/ros/foxy/lib /usr/bin/cmake --install /home/ubuntu/UAV_ws/build/simulator_node
[9.065s] -- Install configuration: ""
[9.066s] -- Up-to-date: /home/ubuntu/UAV_ws/install/simulator_node/lib/simulator_node/simulator_node_exe
[9.068s] -- Up-to-date: /home/ubuntu/UAV_ws/install/simulator_node/share/ament_index/resource_index/package_run_dependencies/simulator_node
[9.069s] -- Up-to-date: /home/ubuntu/UAV_ws/install/simulator_node/share/ament_index/resource_index/parent_prefix_path/simulator_node
[9.069s] -- Up-to-date: /home/ubuntu/UAV_ws/install/simulator_node/share/simulator_node/environment/ament_prefix_path.sh
[9.069s] -- Installing: /home/ubuntu/UAV_ws/install/simulator_node/share/simulator_node/environment/ament_prefix_path.dsv
[9.070s] -- Up-to-date: /home/ubuntu/UAV_ws/install/simulator_node/share/simulator_node/environment/path.sh
[9.071s] -- Installing: /home/ubuntu/UAV_ws/install/simulator_node/share/simulator_node/environment/path.dsv
[9.072s] -- Up-to-date: /home/ubuntu/UAV_ws/install/simulator_node/share/simulator_node/local_setup.bash
[9.072s] -- Up-to-date: /home/ubuntu/UAV_ws/install/simulator_node/share/simulator_node/local_setup.sh
[9.072s] -- Up-to-date: /home/ubuntu/UAV_ws/install/simulator_node/share/simulator_node/local_setup.zsh
[9.073s] -- Installing: /home/ubuntu/UAV_ws/install/simulator_node/share/simulator_node/local_setup.dsv
[9.073s] -- Installing: /home/ubuntu/UAV_ws/install/simulator_node/share/simulator_node/package.dsv
[9.075s] -- Up-to-date: /home/ubuntu/UAV_ws/install/simulator_node/share/ament_index/resource_index/packages/simulator_node
[9.075s] -- Up-to-date: /home/ubuntu/UAV_ws/install/simulator_node/share/simulator_node/cmake/simulator_nodeConfig.cmake
[9.076s] -- Up-to-date: /home/ubuntu/UAV_ws/install/simulator_node/share/simulator_node/cmake/simulator_nodeConfig-version.cmake
[9.076s] -- Up-to-date: /home/ubuntu/UAV_ws/install/simulator_node/share/simulator_node/package.xml
[9.081s] Invoked command in '/home/ubuntu/UAV_ws/build/simulator_node' returned '0': CMAKE_PREFIX_PATH=/home/ubuntu/UAV_ws/install/grampc-d:/home/ubuntu/UAV_ws/install/libs:/home/ubuntu/UAV_ws/install/common_msgs:/home/ubuntu/UAV_ws/install/uav_launch:/home/ubuntu/UAV_ws/install/test:/home/ubuntu/UAV_ws/install/simulator_node:/home/ubuntu/UAV_ws/install/mpc_node:/opt/ros/foxy LD_LIBRARY_PATH=/home/ubuntu/UAV_ws/install/common_msgs/lib:/home/ubuntu/UAV_ws/install/grampc-d/lib:/home/ubuntu/UAV_ws/install/libs/lib:/opt/ros/foxy/opt/yaml_cpp_vendor/lib:/opt/ros/foxy/opt/rviz_ogre_vendor/lib:/opt/ros/foxy/lib/aarch64-linux-gnu:/opt/ros/foxy/lib /usr/bin/cmake --install /home/ubuntu/UAV_ws/build/simulator_node
