-- The C compiler identification is GNU 9.4.0
-- The CXX compiler identification is GNU 9.4.0
-- Check for working C compiler: /usr/bin/cc
-- Check for working C compiler: /usr/bin/cc -- works
-- Detecting C compiler ABI info
-- Detecting C compiler ABI info - done
-- Detecting C compile features
-- Detecting C compile features - done
-- Check for working CXX compiler: /usr/bin/c++
-- Check for working CXX compiler: /usr/bin/c++ -- works
-- Detecting CXX compiler ABI info
-- Detecting CXX compiler ABI info - done
-- Detecting CXX compile features
-- Detecting CXX compile features - done
-- Found ament_cmake: 0.9.12 (/opt/ros/foxy/share/ament_cmake/cmake)
-- Found PythonInterp: /usr/bin/python3 (found suitable version "3.8.10", minimum required is "3") 
-- Using PYTHON_EXECUTABLE: /usr/bin/python3
-- Found rclcpp: 2.4.3 (/opt/ros/foxy/share/rclcpp/cmake)
-- Using all available rosidl_typesupport_c: rosidl_typesupport_fastrtps_c;rosidl_typesupport_introspection_c
-- Found rosidl_adapter: 1.3.1 (/opt/ros/foxy/share/rosidl_adapter/cmake)
-- Found OpenSSL: /usr/lib/aarch64-linux-gnu/libcrypto.so (found version "1.1.1f")  
-- Found FastRTPS: /opt/ros/foxy/include  
-- Using all available rosidl_typesupport_cpp: rosidl_typesupport_fastrtps_cpp;rosidl_typesupport_introspection_cpp
-- Found rmw_implementation_cmake: 1.0.4 (/opt/ros/foxy/share/rmw_implementation_cmake/cmake)
-- Using RMW implementation 'rmw_fastrtps_cpp' as default
-- Looking for pthread.h
-- Looking for pthread.h - found
-- Performing Test CMAKE_HAVE_LIBC_PTHREAD
-- Performing Test CMAKE_HAVE_LIBC_PTHREAD - Failed
-- Looking for pthread_create in pthreads
-- Looking for pthread_create in pthreads - not found
-- Looking for pthread_create in pthread
-- Looking for pthread_create in pthread - found
-- Found Threads: TRUE  
-- Found libs: 0.0.0 (/home/ubuntu/UAV_ws/install/libs/share/libs/cmake)
-- Found ament_lint_auto: 0.9.8 (/opt/ros/foxy/share/ament_lint_auto/cmake)
-- Added test 'cppcheck' to perform static code analysis on C / C++ code
-- Configured cppcheck include dirs: $<BUILD_INTERFACE:/home/ubuntu/UAV_ws/src/grampc-d/include>
-- Configured cppcheck exclude dirs and/or files: 
-- Added test 'lint_cmake' to check CMake code style
-- Added test 'uncrustify' to check C / C++ code style
-- Configured uncrustify additional arguments: 
-- Added test 'xmllint' to check XML markup files
-- Configuring done
-- Generating done
-- Build files have been written to: /home/ubuntu/UAV_ws/build/grampc-d
[35m[1mScanning dependencies of target grampcd[0m
[100%] Built target grampcd
-- Install configuration: ""
-- Up-to-date: /home/ubuntu/UAV_ws/install/grampc-d/share/grampc-d/environment/library_path.sh
-- Installing: /home/ubuntu/UAV_ws/install/grampc-d/share/grampc-d/environment/library_path.dsv
-- Up-to-date: /home/ubuntu/UAV_ws/install/grampc-d/include/grampcd
-- Up-to-date: /home/ubuntu/UAV_ws/install/grampc-d/include/grampcd/coord
-- Up-to-date: /home/ubuntu/UAV_ws/install/grampc-d/include/grampcd/coord/coordinator.hpp
-- Up-to-date: /home/ubuntu/UAV_ws/install/grampc-d/include/grampcd/util
-- Up-to-date: /home/ubuntu/UAV_ws/install/grampc-d/include/grampcd/util/logging.hpp
-- Up-to-date: /home/ubuntu/UAV_ws/install/grampc-d/include/grampcd/util/auto_tune.hpp
-- Up-to-date: /home/ubuntu/UAV_ws/install/grampc-d/include/grampcd/util/data_conversion.hpp
-- Up-to-date: /home/ubuntu/UAV_ws/install/grampc-d/include/grampcd/util/constants.hpp
-- Up-to-date: /home/ubuntu/UAV_ws/install/grampc-d/include/grampcd/util/class_forwarding.hpp
-- Up-to-date: /home/ubuntu/UAV_ws/install/grampc-d/include/grampcd/util/types.hpp
-- Up-to-date: /home/ubuntu/UAV_ws/install/grampc-d/include/grampcd/interface
-- Up-to-date: /home/ubuntu/UAV_ws/install/grampc-d/include/grampcd/interface/interface.hpp
-- Up-to-date: /home/ubuntu/UAV_ws/install/grampc-d/include/grampcd/interface/python_interface.hpp
-- Up-to-date: /home/ubuntu/UAV_ws/install/grampc-d/include/grampcd/interface/dmpc_interface.hpp
-- Up-to-date: /home/ubuntu/UAV_ws/install/grampc-d/include/grampcd/agent
-- Up-to-date: /home/ubuntu/UAV_ws/install/grampc-d/include/grampcd/agent/step_selector.hpp
-- Up-to-date: /home/ubuntu/UAV_ws/install/grampc-d/include/grampcd/agent/sync_step_selector.hpp
-- Up-to-date: /home/ubuntu/UAV_ws/install/grampc-d/include/grampcd/agent/agent.hpp
-- Up-to-date: /home/ubuntu/UAV_ws/install/grampc-d/include/grampcd/agent/neighbor.hpp
-- Up-to-date: /home/ubuntu/UAV_ws/install/grampc-d/include/grampcd/agent/async_step_selector.hpp
-- Up-to-date: /home/ubuntu/UAV_ws/install/grampc-d/include/grampcd/comm
-- Up-to-date: /home/ubuntu/UAV_ws/install/grampc-d/include/grampcd/comm/communication_interface.hpp
-- Up-to-date: /home/ubuntu/UAV_ws/install/grampc-d/include/grampcd/comm/message.hpp
-- Up-to-date: /home/ubuntu/UAV_ws/install/grampc-d/include/grampcd/comm/communication_interface_central.hpp
-- Up-to-date: /home/ubuntu/UAV_ws/install/grampc-d/include/grampcd/comm/message_handler.hpp
-- Up-to-date: /home/ubuntu/UAV_ws/install/grampc-d/include/grampcd/comm/communication_interface_local.hpp
-- Up-to-date: /home/ubuntu/UAV_ws/install/grampc-d/include/grampcd/state
-- Up-to-date: /home/ubuntu/UAV_ws/install/grampc-d/include/grampcd/state/coupling_state.hpp
-- Up-to-date: /home/ubuntu/UAV_ws/install/grampc-d/include/grampcd/state/sensi_state.hpp
-- Up-to-date: /home/ubuntu/UAV_ws/install/grampc-d/include/grampcd/state/multiplier_state.hpp
-- Up-to-date: /home/ubuntu/UAV_ws/install/grampc-d/include/grampcd/state/constraint_state.hpp
-- Up-to-date: /home/ubuntu/UAV_ws/install/grampc-d/include/grampcd/state/penalty_state.hpp
-- Up-to-date: /home/ubuntu/UAV_ws/install/grampc-d/include/grampcd/state/agent_state.hpp
-- Up-to-date: /home/ubuntu/UAV_ws/install/grampc-d/include/grampcd/UAV_agent_model.hpp
-- Up-to-date: /home/ubuntu/UAV_ws/install/grampc-d/include/grampcd/simulator
-- Up-to-date: /home/ubuntu/UAV_ws/install/grampc-d/include/grampcd/simulator/simulator.hpp
-- Up-to-date: /home/ubuntu/UAV_ws/install/grampc-d/include/grampcd/general_model_factory.hpp
-- Up-to-date: /home/ubuntu/UAV_ws/install/grampc-d/include/grampcd/info
-- Up-to-date: /home/ubuntu/UAV_ws/install/grampc-d/include/grampcd/info/tuning_info.hpp
-- Up-to-date: /home/ubuntu/UAV_ws/install/grampc-d/include/grampcd/info/communication_data.hpp
-- Up-to-date: /home/ubuntu/UAV_ws/install/grampc-d/include/grampcd/info/communication_info.hpp
-- Up-to-date: /home/ubuntu/UAV_ws/install/grampc-d/include/grampcd/info/agent_info.hpp
-- Up-to-date: /home/ubuntu/UAV_ws/install/grampc-d/include/grampcd/info/coupling_info.hpp
-- Up-to-date: /home/ubuntu/UAV_ws/install/grampc-d/include/grampcd/info/optimization_info.hpp
-- Up-to-date: /home/ubuntu/UAV_ws/install/grampc-d/include/grampcd/optim
-- Up-to-date: /home/ubuntu/UAV_ws/install/grampc-d/include/grampcd/optim/approximate_neighbor.hpp
-- Up-to-date: /home/ubuntu/UAV_ws/install/grampc-d/include/grampcd/optim/solver_local.hpp
-- Up-to-date: /home/ubuntu/UAV_ws/install/grampc-d/include/grampcd/optim/problem_description_local_neighbor_approximation.hpp
-- Up-to-date: /home/ubuntu/UAV_ws/install/grampc-d/include/grampcd/optim/problem_description_local_default.hpp
-- Up-to-date: /home/ubuntu/UAV_ws/install/grampc-d/include/grampcd/optim/solution.hpp
-- Up-to-date: /home/ubuntu/UAV_ws/install/grampc-d/include/grampcd/optim/solver_central.hpp
-- Up-to-date: /home/ubuntu/UAV_ws/install/grampc-d/include/grampcd/optim/problem_description_central.hpp
-- Up-to-date: /home/ubuntu/UAV_ws/install/grampc-d/include/grampcd/optim/solver_local_admm.hpp
-- Up-to-date: /home/ubuntu/UAV_ws/install/grampc-d/include/grampcd/optim/solver_local_sensi.hpp
-- Up-to-date: /home/ubuntu/UAV_ws/install/grampc-d/include/grampcd/optim/problem_description_local_sensi.hpp
-- Up-to-date: /home/ubuntu/UAV_ws/install/grampc-d/include/grampcd/optim/optim_util.hpp
-- Up-to-date: /home/ubuntu/UAV_ws/install/grampc-d/include/grampcd/model
-- Up-to-date: /home/ubuntu/UAV_ws/install/grampc-d/include/grampcd/model/coupling_model.hpp
-- Up-to-date: /home/ubuntu/UAV_ws/install/grampc-d/include/grampcd/model/agent_model.hpp
-- Up-to-date: /home/ubuntu/UAV_ws/install/grampc-d/include/grampcd/model/model_factory.hpp
-- Up-to-date: /home/ubuntu/UAV_ws/install/grampc-d/lib/libgrampcd.a
-- Up-to-date: /home/ubuntu/UAV_ws/install/grampc-d/share/ament_index/resource_index/package_run_dependencies/grampc-d
-- Up-to-date: /home/ubuntu/UAV_ws/install/grampc-d/share/ament_index/resource_index/parent_prefix_path/grampc-d
-- Up-to-date: /home/ubuntu/UAV_ws/install/grampc-d/share/grampc-d/environment/ament_prefix_path.sh
-- Installing: /home/ubuntu/UAV_ws/install/grampc-d/share/grampc-d/environment/ament_prefix_path.dsv
-- Up-to-date: /home/ubuntu/UAV_ws/install/grampc-d/share/grampc-d/environment/path.sh
-- Installing: /home/ubuntu/UAV_ws/install/grampc-d/share/grampc-d/environment/path.dsv
-- Up-to-date: /home/ubuntu/UAV_ws/install/grampc-d/share/grampc-d/local_setup.bash
-- Up-to-date: /home/ubuntu/UAV_ws/install/grampc-d/share/grampc-d/local_setup.sh
-- Up-to-date: /home/ubuntu/UAV_ws/install/grampc-d/share/grampc-d/local_setup.zsh
-- Installing: /home/ubuntu/UAV_ws/install/grampc-d/share/grampc-d/local_setup.dsv
-- Installing: /home/ubuntu/UAV_ws/install/grampc-d/share/grampc-d/package.dsv
-- Up-to-date: /home/ubuntu/UAV_ws/install/grampc-d/share/ament_index/resource_index/packages/grampc-d
-- Up-to-date: /home/ubuntu/UAV_ws/install/grampc-d/share/grampc-d/cmake/grampcdExport.cmake
-- Installing: /home/ubuntu/UAV_ws/install/grampc-d/share/grampc-d/cmake/grampcdExport-noconfig.cmake
-- Up-to-date: /home/ubuntu/UAV_ws/install/grampc-d/share/grampc-d/cmake/ament_cmake_export_targets-extras.cmake
-- Up-to-date: /home/ubuntu/UAV_ws/install/grampc-d/share/grampc-d/cmake/grampc-dConfig.cmake
-- Up-to-date: /home/ubuntu/UAV_ws/install/grampc-d/share/grampc-d/cmake/grampc-dConfig-version.cmake
-- Up-to-date: /home/ubuntu/UAV_ws/install/grampc-d/share/grampc-d/package.xml
