[  5%] Built target common_msgs__cpp
[ 12%] Built target common_msgs__rosidl_generator_c
[ 12%] Built target ament_cmake_python_symlink_common_msgs
[ 47%] Built target common_msgs__rosidl_typesupport_c
[ 47%] Built target common_msgs__rosidl_typesupport_introspection_c
[ 47%] Built target common_msgs__rosidl_typesupport_introspection_cpp
[ 56%] Built target common_msgs__rosidl_typesupport_fastrtps_c
[ 78%] Built target common_msgs__rosidl_typesupport_fastrtps_cpp
[ 78%] Built target common_msgs__rosidl_typesupport_cpp
[ 78%] Built target common_msgs
[ 80%] Built target common_msgs__py
[ 89%] Built target common_msgs__rosidl_generator_py
[100%] Built target common_msgs__rosidl_typesupport_fastrtps_c__pyext
[100%] Built target common_msgs__rosidl_typesupport_c__pyext
[100%] Built target common_msgs__rosidl_typesupport_introspection_c__pyext
running egg_info
writing common_msgs.egg-info/PKG-INFO
writing dependency_links to common_msgs.egg-info/dependency_links.txt
writing top-level names to common_msgs.egg-info/top_level.txt
reading manifest file 'common_msgs.egg-info/SOURCES.txt'
writing manifest file 'common_msgs.egg-info/SOURCES.txt'
[100%] Built target ament_cmake_python_build_common_msgs_egg
-- Install configuration: "Debug"
-- Execute custom install script
-- Up-to-date symlink: /home/evan/UAV_ws/install/common_msgs/share/ament_index/resource_index/rosidl_interfaces/common_msgs
-- Up-to-date symlink: /home/evan/UAV_ws/install/common_msgs/include/common_msgs/common_msgs/msg/detail/input__functions.h
-- Up-to-date symlink: /home/evan/UAV_ws/install/common_msgs/include/common_msgs/common_msgs/msg/detail/input__struct.h
-- Up-to-date symlink: /home/evan/UAV_ws/install/common_msgs/include/common_msgs/common_msgs/msg/detail/input__type_support.h
-- Up-to-date symlink: /home/evan/UAV_ws/install/common_msgs/include/common_msgs/common_msgs/msg/detail/state__functions.h
-- Up-to-date symlink: /home/evan/UAV_ws/install/common_msgs/include/common_msgs/common_msgs/msg/detail/state__struct.h
-- Up-to-date symlink: /home/evan/UAV_ws/install/common_msgs/include/common_msgs/common_msgs/msg/detail/state__type_support.h
-- Up-to-date symlink: /home/evan/UAV_ws/install/common_msgs/include/common_msgs/common_msgs/msg/detail/u_traj__functions.h
-- Up-to-date symlink: /home/evan/UAV_ws/install/common_msgs/include/common_msgs/common_msgs/msg/detail/u_traj__struct.h
-- Up-to-date symlink: /home/evan/UAV_ws/install/common_msgs/include/common_msgs/common_msgs/msg/detail/u_traj__type_support.h
-- Up-to-date symlink: /home/evan/UAV_ws/install/common_msgs/include/common_msgs/common_msgs/msg/detail/x_traj__functions.h
-- Up-to-date symlink: /home/evan/UAV_ws/install/common_msgs/include/common_msgs/common_msgs/msg/detail/x_traj__struct.h
-- Up-to-date symlink: /home/evan/UAV_ws/install/common_msgs/include/common_msgs/common_msgs/msg/detail/x_traj__type_support.h
-- Up-to-date symlink: /home/evan/UAV_ws/install/common_msgs/include/common_msgs/common_msgs/msg/input.h
-- Up-to-date symlink: /home/evan/UAV_ws/install/common_msgs/include/common_msgs/common_msgs/msg/rosidl_generator_c__visibility_control.h
-- Up-to-date symlink: /home/evan/UAV_ws/install/common_msgs/include/common_msgs/common_msgs/msg/state.h
-- Up-to-date symlink: /home/evan/UAV_ws/install/common_msgs/include/common_msgs/common_msgs/msg/u_traj.h
-- Up-to-date symlink: /home/evan/UAV_ws/install/common_msgs/include/common_msgs/common_msgs/msg/x_traj.h
-- Up-to-date symlink: /home/evan/UAV_ws/install/common_msgs/share/common_msgs/environment/library_path.sh
-- Up-to-date symlink: /home/evan/UAV_ws/install/common_msgs/share/common_msgs/environment/library_path.dsv
-- Up-to-date symlink: /home/evan/UAV_ws/install/common_msgs/include/common_msgs/common_msgs/msg/detail/input__rosidl_typesupport_fastrtps_c.h
-- Up-to-date symlink: /home/evan/UAV_ws/install/common_msgs/include/common_msgs/common_msgs/msg/detail/state__rosidl_typesupport_fastrtps_c.h
-- Up-to-date symlink: /home/evan/UAV_ws/install/common_msgs/include/common_msgs/common_msgs/msg/detail/u_traj__rosidl_typesupport_fastrtps_c.h
-- Up-to-date symlink: /home/evan/UAV_ws/install/common_msgs/include/common_msgs/common_msgs/msg/detail/x_traj__rosidl_typesupport_fastrtps_c.h
-- Up-to-date symlink: /home/evan/UAV_ws/install/common_msgs/include/common_msgs/common_msgs/msg/rosidl_typesupport_fastrtps_c__visibility_control.h
-- Up-to-date symlink: /home/evan/UAV_ws/install/common_msgs/include/common_msgs/common_msgs/msg/detail/input__builder.hpp
-- Up-to-date symlink: /home/evan/UAV_ws/install/common_msgs/include/common_msgs/common_msgs/msg/detail/input__struct.hpp
-- Up-to-date symlink: /home/evan/UAV_ws/install/common_msgs/include/common_msgs/common_msgs/msg/detail/input__traits.hpp
-- Up-to-date symlink: /home/evan/UAV_ws/install/common_msgs/include/common_msgs/common_msgs/msg/detail/state__builder.hpp
-- Up-to-date symlink: /home/evan/UAV_ws/install/common_msgs/include/common_msgs/common_msgs/msg/detail/state__struct.hpp
-- Up-to-date symlink: /home/evan/UAV_ws/install/common_msgs/include/common_msgs/common_msgs/msg/detail/state__traits.hpp
-- Up-to-date symlink: /home/evan/UAV_ws/install/common_msgs/include/common_msgs/common_msgs/msg/detail/u_traj__builder.hpp
-- Up-to-date symlink: /home/evan/UAV_ws/install/common_msgs/include/common_msgs/common_msgs/msg/detail/u_traj__struct.hpp
-- Up-to-date symlink: /home/evan/UAV_ws/install/common_msgs/include/common_msgs/common_msgs/msg/detail/u_traj__traits.hpp
-- Up-to-date symlink: /home/evan/UAV_ws/install/common_msgs/include/common_msgs/common_msgs/msg/detail/x_traj__builder.hpp
-- Up-to-date symlink: /home/evan/UAV_ws/install/common_msgs/include/common_msgs/common_msgs/msg/detail/x_traj__struct.hpp
-- Up-to-date symlink: /home/evan/UAV_ws/install/common_msgs/include/common_msgs/common_msgs/msg/detail/x_traj__traits.hpp
-- Up-to-date symlink: /home/evan/UAV_ws/install/common_msgs/include/common_msgs/common_msgs/msg/input.hpp
-- Up-to-date symlink: /home/evan/UAV_ws/install/common_msgs/include/common_msgs/common_msgs/msg/state.hpp
-- Up-to-date symlink: /home/evan/UAV_ws/install/common_msgs/include/common_msgs/common_msgs/msg/u_traj.hpp
-- Up-to-date symlink: /home/evan/UAV_ws/install/common_msgs/include/common_msgs/common_msgs/msg/x_traj.hpp
-- Up-to-date symlink: /home/evan/UAV_ws/install/common_msgs/include/common_msgs/common_msgs/msg/detail/input__rosidl_typesupport_fastrtps_cpp.hpp
-- Up-to-date symlink: /home/evan/UAV_ws/install/common_msgs/include/common_msgs/common_msgs/msg/detail/state__rosidl_typesupport_fastrtps_cpp.hpp
-- Up-to-date symlink: /home/evan/UAV_ws/install/common_msgs/include/common_msgs/common_msgs/msg/detail/u_traj__rosidl_typesupport_fastrtps_cpp.hpp
-- Up-to-date symlink: /home/evan/UAV_ws/install/common_msgs/include/common_msgs/common_msgs/msg/detail/x_traj__rosidl_typesupport_fastrtps_cpp.hpp
-- Up-to-date symlink: /home/evan/UAV_ws/install/common_msgs/include/common_msgs/common_msgs/msg/rosidl_typesupport_fastrtps_cpp__visibility_control.h
-- Up-to-date symlink: /home/evan/UAV_ws/install/common_msgs/include/common_msgs/common_msgs/msg/detail/input__rosidl_typesupport_introspection_c.h
-- Up-to-date symlink: /home/evan/UAV_ws/install/common_msgs/include/common_msgs/common_msgs/msg/detail/state__rosidl_typesupport_introspection_c.h
-- Up-to-date symlink: /home/evan/UAV_ws/install/common_msgs/include/common_msgs/common_msgs/msg/detail/u_traj__rosidl_typesupport_introspection_c.h
-- Up-to-date symlink: /home/evan/UAV_ws/install/common_msgs/include/common_msgs/common_msgs/msg/detail/x_traj__rosidl_typesupport_introspection_c.h
-- Up-to-date symlink: /home/evan/UAV_ws/install/common_msgs/include/common_msgs/common_msgs/msg/rosidl_typesupport_introspection_c__visibility_control.h
-- Up-to-date symlink: /home/evan/UAV_ws/install/common_msgs/include/common_msgs/common_msgs/msg/detail/input__rosidl_typesupport_introspection_cpp.hpp
-- Up-to-date symlink: /home/evan/UAV_ws/install/common_msgs/include/common_msgs/common_msgs/msg/detail/state__rosidl_typesupport_introspection_cpp.hpp
-- Up-to-date symlink: /home/evan/UAV_ws/install/common_msgs/include/common_msgs/common_msgs/msg/detail/u_traj__rosidl_typesupport_introspection_cpp.hpp
-- Up-to-date symlink: /home/evan/UAV_ws/install/common_msgs/include/common_msgs/common_msgs/msg/detail/x_traj__rosidl_typesupport_introspection_cpp.hpp
-- Up-to-date symlink: /home/evan/UAV_ws/install/common_msgs/share/common_msgs/environment/pythonpath.sh
-- Up-to-date symlink: /home/evan/UAV_ws/install/common_msgs/share/common_msgs/environment/pythonpath.dsv
-- Up-to-date symlink: /home/evan/UAV_ws/install/common_msgs/local/lib/python3.10/dist-packages/common_msgs-0.0.0-py3.10.egg-info/PKG-INFO
-- Up-to-date symlink: /home/evan/UAV_ws/install/common_msgs/local/lib/python3.10/dist-packages/common_msgs-0.0.0-py3.10.egg-info/SOURCES.txt
-- Up-to-date symlink: /home/evan/UAV_ws/install/common_msgs/local/lib/python3.10/dist-packages/common_msgs-0.0.0-py3.10.egg-info/dependency_links.txt
-- Up-to-date symlink: /home/evan/UAV_ws/install/common_msgs/local/lib/python3.10/dist-packages/common_msgs-0.0.0-py3.10.egg-info/top_level.txt
-- Up-to-date symlink: /home/evan/UAV_ws/install/common_msgs/local/lib/python3.10/dist-packages/common_msgs/__init__.py
-- Up-to-date symlink: /home/evan/UAV_ws/install/common_msgs/local/lib/python3.10/dist-packages/common_msgs/_common_msgs_s.ep.rosidl_typesupport_c.c
-- Up-to-date symlink: /home/evan/UAV_ws/install/common_msgs/local/lib/python3.10/dist-packages/common_msgs/_common_msgs_s.ep.rosidl_typesupport_fastrtps_c.c
-- Up-to-date symlink: /home/evan/UAV_ws/install/common_msgs/local/lib/python3.10/dist-packages/common_msgs/_common_msgs_s.ep.rosidl_typesupport_introspection_c.c
-- Up-to-date symlink: /home/evan/UAV_ws/install/common_msgs/local/lib/python3.10/dist-packages/common_msgs/common_msgs_s__rosidl_typesupport_c.cpython-310-x86_64-linux-gnu.so
-- Up-to-date symlink: /home/evan/UAV_ws/install/common_msgs/local/lib/python3.10/dist-packages/common_msgs/common_msgs_s__rosidl_typesupport_fastrtps_c.cpython-310-x86_64-linux-gnu.so
-- Up-to-date symlink: /home/evan/UAV_ws/install/common_msgs/local/lib/python3.10/dist-packages/common_msgs/common_msgs_s__rosidl_typesupport_introspection_c.cpython-310-x86_64-linux-gnu.so
-- Up-to-date symlink: /home/evan/UAV_ws/install/common_msgs/local/lib/python3.10/dist-packages/common_msgs/libcommon_msgs__rosidl_generator_py.so
-- Up-to-date symlink: /home/evan/UAV_ws/install/common_msgs/local/lib/python3.10/dist-packages/common_msgs/msg/__init__.py
-- Up-to-date symlink: /home/evan/UAV_ws/install/common_msgs/local/lib/python3.10/dist-packages/common_msgs/msg/_input.py
-- Up-to-date symlink: /home/evan/UAV_ws/install/common_msgs/local/lib/python3.10/dist-packages/common_msgs/msg/_input_s.c
-- Up-to-date symlink: /home/evan/UAV_ws/install/common_msgs/local/lib/python3.10/dist-packages/common_msgs/msg/_state.py
-- Up-to-date symlink: /home/evan/UAV_ws/install/common_msgs/local/lib/python3.10/dist-packages/common_msgs/msg/_state_s.c
-- Up-to-date symlink: /home/evan/UAV_ws/install/common_msgs/local/lib/python3.10/dist-packages/common_msgs/msg/_u_traj.py
-- Up-to-date symlink: /home/evan/UAV_ws/install/common_msgs/local/lib/python3.10/dist-packages/common_msgs/msg/_u_traj_s.c
-- Up-to-date symlink: /home/evan/UAV_ws/install/common_msgs/local/lib/python3.10/dist-packages/common_msgs/msg/_x_traj.py
-- Up-to-date symlink: /home/evan/UAV_ws/install/common_msgs/local/lib/python3.10/dist-packages/common_msgs/msg/_x_traj_s.c
-- Up-to-date symlink: /home/evan/UAV_ws/install/common_msgs/local/lib/python3.10/dist-packages/common_msgs/common_msgs_s__rosidl_typesupport_fastrtps_c.cpython-310-x86_64-linux-gnu.so
-- Up-to-date symlink: /home/evan/UAV_ws/install/common_msgs/local/lib/python3.10/dist-packages/common_msgs/common_msgs_s__rosidl_typesupport_introspection_c.cpython-310-x86_64-linux-gnu.so
-- Up-to-date symlink: /home/evan/UAV_ws/install/common_msgs/local/lib/python3.10/dist-packages/common_msgs/common_msgs_s__rosidl_typesupport_c.cpython-310-x86_64-linux-gnu.so
-- Up-to-date symlink: /home/evan/UAV_ws/install/common_msgs/share/common_msgs/msg/XTraj.idl
-- Up-to-date symlink: /home/evan/UAV_ws/install/common_msgs/share/common_msgs/msg/UTraj.idl
-- Up-to-date symlink: /home/evan/UAV_ws/install/common_msgs/share/common_msgs/msg/State.idl
-- Up-to-date symlink: /home/evan/UAV_ws/install/common_msgs/share/common_msgs/msg/Input.idl
-- Up-to-date symlink: /home/evan/UAV_ws/install/common_msgs/share/common_msgs/msg/XTraj.msg
-- Up-to-date symlink: /home/evan/UAV_ws/install/common_msgs/share/common_msgs/msg/UTraj.msg
-- Up-to-date symlink: /home/evan/UAV_ws/install/common_msgs/share/common_msgs/msg/State.msg
-- Up-to-date symlink: /home/evan/UAV_ws/install/common_msgs/share/common_msgs/msg/Input.msg
-- Up-to-date symlink: /home/evan/UAV_ws/install/common_msgs/share/ament_index/resource_index/package_run_dependencies/common_msgs
-- Up-to-date symlink: /home/evan/UAV_ws/install/common_msgs/share/ament_index/resource_index/parent_prefix_path/common_msgs
-- Up-to-date symlink: /home/evan/UAV_ws/install/common_msgs/share/common_msgs/environment/ament_prefix_path.sh
-- Up-to-date symlink: /home/evan/UAV_ws/install/common_msgs/share/common_msgs/environment/ament_prefix_path.dsv
-- Up-to-date symlink: /home/evan/UAV_ws/install/common_msgs/share/common_msgs/environment/path.sh
-- Up-to-date symlink: /home/evan/UAV_ws/install/common_msgs/share/common_msgs/environment/path.dsv
-- Up-to-date symlink: /home/evan/UAV_ws/install/common_msgs/share/common_msgs/local_setup.bash
-- Up-to-date symlink: /home/evan/UAV_ws/install/common_msgs/share/common_msgs/local_setup.sh
-- Up-to-date symlink: /home/evan/UAV_ws/install/common_msgs/share/common_msgs/local_setup.zsh
-- Up-to-date symlink: /home/evan/UAV_ws/install/common_msgs/share/common_msgs/local_setup.dsv
-- Symlinking: /home/evan/UAV_ws/install/common_msgs/share/common_msgs/package.dsv
-- Up-to-date symlink: /home/evan/UAV_ws/install/common_msgs/share/ament_index/resource_index/packages/common_msgs
-- Up-to-date symlink: /home/evan/UAV_ws/install/common_msgs/share/common_msgs/cmake/rosidl_cmake-extras.cmake
-- Up-to-date symlink: /home/evan/UAV_ws/install/common_msgs/share/common_msgs/cmake/ament_cmake_export_include_directories-extras.cmake
-- Up-to-date symlink: /home/evan/UAV_ws/install/common_msgs/share/common_msgs/cmake/ament_cmake_export_libraries-extras.cmake
-- Up-to-date symlink: /home/evan/UAV_ws/install/common_msgs/share/common_msgs/cmake/ament_cmake_export_targets-extras.cmake
-- Up-to-date symlink: /home/evan/UAV_ws/install/common_msgs/share/common_msgs/cmake/rosidl_cmake_export_typesupport_targets-extras.cmake
-- Up-to-date symlink: /home/evan/UAV_ws/install/common_msgs/share/common_msgs/cmake/ament_cmake_export_dependencies-extras.cmake
-- Up-to-date symlink: /home/evan/UAV_ws/install/common_msgs/share/common_msgs/cmake/rosidl_cmake_export_typesupport_libraries-extras.cmake
-- Up-to-date symlink: /home/evan/UAV_ws/install/common_msgs/share/common_msgs/cmake/common_msgsConfig.cmake
-- Up-to-date symlink: /home/evan/UAV_ws/install/common_msgs/share/common_msgs/cmake/common_msgsConfig-version.cmake
-- Up-to-date symlink: /home/evan/UAV_ws/install/common_msgs/share/common_msgs/package.xml
-- Up-to-date: /home/evan/UAV_ws/install/common_msgs/lib/libcommon_msgs__rosidl_generator_c.so
-- Up-to-date: /home/evan/UAV_ws/install/common_msgs/lib/libcommon_msgs__rosidl_typesupport_fastrtps_c.so
-- Up-to-date: /home/evan/UAV_ws/install/common_msgs/lib/libcommon_msgs__rosidl_typesupport_fastrtps_cpp.so
-- Up-to-date: /home/evan/UAV_ws/install/common_msgs/lib/libcommon_msgs__rosidl_typesupport_introspection_c.so
-- Up-to-date: /home/evan/UAV_ws/install/common_msgs/lib/libcommon_msgs__rosidl_typesupport_c.so
-- Up-to-date: /home/evan/UAV_ws/install/common_msgs/lib/libcommon_msgs__rosidl_typesupport_introspection_cpp.so
-- Up-to-date: /home/evan/UAV_ws/install/common_msgs/lib/libcommon_msgs__rosidl_typesupport_cpp.so
Listing '/home/evan/UAV_ws/install/common_msgs/local/lib/python3.10/dist-packages/common_msgs'...
Listing '/home/evan/UAV_ws/install/common_msgs/local/lib/python3.10/dist-packages/common_msgs/msg'...
-- Up-to-date: /home/evan/UAV_ws/install/common_msgs/lib/libcommon_msgs__rosidl_generator_py.so
-- Up-to-date: /home/evan/UAV_ws/install/common_msgs/share/common_msgs/cmake/export_common_msgs__rosidl_generator_cExport.cmake
-- Up-to-date: /home/evan/UAV_ws/install/common_msgs/share/common_msgs/cmake/export_common_msgs__rosidl_generator_cExport-debug.cmake
-- Up-to-date: /home/evan/UAV_ws/install/common_msgs/share/common_msgs/cmake/export_common_msgs__rosidl_typesupport_fastrtps_cExport.cmake
-- Up-to-date: /home/evan/UAV_ws/install/common_msgs/share/common_msgs/cmake/export_common_msgs__rosidl_typesupport_fastrtps_cExport-debug.cmake
-- Up-to-date: /home/evan/UAV_ws/install/common_msgs/share/common_msgs/cmake/export_common_msgs__rosidl_generator_cppExport.cmake
-- Up-to-date: /home/evan/UAV_ws/install/common_msgs/share/common_msgs/cmake/export_common_msgs__rosidl_typesupport_fastrtps_cppExport.cmake
-- Up-to-date: /home/evan/UAV_ws/install/common_msgs/share/common_msgs/cmake/export_common_msgs__rosidl_typesupport_fastrtps_cppExport-debug.cmake
-- Up-to-date: /home/evan/UAV_ws/install/common_msgs/share/common_msgs/cmake/common_msgs__rosidl_typesupport_introspection_cExport.cmake
-- Up-to-date: /home/evan/UAV_ws/install/common_msgs/share/common_msgs/cmake/common_msgs__rosidl_typesupport_introspection_cExport-debug.cmake
-- Up-to-date: /home/evan/UAV_ws/install/common_msgs/share/common_msgs/cmake/common_msgs__rosidl_typesupport_cExport.cmake
-- Up-to-date: /home/evan/UAV_ws/install/common_msgs/share/common_msgs/cmake/common_msgs__rosidl_typesupport_cExport-debug.cmake
-- Up-to-date: /home/evan/UAV_ws/install/common_msgs/share/common_msgs/cmake/common_msgs__rosidl_typesupport_introspection_cppExport.cmake
-- Up-to-date: /home/evan/UAV_ws/install/common_msgs/share/common_msgs/cmake/common_msgs__rosidl_typesupport_introspection_cppExport-debug.cmake
-- Up-to-date: /home/evan/UAV_ws/install/common_msgs/share/common_msgs/cmake/common_msgs__rosidl_typesupport_cppExport.cmake
-- Up-to-date: /home/evan/UAV_ws/install/common_msgs/share/common_msgs/cmake/common_msgs__rosidl_typesupport_cppExport-debug.cmake
-- Up-to-date: /home/evan/UAV_ws/install/common_msgs/share/common_msgs/cmake/export_common_msgs__rosidl_generator_pyExport.cmake
-- Up-to-date: /home/evan/UAV_ws/install/common_msgs/share/common_msgs/cmake/export_common_msgs__rosidl_generator_pyExport-debug.cmake
