-- The C compiler identification is GNU 11.4.0
-- The CXX compiler identification is GNU 11.4.0
-- Detecting C compiler ABI info
-- Detecting C compiler ABI info - done
-- Check for working C compiler: /usr/bin/cc - skipped
-- Detecting C compile features
-- Detecting C compile features - done
-- Detecting CXX compiler ABI info
-- Detecting CXX compiler ABI info - done
-- Check for working CXX compiler: /usr/bin/c++ - skipped
-- Detecting CXX compile features
-- Detecting CXX compile features - done
-- Found ament_cmake: 1.3.7 (/opt/ros/humble/share/ament_cmake/cmake)
-- Found Python3: /usr/bin/python3.10 (found version "3.10.12") found components: Interpreter 
-- Override CMake install command with custom implementation using symlinks instead of copying resources
-- Found rclcpp: 16.0.8 (/opt/ros/humble/share/rclcpp/cmake)
-- Found rosidl_generator_c: 3.1.5 (/opt/ros/humble/share/rosidl_generator_c/cmake)
-- Found rosidl_adapter: 3.1.5 (/opt/ros/humble/share/rosidl_adapter/cmake)
-- Found rosidl_generator_cpp: 3.1.5 (/opt/ros/humble/share/rosidl_generator_cpp/cmake)
-- Using all available rosidl_typesupport_c: rosidl_typesupport_fastrtps_c;rosidl_typesupport_introspection_c
-- Using all available rosidl_typesupport_cpp: rosidl_typesupport_fastrtps_cpp;rosidl_typesupport_introspection_cpp
-- Found rmw_implementation_cmake: 6.1.1 (/opt/ros/humble/share/rmw_implementation_cmake/cmake)
-- Found rmw_fastrtps_cpp: 6.2.6 (/opt/ros/humble/share/rmw_fastrtps_cpp/cmake)
-- Found OpenSSL: /usr/lib/x86_64-linux-gnu/libcrypto.so (found version "3.0.2")  
-- Found FastRTPS: /opt/ros/humble/include  
-- Using RMW implementation 'rmw_fastrtps_cpp' as default
-- Looking for pthread.h
-- Looking for pthread.h - found
-- Performing Test CMAKE_HAVE_LIBC_PTHREAD
-- Performing Test CMAKE_HAVE_LIBC_PTHREAD - Success
-- Found Threads: TRUE  
-- Found libs: 0.0.0 (/home/evan/UAV_ws/install/libs/share/libs/cmake)
-- Found ament_lint_auto: 0.12.10 (/opt/ros/humble/share/ament_lint_auto/cmake)
-- Added test 'cppcheck' to perform static code analysis on C / C++ code
-- Configured cppcheck include dirs: $<BUILD_INTERFACE:/home/evan/UAV_ws/src/grampc-d/include>
-- Configured cppcheck exclude dirs and/or files: 
-- Added test 'lint_cmake' to check CMake code style
-- Added test 'uncrustify' to check C / C++ code style
-- Configured uncrustify additional arguments: 
-- Added test 'xmllint' to check XML markup files
-- Configuring done
-- Generating done
-- Build files have been written to: /home/evan/UAV_ws/build/grampc-d
[  8%] [32mBuilding CXX object CMakeFiles/grampcd.dir/src/simulator/simulator.cpp.o[0m
[ 14%] [32mBuilding CXX object CMakeFiles/grampcd.dir/src/agent/agent.cpp.o[0m
[ 14%] [32mBuilding CXX object CMakeFiles/grampcd.dir/src/interface/interface.cpp.o[0m
[ 17%] [32mBuilding CXX object CMakeFiles/grampcd.dir/src/comm/communication_interface.cpp.o[0m
[ 17%] [32mBuilding CXX object CMakeFiles/grampcd.dir/src/coord/coordinator.cpp.o[0m
[ 20%] [32mBuilding CXX object CMakeFiles/grampcd.dir/src/interface/dmpc_interface.cpp.o[0m
[ 20%] [32mBuilding CXX object CMakeFiles/grampcd.dir/src/agent/neighbor.cpp.o[0m
[ 22%] [32mBuilding CXX object CMakeFiles/grampcd.dir/src/comm/communication_interface_local.cpp.o[0m
[ 25%] [32mBuilding CXX object CMakeFiles/grampcd.dir/src/comm/message_handler.cpp.o[0m
[ 28%] [32mBuilding CXX object CMakeFiles/grampcd.dir/src/comm/communication_interface_central.cpp.o[0m
[ 31%] [32mBuilding CXX object CMakeFiles/grampcd.dir/src/comm/message.cpp.o[0m
[ 40%] [32mBuilding CXX object CMakeFiles/grampcd.dir/src/model/agent_model.cpp.o[0m
[ 40%] [32mBuilding CXX object CMakeFiles/grampcd.dir/src/comm/message_definition.cpp.o[0m
[ 42%] [32mBuilding CXX object CMakeFiles/grampcd.dir/src/model/coupling_model.cpp.o[0m
[ 40%] [32mBuilding CXX object CMakeFiles/grampcd.dir/src/model/model_factory.cpp.o[0m
[ 45%] [32mBuilding CXX object CMakeFiles/grampcd.dir/src/optim/optim_util.cpp.o[0m
[ 48%] [32mBuilding CXX object CMakeFiles/grampcd.dir/src/util/logging.cpp.o[0m
[ 51%] [32mBuilding CXX object CMakeFiles/grampcd.dir/src/util/data_conversion.cpp.o[0m
[ 54%] [32mBuilding CXX object CMakeFiles/grampcd.dir/src/optim/solver_central.cpp.o[0m
[ 57%] [32mBuilding CXX object CMakeFiles/grampcd.dir/src/optim/solution.cpp.o[0m
[ 60%] [32mBuilding CXX object CMakeFiles/grampcd.dir/src/optim/solver_local.cpp.o[0m
[ 62%] [32mBuilding CXX object CMakeFiles/grampcd.dir/src/optim/solver_local_admm.cpp.o[0m
[ 65%] [32mBuilding CXX object CMakeFiles/grampcd.dir/src/optim/solver_local_sensi.cpp.o[0m
[ 68%] [32mBuilding CXX object CMakeFiles/grampcd.dir/src/optim/problem_description_central.cpp.o[0m
[ 71%] [32mBuilding CXX object CMakeFiles/grampcd.dir/src/optim/problem_description_local_default.cpp.o[0m
[ 74%] [32mBuilding CXX object CMakeFiles/grampcd.dir/src/optim/problem_description_local_neighbor_approximation.cpp.o[0m
[ 77%] [32mBuilding CXX object CMakeFiles/grampcd.dir/src/optim/problem_description_local_sensi.cpp.o[0m
[ 80%] [32mBuilding CXX object CMakeFiles/grampcd.dir/src/optim/approximate_neighbor.cpp.o[0m
[ 82%] [32mBuilding CXX object CMakeFiles/grampcd.dir/src/util/auto_tune.cpp.o[0m
[ 85%] [32mBuilding CXX object CMakeFiles/grampcd.dir/src/agent/step_selector.cpp.o[0m
[ 88%] [32mBuilding CXX object CMakeFiles/grampcd.dir/src/agent/sync_step_selector.cpp.o[0m
[ 91%] [32mBuilding CXX object CMakeFiles/grampcd.dir/src/agent/async_step_selector.cpp.o[0m
[ 94%] [32mBuilding CXX object CMakeFiles/grampcd.dir/src/general_model_factory.cpp.o[0m
[ 97%] [32mBuilding CXX object CMakeFiles/grampcd.dir/src/UAV_agent_model.cpp.o[0m
[100%] [32m[1mLinking CXX static library libgrampcd.a[0m
[100%] Built target grampcd
-- Install configuration: "Debug"
-- Execute custom install script
-- Symlinking: /home/evan/UAV_ws/install/grampc-d/share/grampc-d/environment/library_path.sh
-- Symlinking: /home/evan/UAV_ws/install/grampc-d/share/grampc-d/environment/library_path.dsv
-- Symlinking: /home/evan/UAV_ws/install/grampc-d/include/grampcd/UAV_agent_model.hpp
-- Symlinking: /home/evan/UAV_ws/install/grampc-d/include/grampcd/agent/agent.hpp
-- Symlinking: /home/evan/UAV_ws/install/grampc-d/include/grampcd/agent/async_step_selector.hpp
-- Symlinking: /home/evan/UAV_ws/install/grampc-d/include/grampcd/agent/neighbor.hpp
-- Symlinking: /home/evan/UAV_ws/install/grampc-d/include/grampcd/agent/step_selector.hpp
-- Symlinking: /home/evan/UAV_ws/install/grampc-d/include/grampcd/agent/sync_step_selector.hpp
-- Symlinking: /home/evan/UAV_ws/install/grampc-d/include/grampcd/comm/communication_interface.hpp
-- Symlinking: /home/evan/UAV_ws/install/grampc-d/include/grampcd/comm/communication_interface_central.hpp
-- Symlinking: /home/evan/UAV_ws/install/grampc-d/include/grampcd/comm/communication_interface_local.hpp
-- Symlinking: /home/evan/UAV_ws/install/grampc-d/include/grampcd/comm/message.hpp
-- Symlinking: /home/evan/UAV_ws/install/grampc-d/include/grampcd/comm/message_handler.hpp
-- Symlinking: /home/evan/UAV_ws/install/grampc-d/include/grampcd/coord/coordinator.hpp
-- Symlinking: /home/evan/UAV_ws/install/grampc-d/include/grampcd/general_model_factory.hpp
-- Symlinking: /home/evan/UAV_ws/install/grampc-d/include/grampcd/info/agent_info.hpp
-- Symlinking: /home/evan/UAV_ws/install/grampc-d/include/grampcd/info/communication_data.hpp
-- Symlinking: /home/evan/UAV_ws/install/grampc-d/include/grampcd/info/communication_info.hpp
-- Symlinking: /home/evan/UAV_ws/install/grampc-d/include/grampcd/info/coupling_info.hpp
-- Symlinking: /home/evan/UAV_ws/install/grampc-d/include/grampcd/info/optimization_info.hpp
-- Symlinking: /home/evan/UAV_ws/install/grampc-d/include/grampcd/info/tuning_info.hpp
-- Symlinking: /home/evan/UAV_ws/install/grampc-d/include/grampcd/interface/dmpc_interface.hpp
-- Symlinking: /home/evan/UAV_ws/install/grampc-d/include/grampcd/interface/interface.hpp
-- Symlinking: /home/evan/UAV_ws/install/grampc-d/include/grampcd/interface/python_interface.hpp
-- Symlinking: /home/evan/UAV_ws/install/grampc-d/include/grampcd/model/agent_model.hpp
-- Symlinking: /home/evan/UAV_ws/install/grampc-d/include/grampcd/model/coupling_model.hpp
-- Symlinking: /home/evan/UAV_ws/install/grampc-d/include/grampcd/model/model_factory.hpp
-- Symlinking: /home/evan/UAV_ws/install/grampc-d/include/grampcd/optim/approximate_neighbor.hpp
-- Symlinking: /home/evan/UAV_ws/install/grampc-d/include/grampcd/optim/optim_util.hpp
-- Symlinking: /home/evan/UAV_ws/install/grampc-d/include/grampcd/optim/problem_description_central.hpp
-- Symlinking: /home/evan/UAV_ws/install/grampc-d/include/grampcd/optim/problem_description_local_default.hpp
-- Symlinking: /home/evan/UAV_ws/install/grampc-d/include/grampcd/optim/problem_description_local_neighbor_approximation.hpp
-- Symlinking: /home/evan/UAV_ws/install/grampc-d/include/grampcd/optim/problem_description_local_sensi.hpp
-- Symlinking: /home/evan/UAV_ws/install/grampc-d/include/grampcd/optim/solution.hpp
-- Symlinking: /home/evan/UAV_ws/install/grampc-d/include/grampcd/optim/solver_central.hpp
-- Symlinking: /home/evan/UAV_ws/install/grampc-d/include/grampcd/optim/solver_local.hpp
-- Symlinking: /home/evan/UAV_ws/install/grampc-d/include/grampcd/optim/solver_local_admm.hpp
-- Symlinking: /home/evan/UAV_ws/install/grampc-d/include/grampcd/optim/solver_local_sensi.hpp
-- Symlinking: /home/evan/UAV_ws/install/grampc-d/include/grampcd/simulator/simulator.hpp
-- Symlinking: /home/evan/UAV_ws/install/grampc-d/include/grampcd/state/agent_state.hpp
-- Symlinking: /home/evan/UAV_ws/install/grampc-d/include/grampcd/state/constraint_state.hpp
-- Symlinking: /home/evan/UAV_ws/install/grampc-d/include/grampcd/state/coupling_state.hpp
-- Symlinking: /home/evan/UAV_ws/install/grampc-d/include/grampcd/state/multiplier_state.hpp
-- Symlinking: /home/evan/UAV_ws/install/grampc-d/include/grampcd/state/penalty_state.hpp
-- Symlinking: /home/evan/UAV_ws/install/grampc-d/include/grampcd/state/sensi_state.hpp
-- Symlinking: /home/evan/UAV_ws/install/grampc-d/include/grampcd/util/auto_tune.hpp
-- Symlinking: /home/evan/UAV_ws/install/grampc-d/include/grampcd/util/class_forwarding.hpp
-- Symlinking: /home/evan/UAV_ws/install/grampc-d/include/grampcd/util/constants.hpp
-- Symlinking: /home/evan/UAV_ws/install/grampc-d/include/grampcd/util/data_conversion.hpp
-- Symlinking: /home/evan/UAV_ws/install/grampc-d/include/grampcd/util/logging.hpp
-- Symlinking: /home/evan/UAV_ws/install/grampc-d/include/grampcd/util/types.hpp
-- Symlinking: /home/evan/UAV_ws/install/grampc-d/share/ament_index/resource_index/package_run_dependencies/grampc-d
-- Symlinking: /home/evan/UAV_ws/install/grampc-d/share/ament_index/resource_index/parent_prefix_path/grampc-d
-- Symlinking: /home/evan/UAV_ws/install/grampc-d/share/grampc-d/environment/ament_prefix_path.sh
-- Symlinking: /home/evan/UAV_ws/install/grampc-d/share/grampc-d/environment/ament_prefix_path.dsv
-- Symlinking: /home/evan/UAV_ws/install/grampc-d/share/grampc-d/environment/path.sh
-- Symlinking: /home/evan/UAV_ws/install/grampc-d/share/grampc-d/environment/path.dsv
-- Symlinking: /home/evan/UAV_ws/install/grampc-d/share/grampc-d/local_setup.bash
-- Symlinking: /home/evan/UAV_ws/install/grampc-d/share/grampc-d/local_setup.sh
-- Symlinking: /home/evan/UAV_ws/install/grampc-d/share/grampc-d/local_setup.zsh
-- Symlinking: /home/evan/UAV_ws/install/grampc-d/share/grampc-d/local_setup.dsv
-- Symlinking: /home/evan/UAV_ws/install/grampc-d/share/grampc-d/package.dsv
-- Symlinking: /home/evan/UAV_ws/install/grampc-d/share/ament_index/resource_index/packages/grampc-d
-- Symlinking: /home/evan/UAV_ws/install/grampc-d/share/grampc-d/cmake/ament_cmake_export_targets-extras.cmake
-- Symlinking: /home/evan/UAV_ws/install/grampc-d/share/grampc-d/cmake/grampc-dConfig.cmake
-- Symlinking: /home/evan/UAV_ws/install/grampc-d/share/grampc-d/cmake/grampc-dConfig-version.cmake
-- Symlinking: /home/evan/UAV_ws/install/grampc-d/share/grampc-d/package.xml
-- Installing: /home/evan/UAV_ws/install/grampc-d/lib/libgrampcd.a
-- Installing: /home/evan/UAV_ws/install/grampc-d/share/grampc-d/cmake/grampcdExport.cmake
-- Installing: /home/evan/UAV_ws/install/grampc-d/share/grampc-d/cmake/grampcdExport-debug.cmake
