[0.047s] Invoking command in '/home/evan/UAV_ws/build/uav_launch': CMAKE_PREFIX_PATH=/opt/ros/humble /usr/bin/cmake --build /home/evan/UAV_ws/build/uav_launch -- -j16 -l16
[0.085s] Invoked command in '/home/evan/UAV_ws/build/uav_launch' returned '0': CMAKE_PREFIX_PATH=/opt/ros/humble /usr/bin/cmake --build /home/evan/UAV_ws/build/uav_launch -- -j16 -l16
[0.115s] Invoking command in '/home/evan/UAV_ws/build/uav_launch': CMAKE_PREFIX_PATH=/opt/ros/humble /usr/bin/cmake --install /home/evan/UAV_ws/build/uav_launch
[0.123s] -- Install configuration: "Debug"
[0.124s] -- Execute custom install script
[0.124s] -- Up-to-date symlink: /home/evan/UAV_ws/install/uav_launch/share/uav_launch//launch/uav_launch.py
[0.124s] -- Up-to-date symlink: /home/evan/UAV_ws/install/uav_launch/share/ament_index/resource_index/package_run_dependencies/uav_launch
[0.124s] -- Up-to-date symlink: /home/evan/UAV_ws/install/uav_launch/share/ament_index/resource_index/parent_prefix_path/uav_launch
[0.124s] -- Up-to-date symlink: /home/evan/UAV_ws/install/uav_launch/share/uav_launch/environment/ament_prefix_path.sh
[0.124s] -- Up-to-date symlink: /home/evan/UAV_ws/install/uav_launch/share/uav_launch/environment/ament_prefix_path.dsv
[0.125s] -- Up-to-date symlink: /home/evan/UAV_ws/install/uav_launch/share/uav_launch/environment/path.sh
[0.125s] -- Up-to-date symlink: /home/evan/UAV_ws/install/uav_launch/share/uav_launch/environment/path.dsv
[0.125s] -- Up-to-date symlink: /home/evan/UAV_ws/install/uav_launch/share/uav_launch/local_setup.bash
[0.125s] -- Up-to-date symlink: /home/evan/UAV_ws/install/uav_launch/share/uav_launch/local_setup.sh
[0.125s] -- Up-to-date symlink: /home/evan/UAV_ws/install/uav_launch/share/uav_launch/local_setup.zsh
[0.125s] -- Up-to-date symlink: /home/evan/UAV_ws/install/uav_launch/share/uav_launch/local_setup.dsv
[0.125s] -- Symlinking: /home/evan/UAV_ws/install/uav_launch/share/uav_launch/package.dsv
[0.135s] -- Up-to-date symlink: /home/evan/UAV_ws/install/uav_launch/share/ament_index/resource_index/packages/uav_launch
[0.135s] -- Up-to-date symlink: /home/evan/UAV_ws/install/uav_launch/share/uav_launch/cmake/uav_launchConfig.cmake
[0.135s] -- Up-to-date symlink: /home/evan/UAV_ws/install/uav_launch/share/uav_launch/cmake/uav_launchConfig-version.cmake
[0.135s] -- Up-to-date symlink: /home/evan/UAV_ws/install/uav_launch/share/uav_launch/package.xml
[0.138s] Invoked command in '/home/evan/UAV_ws/build/uav_launch' returned '0': CMAKE_PREFIX_PATH=/opt/ros/humble /usr/bin/cmake --install /home/evan/UAV_ws/build/uav_launch
