[19.438s] DEBUG:colcon:Command line arguments: ['/usr/local/bin/colcon', 'build', '--packages-select', 'uav_launch', '--cmake-clean-cache']
[19.438s] DEBUG:colcon:Parsed command line arguments: Namespace(allow_overriding=[], ament_cmake_args=None, base_paths=['.'], build_base='build', catkin_cmake_args=None, catkin_skip_building_tests=False, cmake_args=None, cmake_clean_cache=True, cmake_clean_first=False, cmake_force_configure=False, cmake_target=None, cmake_target_skip_unavailable=False, continue_on_error=False, event_handlers=None, executor='parallel', ignore_user_meta=False, install_base='install', log_base=None, log_level=None, main=<bound method BuildVerb.main of <colcon_core.verb.build.BuildVerb object at 0xffffab8a41f0>>, merge_install=False, metas=['./colcon.meta'], packages_above=None, packages_above_and_dependencies=None, packages_above_depth=None, packages_end=None, packages_ignore=None, packages_ignore_regex=None, packages_select=['uav_launch'], packages_select_build_failed=False, packages_select_by_dep=None, packages_select_regex=None, packages_select_test_failures=False, packages_skip=None, packages_skip_build_finished=False, packages_skip_by_dep=None, packages_skip_regex=None, packages_skip_test_passed=False, packages_skip_up_to=None, packages_start=None, packages_up_to=None, packages_up_to_regex=None, parallel_workers=4, paths=None, symlink_install=False, test_result_base=None, verb_extension=<colcon_core.verb.build.BuildVerb object at 0xffffab8a41f0>, verb_name='build', verb_parser=<colcon_defaults.argument_parser.defaults.DefaultArgumentsDecorator object at 0xffffab8a4e50>)
[20.294s] Level 1:colcon.colcon_core.package_discovery:discover_packages(colcon_meta) check parameters
[20.294s] Level 1:colcon.colcon_core.package_discovery:discover_packages(recursive) check parameters
[20.294s] Level 1:colcon.colcon_core.package_discovery:discover_packages(ignore) check parameters
[20.294s] Level 1:colcon.colcon_core.package_discovery:discover_packages(path) check parameters
[20.294s] Level 1:colcon.colcon_core.package_discovery:discover_packages(colcon_meta) discover
[20.295s] Level 1:colcon.colcon_core.package_discovery:discover_packages(recursive) discover
[20.295s] INFO:colcon.colcon_core.package_discovery:Crawling recursively for packages in '/home/ubuntu/UAV_ws'
[20.295s] Level 1:colcon.colcon_core.package_identification:_identify(.) by extensions ['ignore', 'ignore_ament_install']
[20.295s] Level 1:colcon.colcon_core.package_identification:_identify(.) by extension 'ignore'
[20.296s] Level 1:colcon.colcon_core.package_identification:_identify(.) by extension 'ignore_ament_install'
[20.296s] Level 1:colcon.colcon_core.package_identification:_identify(.) by extensions ['colcon_pkg']
[20.296s] Level 1:colcon.colcon_core.package_identification:_identify(.) by extension 'colcon_pkg'
[20.296s] Level 1:colcon.colcon_core.package_identification:_identify(.) by extensions ['colcon_meta']
[20.296s] Level 1:colcon.colcon_core.package_identification:_identify(.) by extension 'colcon_meta'
[20.296s] Level 1:colcon.colcon_core.package_identification:_identify(.) by extensions ['ros']
[20.296s] Level 1:colcon.colcon_core.package_identification:_identify(.) by extension 'ros'
[20.350s] Level 1:colcon.colcon_core.package_identification:_identify(.) by extensions ['cmake', 'python']
[20.351s] Level 1:colcon.colcon_core.package_identification:_identify(.) by extension 'cmake'
[20.351s] Level 1:colcon.colcon_core.package_identification:_identify(.) by extension 'python'
[20.351s] Level 1:colcon.colcon_core.package_identification:_identify(.) by extensions ['python_setup_py']
[20.351s] Level 1:colcon.colcon_core.package_identification:_identify(.) by extension 'python_setup_py'
[20.352s] Level 1:colcon.colcon_core.package_identification:_identify(build) by extensions ['ignore', 'ignore_ament_install']
[20.352s] Level 1:colcon.colcon_core.package_identification:_identify(build) by extension 'ignore'
[20.352s] Level 1:colcon.colcon_core.package_identification:_identify(build) ignored
[20.353s] Level 1:colcon.colcon_core.package_identification:_identify(install) by extensions ['ignore', 'ignore_ament_install']
[20.353s] Level 1:colcon.colcon_core.package_identification:_identify(install) by extension 'ignore'
[20.353s] Level 1:colcon.colcon_core.package_identification:_identify(install) ignored
[20.354s] Level 1:colcon.colcon_core.package_identification:_identify(log) by extensions ['ignore', 'ignore_ament_install']
[20.354s] Level 1:colcon.colcon_core.package_identification:_identify(log) by extension 'ignore'
[20.354s] Level 1:colcon.colcon_core.package_identification:_identify(log) ignored
[20.355s] Level 1:colcon.colcon_core.package_identification:_identify(my_bag_folder) by extensions ['ignore', 'ignore_ament_install']
[20.355s] Level 1:colcon.colcon_core.package_identification:_identify(my_bag_folder) by extension 'ignore'
[20.355s] Level 1:colcon.colcon_core.package_identification:_identify(my_bag_folder) by extension 'ignore_ament_install'
[20.355s] Level 1:colcon.colcon_core.package_identification:_identify(my_bag_folder) by extensions ['colcon_pkg']
[20.356s] Level 1:colcon.colcon_core.package_identification:_identify(my_bag_folder) by extension 'colcon_pkg'
[20.356s] Level 1:colcon.colcon_core.package_identification:_identify(my_bag_folder) by extensions ['colcon_meta']
[20.356s] Level 1:colcon.colcon_core.package_identification:_identify(my_bag_folder) by extension 'colcon_meta'
[20.356s] Level 1:colcon.colcon_core.package_identification:_identify(my_bag_folder) by extensions ['ros']
[20.356s] Level 1:colcon.colcon_core.package_identification:_identify(my_bag_folder) by extension 'ros'
[20.356s] Level 1:colcon.colcon_core.package_identification:_identify(my_bag_folder) by extensions ['cmake', 'python']
[20.357s] Level 1:colcon.colcon_core.package_identification:_identify(my_bag_folder) by extension 'cmake'
[20.357s] Level 1:colcon.colcon_core.package_identification:_identify(my_bag_folder) by extension 'python'
[20.357s] Level 1:colcon.colcon_core.package_identification:_identify(my_bag_folder) by extensions ['python_setup_py']
[20.357s] Level 1:colcon.colcon_core.package_identification:_identify(my_bag_folder) by extension 'python_setup_py'
[20.357s] Level 1:colcon.colcon_core.package_identification:_identify(src) by extensions ['ignore', 'ignore_ament_install']
[20.358s] Level 1:colcon.colcon_core.package_identification:_identify(src) by extension 'ignore'
[20.358s] Level 1:colcon.colcon_core.package_identification:_identify(src) by extension 'ignore_ament_install'
[20.358s] Level 1:colcon.colcon_core.package_identification:_identify(src) by extensions ['colcon_pkg']
[20.358s] Level 1:colcon.colcon_core.package_identification:_identify(src) by extension 'colcon_pkg'
[20.358s] Level 1:colcon.colcon_core.package_identification:_identify(src) by extensions ['colcon_meta']
[20.358s] Level 1:colcon.colcon_core.package_identification:_identify(src) by extension 'colcon_meta'
[20.359s] Level 1:colcon.colcon_core.package_identification:_identify(src) by extensions ['ros']
[20.359s] Level 1:colcon.colcon_core.package_identification:_identify(src) by extension 'ros'
[20.359s] Level 1:colcon.colcon_core.package_identification:_identify(src) by extensions ['cmake', 'python']
[20.359s] Level 1:colcon.colcon_core.package_identification:_identify(src) by extension 'cmake'
[20.359s] Level 1:colcon.colcon_core.package_identification:_identify(src) by extension 'python'
[20.359s] Level 1:colcon.colcon_core.package_identification:_identify(src) by extensions ['python_setup_py']
[20.359s] Level 1:colcon.colcon_core.package_identification:_identify(src) by extension 'python_setup_py'
[20.360s] Level 1:colcon.colcon_core.package_identification:_identify(src/common_msgs) by extensions ['ignore', 'ignore_ament_install']
[20.360s] Level 1:colcon.colcon_core.package_identification:_identify(src/common_msgs) by extension 'ignore'
[20.360s] Level 1:colcon.colcon_core.package_identification:_identify(src/common_msgs) by extension 'ignore_ament_install'
[20.360s] Level 1:colcon.colcon_core.package_identification:_identify(src/common_msgs) by extensions ['colcon_pkg']
[20.361s] Level 1:colcon.colcon_core.package_identification:_identify(src/common_msgs) by extension 'colcon_pkg'
[20.361s] Level 1:colcon.colcon_core.package_identification:_identify(src/common_msgs) by extensions ['colcon_meta']
[20.361s] Level 1:colcon.colcon_core.package_identification:_identify(src/common_msgs) by extension 'colcon_meta'
[20.361s] Level 1:colcon.colcon_core.package_identification:_identify(src/common_msgs) by extensions ['ros']
[20.361s] Level 1:colcon.colcon_core.package_identification:_identify(src/common_msgs) by extension 'ros'
[20.370s] DEBUG:colcon.colcon_core.package_identification:Package 'src/common_msgs' with type 'ros.ament_cmake' and name 'common_msgs'
[20.371s] Level 1:colcon.colcon_core.package_identification:_identify(src/grampc-d) by extensions ['ignore', 'ignore_ament_install']
[20.371s] Level 1:colcon.colcon_core.package_identification:_identify(src/grampc-d) by extension 'ignore'
[20.371s] Level 1:colcon.colcon_core.package_identification:_identify(src/grampc-d) by extension 'ignore_ament_install'
[20.372s] Level 1:colcon.colcon_core.package_identification:_identify(src/grampc-d) by extensions ['colcon_pkg']
[20.372s] Level 1:colcon.colcon_core.package_identification:_identify(src/grampc-d) by extension 'colcon_pkg'
[20.372s] Level 1:colcon.colcon_core.package_identification:_identify(src/grampc-d) by extensions ['colcon_meta']
[20.372s] Level 1:colcon.colcon_core.package_identification:_identify(src/grampc-d) by extension 'colcon_meta'
[20.372s] Level 1:colcon.colcon_core.package_identification:_identify(src/grampc-d) by extensions ['ros']
[20.372s] Level 1:colcon.colcon_core.package_identification:_identify(src/grampc-d) by extension 'ros'
[20.375s] DEBUG:colcon.colcon_core.package_identification:Package 'src/grampc-d' with type 'ros.ament_cmake' and name 'grampc-d'
[20.375s] Level 1:colcon.colcon_core.package_identification:_identify(src/libs) by extensions ['ignore', 'ignore_ament_install']
[20.376s] Level 1:colcon.colcon_core.package_identification:_identify(src/libs) by extension 'ignore'
[20.376s] Level 1:colcon.colcon_core.package_identification:_identify(src/libs) by extension 'ignore_ament_install'
[20.376s] Level 1:colcon.colcon_core.package_identification:_identify(src/libs) by extensions ['colcon_pkg']
[20.376s] Level 1:colcon.colcon_core.package_identification:_identify(src/libs) by extension 'colcon_pkg'
[20.376s] Level 1:colcon.colcon_core.package_identification:_identify(src/libs) by extensions ['colcon_meta']
[20.376s] Level 1:colcon.colcon_core.package_identification:_identify(src/libs) by extension 'colcon_meta'
[20.377s] Level 1:colcon.colcon_core.package_identification:_identify(src/libs) by extensions ['ros']
[20.377s] Level 1:colcon.colcon_core.package_identification:_identify(src/libs) by extension 'ros'
[20.379s] DEBUG:colcon.colcon_core.package_identification:Package 'src/libs' with type 'ros.ament_cmake' and name 'libs'
[20.379s] Level 1:colcon.colcon_core.package_identification:_identify(src/mpc_node) by extensions ['ignore', 'ignore_ament_install']
[20.380s] Level 1:colcon.colcon_core.package_identification:_identify(src/mpc_node) by extension 'ignore'
[20.380s] Level 1:colcon.colcon_core.package_identification:_identify(src/mpc_node) by extension 'ignore_ament_install'
[20.380s] Level 1:colcon.colcon_core.package_identification:_identify(src/mpc_node) by extensions ['colcon_pkg']
[20.380s] Level 1:colcon.colcon_core.package_identification:_identify(src/mpc_node) by extension 'colcon_pkg'
[20.380s] Level 1:colcon.colcon_core.package_identification:_identify(src/mpc_node) by extensions ['colcon_meta']
[20.380s] Level 1:colcon.colcon_core.package_identification:_identify(src/mpc_node) by extension 'colcon_meta'
[20.381s] Level 1:colcon.colcon_core.package_identification:_identify(src/mpc_node) by extensions ['ros']
[20.381s] Level 1:colcon.colcon_core.package_identification:_identify(src/mpc_node) by extension 'ros'
[20.384s] DEBUG:colcon.colcon_core.package_identification:Package 'src/mpc_node' with type 'ros.ament_cmake' and name 'mpc_node'
[20.384s] Level 1:colcon.colcon_core.package_identification:_identify(src/simulator_node) by extensions ['ignore', 'ignore_ament_install']
[20.384s] Level 1:colcon.colcon_core.package_identification:_identify(src/simulator_node) by extension 'ignore'
[20.385s] Level 1:colcon.colcon_core.package_identification:_identify(src/simulator_node) by extension 'ignore_ament_install'
[20.385s] Level 1:colcon.colcon_core.package_identification:_identify(src/simulator_node) by extensions ['colcon_pkg']
[20.385s] Level 1:colcon.colcon_core.package_identification:_identify(src/simulator_node) by extension 'colcon_pkg'
[20.385s] Level 1:colcon.colcon_core.package_identification:_identify(src/simulator_node) by extensions ['colcon_meta']
[20.385s] Level 1:colcon.colcon_core.package_identification:_identify(src/simulator_node) by extension 'colcon_meta'
[20.385s] Level 1:colcon.colcon_core.package_identification:_identify(src/simulator_node) by extensions ['ros']
[20.386s] Level 1:colcon.colcon_core.package_identification:_identify(src/simulator_node) by extension 'ros'
[20.388s] DEBUG:colcon.colcon_core.package_identification:Package 'src/simulator_node' with type 'ros.ament_cmake' and name 'simulator_node'
[20.389s] Level 1:colcon.colcon_core.package_identification:_identify(src/uav_launch) by extensions ['ignore', 'ignore_ament_install']
[20.389s] Level 1:colcon.colcon_core.package_identification:_identify(src/uav_launch) by extension 'ignore'
[20.389s] Level 1:colcon.colcon_core.package_identification:_identify(src/uav_launch) by extension 'ignore_ament_install'
[20.389s] Level 1:colcon.colcon_core.package_identification:_identify(src/uav_launch) by extensions ['colcon_pkg']
[20.390s] Level 1:colcon.colcon_core.package_identification:_identify(src/uav_launch) by extension 'colcon_pkg'
[20.390s] Level 1:colcon.colcon_core.package_identification:_identify(src/uav_launch) by extensions ['colcon_meta']
[20.390s] Level 1:colcon.colcon_core.package_identification:_identify(src/uav_launch) by extension 'colcon_meta'
[20.390s] Level 1:colcon.colcon_core.package_identification:_identify(src/uav_launch) by extensions ['ros']
[20.390s] Level 1:colcon.colcon_core.package_identification:_identify(src/uav_launch) by extension 'ros'
[20.392s] DEBUG:colcon.colcon_core.package_identification:Package 'src/uav_launch' with type 'ros.ament_cmake' and name 'uav_launch'
[20.392s] Level 1:colcon.colcon_core.package_discovery:discover_packages(recursive) using defaults
[20.392s] Level 1:colcon.colcon_core.package_discovery:discover_packages(ignore) discover
[20.393s] Level 1:colcon.colcon_core.package_discovery:discover_packages(ignore) using defaults
[20.393s] Level 1:colcon.colcon_core.package_discovery:discover_packages(path) discover
[20.393s] Level 1:colcon.colcon_core.package_discovery:discover_packages(path) using defaults
[21.451s] INFO:colcon.colcon_core.package_selection:Skipping not selected package 'common_msgs' in 'src/common_msgs'
[21.452s] INFO:colcon.colcon_core.package_selection:Skipping not selected package 'libs' in 'src/libs'
[21.452s] INFO:colcon.colcon_core.package_selection:Skipping not selected package 'grampc-d' in 'src/grampc-d'
[21.452s] INFO:colcon.colcon_core.package_selection:Skipping not selected package 'mpc_node' in 'src/mpc_node'
[21.452s] INFO:colcon.colcon_core.package_selection:Skipping not selected package 'simulator_node' in 'src/simulator_node'
[22.115s] Level 1:colcon.colcon_core.package_discovery:discover_packages(prefix_path) check parameters
[22.115s] Level 1:colcon.colcon_core.package_discovery:discover_packages(prefix_path) discover
[22.451s] WARNING:colcon.colcon_ros.prefix_path.catkin:The path '/home/ubuntu/UAV_ws/install/uav_launch' in the environment variable CMAKE_PREFIX_PATH doesn't exist
[22.451s] WARNING:colcon.colcon_ros.prefix_path.catkin:The path '/home/ubuntu/UAV_ws/install/test' in the environment variable CMAKE_PREFIX_PATH doesn't exist
[22.786s] DEBUG:colcon.colcon_installed_package_information.package_discovery:Found 5 installed packages in /home/ubuntu/UAV_ws/install
[23.123s] DEBUG:colcon.colcon_installed_package_information.package_discovery:Found 256 installed packages in /opt/ros/foxy
[23.130s] Level 1:colcon.colcon_core.package_discovery:discover_packages(prefix_path) using defaults
[23.993s] Level 5:colcon.colcon_core.verb:set package 'uav_launch' build argument 'cmake_args' from command line to 'None'
[23.994s] Level 5:colcon.colcon_core.verb:set package 'uav_launch' build argument 'cmake_target' from command line to 'None'
[23.994s] Level 5:colcon.colcon_core.verb:set package 'uav_launch' build argument 'cmake_target_skip_unavailable' from command line to 'False'
[23.994s] Level 5:colcon.colcon_core.verb:set package 'uav_launch' build argument 'cmake_clean_cache' from command line to 'True'
[23.994s] Level 5:colcon.colcon_core.verb:set package 'uav_launch' build argument 'cmake_clean_first' from command line to 'False'
[23.994s] Level 5:colcon.colcon_core.verb:set package 'uav_launch' build argument 'cmake_force_configure' from command line to 'False'
[23.994s] Level 5:colcon.colcon_core.verb:set package 'uav_launch' build argument 'ament_cmake_args' from command line to 'None'
[23.994s] Level 5:colcon.colcon_core.verb:set package 'uav_launch' build argument 'catkin_cmake_args' from command line to 'None'
[23.994s] Level 5:colcon.colcon_core.verb:set package 'uav_launch' build argument 'catkin_skip_building_tests' from command line to 'False'
[23.994s] DEBUG:colcon.colcon_core.verb:Building package 'uav_launch' with the following arguments: {'ament_cmake_args': None, 'build_base': '/home/ubuntu/UAV_ws/build/uav_launch', 'catkin_cmake_args': None, 'catkin_skip_building_tests': False, 'cmake_args': None, 'cmake_clean_cache': True, 'cmake_clean_first': False, 'cmake_force_configure': False, 'cmake_target': None, 'cmake_target_skip_unavailable': False, 'install_base': '/home/ubuntu/UAV_ws/install/uav_launch', 'merge_install': False, 'path': '/home/ubuntu/UAV_ws/src/uav_launch', 'symlink_install': False, 'test_result_base': None}
[24.325s] INFO:colcon.colcon_core.executor:Executing jobs using 'parallel' executor
[24.658s] DEBUG:colcon.colcon_parallel_executor.executor.parallel:run_until_complete
[24.664s] INFO:colcon.colcon_ros.task.ament_cmake.build:Building ROS package in '/home/ubuntu/UAV_ws/src/uav_launch' with build type 'ament_cmake'
[24.665s] INFO:colcon.colcon_cmake.task.cmake.build:Building CMake package in '/home/ubuntu/UAV_ws/src/uav_launch'
[25.017s] INFO:colcon.colcon_core.plugin_system:Skipping extension 'colcon_core.shell.bat': Not used on non-Windows systems
[25.018s] INFO:colcon.colcon_core.shell:Skip shell extension 'powershell' for command environment: Not usable outside of PowerShell
[25.018s] DEBUG:colcon.colcon_core.shell:Skip shell extension 'dsv' for command environment
[26.071s] DEBUG:colcon.colcon_core.event_handler.log_command:Invoking command in '/home/ubuntu/UAV_ws/build/uav_launch': CMAKE_PREFIX_PATH=${CMAKE_PREFIX_PATH}:/opt/ros/foxy /usr/bin/cmake /home/ubuntu/UAV_ws/src/uav_launch -DCMAKE_INSTALL_PREFIX=/home/ubuntu/UAV_ws/install/uav_launch
[29.266s] DEBUG:colcon.colcon_core.event_handler.log_command:Invoked command in '/home/ubuntu/UAV_ws/build/uav_launch' returned '0': CMAKE_PREFIX_PATH=${CMAKE_PREFIX_PATH}:/opt/ros/foxy /usr/bin/cmake /home/ubuntu/UAV_ws/src/uav_launch -DCMAKE_INSTALL_PREFIX=/home/ubuntu/UAV_ws/install/uav_launch
[29.277s] DEBUG:colcon.colcon_core.event_handler.log_command:Invoking command in '/home/ubuntu/UAV_ws/build/uav_launch': CMAKE_PREFIX_PATH=${CMAKE_PREFIX_PATH}:/opt/ros/foxy /usr/bin/cmake --build /home/ubuntu/UAV_ws/build/uav_launch -- -j4 -l4
[29.433s] DEBUG:colcon.colcon_core.event_handler.log_command:Invoked command in '/home/ubuntu/UAV_ws/build/uav_launch' returned '0': CMAKE_PREFIX_PATH=${CMAKE_PREFIX_PATH}:/opt/ros/foxy /usr/bin/cmake --build /home/ubuntu/UAV_ws/build/uav_launch -- -j4 -l4
[29.585s] DEBUG:colcon.colcon_core.event_handler.log_command:Invoking command in '/home/ubuntu/UAV_ws/build/uav_launch': CMAKE_PREFIX_PATH=${CMAKE_PREFIX_PATH}:/opt/ros/foxy /usr/bin/cmake --install /home/ubuntu/UAV_ws/build/uav_launch
[29.641s] Level 1:colcon.colcon_core.environment:create_environment_scripts_only(uav_launch)
[29.643s] DEBUG:colcon.colcon_core.event_handler.log_command:Invoked command in '/home/ubuntu/UAV_ws/build/uav_launch' returned '0': CMAKE_PREFIX_PATH=${CMAKE_PREFIX_PATH}:/opt/ros/foxy /usr/bin/cmake --install /home/ubuntu/UAV_ws/build/uav_launch
[30.001s] Level 1:colcon.colcon_core.environment:checking '/home/ubuntu/UAV_ws/install/uav_launch' for CMake module files
[30.003s] Level 1:colcon.colcon_core.environment:checking '/home/ubuntu/UAV_ws/install/uav_launch' for CMake config files
[30.004s] Level 1:colcon.colcon_core.shell:create_environment_hook('uav_launch', 'cmake_prefix_path')
[30.350s] INFO:colcon.colcon_core.shell:Creating environment hook '/home/ubuntu/UAV_ws/install/uav_launch/share/uav_launch/hook/cmake_prefix_path.ps1'
[30.352s] INFO:colcon.colcon_core.shell:Creating environment descriptor '/home/ubuntu/UAV_ws/install/uav_launch/share/uav_launch/hook/cmake_prefix_path.dsv'
[30.353s] INFO:colcon.colcon_core.shell:Creating environment hook '/home/ubuntu/UAV_ws/install/uav_launch/share/uav_launch/hook/cmake_prefix_path.sh'
[30.356s] Level 1:colcon.colcon_core.environment:checking '/home/ubuntu/UAV_ws/install/uav_launch/bin'
[30.357s] Level 1:colcon.colcon_core.environment:checking '/home/ubuntu/UAV_ws/install/uav_launch/lib/pkgconfig/uav_launch.pc'
[30.358s] Level 1:colcon.colcon_core.environment:checking '/home/ubuntu/UAV_ws/install/uav_launch/lib/python3.8/site-packages'
[30.358s] Level 1:colcon.colcon_core.environment:checking '/home/ubuntu/UAV_ws/install/uav_launch/bin'
[30.699s] INFO:colcon.colcon_core.shell:Creating package script '/home/ubuntu/UAV_ws/install/uav_launch/share/uav_launch/package.ps1'
[30.702s] INFO:colcon.colcon_core.shell:Creating package descriptor '/home/ubuntu/UAV_ws/install/uav_launch/share/uav_launch/package.dsv'
[30.704s] INFO:colcon.colcon_core.shell:Creating package script '/home/ubuntu/UAV_ws/install/uav_launch/share/uav_launch/package.sh'
[30.707s] INFO:colcon.colcon_core.shell:Creating package script '/home/ubuntu/UAV_ws/install/uav_launch/share/uav_launch/package.bash'
[30.709s] INFO:colcon.colcon_core.shell:Creating package script '/home/ubuntu/UAV_ws/install/uav_launch/share/uav_launch/package.zsh'
[30.712s] Level 1:colcon.colcon_core.environment:create_file_with_runtime_dependencies(/home/ubuntu/UAV_ws/install/uav_launch/share/colcon-core/packages/uav_launch)
[31.168s] Level 1:colcon.colcon_core.environment:create_environment_scripts_only(uav_launch)
[31.510s] Level 1:colcon.colcon_core.environment:checking '/home/ubuntu/UAV_ws/install/uav_launch' for CMake module files
[31.513s] Level 1:colcon.colcon_core.environment:checking '/home/ubuntu/UAV_ws/install/uav_launch' for CMake config files
[31.514s] Level 1:colcon.colcon_core.shell:create_environment_hook('uav_launch', 'cmake_prefix_path')
[31.857s] INFO:colcon.colcon_core.shell:Creating environment hook '/home/ubuntu/UAV_ws/install/uav_launch/share/uav_launch/hook/cmake_prefix_path.ps1'
[31.859s] INFO:colcon.colcon_core.shell:Creating environment descriptor '/home/ubuntu/UAV_ws/install/uav_launch/share/uav_launch/hook/cmake_prefix_path.dsv'
[31.860s] INFO:colcon.colcon_core.shell:Creating environment hook '/home/ubuntu/UAV_ws/install/uav_launch/share/uav_launch/hook/cmake_prefix_path.sh'
[31.862s] Level 1:colcon.colcon_core.environment:checking '/home/ubuntu/UAV_ws/install/uav_launch/bin'
[31.863s] Level 1:colcon.colcon_core.environment:checking '/home/ubuntu/UAV_ws/install/uav_launch/lib/pkgconfig/uav_launch.pc'
[31.864s] Level 1:colcon.colcon_core.environment:checking '/home/ubuntu/UAV_ws/install/uav_launch/lib/python3.8/site-packages'
[31.864s] Level 1:colcon.colcon_core.environment:checking '/home/ubuntu/UAV_ws/install/uav_launch/bin'
[32.206s] INFO:colcon.colcon_core.shell:Creating package script '/home/ubuntu/UAV_ws/install/uav_launch/share/uav_launch/package.ps1'
[32.208s] INFO:colcon.colcon_core.shell:Creating package descriptor '/home/ubuntu/UAV_ws/install/uav_launch/share/uav_launch/package.dsv'
[32.210s] INFO:colcon.colcon_core.shell:Creating package script '/home/ubuntu/UAV_ws/install/uav_launch/share/uav_launch/package.sh'
[32.212s] INFO:colcon.colcon_core.shell:Creating package script '/home/ubuntu/UAV_ws/install/uav_launch/share/uav_launch/package.bash'
[32.214s] INFO:colcon.colcon_core.shell:Creating package script '/home/ubuntu/UAV_ws/install/uav_launch/share/uav_launch/package.zsh'
[32.215s] Level 1:colcon.colcon_core.environment:create_file_with_runtime_dependencies(/home/ubuntu/UAV_ws/install/uav_launch/share/colcon-core/packages/uav_launch)
[32.216s] DEBUG:colcon.colcon_parallel_executor.executor.parallel:closing loop
[32.217s] DEBUG:colcon.colcon_parallel_executor.executor.parallel:loop closed
[32.218s] DEBUG:colcon.colcon_parallel_executor.executor.parallel:run_until_complete finished with '0'
[32.218s] DEBUG:colcon.colcon_core.event_reactor:joining thread
[32.578s] INFO:colcon.colcon_core.plugin_system:Skipping extension 'colcon_notification.desktop_notification.notify_send': Could not find 'notify-send'
[32.579s] INFO:colcon.colcon_core.plugin_system:Skipping extension 'colcon_notification.desktop_notification.terminal_notifier': Not used on non-Darwin systems
[32.579s] INFO:colcon.colcon_core.plugin_system:Skipping extension 'colcon_notification.desktop_notification.win32': Not used on non-Windows systems
[32.579s] INFO:colcon.colcon_notification.desktop_notification:Sending desktop notification using 'notify2'
[32.582s] DEBUG:colcon.colcon_notification.desktop_notification.notify2:Failed to initialize notify2: org.freedesktop.DBus.Error.ServiceUnknown: The name org.freedesktop.Notifications was not provided by any .service files
[32.582s] DEBUG:colcon.colcon_core.event_reactor:joined thread
[32.922s] INFO:colcon.colcon_core.shell:Creating prefix script '/home/ubuntu/UAV_ws/install/local_setup.ps1'
[32.925s] INFO:colcon.colcon_core.shell:Creating prefix util module '/home/ubuntu/UAV_ws/install/_local_setup_util_ps1.py'
[32.930s] INFO:colcon.colcon_core.shell:Creating prefix chain script '/home/ubuntu/UAV_ws/install/setup.ps1'
[33.272s] INFO:colcon.colcon_core.shell:Creating prefix script '/home/ubuntu/UAV_ws/install/local_setup.sh'
[33.275s] INFO:colcon.colcon_core.shell:Creating prefix util module '/home/ubuntu/UAV_ws/install/_local_setup_util_sh.py'
[33.277s] INFO:colcon.colcon_core.shell:Creating prefix chain script '/home/ubuntu/UAV_ws/install/setup.sh'
[33.617s] INFO:colcon.colcon_core.shell:Creating prefix script '/home/ubuntu/UAV_ws/install/local_setup.bash'
[33.619s] INFO:colcon.colcon_core.shell:Creating prefix chain script '/home/ubuntu/UAV_ws/install/setup.bash'
[33.955s] INFO:colcon.colcon_core.shell:Creating prefix script '/home/ubuntu/UAV_ws/install/local_setup.zsh'
[33.957s] INFO:colcon.colcon_core.shell:Creating prefix chain script '/home/ubuntu/UAV_ws/install/setup.zsh'
