-- Found ament_cmake: 1.3.7 (/opt/ros/humble/share/ament_cmake/cmake)
-- Override CMake install command with custom implementation using symlinks instead of copying resources
-- Found ament_lint_auto: 0.12.10 (/opt/ros/humble/share/ament_lint_auto/cmake)
-- Added test 'flake8' to check Python code syntax and style conventions
-- Added test 'lint_cmake' to check CMake code style
-- Added test 'pep257' to check Python code against some of the docstring style conventions in PEP 257
-- Added test 'xmllint' to check XML markup files
-- Configuring done
-- Generating done
-- Build files have been written to: /home/evan/UAV_ws/build/uav_launch
-- Install configuration: "Debug"
-- Execute custom install script
-- Up-to-date symlink: /home/evan/UAV_ws/install/uav_launch/share/uav_launch//launch/uav_launch.py
-- Up-to-date symlink: /home/evan/UAV_ws/install/uav_launch/share/ament_index/resource_index/package_run_dependencies/uav_launch
-- Up-to-date symlink: /home/evan/UAV_ws/install/uav_launch/share/ament_index/resource_index/parent_prefix_path/uav_launch
-- Up-to-date symlink: /home/evan/UAV_ws/install/uav_launch/share/uav_launch/environment/ament_prefix_path.sh
-- Up-to-date symlink: /home/evan/UAV_ws/install/uav_launch/share/uav_launch/environment/ament_prefix_path.dsv
-- Up-to-date symlink: /home/evan/UAV_ws/install/uav_launch/share/uav_launch/environment/path.sh
-- Up-to-date symlink: /home/evan/UAV_ws/install/uav_launch/share/uav_launch/environment/path.dsv
-- Up-to-date symlink: /home/evan/UAV_ws/install/uav_launch/share/uav_launch/local_setup.bash
-- Up-to-date symlink: /home/evan/UAV_ws/install/uav_launch/share/uav_launch/local_setup.sh
-- Up-to-date symlink: /home/evan/UAV_ws/install/uav_launch/share/uav_launch/local_setup.zsh
-- Up-to-date symlink: /home/evan/UAV_ws/install/uav_launch/share/uav_launch/local_setup.dsv
-- Symlinking: /home/evan/UAV_ws/install/uav_launch/share/uav_launch/package.dsv
-- Up-to-date symlink: /home/evan/UAV_ws/install/uav_launch/share/ament_index/resource_index/packages/uav_launch
-- Up-to-date symlink: /home/evan/UAV_ws/install/uav_launch/share/uav_launch/cmake/uav_launchConfig.cmake
-- Up-to-date symlink: /home/evan/UAV_ws/install/uav_launch/share/uav_launch/cmake/uav_launchConfig-version.cmake
-- Up-to-date symlink: /home/evan/UAV_ws/install/uav_launch/share/uav_launch/package.xml
