[0.056s] Invoking command in '/home/evan/UAV_ws/build/uav_launch': CMAKE_PREFIX_PATH=/opt/ros/humble /usr/bin/cmake /home/evan/UAV_ws/src/uav_launch -DCMAKE_INSTALL_PREFIX=/home/evan/UAV_ws/install/uav_launch
[0.089s] -- Found ament_cmake: 1.3.7 (/opt/ros/humble/share/ament_cmake/cmake)
[0.201s] -- Override CMake install command with custom implementation using symlinks instead of copying resources
[0.216s] -- Found ament_lint_auto: 0.12.10 (/opt/ros/humble/share/ament_lint_auto/cmake)
[0.271s] -- Added test 'flake8' to check Python code syntax and style conventions
[0.272s] -- Added test 'lint_cmake' to check CMake code style
[0.272s] -- Added test 'pep257' to check Python code against some of the docstring style conventions in PEP 257
[0.273s] -- Added test 'xmllint' to check XML markup files
[0.274s] -- Configuring done
[0.280s] -- Generating done
[0.280s] -- Build files have been written to: /home/evan/UAV_ws/build/uav_launch
[0.283s] Invoked command in '/home/evan/UAV_ws/build/uav_launch' returned '0': CMAKE_PREFIX_PATH=/opt/ros/humble /usr/bin/cmake /home/evan/UAV_ws/src/uav_launch -DCMAKE_INSTALL_PREFIX=/home/evan/UAV_ws/install/uav_launch
[0.285s] Invoking command in '/home/evan/UAV_ws/build/uav_launch': CMAKE_PREFIX_PATH=/opt/ros/humble /usr/bin/cmake --build /home/evan/UAV_ws/build/uav_launch -- -j16 -l16
[0.320s] Invoked command in '/home/evan/UAV_ws/build/uav_launch' returned '0': CMAKE_PREFIX_PATH=/opt/ros/humble /usr/bin/cmake --build /home/evan/UAV_ws/build/uav_launch -- -j16 -l16
[0.357s] Invoking command in '/home/evan/UAV_ws/build/uav_launch': CMAKE_PREFIX_PATH=/opt/ros/humble /usr/bin/cmake --install /home/evan/UAV_ws/build/uav_launch
[0.362s] -- Install configuration: "Debug"
[0.362s] -- Execute custom install script
[0.363s] -- Up-to-date symlink: /home/evan/UAV_ws/install/uav_launch/share/uav_launch//launch/uav_launch.py
[0.363s] -- Up-to-date symlink: /home/evan/UAV_ws/install/uav_launch/share/ament_index/resource_index/package_run_dependencies/uav_launch
[0.364s] -- Up-to-date symlink: /home/evan/UAV_ws/install/uav_launch/share/ament_index/resource_index/parent_prefix_path/uav_launch
[0.364s] -- Up-to-date symlink: /home/evan/UAV_ws/install/uav_launch/share/uav_launch/environment/ament_prefix_path.sh
[0.364s] -- Up-to-date symlink: /home/evan/UAV_ws/install/uav_launch/share/uav_launch/environment/ament_prefix_path.dsv
[0.364s] -- Up-to-date symlink: /home/evan/UAV_ws/install/uav_launch/share/uav_launch/environment/path.sh
[0.364s] -- Up-to-date symlink: /home/evan/UAV_ws/install/uav_launch/share/uav_launch/environment/path.dsv
[0.364s] -- Up-to-date symlink: /home/evan/UAV_ws/install/uav_launch/share/uav_launch/local_setup.bash
[0.364s] -- Up-to-date symlink: /home/evan/UAV_ws/install/uav_launch/share/uav_launch/local_setup.sh
[0.364s] -- Up-to-date symlink: /home/evan/UAV_ws/install/uav_launch/share/uav_launch/local_setup.zsh
[0.364s] -- Up-to-date symlink: /home/evan/UAV_ws/install/uav_launch/share/uav_launch/local_setup.dsv
[0.364s] -- Symlinking: /home/evan/UAV_ws/install/uav_launch/share/uav_launch/package.dsv
[0.373s] -- Up-to-date symlink: /home/evan/UAV_ws/install/uav_launch/share/ament_index/resource_index/packages/uav_launch
[0.373s] -- Up-to-date symlink: /home/evan/UAV_ws/install/uav_launch/share/uav_launch/cmake/uav_launchConfig.cmake
[0.373s] -- Up-to-date symlink: /home/evan/UAV_ws/install/uav_launch/share/uav_launch/cmake/uav_launchConfig-version.cmake
[0.374s] -- Up-to-date symlink: /home/evan/UAV_ws/install/uav_launch/share/uav_launch/package.xml
[0.375s] Invoked command in '/home/evan/UAV_ws/build/uav_launch' returned '0': CMAKE_PREFIX_PATH=/opt/ros/humble /usr/bin/cmake --install /home/evan/UAV_ws/build/uav_launch
