[0.111s] Invoking command in '/home/evan/UAV_ws/build/common_msgs': CMAKE_PREFIX_PATH=${CMAKE_PREFIX_PATH}:/opt/ros/humble /usr/bin/cmake /home/evan/UAV_ws/src/common_msgs -DCMAKE_BUILD_TYPE=Debug -DAMENT_CMAKE_SYMLINK_INSTALL=1 -DCMAKE_INSTALL_PREFIX=/home/evan/UAV_ws/install/common_msgs
[0.156s] -- The C compiler identification is GNU 11.4.0
[0.206s] -- The CXX compiler identification is GNU 11.4.0
[0.212s] -- Detecting C compiler ABI info
[0.274s] -- Detecting C compiler ABI info - done
[0.279s] -- Check for working C compiler: /usr/bin/cc - skipped
[0.280s] -- Detecting C compile features
[0.280s] -- Detecting C compile features - done
[0.282s] -- Detecting CXX compiler ABI info
[0.353s] -- Detecting CXX compiler ABI info - done
[0.358s] -- Check for working CXX compiler: /usr/bin/c++ - skipped
[0.358s] -- Detecting CXX compile features
[0.359s] -- Detecting CXX compile features - done
[0.360s] -- Found ament_cmake: 1.3.7 (/opt/ros/humble/share/ament_cmake/cmake)
[0.661s] -- Found Python3: /usr/bin/python3.10 (found version "3.10.12") found components: Interpreter 
[0.715s] -- Override CMake install command with custom implementation using symlinks instead of copying resources
[0.737s] -- Found rclcpp: 16.0.8 (/opt/ros/humble/share/rclcpp/cmake)
[0.771s] -- Found rosidl_generator_c: 3.1.5 (/opt/ros/humble/share/rosidl_generator_c/cmake)
[0.774s] -- Found rosidl_adapter: 3.1.5 (/opt/ros/humble/share/rosidl_adapter/cmake)
[0.781s] -- Found rosidl_generator_cpp: 3.1.5 (/opt/ros/humble/share/rosidl_generator_cpp/cmake)
[0.792s] -- Using all available rosidl_typesupport_c: rosidl_typesupport_fastrtps_c;rosidl_typesupport_introspection_c
[0.806s] -- Using all available rosidl_typesupport_cpp: rosidl_typesupport_fastrtps_cpp;rosidl_typesupport_introspection_cpp
[0.860s] -- Found rmw_implementation_cmake: 6.1.1 (/opt/ros/humble/share/rmw_implementation_cmake/cmake)
[0.862s] -- Found rmw_fastrtps_cpp: 6.2.6 (/opt/ros/humble/share/rmw_fastrtps_cpp/cmake)
[0.955s] -- Found OpenSSL: /usr/lib/x86_64-linux-gnu/libcrypto.so (found version "3.0.2")  
[0.971s] -- Found FastRTPS: /opt/ros/humble/include  
[1.004s] -- Using RMW implementation 'rmw_fastrtps_cpp' as default
[1.014s] -- Looking for pthread.h
[1.081s] -- Looking for pthread.h - found
[1.081s] -- Performing Test CMAKE_HAVE_LIBC_PTHREAD
[1.149s] -- Performing Test CMAKE_HAVE_LIBC_PTHREAD - Success
[1.151s] -- Found Threads: TRUE  
[1.275s] -- Found rosidl_default_generators: 1.2.0 (/opt/ros/humble/share/rosidl_default_generators/cmake)
[1.542s] -- Found ament_cmake_ros: 0.10.0 (/opt/ros/humble/share/ament_cmake_ros/cmake)
[1.817s] -- Using all available rosidl_typesupport_c: rosidl_typesupport_fastrtps_c;rosidl_typesupport_introspection_c
[1.916s] -- Using all available rosidl_typesupport_cpp: rosidl_typesupport_fastrtps_cpp;rosidl_typesupport_introspection_cpp
[1.936s] -- Found PythonInterp: /usr/bin/python3 (found suitable version "3.10.12", minimum required is "3.6") 
[1.937s] -- Found python_cmake_module: 0.10.0 (/opt/ros/humble/share/python_cmake_module/cmake)
[1.958s] -- Found PythonLibs: /usr/lib/x86_64-linux-gnu/libpython3.10.so (found suitable version "3.10.12", minimum required is "3.5") 
[1.958s] -- Using PYTHON_EXECUTABLE: /usr/bin/python3
[1.958s] -- Using PYTHON_INCLUDE_DIRS: /usr/include/python3.10
[1.958s] -- Using PYTHON_LIBRARIES: /usr/lib/x86_64-linux-gnu/libpython3.10.so
[1.976s] -- Found PythonExtra: .so  
[2.007s] -- Found ament_lint_auto: 0.12.10 (/opt/ros/humble/share/ament_lint_auto/cmake)
[2.026s] -- Added test 'lint_cmake' to check CMake code style
[2.027s] -- Added test 'xmllint' to check XML markup files
[2.030s] -- Configuring done
[2.059s] -- Generating done
[2.062s] -- Build files have been written to: /home/evan/UAV_ws/build/common_msgs
[2.074s] Invoked command in '/home/evan/UAV_ws/build/common_msgs' returned '0': CMAKE_PREFIX_PATH=${CMAKE_PREFIX_PATH}:/opt/ros/humble /usr/bin/cmake /home/evan/UAV_ws/src/common_msgs -DCMAKE_BUILD_TYPE=Debug -DAMENT_CMAKE_SYMLINK_INSTALL=1 -DCMAKE_INSTALL_PREFIX=/home/evan/UAV_ws/install/common_msgs
[2.076s] Invoking command in '/home/evan/UAV_ws/build/common_msgs': CMAKE_PREFIX_PATH=${CMAKE_PREFIX_PATH}:/opt/ros/humble /usr/bin/cmake --build /home/evan/UAV_ws/build/common_msgs -- -j16 -l16
[2.119s] [  1%] [34m[1mGenerating C code for ROS interfaces[0m
[2.129s] [  3%] [34m[1mGenerating C++ code for ROS interfaces[0m
[2.137s] [  3%] Built target ament_cmake_python_symlink_common_msgs
[2.314s] running egg_info
[2.315s] creating common_msgs.egg-info
[2.329s] writing common_msgs.egg-info/PKG-INFO
[2.329s] writing dependency_links to common_msgs.egg-info/dependency_links.txt
[2.330s] writing top-level names to common_msgs.egg-info/top_level.txt
[2.330s] writing manifest file 'common_msgs.egg-info/SOURCES.txt'
[2.373s] reading manifest file 'common_msgs.egg-info/SOURCES.txt'
[2.373s] writing manifest file 'common_msgs.egg-info/SOURCES.txt'
[2.421s] [  3%] Built target ament_cmake_python_build_common_msgs_egg
[2.430s] [  3%] Built target common_msgs__cpp
[2.441s] [  9%] [34m[1mGenerating C++ introspection for ROS interfaces[0m
[2.441s] [  9%] [34m[1mGenerating C++ type support for eProsima Fast-RTPS[0m
[2.441s] [  9%] [34m[1mGenerating C++ type support dispatch for ROS interfaces[0m
[2.451s] [ 14%] [32mBuilding C object CMakeFiles/common_msgs__rosidl_generator_c.dir/rosidl_generator_c/common_msgs/msg/detail/state__functions.c.o[0m
[2.451s] [ 14%] [32mBuilding C object CMakeFiles/common_msgs__rosidl_generator_c.dir/rosidl_generator_c/common_msgs/msg/detail/x_traj__functions.c.o[0m
[2.451s] [ 14%] [32mBuilding C object CMakeFiles/common_msgs__rosidl_generator_c.dir/rosidl_generator_c/common_msgs/msg/detail/u_traj__functions.c.o[0m
[2.452s] [ 16%] [32mBuilding C object CMakeFiles/common_msgs__rosidl_generator_c.dir/rosidl_generator_c/common_msgs/msg/detail/input__functions.c.o[0m
[2.503s] [ 18%] [32m[1mLinking C shared library libcommon_msgs__rosidl_generator_c.so[0m
[2.562s] [ 18%] Built target common_msgs__rosidl_generator_c
[2.562s] [ 23%] [34m[1mGenerating C type support for eProsima Fast-RTPS[0m
[2.563s] [ 23%] [34m[1mGenerating C introspection for ROS interfaces[0m
[2.563s] [ 23%] [34m[1mGenerating C type support dispatch for ROS interfaces[0m
[2.701s] [ 29%] [32mBuilding CXX object CMakeFiles/common_msgs__rosidl_typesupport_cpp.dir/rosidl_typesupport_cpp/common_msgs/msg/x_traj__type_support.cpp.o[0m
[2.701s] [ 29%] [32mBuilding CXX object CMakeFiles/common_msgs__rosidl_typesupport_cpp.dir/rosidl_typesupport_cpp/common_msgs/msg/state__type_support.cpp.o[0m
[2.702s] [ 29%] [32mBuilding CXX object CMakeFiles/common_msgs__rosidl_typesupport_cpp.dir/rosidl_typesupport_cpp/common_msgs/msg/input__type_support.cpp.o[0m
[2.702s] [ 30%] [32mBuilding CXX object CMakeFiles/common_msgs__rosidl_typesupport_cpp.dir/rosidl_typesupport_cpp/common_msgs/msg/u_traj__type_support.cpp.o[0m
[2.774s] [ 34%] [32mBuilding CXX object CMakeFiles/common_msgs__rosidl_typesupport_fastrtps_cpp.dir/rosidl_typesupport_fastrtps_cpp/common_msgs/msg/detail/dds_fastrtps/x_traj__type_support.cpp.o[0m
[2.774s] [ 34%] [32mBuilding CXX object CMakeFiles/common_msgs__rosidl_typesupport_fastrtps_cpp.dir/rosidl_typesupport_fastrtps_cpp/common_msgs/msg/detail/dds_fastrtps/u_traj__type_support.cpp.o[0m
[2.779s] [ 36%] [32mBuilding CXX object CMakeFiles/common_msgs__rosidl_typesupport_fastrtps_cpp.dir/rosidl_typesupport_fastrtps_cpp/common_msgs/msg/detail/dds_fastrtps/state__type_support.cpp.o[0m
[2.786s] [ 38%] [32mBuilding CXX object CMakeFiles/common_msgs__rosidl_typesupport_fastrtps_cpp.dir/rosidl_typesupport_fastrtps_cpp/common_msgs/msg/detail/dds_fastrtps/input__type_support.cpp.o[0m
[2.817s] [ 40%] [32mBuilding CXX object CMakeFiles/common_msgs__rosidl_typesupport_introspection_cpp.dir/rosidl_typesupport_introspection_cpp/common_msgs/msg/detail/x_traj__type_support.cpp.o[0m
[2.822s] [ 41%] [32mBuilding CXX object CMakeFiles/common_msgs__rosidl_typesupport_introspection_cpp.dir/rosidl_typesupport_introspection_cpp/common_msgs/msg/detail/u_traj__type_support.cpp.o[0m
[2.829s] [ 43%] [32mBuilding CXX object CMakeFiles/common_msgs__rosidl_typesupport_introspection_cpp.dir/rosidl_typesupport_introspection_cpp/common_msgs/msg/detail/input__type_support.cpp.o[0m
[2.835s] [ 45%] [32mBuilding CXX object CMakeFiles/common_msgs__rosidl_typesupport_introspection_cpp.dir/rosidl_typesupport_introspection_cpp/common_msgs/msg/detail/state__type_support.cpp.o[0m
[3.029s] [ 47%] [32mBuilding CXX object CMakeFiles/common_msgs__rosidl_typesupport_c.dir/rosidl_typesupport_c/common_msgs/msg/x_traj__type_support.cpp.o[0m
[3.042s] [ 49%] [32mBuilding CXX object CMakeFiles/common_msgs__rosidl_typesupport_c.dir/rosidl_typesupport_c/common_msgs/msg/u_traj__type_support.cpp.o[0m
[3.114s] [ 50%] [32mBuilding CXX object CMakeFiles/common_msgs__rosidl_typesupport_c.dir/rosidl_typesupport_c/common_msgs/msg/state__type_support.cpp.o[0m
[3.122s] [ 52%] [32mBuilding CXX object CMakeFiles/common_msgs__rosidl_typesupport_c.dir/rosidl_typesupport_c/common_msgs/msg/input__type_support.cpp.o[0m
[3.147s] [ 54%] [32m[1mLinking CXX shared library libcommon_msgs__rosidl_typesupport_cpp.so[0m
[3.176s] [ 56%] [32mBuilding CXX object CMakeFiles/common_msgs__rosidl_typesupport_fastrtps_c.dir/rosidl_typesupport_fastrtps_c/common_msgs/msg/detail/u_traj__type_support_c.cpp.o[0m
[3.177s] [ 60%] [32mBuilding CXX object CMakeFiles/common_msgs__rosidl_typesupport_fastrtps_c.dir/rosidl_typesupport_fastrtps_c/common_msgs/msg/detail/state__type_support_c.cpp.o[0m
[3.177s] [ 60%] [32mBuilding CXX object CMakeFiles/common_msgs__rosidl_typesupport_fastrtps_c.dir/rosidl_typesupport_fastrtps_c/common_msgs/msg/detail/x_traj__type_support_c.cpp.o[0m
[3.178s] [ 61%] [32mBuilding CXX object CMakeFiles/common_msgs__rosidl_typesupport_fastrtps_c.dir/rosidl_typesupport_fastrtps_c/common_msgs/msg/detail/input__type_support_c.cpp.o[0m
[3.191s] [ 63%] [32mBuilding C object CMakeFiles/common_msgs__rosidl_typesupport_introspection_c.dir/rosidl_typesupport_introspection_c/common_msgs/msg/detail/x_traj__type_support.c.o[0m
[3.194s] [ 67%] [32m[1mLinking CXX shared library libcommon_msgs__rosidl_typesupport_c.so[0m
[3.195s] [ 67%] [32mBuilding C object CMakeFiles/common_msgs__rosidl_typesupport_introspection_c.dir/rosidl_typesupport_introspection_c/common_msgs/msg/detail/u_traj__type_support.c.o[0m
[3.264s] [ 67%] Built target common_msgs__rosidl_typesupport_cpp
[3.293s] [ 69%] [32mBuilding C object CMakeFiles/common_msgs__rosidl_typesupport_introspection_c.dir/rosidl_typesupport_introspection_c/common_msgs/msg/detail/input__type_support.c.o[0m
[3.299s] [ 70%] [32mBuilding C object CMakeFiles/common_msgs__rosidl_typesupport_introspection_c.dir/rosidl_typesupport_introspection_c/common_msgs/msg/detail/state__type_support.c.o[0m
[3.363s] [ 70%] Built target common_msgs__rosidl_typesupport_c
[3.384s] [ 72%] [32m[1mLinking C shared library libcommon_msgs__rosidl_typesupport_introspection_c.so[0m
[3.459s] [ 72%] Built target common_msgs__rosidl_typesupport_introspection_c
[3.489s] [ 74%] [32m[1mLinking CXX shared library libcommon_msgs__rosidl_typesupport_fastrtps_cpp.so[0m
[3.505s] [ 76%] [32m[1mLinking CXX shared library libcommon_msgs__rosidl_typesupport_introspection_cpp.so[0m
[3.595s] [ 76%] Built target common_msgs__rosidl_typesupport_fastrtps_cpp
[3.603s] [ 76%] Built target common_msgs__rosidl_typesupport_introspection_cpp
[3.720s] [ 78%] [32m[1mLinking CXX shared library libcommon_msgs__rosidl_typesupport_fastrtps_c.so[0m
[3.798s] [ 78%] Built target common_msgs__rosidl_typesupport_fastrtps_c
[3.826s] [ 78%] Built target common_msgs
[3.850s] [ 80%] [34m[1mGenerating Python code for ROS interfaces[0m
[4.270s] [ 80%] Built target common_msgs__py
[4.292s] [ 87%] [32mBuilding C object CMakeFiles/common_msgs__rosidl_generator_py.dir/rosidl_generator_py/common_msgs/msg/_input_s.c.o[0m
[4.293s] [ 87%] [32mBuilding C object CMakeFiles/common_msgs__rosidl_generator_py.dir/rosidl_generator_py/common_msgs/msg/_state_s.c.o[0m
[4.293s] [ 87%] [32mBuilding C object CMakeFiles/common_msgs__rosidl_generator_py.dir/rosidl_generator_py/common_msgs/msg/_u_traj_s.c.o[0m
[4.293s] [ 87%] [32mBuilding C object CMakeFiles/common_msgs__rosidl_generator_py.dir/rosidl_generator_py/common_msgs/msg/_x_traj_s.c.o[0m
[4.396s] [ 89%] [32m[1mLinking C shared library rosidl_generator_py/common_msgs/libcommon_msgs__rosidl_generator_py.so[0m
[4.442s] [ 89%] Built target common_msgs__rosidl_generator_py
[4.462s] [ 94%] [32mBuilding C object CMakeFiles/common_msgs__rosidl_typesupport_introspection_c__pyext.dir/rosidl_generator_py/common_msgs/_common_msgs_s.ep.rosidl_typesupport_introspection_c.c.o[0m
[4.462s] [ 94%] [32mBuilding C object CMakeFiles/common_msgs__rosidl_typesupport_c__pyext.dir/rosidl_generator_py/common_msgs/_common_msgs_s.ep.rosidl_typesupport_c.c.o[0m
[4.462s] [ 94%] [32mBuilding C object CMakeFiles/common_msgs__rosidl_typesupport_fastrtps_c__pyext.dir/rosidl_generator_py/common_msgs/_common_msgs_s.ep.rosidl_typesupport_fastrtps_c.c.o[0m
[4.566s] [ 96%] [32m[1mLinking C shared library rosidl_generator_py/common_msgs/common_msgs_s__rosidl_typesupport_introspection_c.cpython-310-x86_64-linux-gnu.so[0m
[4.566s] [ 98%] [32m[1mLinking C shared library rosidl_generator_py/common_msgs/common_msgs_s__rosidl_typesupport_c.cpython-310-x86_64-linux-gnu.so[0m
[4.569s] [100%] [32m[1mLinking C shared library rosidl_generator_py/common_msgs/common_msgs_s__rosidl_typesupport_fastrtps_c.cpython-310-x86_64-linux-gnu.so[0m
[4.601s] [100%] Built target common_msgs__rosidl_typesupport_introspection_c__pyext
[4.601s] [100%] Built target common_msgs__rosidl_typesupport_c__pyext
[4.612s] [100%] Built target common_msgs__rosidl_typesupport_fastrtps_c__pyext
[4.628s] Invoked command in '/home/evan/UAV_ws/build/common_msgs' returned '0': CMAKE_PREFIX_PATH=${CMAKE_PREFIX_PATH}:/opt/ros/humble /usr/bin/cmake --build /home/evan/UAV_ws/build/common_msgs -- -j16 -l16
[4.810s] Invoking command in '/home/evan/UAV_ws/build/common_msgs': CMAKE_PREFIX_PATH=${CMAKE_PREFIX_PATH}:/opt/ros/humble /usr/bin/cmake --install /home/evan/UAV_ws/build/common_msgs
[4.821s] -- Install configuration: "Debug"
[4.823s] -- Execute custom install script
[4.824s] -- Symlinking: /home/evan/UAV_ws/install/common_msgs/share/ament_index/resource_index/rosidl_interfaces/common_msgs
[4.849s] -- Symlinking: /home/evan/UAV_ws/install/common_msgs/include/common_msgs/common_msgs/msg/detail/input__functions.h
[4.891s] -- Symlinking: /home/evan/UAV_ws/install/common_msgs/include/common_msgs/common_msgs/msg/detail/input__struct.h
[4.933s] -- Symlinking: /home/evan/UAV_ws/install/common_msgs/include/common_msgs/common_msgs/msg/detail/input__type_support.h
[4.961s] -- Symlinking: /home/evan/UAV_ws/install/common_msgs/include/common_msgs/common_msgs/msg/detail/state__functions.h
[4.997s] -- Symlinking: /home/evan/UAV_ws/install/common_msgs/include/common_msgs/common_msgs/msg/detail/state__struct.h
[5.032s] -- Symlinking: /home/evan/UAV_ws/install/common_msgs/include/common_msgs/common_msgs/msg/detail/state__type_support.h
[5.038s] -- Symlinking: /home/evan/UAV_ws/install/common_msgs/include/common_msgs/common_msgs/msg/detail/u_traj__functions.h
[5.054s] -- Symlinking: /home/evan/UAV_ws/install/common_msgs/include/common_msgs/common_msgs/msg/detail/u_traj__struct.h
[5.075s] -- Symlinking: /home/evan/UAV_ws/install/common_msgs/include/common_msgs/common_msgs/msg/detail/u_traj__type_support.h
[5.108s] -- Symlinking: /home/evan/UAV_ws/install/common_msgs/include/common_msgs/common_msgs/msg/detail/x_traj__functions.h
[5.162s] -- Symlinking: /home/evan/UAV_ws/install/common_msgs/include/common_msgs/common_msgs/msg/detail/x_traj__struct.h
[5.179s] -- Symlinking: /home/evan/UAV_ws/install/common_msgs/include/common_msgs/common_msgs/msg/detail/x_traj__type_support.h
[5.198s] -- Symlinking: /home/evan/UAV_ws/install/common_msgs/include/common_msgs/common_msgs/msg/input.h
[5.220s] -- Symlinking: /home/evan/UAV_ws/install/common_msgs/include/common_msgs/common_msgs/msg/rosidl_generator_c__visibility_control.h
[5.259s] -- Symlinking: /home/evan/UAV_ws/install/common_msgs/include/common_msgs/common_msgs/msg/state.h
[5.278s] -- Symlinking: /home/evan/UAV_ws/install/common_msgs/include/common_msgs/common_msgs/msg/u_traj.h
[5.298s] -- Symlinking: /home/evan/UAV_ws/install/common_msgs/include/common_msgs/common_msgs/msg/x_traj.h
[5.321s] -- Symlinking: /home/evan/UAV_ws/install/common_msgs/share/common_msgs/environment/library_path.sh
[5.343s] -- Symlinking: /home/evan/UAV_ws/install/common_msgs/share/common_msgs/environment/library_path.dsv
[5.364s] -- Symlinking: /home/evan/UAV_ws/install/common_msgs/include/common_msgs/common_msgs/msg/detail/input__rosidl_typesupport_fastrtps_c.h
[5.384s] -- Symlinking: /home/evan/UAV_ws/install/common_msgs/include/common_msgs/common_msgs/msg/detail/state__rosidl_typesupport_fastrtps_c.h
[5.408s] -- Symlinking: /home/evan/UAV_ws/install/common_msgs/include/common_msgs/common_msgs/msg/detail/u_traj__rosidl_typesupport_fastrtps_c.h
[5.554s] -- Symlinking: /home/evan/UAV_ws/install/common_msgs/include/common_msgs/common_msgs/msg/detail/x_traj__rosidl_typesupport_fastrtps_c.h
[5.558s] -- Symlinking: /home/evan/UAV_ws/install/common_msgs/include/common_msgs/common_msgs/msg/rosidl_typesupport_fastrtps_c__visibility_control.h
[5.560s] -- Symlinking: /home/evan/UAV_ws/install/common_msgs/include/common_msgs/common_msgs/msg/detail/input__builder.hpp
[5.560s] -- Symlinking: /home/evan/UAV_ws/install/common_msgs/include/common_msgs/common_msgs/msg/detail/input__struct.hpp
[5.560s] -- Symlinking: /home/evan/UAV_ws/install/common_msgs/include/common_msgs/common_msgs/msg/detail/input__traits.hpp
[5.560s] -- Symlinking: /home/evan/UAV_ws/install/common_msgs/include/common_msgs/common_msgs/msg/detail/state__builder.hpp
[5.592s] -- Symlinking: /home/evan/UAV_ws/install/common_msgs/include/common_msgs/common_msgs/msg/detail/state__struct.hpp
[5.628s] -- Symlinking: /home/evan/UAV_ws/install/common_msgs/include/common_msgs/common_msgs/msg/detail/state__traits.hpp
[5.636s] -- Symlinking: /home/evan/UAV_ws/install/common_msgs/include/common_msgs/common_msgs/msg/detail/u_traj__builder.hpp
[5.657s] -- Symlinking: /home/evan/UAV_ws/install/common_msgs/include/common_msgs/common_msgs/msg/detail/u_traj__struct.hpp
[5.689s] -- Symlinking: /home/evan/UAV_ws/install/common_msgs/include/common_msgs/common_msgs/msg/detail/u_traj__traits.hpp
[5.713s] -- Symlinking: /home/evan/UAV_ws/install/common_msgs/include/common_msgs/common_msgs/msg/detail/x_traj__builder.hpp
[5.759s] -- Symlinking: /home/evan/UAV_ws/install/common_msgs/include/common_msgs/common_msgs/msg/detail/x_traj__struct.hpp
[5.783s] -- Symlinking: /home/evan/UAV_ws/install/common_msgs/include/common_msgs/common_msgs/msg/detail/x_traj__traits.hpp
[5.811s] -- Symlinking: /home/evan/UAV_ws/install/common_msgs/include/common_msgs/common_msgs/msg/input.hpp
[5.831s] -- Symlinking: /home/evan/UAV_ws/install/common_msgs/include/common_msgs/common_msgs/msg/state.hpp
[5.855s] -- Symlinking: /home/evan/UAV_ws/install/common_msgs/include/common_msgs/common_msgs/msg/u_traj.hpp
[5.923s] -- Symlinking: /home/evan/UAV_ws/install/common_msgs/include/common_msgs/common_msgs/msg/x_traj.hpp
[6.030s] -- Symlinking: /home/evan/UAV_ws/install/common_msgs/include/common_msgs/common_msgs/msg/detail/input__rosidl_typesupport_fastrtps_cpp.hpp
[6.106s] -- Symlinking: /home/evan/UAV_ws/install/common_msgs/include/common_msgs/common_msgs/msg/detail/state__rosidl_typesupport_fastrtps_cpp.hpp
[6.194s] -- Symlinking: /home/evan/UAV_ws/install/common_msgs/include/common_msgs/common_msgs/msg/detail/u_traj__rosidl_typesupport_fastrtps_cpp.hpp
[6.194s] -- Symlinking: /home/evan/UAV_ws/install/common_msgs/include/common_msgs/common_msgs/msg/detail/x_traj__rosidl_typesupport_fastrtps_cpp.hpp
[6.203s] -- Symlinking: /home/evan/UAV_ws/install/common_msgs/include/common_msgs/common_msgs/msg/rosidl_typesupport_fastrtps_cpp__visibility_control.h
[6.226s] -- Symlinking: /home/evan/UAV_ws/install/common_msgs/include/common_msgs/common_msgs/msg/detail/input__rosidl_typesupport_introspection_c.h
[6.265s] -- Symlinking: /home/evan/UAV_ws/install/common_msgs/include/common_msgs/common_msgs/msg/detail/state__rosidl_typesupport_introspection_c.h
[6.306s] -- Symlinking: /home/evan/UAV_ws/install/common_msgs/include/common_msgs/common_msgs/msg/detail/u_traj__rosidl_typesupport_introspection_c.h
[6.404s] -- Symlinking: /home/evan/UAV_ws/install/common_msgs/include/common_msgs/common_msgs/msg/detail/x_traj__rosidl_typesupport_introspection_c.h
[6.415s] -- Symlinking: /home/evan/UAV_ws/install/common_msgs/include/common_msgs/common_msgs/msg/rosidl_typesupport_introspection_c__visibility_control.h
[6.430s] -- Symlinking: /home/evan/UAV_ws/install/common_msgs/include/common_msgs/common_msgs/msg/detail/input__rosidl_typesupport_introspection_cpp.hpp
[6.511s] -- Symlinking: /home/evan/UAV_ws/install/common_msgs/include/common_msgs/common_msgs/msg/detail/state__rosidl_typesupport_introspection_cpp.hpp
[6.520s] -- Symlinking: /home/evan/UAV_ws/install/common_msgs/include/common_msgs/common_msgs/msg/detail/u_traj__rosidl_typesupport_introspection_cpp.hpp
[6.597s] -- Symlinking: /home/evan/UAV_ws/install/common_msgs/include/common_msgs/common_msgs/msg/detail/x_traj__rosidl_typesupport_introspection_cpp.hpp
[6.615s] -- Symlinking: /home/evan/UAV_ws/install/common_msgs/share/common_msgs/environment/pythonpath.sh
[6.618s] -- Symlinking: /home/evan/UAV_ws/install/common_msgs/share/common_msgs/environment/pythonpath.dsv
[6.618s] -- Symlinking: /home/evan/UAV_ws/install/common_msgs/local/lib/python3.10/dist-packages/common_msgs-0.0.0-py3.10.egg-info/PKG-INFO
[6.619s] -- Symlinking: /home/evan/UAV_ws/install/common_msgs/local/lib/python3.10/dist-packages/common_msgs-0.0.0-py3.10.egg-info/SOURCES.txt
[6.622s] -- Symlinking: /home/evan/UAV_ws/install/common_msgs/local/lib/python3.10/dist-packages/common_msgs-0.0.0-py3.10.egg-info/dependency_links.txt
[6.622s] -- Symlinking: /home/evan/UAV_ws/install/common_msgs/local/lib/python3.10/dist-packages/common_msgs-0.0.0-py3.10.egg-info/top_level.txt
[6.634s] -- Symlinking: /home/evan/UAV_ws/install/common_msgs/local/lib/python3.10/dist-packages/common_msgs/__init__.py
[6.635s] -- Symlinking: /home/evan/UAV_ws/install/common_msgs/local/lib/python3.10/dist-packages/common_msgs/_common_msgs_s.ep.rosidl_typesupport_c.c
[6.635s] -- Symlinking: /home/evan/UAV_ws/install/common_msgs/local/lib/python3.10/dist-packages/common_msgs/_common_msgs_s.ep.rosidl_typesupport_fastrtps_c.c
[6.635s] -- Symlinking: /home/evan/UAV_ws/install/common_msgs/local/lib/python3.10/dist-packages/common_msgs/_common_msgs_s.ep.rosidl_typesupport_introspection_c.c
[6.635s] -- Symlinking: /home/evan/UAV_ws/install/common_msgs/local/lib/python3.10/dist-packages/common_msgs/common_msgs_s__rosidl_typesupport_c.cpython-310-x86_64-linux-gnu.so
[6.653s] -- Symlinking: /home/evan/UAV_ws/install/common_msgs/local/lib/python3.10/dist-packages/common_msgs/common_msgs_s__rosidl_typesupport_fastrtps_c.cpython-310-x86_64-linux-gnu.so
[6.686s] -- Symlinking: /home/evan/UAV_ws/install/common_msgs/local/lib/python3.10/dist-packages/common_msgs/common_msgs_s__rosidl_typesupport_introspection_c.cpython-310-x86_64-linux-gnu.so
[6.721s] -- Symlinking: /home/evan/UAV_ws/install/common_msgs/local/lib/python3.10/dist-packages/common_msgs/libcommon_msgs__rosidl_generator_py.so
[6.739s] -- Symlinking: /home/evan/UAV_ws/install/common_msgs/local/lib/python3.10/dist-packages/common_msgs/msg/__init__.py
[6.772s] -- Symlinking: /home/evan/UAV_ws/install/common_msgs/local/lib/python3.10/dist-packages/common_msgs/msg/_input.py
[6.791s] -- Symlinking: /home/evan/UAV_ws/install/common_msgs/local/lib/python3.10/dist-packages/common_msgs/msg/_input_s.c
[6.863s] -- Symlinking: /home/evan/UAV_ws/install/common_msgs/local/lib/python3.10/dist-packages/common_msgs/msg/_state.py
[6.894s] -- Symlinking: /home/evan/UAV_ws/install/common_msgs/local/lib/python3.10/dist-packages/common_msgs/msg/_state_s.c
[6.949s] -- Symlinking: /home/evan/UAV_ws/install/common_msgs/local/lib/python3.10/dist-packages/common_msgs/msg/_u_traj.py
[6.978s] -- Symlinking: /home/evan/UAV_ws/install/common_msgs/local/lib/python3.10/dist-packages/common_msgs/msg/_u_traj_s.c
[7.006s] -- Symlinking: /home/evan/UAV_ws/install/common_msgs/local/lib/python3.10/dist-packages/common_msgs/msg/_x_traj.py
[7.030s] -- Symlinking: /home/evan/UAV_ws/install/common_msgs/local/lib/python3.10/dist-packages/common_msgs/msg/_x_traj_s.c
[7.052s] -- Up-to-date symlink: /home/evan/UAV_ws/install/common_msgs/local/lib/python3.10/dist-packages/common_msgs/common_msgs_s__rosidl_typesupport_fastrtps_c.cpython-310-x86_64-linux-gnu.so
[7.052s] -- Up-to-date symlink: /home/evan/UAV_ws/install/common_msgs/local/lib/python3.10/dist-packages/common_msgs/common_msgs_s__rosidl_typesupport_introspection_c.cpython-310-x86_64-linux-gnu.so
[7.052s] -- Up-to-date symlink: /home/evan/UAV_ws/install/common_msgs/local/lib/python3.10/dist-packages/common_msgs/common_msgs_s__rosidl_typesupport_c.cpython-310-x86_64-linux-gnu.so
[7.052s] -- Symlinking: /home/evan/UAV_ws/install/common_msgs/share/common_msgs/msg/XTraj.idl
[7.071s] -- Symlinking: /home/evan/UAV_ws/install/common_msgs/share/common_msgs/msg/UTraj.idl
[7.089s] -- Symlinking: /home/evan/UAV_ws/install/common_msgs/share/common_msgs/msg/State.idl
[7.135s] -- Symlinking: /home/evan/UAV_ws/install/common_msgs/share/common_msgs/msg/Input.idl
[7.179s] -- Symlinking: /home/evan/UAV_ws/install/common_msgs/share/common_msgs/msg/XTraj.msg
[7.195s] -- Symlinking: /home/evan/UAV_ws/install/common_msgs/share/common_msgs/msg/UTraj.msg
[7.223s] -- Symlinking: /home/evan/UAV_ws/install/common_msgs/share/common_msgs/msg/State.msg
[7.241s] -- Symlinking: /home/evan/UAV_ws/install/common_msgs/share/common_msgs/msg/Input.msg
[7.261s] -- Symlinking: /home/evan/UAV_ws/install/common_msgs/share/ament_index/resource_index/package_run_dependencies/common_msgs
[7.276s] -- Symlinking: /home/evan/UAV_ws/install/common_msgs/share/ament_index/resource_index/parent_prefix_path/common_msgs
[7.294s] -- Symlinking: /home/evan/UAV_ws/install/common_msgs/share/common_msgs/environment/ament_prefix_path.sh
[7.312s] -- Symlinking: /home/evan/UAV_ws/install/common_msgs/share/common_msgs/environment/ament_prefix_path.dsv
[7.326s] -- Symlinking: /home/evan/UAV_ws/install/common_msgs/share/common_msgs/environment/path.sh
[7.344s] -- Symlinking: /home/evan/UAV_ws/install/common_msgs/share/common_msgs/environment/path.dsv
[7.364s] -- Symlinking: /home/evan/UAV_ws/install/common_msgs/share/common_msgs/local_setup.bash
[7.420s] -- Symlinking: /home/evan/UAV_ws/install/common_msgs/share/common_msgs/local_setup.sh
[7.444s] -- Symlinking: /home/evan/UAV_ws/install/common_msgs/share/common_msgs/local_setup.zsh
[7.492s] -- Symlinking: /home/evan/UAV_ws/install/common_msgs/share/common_msgs/local_setup.dsv
[7.518s] -- Symlinking: /home/evan/UAV_ws/install/common_msgs/share/common_msgs/package.dsv
[7.571s] -- Symlinking: /home/evan/UAV_ws/install/common_msgs/share/ament_index/resource_index/packages/common_msgs
[7.615s] -- Symlinking: /home/evan/UAV_ws/install/common_msgs/share/common_msgs/cmake/rosidl_cmake-extras.cmake
[7.649s] -- Symlinking: /home/evan/UAV_ws/install/common_msgs/share/common_msgs/cmake/ament_cmake_export_include_directories-extras.cmake
[7.685s] -- Symlinking: /home/evan/UAV_ws/install/common_msgs/share/common_msgs/cmake/ament_cmake_export_libraries-extras.cmake
[7.704s] -- Symlinking: /home/evan/UAV_ws/install/common_msgs/share/common_msgs/cmake/ament_cmake_export_targets-extras.cmake
[7.720s] -- Symlinking: /home/evan/UAV_ws/install/common_msgs/share/common_msgs/cmake/rosidl_cmake_export_typesupport_targets-extras.cmake
[7.779s] -- Symlinking: /home/evan/UAV_ws/install/common_msgs/share/common_msgs/cmake/ament_cmake_export_dependencies-extras.cmake
[7.809s] -- Symlinking: /home/evan/UAV_ws/install/common_msgs/share/common_msgs/cmake/rosidl_cmake_export_typesupport_libraries-extras.cmake
[7.825s] -- Symlinking: /home/evan/UAV_ws/install/common_msgs/share/common_msgs/cmake/common_msgsConfig.cmake
[7.841s] -- Symlinking: /home/evan/UAV_ws/install/common_msgs/share/common_msgs/cmake/common_msgsConfig-version.cmake
[7.864s] -- Symlinking: /home/evan/UAV_ws/install/common_msgs/share/common_msgs/package.xml
[7.945s] -- Installing: /home/evan/UAV_ws/install/common_msgs/lib/libcommon_msgs__rosidl_generator_c.so
[7.978s] -- Set runtime path of "/home/evan/UAV_ws/install/common_msgs/lib/libcommon_msgs__rosidl_generator_c.so" to ""
[7.978s] -- Installing: /home/evan/UAV_ws/install/common_msgs/lib/libcommon_msgs__rosidl_typesupport_fastrtps_c.so
[8.076s] -- Set runtime path of "/home/evan/UAV_ws/install/common_msgs/lib/libcommon_msgs__rosidl_typesupport_fastrtps_c.so" to ""
[8.076s] -- Installing: /home/evan/UAV_ws/install/common_msgs/lib/libcommon_msgs__rosidl_typesupport_fastrtps_cpp.so
[8.083s] -- Set runtime path of "/home/evan/UAV_ws/install/common_msgs/lib/libcommon_msgs__rosidl_typesupport_fastrtps_cpp.so" to ""
[8.083s] -- Installing: /home/evan/UAV_ws/install/common_msgs/lib/libcommon_msgs__rosidl_typesupport_introspection_c.so
[8.083s] -- Set runtime path of "/home/evan/UAV_ws/install/common_msgs/lib/libcommon_msgs__rosidl_typesupport_introspection_c.so" to ""
[8.084s] -- Installing: /home/evan/UAV_ws/install/common_msgs/lib/libcommon_msgs__rosidl_typesupport_c.so
[8.084s] -- Set runtime path of "/home/evan/UAV_ws/install/common_msgs/lib/libcommon_msgs__rosidl_typesupport_c.so" to ""
[8.085s] -- Installing: /home/evan/UAV_ws/install/common_msgs/lib/libcommon_msgs__rosidl_typesupport_introspection_cpp.so
[8.086s] -- Set runtime path of "/home/evan/UAV_ws/install/common_msgs/lib/libcommon_msgs__rosidl_typesupport_introspection_cpp.so" to ""
[8.086s] -- Installing: /home/evan/UAV_ws/install/common_msgs/lib/libcommon_msgs__rosidl_typesupport_cpp.so
[8.086s] -- Set runtime path of "/home/evan/UAV_ws/install/common_msgs/lib/libcommon_msgs__rosidl_typesupport_cpp.so" to ""
[8.114s] Listing '/home/evan/UAV_ws/install/common_msgs/local/lib/python3.10/dist-packages/common_msgs'...
[8.116s] Compiling '/home/evan/UAV_ws/install/common_msgs/local/lib/python3.10/dist-packages/common_msgs/__init__.py'...
[8.116s] Listing '/home/evan/UAV_ws/install/common_msgs/local/lib/python3.10/dist-packages/common_msgs/msg'...
[8.117s] Compiling '/home/evan/UAV_ws/install/common_msgs/local/lib/python3.10/dist-packages/common_msgs/msg/__init__.py'...
[8.117s] Compiling '/home/evan/UAV_ws/install/common_msgs/local/lib/python3.10/dist-packages/common_msgs/msg/_input.py'...
[8.117s] Compiling '/home/evan/UAV_ws/install/common_msgs/local/lib/python3.10/dist-packages/common_msgs/msg/_state.py'...
[8.117s] Compiling '/home/evan/UAV_ws/install/common_msgs/local/lib/python3.10/dist-packages/common_msgs/msg/_u_traj.py'...
[8.118s] Compiling '/home/evan/UAV_ws/install/common_msgs/local/lib/python3.10/dist-packages/common_msgs/msg/_x_traj.py'...
[8.129s] -- Installing: /home/evan/UAV_ws/install/common_msgs/lib/libcommon_msgs__rosidl_generator_py.so
[8.138s] -- Set runtime path of "/home/evan/UAV_ws/install/common_msgs/lib/libcommon_msgs__rosidl_generator_py.so" to ""
[8.138s] -- Installing: /home/evan/UAV_ws/install/common_msgs/share/common_msgs/cmake/export_common_msgs__rosidl_generator_cExport.cmake
[8.138s] -- Installing: /home/evan/UAV_ws/install/common_msgs/share/common_msgs/cmake/export_common_msgs__rosidl_generator_cExport-debug.cmake
[8.138s] -- Installing: /home/evan/UAV_ws/install/common_msgs/share/common_msgs/cmake/export_common_msgs__rosidl_typesupport_fastrtps_cExport.cmake
[8.139s] -- Installing: /home/evan/UAV_ws/install/common_msgs/share/common_msgs/cmake/export_common_msgs__rosidl_typesupport_fastrtps_cExport-debug.cmake
[8.154s] -- Installing: /home/evan/UAV_ws/install/common_msgs/share/common_msgs/cmake/export_common_msgs__rosidl_generator_cppExport.cmake
[8.154s] -- Installing: /home/evan/UAV_ws/install/common_msgs/share/common_msgs/cmake/export_common_msgs__rosidl_typesupport_fastrtps_cppExport.cmake
[8.154s] -- Installing: /home/evan/UAV_ws/install/common_msgs/share/common_msgs/cmake/export_common_msgs__rosidl_typesupport_fastrtps_cppExport-debug.cmake
[8.161s] -- Installing: /home/evan/UAV_ws/install/common_msgs/share/common_msgs/cmake/common_msgs__rosidl_typesupport_introspection_cExport.cmake
[8.161s] -- Installing: /home/evan/UAV_ws/install/common_msgs/share/common_msgs/cmake/common_msgs__rosidl_typesupport_introspection_cExport-debug.cmake
[8.161s] -- Installing: /home/evan/UAV_ws/install/common_msgs/share/common_msgs/cmake/common_msgs__rosidl_typesupport_cExport.cmake
[8.161s] -- Installing: /home/evan/UAV_ws/install/common_msgs/share/common_msgs/cmake/common_msgs__rosidl_typesupport_cExport-debug.cmake
[8.162s] -- Installing: /home/evan/UAV_ws/install/common_msgs/share/common_msgs/cmake/common_msgs__rosidl_typesupport_introspection_cppExport.cmake
[8.168s] -- Installing: /home/evan/UAV_ws/install/common_msgs/share/common_msgs/cmake/common_msgs__rosidl_typesupport_introspection_cppExport-debug.cmake
[8.170s] -- Installing: /home/evan/UAV_ws/install/common_msgs/share/common_msgs/cmake/common_msgs__rosidl_typesupport_cppExport.cmake
[8.170s] -- Installing: /home/evan/UAV_ws/install/common_msgs/share/common_msgs/cmake/common_msgs__rosidl_typesupport_cppExport-debug.cmake
[8.170s] -- Installing: /home/evan/UAV_ws/install/common_msgs/share/common_msgs/cmake/export_common_msgs__rosidl_generator_pyExport.cmake
[8.170s] -- Installing: /home/evan/UAV_ws/install/common_msgs/share/common_msgs/cmake/export_common_msgs__rosidl_generator_pyExport-debug.cmake
[8.197s] Invoked command in '/home/evan/UAV_ws/build/common_msgs' returned '0': CMAKE_PREFIX_PATH=${CMAKE_PREFIX_PATH}:/opt/ros/humble /usr/bin/cmake --install /home/evan/UAV_ws/build/common_msgs
