[35m[1mConsolidate compiler generated dependencies of target simulator_node_exe[0m
[100%] Built target simulator_node_exe
-- Install configuration: "Debug"
-- Execute custom install script
-- Up-to-date symlink: /home/evan/UAV_ws/install/simulator_node/lib/simulator_node/simulator_node_exe
-- Up-to-date symlink: /home/evan/UAV_ws/install/simulator_node/share/ament_index/resource_index/package_run_dependencies/simulator_node
-- Up-to-date symlink: /home/evan/UAV_ws/install/simulator_node/share/ament_index/resource_index/parent_prefix_path/simulator_node
-- Up-to-date symlink: /home/evan/UAV_ws/install/simulator_node/share/simulator_node/environment/ament_prefix_path.sh
-- Up-to-date symlink: /home/evan/UAV_ws/install/simulator_node/share/simulator_node/environment/ament_prefix_path.dsv
-- Up-to-date symlink: /home/evan/UAV_ws/install/simulator_node/share/simulator_node/environment/path.sh
-- Up-to-date symlink: /home/evan/UAV_ws/install/simulator_node/share/simulator_node/environment/path.dsv
-- Up-to-date symlink: /home/evan/UAV_ws/install/simulator_node/share/simulator_node/local_setup.bash
-- Up-to-date symlink: /home/evan/UAV_ws/install/simulator_node/share/simulator_node/local_setup.sh
-- Up-to-date symlink: /home/evan/UAV_ws/install/simulator_node/share/simulator_node/local_setup.zsh
-- Up-to-date symlink: /home/evan/UAV_ws/install/simulator_node/share/simulator_node/local_setup.dsv
-- Symlinking: /home/evan/UAV_ws/install/simulator_node/share/simulator_node/package.dsv
-- Up-to-date symlink: /home/evan/UAV_ws/install/simulator_node/share/ament_index/resource_index/packages/simulator_node
-- Up-to-date symlink: /home/evan/UAV_ws/install/simulator_node/share/simulator_node/cmake/simulator_nodeConfig.cmake
-- Up-to-date symlink: /home/evan/UAV_ws/install/simulator_node/share/simulator_node/cmake/simulator_nodeConfig-version.cmake
-- Up-to-date symlink: /home/evan/UAV_ws/install/simulator_node/share/simulator_node/package.xml
