[0.725s] DEBUG:colcon:Command line arguments: ['/usr/bin/colcon', 'build', '--symlink-install', '--cmake-args', '-DCMAKE_BUILD_TYPE=Debug']
[0.725s] DEBUG:colcon:Parsed command line arguments: Namespace(log_base=None, log_level=None, verb_name='build', build_base='build', install_base='install', merge_install=False, symlink_install=True, test_result_base=None, continue_on_error=False, executor='parallel', parallel_workers=16, event_handlers=None, ignore_user_meta=False, metas=['./colcon.meta'], base_paths=['.'], packages_ignore=None, packages_ignore_regex=None, paths=None, packages_up_to=None, packages_up_to_regex=None, packages_above=None, packages_above_and_dependencies=None, packages_above_depth=None, packages_select_by_dep=None, packages_skip_by_dep=None, packages_skip_up_to=None, packages_select_build_failed=False, packages_skip_build_finished=False, packages_select_test_failures=False, packages_skip_test_passed=False, packages_select=None, packages_skip=None, packages_select_regex=None, packages_skip_regex=None, packages_start=None, packages_end=None, allow_overriding=[], cmake_args=['-DCMAKE_BUILD_TYPE=Debug'], cmake_target=None, cmake_target_skip_unavailable=False, cmake_clean_cache=False, cmake_clean_first=False, cmake_force_configure=False, ament_cmake_args=None, catkin_cmake_args=None, catkin_skip_building_tests=False, verb_parser=<colcon_defaults.argument_parser.defaults.DefaultArgumentsDecorator object at 0x7d5540bdf790>, verb_extension=<colcon_core.verb.build.BuildVerb object at 0x7d5540ed9060>, main=<bound method BuildVerb.main of <colcon_core.verb.build.BuildVerb object at 0x7d5540ed9060>>)
[0.767s] Level 1:colcon.colcon_core.package_discovery:discover_packages(colcon_meta) check parameters
[0.767s] Level 1:colcon.colcon_core.package_discovery:discover_packages(recursive) check parameters
[0.767s] Level 1:colcon.colcon_core.package_discovery:discover_packages(ignore) check parameters
[0.767s] Level 1:colcon.colcon_core.package_discovery:discover_packages(path) check parameters
[0.767s] Level 1:colcon.colcon_core.package_discovery:discover_packages(colcon_meta) discover
[0.767s] Level 1:colcon.colcon_core.package_discovery:discover_packages(recursive) discover
[0.767s] INFO:colcon.colcon_core.package_discovery:Crawling recursively for packages in '/home/evan/UAV_ws'
[0.768s] Level 1:colcon.colcon_core.package_identification:_identify(.) by extensions ['ignore', 'ignore_ament_install']
[0.768s] Level 1:colcon.colcon_core.package_identification:_identify(.) by extension 'ignore'
[0.768s] Level 1:colcon.colcon_core.package_identification:_identify(.) by extension 'ignore_ament_install'
[0.768s] Level 1:colcon.colcon_core.package_identification:_identify(.) by extensions ['colcon_pkg']
[0.768s] Level 1:colcon.colcon_core.package_identification:_identify(.) by extension 'colcon_pkg'
[0.768s] Level 1:colcon.colcon_core.package_identification:_identify(.) by extensions ['colcon_meta']
[0.768s] Level 1:colcon.colcon_core.package_identification:_identify(.) by extension 'colcon_meta'
[0.768s] Level 1:colcon.colcon_core.package_identification:_identify(.) by extensions ['ros']
[0.768s] Level 1:colcon.colcon_core.package_identification:_identify(.) by extension 'ros'
[0.778s] Level 1:colcon.colcon_core.package_identification:_identify(.) by extensions ['cmake', 'python']
[0.778s] Level 1:colcon.colcon_core.package_identification:_identify(.) by extension 'cmake'
[0.778s] Level 1:colcon.colcon_core.package_identification:_identify(.) by extension 'python'
[0.778s] Level 1:colcon.colcon_core.package_identification:_identify(.) by extensions ['python_setup_py']
[0.778s] Level 1:colcon.colcon_core.package_identification:_identify(.) by extension 'python_setup_py'
[0.778s] Level 1:colcon.colcon_core.package_identification:_identify(build) by extensions ['ignore', 'ignore_ament_install']
[0.778s] Level 1:colcon.colcon_core.package_identification:_identify(build) by extension 'ignore'
[0.778s] Level 1:colcon.colcon_core.package_identification:_identify(build) ignored
[0.778s] Level 1:colcon.colcon_core.package_identification:_identify(install) by extensions ['ignore', 'ignore_ament_install']
[0.778s] Level 1:colcon.colcon_core.package_identification:_identify(install) by extension 'ignore'
[0.778s] Level 1:colcon.colcon_core.package_identification:_identify(install) ignored
[0.779s] Level 1:colcon.colcon_core.package_identification:_identify(log) by extensions ['ignore', 'ignore_ament_install']
[0.779s] Level 1:colcon.colcon_core.package_identification:_identify(log) by extension 'ignore'
[0.779s] Level 1:colcon.colcon_core.package_identification:_identify(log) ignored
[0.779s] Level 1:colcon.colcon_core.package_identification:_identify(src) by extensions ['ignore', 'ignore_ament_install']
[0.779s] Level 1:colcon.colcon_core.package_identification:_identify(src) by extension 'ignore'
[0.779s] Level 1:colcon.colcon_core.package_identification:_identify(src) by extension 'ignore_ament_install'
[0.779s] Level 1:colcon.colcon_core.package_identification:_identify(src) by extensions ['colcon_pkg']
[0.779s] Level 1:colcon.colcon_core.package_identification:_identify(src) by extension 'colcon_pkg'
[0.779s] Level 1:colcon.colcon_core.package_identification:_identify(src) by extensions ['colcon_meta']
[0.779s] Level 1:colcon.colcon_core.package_identification:_identify(src) by extension 'colcon_meta'
[0.779s] Level 1:colcon.colcon_core.package_identification:_identify(src) by extensions ['ros']
[0.779s] Level 1:colcon.colcon_core.package_identification:_identify(src) by extension 'ros'
[0.779s] Level 1:colcon.colcon_core.package_identification:_identify(src) by extensions ['cmake', 'python']
[0.779s] Level 1:colcon.colcon_core.package_identification:_identify(src) by extension 'cmake'
[0.779s] Level 1:colcon.colcon_core.package_identification:_identify(src) by extension 'python'
[0.779s] Level 1:colcon.colcon_core.package_identification:_identify(src) by extensions ['python_setup_py']
[0.779s] Level 1:colcon.colcon_core.package_identification:_identify(src) by extension 'python_setup_py'
[0.779s] Level 1:colcon.colcon_core.package_identification:_identify(src/common_msgs) by extensions ['ignore', 'ignore_ament_install']
[0.779s] Level 1:colcon.colcon_core.package_identification:_identify(src/common_msgs) by extension 'ignore'
[0.779s] Level 1:colcon.colcon_core.package_identification:_identify(src/common_msgs) by extension 'ignore_ament_install'
[0.779s] Level 1:colcon.colcon_core.package_identification:_identify(src/common_msgs) by extensions ['colcon_pkg']
[0.780s] Level 1:colcon.colcon_core.package_identification:_identify(src/common_msgs) by extension 'colcon_pkg'
[0.780s] Level 1:colcon.colcon_core.package_identification:_identify(src/common_msgs) by extensions ['colcon_meta']
[0.780s] Level 1:colcon.colcon_core.package_identification:_identify(src/common_msgs) by extension 'colcon_meta'
[0.780s] Level 1:colcon.colcon_core.package_identification:_identify(src/common_msgs) by extensions ['ros']
[0.780s] Level 1:colcon.colcon_core.package_identification:_identify(src/common_msgs) by extension 'ros'
[0.782s] DEBUG:colcon.colcon_core.package_identification:Package 'src/common_msgs' with type 'ros.ament_cmake' and name 'common_msgs'
[0.782s] Level 1:colcon.colcon_core.package_identification:_identify(src/grampc-d) by extensions ['ignore', 'ignore_ament_install']
[0.782s] Level 1:colcon.colcon_core.package_identification:_identify(src/grampc-d) by extension 'ignore'
[0.782s] Level 1:colcon.colcon_core.package_identification:_identify(src/grampc-d) by extension 'ignore_ament_install'
[0.782s] Level 1:colcon.colcon_core.package_identification:_identify(src/grampc-d) by extensions ['colcon_pkg']
[0.782s] Level 1:colcon.colcon_core.package_identification:_identify(src/grampc-d) by extension 'colcon_pkg'
[0.782s] Level 1:colcon.colcon_core.package_identification:_identify(src/grampc-d) by extensions ['colcon_meta']
[0.782s] Level 1:colcon.colcon_core.package_identification:_identify(src/grampc-d) by extension 'colcon_meta'
[0.782s] Level 1:colcon.colcon_core.package_identification:_identify(src/grampc-d) by extensions ['ros']
[0.782s] Level 1:colcon.colcon_core.package_identification:_identify(src/grampc-d) by extension 'ros'
[0.783s] DEBUG:colcon.colcon_core.package_identification:Package 'src/grampc-d' with type 'ros.ament_cmake' and name 'grampc-d'
[0.783s] Level 1:colcon.colcon_core.package_identification:_identify(src/libs) by extensions ['ignore', 'ignore_ament_install']
[0.783s] Level 1:colcon.colcon_core.package_identification:_identify(src/libs) by extension 'ignore'
[0.783s] Level 1:colcon.colcon_core.package_identification:_identify(src/libs) by extension 'ignore_ament_install'
[0.783s] Level 1:colcon.colcon_core.package_identification:_identify(src/libs) by extensions ['colcon_pkg']
[0.783s] Level 1:colcon.colcon_core.package_identification:_identify(src/libs) by extension 'colcon_pkg'
[0.783s] Level 1:colcon.colcon_core.package_identification:_identify(src/libs) by extensions ['colcon_meta']
[0.783s] Level 1:colcon.colcon_core.package_identification:_identify(src/libs) by extension 'colcon_meta'
[0.783s] Level 1:colcon.colcon_core.package_identification:_identify(src/libs) by extensions ['ros']
[0.783s] Level 1:colcon.colcon_core.package_identification:_identify(src/libs) by extension 'ros'
[0.783s] DEBUG:colcon.colcon_core.package_identification:Package 'src/libs' with type 'ros.ament_cmake' and name 'libs'
[0.783s] Level 1:colcon.colcon_core.package_identification:_identify(src/mpc_node) by extensions ['ignore', 'ignore_ament_install']
[0.783s] Level 1:colcon.colcon_core.package_identification:_identify(src/mpc_node) by extension 'ignore'
[0.783s] Level 1:colcon.colcon_core.package_identification:_identify(src/mpc_node) by extension 'ignore_ament_install'
[0.784s] Level 1:colcon.colcon_core.package_identification:_identify(src/mpc_node) by extensions ['colcon_pkg']
[0.784s] Level 1:colcon.colcon_core.package_identification:_identify(src/mpc_node) by extension 'colcon_pkg'
[0.784s] Level 1:colcon.colcon_core.package_identification:_identify(src/mpc_node) by extensions ['colcon_meta']
[0.784s] Level 1:colcon.colcon_core.package_identification:_identify(src/mpc_node) by extension 'colcon_meta'
[0.784s] Level 1:colcon.colcon_core.package_identification:_identify(src/mpc_node) by extensions ['ros']
[0.784s] Level 1:colcon.colcon_core.package_identification:_identify(src/mpc_node) by extension 'ros'
[0.784s] DEBUG:colcon.colcon_core.package_identification:Package 'src/mpc_node' with type 'ros.ament_cmake' and name 'mpc_node'
[0.784s] Level 1:colcon.colcon_core.package_identification:_identify(src/simulator_node) by extensions ['ignore', 'ignore_ament_install']
[0.784s] Level 1:colcon.colcon_core.package_identification:_identify(src/simulator_node) by extension 'ignore'
[0.784s] Level 1:colcon.colcon_core.package_identification:_identify(src/simulator_node) by extension 'ignore_ament_install'
[0.784s] Level 1:colcon.colcon_core.package_identification:_identify(src/simulator_node) by extensions ['colcon_pkg']
[0.784s] Level 1:colcon.colcon_core.package_identification:_identify(src/simulator_node) by extension 'colcon_pkg'
[0.784s] Level 1:colcon.colcon_core.package_identification:_identify(src/simulator_node) by extensions ['colcon_meta']
[0.784s] Level 1:colcon.colcon_core.package_identification:_identify(src/simulator_node) by extension 'colcon_meta'
[0.785s] Level 1:colcon.colcon_core.package_identification:_identify(src/simulator_node) by extensions ['ros']
[0.785s] Level 1:colcon.colcon_core.package_identification:_identify(src/simulator_node) by extension 'ros'
[0.785s] DEBUG:colcon.colcon_core.package_identification:Package 'src/simulator_node' with type 'ros.ament_cmake' and name 'simulator_node'
[0.785s] Level 1:colcon.colcon_core.package_identification:_identify(src/test) by extensions ['ignore', 'ignore_ament_install']
[0.785s] Level 1:colcon.colcon_core.package_identification:_identify(src/test) by extension 'ignore'
[0.785s] Level 1:colcon.colcon_core.package_identification:_identify(src/test) by extension 'ignore_ament_install'
[0.785s] Level 1:colcon.colcon_core.package_identification:_identify(src/test) by extensions ['colcon_pkg']
[0.785s] Level 1:colcon.colcon_core.package_identification:_identify(src/test) by extension 'colcon_pkg'
[0.785s] Level 1:colcon.colcon_core.package_identification:_identify(src/test) by extensions ['colcon_meta']
[0.785s] Level 1:colcon.colcon_core.package_identification:_identify(src/test) by extension 'colcon_meta'
[0.785s] Level 1:colcon.colcon_core.package_identification:_identify(src/test) by extensions ['ros']
[0.785s] Level 1:colcon.colcon_core.package_identification:_identify(src/test) by extension 'ros'
[0.786s] DEBUG:colcon.colcon_core.package_identification:Package 'src/test' with type 'ros.ament_cmake' and name 'test'
[0.786s] Level 1:colcon.colcon_core.package_identification:_identify(src/uav_launch) by extensions ['ignore', 'ignore_ament_install']
[0.786s] Level 1:colcon.colcon_core.package_identification:_identify(src/uav_launch) by extension 'ignore'
[0.786s] Level 1:colcon.colcon_core.package_identification:_identify(src/uav_launch) by extension 'ignore_ament_install'
[0.786s] Level 1:colcon.colcon_core.package_identification:_identify(src/uav_launch) by extensions ['colcon_pkg']
[0.786s] Level 1:colcon.colcon_core.package_identification:_identify(src/uav_launch) by extension 'colcon_pkg'
[0.786s] Level 1:colcon.colcon_core.package_identification:_identify(src/uav_launch) by extensions ['colcon_meta']
[0.786s] Level 1:colcon.colcon_core.package_identification:_identify(src/uav_launch) by extension 'colcon_meta'
[0.786s] Level 1:colcon.colcon_core.package_identification:_identify(src/uav_launch) by extensions ['ros']
[0.786s] Level 1:colcon.colcon_core.package_identification:_identify(src/uav_launch) by extension 'ros'
[0.786s] DEBUG:colcon.colcon_core.package_identification:Package 'src/uav_launch' with type 'ros.ament_cmake' and name 'uav_launch'
[0.786s] Level 1:colcon.colcon_core.package_discovery:discover_packages(recursive) using defaults
[0.786s] Level 1:colcon.colcon_core.package_discovery:discover_packages(ignore) discover
[0.786s] Level 1:colcon.colcon_core.package_discovery:discover_packages(ignore) using defaults
[0.786s] Level 1:colcon.colcon_core.package_discovery:discover_packages(path) discover
[0.786s] Level 1:colcon.colcon_core.package_discovery:discover_packages(path) using defaults
[0.855s] Level 1:colcon.colcon_core.package_discovery:discover_packages(prefix_path) check parameters
[0.855s] Level 1:colcon.colcon_core.package_discovery:discover_packages(prefix_path) discover
[0.879s] DEBUG:colcon.colcon_installed_package_information.package_discovery:Found 291 installed packages in /opt/ros/humble
[0.880s] Level 1:colcon.colcon_core.package_discovery:discover_packages(prefix_path) using defaults
[0.951s] Level 5:colcon.colcon_core.verb:set package 'common_msgs' build argument 'cmake_args' from command line to '['-DCMAKE_BUILD_TYPE=Debug']'
[0.951s] Level 5:colcon.colcon_core.verb:set package 'common_msgs' build argument 'cmake_target' from command line to 'None'
[0.951s] Level 5:colcon.colcon_core.verb:set package 'common_msgs' build argument 'cmake_target_skip_unavailable' from command line to 'False'
[0.951s] Level 5:colcon.colcon_core.verb:set package 'common_msgs' build argument 'cmake_clean_cache' from command line to 'False'
[0.951s] Level 5:colcon.colcon_core.verb:set package 'common_msgs' build argument 'cmake_clean_first' from command line to 'False'
[0.951s] Level 5:colcon.colcon_core.verb:set package 'common_msgs' build argument 'cmake_force_configure' from command line to 'False'
[0.951s] Level 5:colcon.colcon_core.verb:set package 'common_msgs' build argument 'ament_cmake_args' from command line to 'None'
[0.951s] Level 5:colcon.colcon_core.verb:set package 'common_msgs' build argument 'catkin_cmake_args' from command line to 'None'
[0.951s] Level 5:colcon.colcon_core.verb:set package 'common_msgs' build argument 'catkin_skip_building_tests' from command line to 'False'
[0.951s] DEBUG:colcon.colcon_core.verb:Building package 'common_msgs' with the following arguments: {'ament_cmake_args': None, 'build_base': '/home/evan/UAV_ws/build/common_msgs', 'catkin_cmake_args': None, 'catkin_skip_building_tests': False, 'cmake_args': ['-DCMAKE_BUILD_TYPE=Debug'], 'cmake_clean_cache': False, 'cmake_clean_first': False, 'cmake_force_configure': False, 'cmake_target': None, 'cmake_target_skip_unavailable': False, 'install_base': '/home/evan/UAV_ws/install/common_msgs', 'merge_install': False, 'path': '/home/evan/UAV_ws/src/common_msgs', 'symlink_install': True, 'test_result_base': None}
[0.962s] Level 5:colcon.colcon_core.verb:set package 'libs' build argument 'cmake_args' from command line to '['-DCMAKE_BUILD_TYPE=Debug']'
[0.963s] Level 5:colcon.colcon_core.verb:set package 'libs' build argument 'cmake_target' from command line to 'None'
[0.963s] Level 5:colcon.colcon_core.verb:set package 'libs' build argument 'cmake_target_skip_unavailable' from command line to 'False'
[0.963s] Level 5:colcon.colcon_core.verb:set package 'libs' build argument 'cmake_clean_cache' from command line to 'False'
[0.963s] Level 5:colcon.colcon_core.verb:set package 'libs' build argument 'cmake_clean_first' from command line to 'False'
[0.963s] Level 5:colcon.colcon_core.verb:set package 'libs' build argument 'cmake_force_configure' from command line to 'False'
[0.963s] Level 5:colcon.colcon_core.verb:set package 'libs' build argument 'ament_cmake_args' from command line to 'None'
[0.963s] Level 5:colcon.colcon_core.verb:set package 'libs' build argument 'catkin_cmake_args' from command line to 'None'
[0.963s] Level 5:colcon.colcon_core.verb:set package 'libs' build argument 'catkin_skip_building_tests' from command line to 'False'
[0.963s] DEBUG:colcon.colcon_core.verb:Building package 'libs' with the following arguments: {'ament_cmake_args': None, 'build_base': '/home/evan/UAV_ws/build/libs', 'catkin_cmake_args': None, 'catkin_skip_building_tests': False, 'cmake_args': ['-DCMAKE_BUILD_TYPE=Debug'], 'cmake_clean_cache': False, 'cmake_clean_first': False, 'cmake_force_configure': False, 'cmake_target': None, 'cmake_target_skip_unavailable': False, 'install_base': '/home/evan/UAV_ws/install/libs', 'merge_install': False, 'path': '/home/evan/UAV_ws/src/libs', 'symlink_install': True, 'test_result_base': None}
[0.974s] Level 5:colcon.colcon_core.verb:set package 'uav_launch' build argument 'cmake_args' from command line to '['-DCMAKE_BUILD_TYPE=Debug']'
[0.974s] Level 5:colcon.colcon_core.verb:set package 'uav_launch' build argument 'cmake_target' from command line to 'None'
[0.974s] Level 5:colcon.colcon_core.verb:set package 'uav_launch' build argument 'cmake_target_skip_unavailable' from command line to 'False'
[0.974s] Level 5:colcon.colcon_core.verb:set package 'uav_launch' build argument 'cmake_clean_cache' from command line to 'False'
[0.974s] Level 5:colcon.colcon_core.verb:set package 'uav_launch' build argument 'cmake_clean_first' from command line to 'False'
[0.974s] Level 5:colcon.colcon_core.verb:set package 'uav_launch' build argument 'cmake_force_configure' from command line to 'False'
[0.974s] Level 5:colcon.colcon_core.verb:set package 'uav_launch' build argument 'ament_cmake_args' from command line to 'None'
[0.974s] Level 5:colcon.colcon_core.verb:set package 'uav_launch' build argument 'catkin_cmake_args' from command line to 'None'
[0.974s] Level 5:colcon.colcon_core.verb:set package 'uav_launch' build argument 'catkin_skip_building_tests' from command line to 'False'
[0.974s] DEBUG:colcon.colcon_core.verb:Building package 'uav_launch' with the following arguments: {'ament_cmake_args': None, 'build_base': '/home/evan/UAV_ws/build/uav_launch', 'catkin_cmake_args': None, 'catkin_skip_building_tests': False, 'cmake_args': ['-DCMAKE_BUILD_TYPE=Debug'], 'cmake_clean_cache': False, 'cmake_clean_first': False, 'cmake_force_configure': False, 'cmake_target': None, 'cmake_target_skip_unavailable': False, 'install_base': '/home/evan/UAV_ws/install/uav_launch', 'merge_install': False, 'path': '/home/evan/UAV_ws/src/uav_launch', 'symlink_install': True, 'test_result_base': None}
[0.985s] Level 5:colcon.colcon_core.verb:set package 'grampc-d' build argument 'cmake_args' from command line to '['-DCMAKE_BUILD_TYPE=Debug']'
[0.985s] Level 5:colcon.colcon_core.verb:set package 'grampc-d' build argument 'cmake_target' from command line to 'None'
[0.985s] Level 5:colcon.colcon_core.verb:set package 'grampc-d' build argument 'cmake_target_skip_unavailable' from command line to 'False'
[0.985s] Level 5:colcon.colcon_core.verb:set package 'grampc-d' build argument 'cmake_clean_cache' from command line to 'False'
[0.985s] Level 5:colcon.colcon_core.verb:set package 'grampc-d' build argument 'cmake_clean_first' from command line to 'False'
[0.985s] Level 5:colcon.colcon_core.verb:set package 'grampc-d' build argument 'cmake_force_configure' from command line to 'False'
[0.985s] Level 5:colcon.colcon_core.verb:set package 'grampc-d' build argument 'ament_cmake_args' from command line to 'None'
[0.985s] Level 5:colcon.colcon_core.verb:set package 'grampc-d' build argument 'catkin_cmake_args' from command line to 'None'
[0.985s] Level 5:colcon.colcon_core.verb:set package 'grampc-d' build argument 'catkin_skip_building_tests' from command line to 'False'
[0.985s] DEBUG:colcon.colcon_core.verb:Building package 'grampc-d' with the following arguments: {'ament_cmake_args': None, 'build_base': '/home/evan/UAV_ws/build/grampc-d', 'catkin_cmake_args': None, 'catkin_skip_building_tests': False, 'cmake_args': ['-DCMAKE_BUILD_TYPE=Debug'], 'cmake_clean_cache': False, 'cmake_clean_first': False, 'cmake_force_configure': False, 'cmake_target': None, 'cmake_target_skip_unavailable': False, 'install_base': '/home/evan/UAV_ws/install/grampc-d', 'merge_install': False, 'path': '/home/evan/UAV_ws/src/grampc-d', 'symlink_install': True, 'test_result_base': None}
[1.007s] Level 5:colcon.colcon_core.verb:set package 'test' build argument 'cmake_args' from command line to '['-DCMAKE_BUILD_TYPE=Debug']'
[1.007s] Level 5:colcon.colcon_core.verb:set package 'test' build argument 'cmake_target' from command line to 'None'
[1.007s] Level 5:colcon.colcon_core.verb:set package 'test' build argument 'cmake_target_skip_unavailable' from command line to 'False'
[1.007s] Level 5:colcon.colcon_core.verb:set package 'test' build argument 'cmake_clean_cache' from command line to 'False'
[1.007s] Level 5:colcon.colcon_core.verb:set package 'test' build argument 'cmake_clean_first' from command line to 'False'
[1.007s] Level 5:colcon.colcon_core.verb:set package 'test' build argument 'cmake_force_configure' from command line to 'False'
[1.007s] Level 5:colcon.colcon_core.verb:set package 'test' build argument 'ament_cmake_args' from command line to 'None'
[1.007s] Level 5:colcon.colcon_core.verb:set package 'test' build argument 'catkin_cmake_args' from command line to 'None'
[1.007s] Level 5:colcon.colcon_core.verb:set package 'test' build argument 'catkin_skip_building_tests' from command line to 'False'
[1.007s] DEBUG:colcon.colcon_core.verb:Building package 'test' with the following arguments: {'ament_cmake_args': None, 'build_base': '/home/evan/UAV_ws/build/test', 'catkin_cmake_args': None, 'catkin_skip_building_tests': False, 'cmake_args': ['-DCMAKE_BUILD_TYPE=Debug'], 'cmake_clean_cache': False, 'cmake_clean_first': False, 'cmake_force_configure': False, 'cmake_target': None, 'cmake_target_skip_unavailable': False, 'install_base': '/home/evan/UAV_ws/install/test', 'merge_install': False, 'path': '/home/evan/UAV_ws/src/test', 'symlink_install': True, 'test_result_base': None}
[1.018s] Level 5:colcon.colcon_core.verb:set package 'mpc_node' build argument 'cmake_args' from command line to '['-DCMAKE_BUILD_TYPE=Debug']'
[1.018s] Level 5:colcon.colcon_core.verb:set package 'mpc_node' build argument 'cmake_target' from command line to 'None'
[1.018s] Level 5:colcon.colcon_core.verb:set package 'mpc_node' build argument 'cmake_target_skip_unavailable' from command line to 'False'
[1.019s] Level 5:colcon.colcon_core.verb:set package 'mpc_node' build argument 'cmake_clean_cache' from command line to 'False'
[1.019s] Level 5:colcon.colcon_core.verb:set package 'mpc_node' build argument 'cmake_clean_first' from command line to 'False'
[1.019s] Level 5:colcon.colcon_core.verb:set package 'mpc_node' build argument 'cmake_force_configure' from command line to 'False'
[1.019s] Level 5:colcon.colcon_core.verb:set package 'mpc_node' build argument 'ament_cmake_args' from command line to 'None'
[1.019s] Level 5:colcon.colcon_core.verb:set package 'mpc_node' build argument 'catkin_cmake_args' from command line to 'None'
[1.019s] Level 5:colcon.colcon_core.verb:set package 'mpc_node' build argument 'catkin_skip_building_tests' from command line to 'False'
[1.019s] DEBUG:colcon.colcon_core.verb:Building package 'mpc_node' with the following arguments: {'ament_cmake_args': None, 'build_base': '/home/evan/UAV_ws/build/mpc_node', 'catkin_cmake_args': None, 'catkin_skip_building_tests': False, 'cmake_args': ['-DCMAKE_BUILD_TYPE=Debug'], 'cmake_clean_cache': False, 'cmake_clean_first': False, 'cmake_force_configure': False, 'cmake_target': None, 'cmake_target_skip_unavailable': False, 'install_base': '/home/evan/UAV_ws/install/mpc_node', 'merge_install': False, 'path': '/home/evan/UAV_ws/src/mpc_node', 'symlink_install': True, 'test_result_base': None}
[1.030s] Level 5:colcon.colcon_core.verb:set package 'simulator_node' build argument 'cmake_args' from command line to '['-DCMAKE_BUILD_TYPE=Debug']'
[1.030s] Level 5:colcon.colcon_core.verb:set package 'simulator_node' build argument 'cmake_target' from command line to 'None'
[1.030s] Level 5:colcon.colcon_core.verb:set package 'simulator_node' build argument 'cmake_target_skip_unavailable' from command line to 'False'
[1.030s] Level 5:colcon.colcon_core.verb:set package 'simulator_node' build argument 'cmake_clean_cache' from command line to 'False'
[1.030s] Level 5:colcon.colcon_core.verb:set package 'simulator_node' build argument 'cmake_clean_first' from command line to 'False'
[1.030s] Level 5:colcon.colcon_core.verb:set package 'simulator_node' build argument 'cmake_force_configure' from command line to 'False'
[1.030s] Level 5:colcon.colcon_core.verb:set package 'simulator_node' build argument 'ament_cmake_args' from command line to 'None'
[1.030s] Level 5:colcon.colcon_core.verb:set package 'simulator_node' build argument 'catkin_cmake_args' from command line to 'None'
[1.030s] Level 5:colcon.colcon_core.verb:set package 'simulator_node' build argument 'catkin_skip_building_tests' from command line to 'False'
[1.030s] DEBUG:colcon.colcon_core.verb:Building package 'simulator_node' with the following arguments: {'ament_cmake_args': None, 'build_base': '/home/evan/UAV_ws/build/simulator_node', 'catkin_cmake_args': None, 'catkin_skip_building_tests': False, 'cmake_args': ['-DCMAKE_BUILD_TYPE=Debug'], 'cmake_clean_cache': False, 'cmake_clean_first': False, 'cmake_force_configure': False, 'cmake_target': None, 'cmake_target_skip_unavailable': False, 'install_base': '/home/evan/UAV_ws/install/simulator_node', 'merge_install': False, 'path': '/home/evan/UAV_ws/src/simulator_node', 'symlink_install': True, 'test_result_base': None}
[1.042s] INFO:colcon.colcon_core.executor:Executing jobs using 'parallel' executor
[1.053s] DEBUG:colcon.colcon_parallel_executor.executor.parallel:run_until_complete
[1.053s] INFO:colcon.colcon_ros.task.ament_cmake.build:Building ROS package in '/home/evan/UAV_ws/src/libs' with build type 'ament_cmake'
[1.053s] INFO:colcon.colcon_cmake.task.cmake.build:Building CMake package in '/home/evan/UAV_ws/src/libs'
[1.066s] INFO:colcon.colcon_core.plugin_system:Skipping extension 'colcon_core.shell.bat': Not used on non-Windows systems
[1.066s] INFO:colcon.colcon_core.shell:Skip shell extension 'powershell' for command environment: Not usable outside of PowerShell
[1.066s] DEBUG:colcon.colcon_core.shell:Skip shell extension 'dsv' for command environment
[1.092s] INFO:colcon.colcon_ros.task.ament_cmake.build:Building ROS package in '/home/evan/UAV_ws/src/common_msgs' with build type 'ament_cmake'
[1.092s] INFO:colcon.colcon_cmake.task.cmake.build:Building CMake package in '/home/evan/UAV_ws/src/common_msgs'
[1.104s] INFO:colcon.colcon_core.shell:Skip shell extension 'powershell' for command environment: Not usable outside of PowerShell
[1.104s] DEBUG:colcon.colcon_core.shell:Skip shell extension 'dsv' for command environment
[1.138s] INFO:colcon.colcon_ros.task.ament_cmake.build:Building ROS package in '/home/evan/UAV_ws/src/uav_launch' with build type 'ament_cmake'
[1.138s] INFO:colcon.colcon_cmake.task.cmake.build:Building CMake package in '/home/evan/UAV_ws/src/uav_launch'
[1.153s] INFO:colcon.colcon_core.shell:Skip shell extension 'powershell' for command environment: Not usable outside of PowerShell
[1.153s] DEBUG:colcon.colcon_core.shell:Skip shell extension 'dsv' for command environment
[1.183s] DEBUG:colcon.colcon_core.event_handler.log_command:Invoking command in '/home/evan/UAV_ws/build/libs': CMAKE_PREFIX_PATH=/opt/ros/humble /usr/bin/cmake --build /home/evan/UAV_ws/build/libs -- -j16 -l16
[1.186s] DEBUG:colcon.colcon_core.event_handler.log_command:Invoking command in '/home/evan/UAV_ws/build/common_msgs': CMAKE_PREFIX_PATH=/opt/ros/humble /usr/bin/cmake --build /home/evan/UAV_ws/build/common_msgs -- -j16 -l16
[1.189s] DEBUG:colcon.colcon_core.event_handler.log_command:Invoking command in '/home/evan/UAV_ws/build/uav_launch': CMAKE_PREFIX_PATH=/opt/ros/humble /usr/bin/cmake --build /home/evan/UAV_ws/build/uav_launch -- -j16 -l16
[1.220s] DEBUG:colcon.colcon_core.event_handler.log_command:Invoked command in '/home/evan/UAV_ws/build/uav_launch' returned '0': CMAKE_PREFIX_PATH=/opt/ros/humble /usr/bin/cmake --build /home/evan/UAV_ws/build/uav_launch -- -j16 -l16
[1.240s] DEBUG:colcon.colcon_core.event_handler.log_command:Invoked command in '/home/evan/UAV_ws/build/libs' returned '0': CMAKE_PREFIX_PATH=/opt/ros/humble /usr/bin/cmake --build /home/evan/UAV_ws/build/libs -- -j16 -l16
[1.251s] DEBUG:colcon.colcon_core.event_handler.log_command:Invoking command in '/home/evan/UAV_ws/build/uav_launch': CMAKE_PREFIX_PATH=/opt/ros/humble /usr/bin/cmake --install /home/evan/UAV_ws/build/uav_launch
[1.271s] Level 1:colcon.colcon_core.environment:create_environment_scripts_only(uav_launch)
[1.271s] DEBUG:colcon.colcon_core.event_handler.log_command:Invoked command in '/home/evan/UAV_ws/build/uav_launch' returned '0': CMAKE_PREFIX_PATH=/opt/ros/humble /usr/bin/cmake --install /home/evan/UAV_ws/build/uav_launch
[1.285s] Level 1:colcon.colcon_core.environment:checking '/home/evan/UAV_ws/install/uav_launch' for CMake module files
[1.285s] Level 1:colcon.colcon_core.environment:checking '/home/evan/UAV_ws/install/uav_launch' for CMake config files
[1.285s] Level 1:colcon.colcon_core.shell:create_environment_hook('uav_launch', 'cmake_prefix_path')
[1.297s] INFO:colcon.colcon_core.shell:Creating environment hook '/home/evan/UAV_ws/install/uav_launch/share/uav_launch/hook/cmake_prefix_path.ps1'
[1.298s] INFO:colcon.colcon_core.shell:Creating environment descriptor '/home/evan/UAV_ws/install/uav_launch/share/uav_launch/hook/cmake_prefix_path.dsv'
[1.298s] INFO:colcon.colcon_core.shell:Creating environment hook '/home/evan/UAV_ws/install/uav_launch/share/uav_launch/hook/cmake_prefix_path.sh'
[1.299s] Level 1:colcon.colcon_core.environment:checking '/home/evan/UAV_ws/install/uav_launch/bin'
[1.299s] Level 1:colcon.colcon_core.environment:checking '/home/evan/UAV_ws/install/uav_launch/lib/pkgconfig/uav_launch.pc'
[1.299s] Level 1:colcon.colcon_core.environment:checking '/home/evan/UAV_ws/install/uav_launch/lib/python3.10/site-packages'
[1.299s] Level 1:colcon.colcon_core.environment:checking '/home/evan/UAV_ws/install/uav_launch/bin'
[1.312s] INFO:colcon.colcon_core.shell:Creating package script '/home/evan/UAV_ws/install/uav_launch/share/uav_launch/package.ps1'
[1.313s] INFO:colcon.colcon_core.shell:Creating package descriptor '/home/evan/UAV_ws/install/uav_launch/share/uav_launch/package.dsv'
[1.313s] INFO:colcon.colcon_core.shell:Creating package script '/home/evan/UAV_ws/install/uav_launch/share/uav_launch/package.sh'
[1.314s] INFO:colcon.colcon_core.shell:Creating package script '/home/evan/UAV_ws/install/uav_launch/share/uav_launch/package.bash'
[1.314s] INFO:colcon.colcon_core.shell:Creating package script '/home/evan/UAV_ws/install/uav_launch/share/uav_launch/package.zsh'
[1.315s] Level 1:colcon.colcon_core.environment:create_file_with_runtime_dependencies(/home/evan/UAV_ws/install/uav_launch/share/colcon-core/packages/uav_launch)
[1.318s] DEBUG:colcon.colcon_core.event_handler.log_command:Invoking command in '/home/evan/UAV_ws/build/libs': CMAKE_PREFIX_PATH=/opt/ros/humble /usr/bin/cmake --install /home/evan/UAV_ws/build/libs
[1.347s] Level 1:colcon.colcon_core.environment:create_environment_scripts_only(uav_launch)
[1.359s] Level 1:colcon.colcon_core.environment:checking '/home/evan/UAV_ws/install/uav_launch' for CMake module files
[1.359s] Level 1:colcon.colcon_core.environment:checking '/home/evan/UAV_ws/install/uav_launch' for CMake config files
[1.359s] Level 1:colcon.colcon_core.shell:create_environment_hook('uav_launch', 'cmake_prefix_path')
[1.371s] INFO:colcon.colcon_core.shell:Creating environment hook '/home/evan/UAV_ws/install/uav_launch/share/uav_launch/hook/cmake_prefix_path.ps1'
[1.371s] INFO:colcon.colcon_core.shell:Creating environment descriptor '/home/evan/UAV_ws/install/uav_launch/share/uav_launch/hook/cmake_prefix_path.dsv'
[1.371s] INFO:colcon.colcon_core.shell:Creating environment hook '/home/evan/UAV_ws/install/uav_launch/share/uav_launch/hook/cmake_prefix_path.sh'
[1.372s] Level 1:colcon.colcon_core.environment:checking '/home/evan/UAV_ws/install/uav_launch/bin'
[1.372s] Level 1:colcon.colcon_core.environment:checking '/home/evan/UAV_ws/install/uav_launch/lib/pkgconfig/uav_launch.pc'
[1.372s] Level 1:colcon.colcon_core.environment:checking '/home/evan/UAV_ws/install/uav_launch/lib/python3.10/site-packages'
[1.372s] Level 1:colcon.colcon_core.environment:checking '/home/evan/UAV_ws/install/uav_launch/bin'
[1.385s] INFO:colcon.colcon_core.shell:Creating package script '/home/evan/UAV_ws/install/uav_launch/share/uav_launch/package.ps1'
[1.385s] INFO:colcon.colcon_core.shell:Creating package descriptor '/home/evan/UAV_ws/install/uav_launch/share/uav_launch/package.dsv'
[1.386s] INFO:colcon.colcon_core.shell:Creating package script '/home/evan/UAV_ws/install/uav_launch/share/uav_launch/package.sh'
[1.386s] INFO:colcon.colcon_core.shell:Creating package script '/home/evan/UAV_ws/install/uav_launch/share/uav_launch/package.bash'
[1.386s] INFO:colcon.colcon_core.shell:Creating package script '/home/evan/UAV_ws/install/uav_launch/share/uav_launch/package.zsh'
[1.386s] Level 1:colcon.colcon_core.environment:create_file_with_runtime_dependencies(/home/evan/UAV_ws/install/uav_launch/share/colcon-core/packages/uav_launch)
[1.387s] Level 1:colcon.colcon_core.environment:create_environment_scripts_only(libs)
[1.388s] DEBUG:colcon.colcon_core.event_handler.log_command:Invoked command in '/home/evan/UAV_ws/build/libs' returned '0': CMAKE_PREFIX_PATH=/opt/ros/humble /usr/bin/cmake --install /home/evan/UAV_ws/build/libs
[1.400s] Level 1:colcon.colcon_core.environment:checking '/home/evan/UAV_ws/install/libs' for CMake module files
[1.400s] Level 1:colcon.colcon_core.environment:checking '/home/evan/UAV_ws/install/libs' for CMake config files
[1.400s] Level 1:colcon.colcon_core.shell:create_environment_hook('libs', 'cmake_prefix_path')
[1.412s] INFO:colcon.colcon_core.shell:Creating environment hook '/home/evan/UAV_ws/install/libs/share/libs/hook/cmake_prefix_path.ps1'
[1.413s] INFO:colcon.colcon_core.shell:Creating environment descriptor '/home/evan/UAV_ws/install/libs/share/libs/hook/cmake_prefix_path.dsv'
[1.413s] INFO:colcon.colcon_core.shell:Creating environment hook '/home/evan/UAV_ws/install/libs/share/libs/hook/cmake_prefix_path.sh'
[1.413s] Level 1:colcon.colcon_core.environment:checking '/home/evan/UAV_ws/install/libs/lib'
[1.414s] Level 1:colcon.colcon_core.environment:checking '/home/evan/UAV_ws/install/libs/bin'
[1.414s] Level 1:colcon.colcon_core.environment:checking '/home/evan/UAV_ws/install/libs/lib/pkgconfig/libs.pc'
[1.414s] Level 1:colcon.colcon_core.environment:checking '/home/evan/UAV_ws/install/libs/lib/python3.10/site-packages'
[1.414s] Level 1:colcon.colcon_core.environment:checking '/home/evan/UAV_ws/install/libs/bin'
[1.426s] INFO:colcon.colcon_core.shell:Creating package script '/home/evan/UAV_ws/install/libs/share/libs/package.ps1'
[1.426s] INFO:colcon.colcon_core.shell:Creating package descriptor '/home/evan/UAV_ws/install/libs/share/libs/package.dsv'
[1.426s] INFO:colcon.colcon_core.shell:Creating package script '/home/evan/UAV_ws/install/libs/share/libs/package.sh'
[1.427s] INFO:colcon.colcon_core.shell:Creating package script '/home/evan/UAV_ws/install/libs/share/libs/package.bash'
[1.427s] INFO:colcon.colcon_core.shell:Creating package script '/home/evan/UAV_ws/install/libs/share/libs/package.zsh'
[1.427s] Level 1:colcon.colcon_core.environment:create_file_with_runtime_dependencies(/home/evan/UAV_ws/install/libs/share/colcon-core/packages/libs)
[1.479s] DEBUG:colcon.colcon_core.event_handler.log_command:Invoked command in '/home/evan/UAV_ws/build/common_msgs' returned '0': CMAKE_PREFIX_PATH=/opt/ros/humble /usr/bin/cmake --build /home/evan/UAV_ws/build/common_msgs -- -j16 -l16
[1.521s] Level 1:colcon.colcon_core.environment:create_environment_scripts_only(libs)
[1.533s] Level 1:colcon.colcon_core.environment:checking '/home/evan/UAV_ws/install/libs' for CMake module files
[1.533s] Level 1:colcon.colcon_core.environment:checking '/home/evan/UAV_ws/install/libs' for CMake config files
[1.533s] Level 1:colcon.colcon_core.shell:create_environment_hook('libs', 'cmake_prefix_path')
[1.545s] INFO:colcon.colcon_core.shell:Creating environment hook '/home/evan/UAV_ws/install/libs/share/libs/hook/cmake_prefix_path.ps1'
[1.546s] INFO:colcon.colcon_core.shell:Creating environment descriptor '/home/evan/UAV_ws/install/libs/share/libs/hook/cmake_prefix_path.dsv'
[1.546s] INFO:colcon.colcon_core.shell:Creating environment hook '/home/evan/UAV_ws/install/libs/share/libs/hook/cmake_prefix_path.sh'
[1.546s] Level 1:colcon.colcon_core.environment:checking '/home/evan/UAV_ws/install/libs/lib'
[1.546s] Level 1:colcon.colcon_core.environment:checking '/home/evan/UAV_ws/install/libs/bin'
[1.546s] Level 1:colcon.colcon_core.environment:checking '/home/evan/UAV_ws/install/libs/lib/pkgconfig/libs.pc'
[1.547s] Level 1:colcon.colcon_core.environment:checking '/home/evan/UAV_ws/install/libs/lib/python3.10/site-packages'
[1.547s] Level 1:colcon.colcon_core.environment:checking '/home/evan/UAV_ws/install/libs/bin'
[1.559s] INFO:colcon.colcon_core.shell:Creating package script '/home/evan/UAV_ws/install/libs/share/libs/package.ps1'
[1.559s] INFO:colcon.colcon_core.shell:Creating package descriptor '/home/evan/UAV_ws/install/libs/share/libs/package.dsv'
[1.560s] INFO:colcon.colcon_core.shell:Creating package script '/home/evan/UAV_ws/install/libs/share/libs/package.sh'
[1.560s] INFO:colcon.colcon_core.shell:Creating package script '/home/evan/UAV_ws/install/libs/share/libs/package.bash'
[1.560s] INFO:colcon.colcon_core.shell:Creating package script '/home/evan/UAV_ws/install/libs/share/libs/package.zsh'
[1.560s] Level 1:colcon.colcon_core.environment:create_file_with_runtime_dependencies(/home/evan/UAV_ws/install/libs/share/colcon-core/packages/libs)
[1.561s] INFO:colcon.colcon_ros.task.ament_cmake.build:Building ROS package in '/home/evan/UAV_ws/src/grampc-d' with build type 'ament_cmake'
[1.561s] INFO:colcon.colcon_cmake.task.cmake.build:Building CMake package in '/home/evan/UAV_ws/src/grampc-d'
[1.573s] INFO:colcon.colcon_core.shell:Skip shell extension 'powershell' for command environment: Not usable outside of PowerShell
[1.573s] DEBUG:colcon.colcon_core.shell:Skip shell extension 'dsv' for command environment
[1.599s] INFO:colcon.colcon_ros.task.ament_cmake.build:Building ROS package in '/home/evan/UAV_ws/src/test' with build type 'ament_cmake'
[1.599s] INFO:colcon.colcon_cmake.task.cmake.build:Building CMake package in '/home/evan/UAV_ws/src/test'
[1.611s] INFO:colcon.colcon_core.shell:Skip shell extension 'powershell' for command environment: Not usable outside of PowerShell
[1.611s] DEBUG:colcon.colcon_core.shell:Skip shell extension 'dsv' for command environment
[1.639s] DEBUG:colcon.colcon_core.event_handler.log_command:Invoking command in '/home/evan/UAV_ws/build/common_msgs': CMAKE_PREFIX_PATH=/opt/ros/humble /usr/bin/cmake --install /home/evan/UAV_ws/build/common_msgs
[1.642s] DEBUG:colcon.colcon_core.event_handler.log_command:Invoking command in '/home/evan/UAV_ws/build/grampc-d': AMENT_PREFIX_PATH=/home/evan/UAV_ws/install/libs:${AMENT_PREFIX_PATH} CMAKE_PREFIX_PATH=/home/evan/UAV_ws/install/libs:/opt/ros/humble LD_LIBRARY_PATH=/home/evan/UAV_ws/install/libs/lib:${LD_LIBRARY_PATH} /usr/bin/cmake --build /home/evan/UAV_ws/build/grampc-d -- -j16 -l16
[1.645s] DEBUG:colcon.colcon_core.event_handler.log_command:Invoking command in '/home/evan/UAV_ws/build/test': AMENT_PREFIX_PATH=/home/evan/UAV_ws/install/libs:${AMENT_PREFIX_PATH} CMAKE_PREFIX_PATH=/home/evan/UAV_ws/install/libs:/opt/ros/humble LD_LIBRARY_PATH=/home/evan/UAV_ws/install/libs/lib:${LD_LIBRARY_PATH} /usr/bin/cmake --build /home/evan/UAV_ws/build/test -- -j16 -l16
[1.685s] DEBUG:colcon.colcon_core.event_handler.log_command:Invoked command in '/home/evan/UAV_ws/build/test' returned '0': AMENT_PREFIX_PATH=/home/evan/UAV_ws/install/libs:${AMENT_PREFIX_PATH} CMAKE_PREFIX_PATH=/home/evan/UAV_ws/install/libs:/opt/ros/humble LD_LIBRARY_PATH=/home/evan/UAV_ws/install/libs/lib:${LD_LIBRARY_PATH} /usr/bin/cmake --build /home/evan/UAV_ws/build/test -- -j16 -l16
[1.703s] Level 1:colcon.colcon_core.environment:create_environment_scripts_only(common_msgs)
[1.704s] DEBUG:colcon.colcon_core.event_handler.log_command:Invoked command in '/home/evan/UAV_ws/build/common_msgs' returned '0': CMAKE_PREFIX_PATH=/opt/ros/humble /usr/bin/cmake --install /home/evan/UAV_ws/build/common_msgs
[1.717s] Level 1:colcon.colcon_core.environment:checking '/home/evan/UAV_ws/install/common_msgs' for CMake module files
[1.717s] Level 1:colcon.colcon_core.environment:checking '/home/evan/UAV_ws/install/common_msgs' for CMake config files
[1.718s] Level 1:colcon.colcon_core.shell:create_environment_hook('common_msgs', 'cmake_prefix_path')
[1.730s] INFO:colcon.colcon_core.shell:Creating environment hook '/home/evan/UAV_ws/install/common_msgs/share/common_msgs/hook/cmake_prefix_path.ps1'
[1.731s] INFO:colcon.colcon_core.shell:Creating environment descriptor '/home/evan/UAV_ws/install/common_msgs/share/common_msgs/hook/cmake_prefix_path.dsv'
[1.731s] INFO:colcon.colcon_core.shell:Creating environment hook '/home/evan/UAV_ws/install/common_msgs/share/common_msgs/hook/cmake_prefix_path.sh'
[1.732s] Level 1:colcon.colcon_core.environment:checking '/home/evan/UAV_ws/install/common_msgs/lib'
[1.732s] Level 1:colcon.colcon_core.shell:create_environment_hook('common_msgs', 'ld_library_path_lib')
[1.744s] INFO:colcon.colcon_core.shell:Creating environment hook '/home/evan/UAV_ws/install/common_msgs/share/common_msgs/hook/ld_library_path_lib.ps1'
[1.745s] INFO:colcon.colcon_core.shell:Creating environment descriptor '/home/evan/UAV_ws/install/common_msgs/share/common_msgs/hook/ld_library_path_lib.dsv'
[1.745s] INFO:colcon.colcon_core.shell:Creating environment hook '/home/evan/UAV_ws/install/common_msgs/share/common_msgs/hook/ld_library_path_lib.sh'
[1.745s] Level 1:colcon.colcon_core.environment:checking '/home/evan/UAV_ws/install/common_msgs/bin'
[1.745s] Level 1:colcon.colcon_core.environment:checking '/home/evan/UAV_ws/install/common_msgs/lib/pkgconfig/common_msgs.pc'
[1.746s] Level 1:colcon.colcon_core.environment:checking '/home/evan/UAV_ws/install/common_msgs/lib/python3.10/site-packages'
[1.746s] Level 1:colcon.colcon_core.environment:checking '/home/evan/UAV_ws/install/common_msgs/bin'
[1.758s] INFO:colcon.colcon_core.shell:Creating package script '/home/evan/UAV_ws/install/common_msgs/share/common_msgs/package.ps1'
[1.758s] INFO:colcon.colcon_core.shell:Creating package descriptor '/home/evan/UAV_ws/install/common_msgs/share/common_msgs/package.dsv'
[1.759s] INFO:colcon.colcon_core.shell:Creating package script '/home/evan/UAV_ws/install/common_msgs/share/common_msgs/package.sh'
[1.759s] INFO:colcon.colcon_core.shell:Creating package script '/home/evan/UAV_ws/install/common_msgs/share/common_msgs/package.bash'
[1.759s] INFO:colcon.colcon_core.shell:Creating package script '/home/evan/UAV_ws/install/common_msgs/share/common_msgs/package.zsh'
[1.760s] Level 1:colcon.colcon_core.environment:create_file_with_runtime_dependencies(/home/evan/UAV_ws/install/common_msgs/share/colcon-core/packages/common_msgs)
[1.763s] DEBUG:colcon.colcon_core.event_handler.log_command:Invoking command in '/home/evan/UAV_ws/build/test': AMENT_PREFIX_PATH=/home/evan/UAV_ws/install/libs:${AMENT_PREFIX_PATH} CMAKE_PREFIX_PATH=/home/evan/UAV_ws/install/libs:/opt/ros/humble LD_LIBRARY_PATH=/home/evan/UAV_ws/install/libs/lib:${LD_LIBRARY_PATH} /usr/bin/cmake --install /home/evan/UAV_ws/build/test
[1.763s] DEBUG:colcon.colcon_core.event_handler.log_command:Invoked command in '/home/evan/UAV_ws/build/grampc-d' returned '0': AMENT_PREFIX_PATH=/home/evan/UAV_ws/install/libs:${AMENT_PREFIX_PATH} CMAKE_PREFIX_PATH=/home/evan/UAV_ws/install/libs:/opt/ros/humble LD_LIBRARY_PATH=/home/evan/UAV_ws/install/libs/lib:${LD_LIBRARY_PATH} /usr/bin/cmake --build /home/evan/UAV_ws/build/grampc-d -- -j16 -l16
[1.786s] Level 1:colcon.colcon_core.environment:create_environment_scripts_only(test)
[1.787s] DEBUG:colcon.colcon_core.event_handler.log_command:Invoked command in '/home/evan/UAV_ws/build/test' returned '0': AMENT_PREFIX_PATH=/home/evan/UAV_ws/install/libs:${AMENT_PREFIX_PATH} CMAKE_PREFIX_PATH=/home/evan/UAV_ws/install/libs:/opt/ros/humble LD_LIBRARY_PATH=/home/evan/UAV_ws/install/libs/lib:${LD_LIBRARY_PATH} /usr/bin/cmake --install /home/evan/UAV_ws/build/test
[1.801s] Level 1:colcon.colcon_core.environment:checking '/home/evan/UAV_ws/install/test' for CMake module files
[1.802s] Level 1:colcon.colcon_core.environment:checking '/home/evan/UAV_ws/install/test' for CMake config files
[1.802s] Level 1:colcon.colcon_core.shell:create_environment_hook('test', 'cmake_prefix_path')
[1.816s] INFO:colcon.colcon_core.shell:Creating environment hook '/home/evan/UAV_ws/install/test/share/test/hook/cmake_prefix_path.ps1'
[1.817s] INFO:colcon.colcon_core.shell:Creating environment descriptor '/home/evan/UAV_ws/install/test/share/test/hook/cmake_prefix_path.dsv'
[1.817s] INFO:colcon.colcon_core.shell:Creating environment hook '/home/evan/UAV_ws/install/test/share/test/hook/cmake_prefix_path.sh'
[1.818s] Level 1:colcon.colcon_core.environment:checking '/home/evan/UAV_ws/install/test/bin'
[1.818s] Level 1:colcon.colcon_core.environment:checking '/home/evan/UAV_ws/install/test/lib/pkgconfig/test.pc'
[1.818s] Level 1:colcon.colcon_core.environment:checking '/home/evan/UAV_ws/install/test/lib/python3.10/site-packages'
[1.818s] Level 1:colcon.colcon_core.environment:checking '/home/evan/UAV_ws/install/test/bin'
[1.830s] INFO:colcon.colcon_core.shell:Creating package script '/home/evan/UAV_ws/install/test/share/test/package.ps1'
[1.830s] INFO:colcon.colcon_core.shell:Creating package descriptor '/home/evan/UAV_ws/install/test/share/test/package.dsv'
[1.831s] INFO:colcon.colcon_core.shell:Creating package script '/home/evan/UAV_ws/install/test/share/test/package.sh'
[1.831s] INFO:colcon.colcon_core.shell:Creating package script '/home/evan/UAV_ws/install/test/share/test/package.bash'
[1.831s] INFO:colcon.colcon_core.shell:Creating package script '/home/evan/UAV_ws/install/test/share/test/package.zsh'
[1.832s] Level 1:colcon.colcon_core.environment:create_file_with_runtime_dependencies(/home/evan/UAV_ws/install/test/share/colcon-core/packages/test)
[1.866s] Level 1:colcon.colcon_core.environment:create_environment_scripts_only(test)
[1.879s] Level 1:colcon.colcon_core.environment:checking '/home/evan/UAV_ws/install/test' for CMake module files
[1.880s] Level 1:colcon.colcon_core.environment:checking '/home/evan/UAV_ws/install/test' for CMake config files
[1.880s] Level 1:colcon.colcon_core.shell:create_environment_hook('test', 'cmake_prefix_path')
[1.892s] INFO:colcon.colcon_core.shell:Creating environment hook '/home/evan/UAV_ws/install/test/share/test/hook/cmake_prefix_path.ps1'
[1.893s] INFO:colcon.colcon_core.shell:Creating environment descriptor '/home/evan/UAV_ws/install/test/share/test/hook/cmake_prefix_path.dsv'
[1.893s] INFO:colcon.colcon_core.shell:Creating environment hook '/home/evan/UAV_ws/install/test/share/test/hook/cmake_prefix_path.sh'
[1.893s] Level 1:colcon.colcon_core.environment:checking '/home/evan/UAV_ws/install/test/bin'
[1.893s] Level 1:colcon.colcon_core.environment:checking '/home/evan/UAV_ws/install/test/lib/pkgconfig/test.pc'
[1.894s] Level 1:colcon.colcon_core.environment:checking '/home/evan/UAV_ws/install/test/lib/python3.10/site-packages'
[1.894s] Level 1:colcon.colcon_core.environment:checking '/home/evan/UAV_ws/install/test/bin'
[1.906s] INFO:colcon.colcon_core.shell:Creating package script '/home/evan/UAV_ws/install/test/share/test/package.ps1'
[1.906s] INFO:colcon.colcon_core.shell:Creating package descriptor '/home/evan/UAV_ws/install/test/share/test/package.dsv'
[1.906s] INFO:colcon.colcon_core.shell:Creating package script '/home/evan/UAV_ws/install/test/share/test/package.sh'
[1.907s] INFO:colcon.colcon_core.shell:Creating package script '/home/evan/UAV_ws/install/test/share/test/package.bash'
[1.907s] INFO:colcon.colcon_core.shell:Creating package script '/home/evan/UAV_ws/install/test/share/test/package.zsh'
[1.907s] Level 1:colcon.colcon_core.environment:create_file_with_runtime_dependencies(/home/evan/UAV_ws/install/test/share/colcon-core/packages/test)
[1.921s] Level 1:colcon.colcon_core.environment:create_environment_scripts_only(common_msgs)
[1.933s] Level 1:colcon.colcon_core.environment:checking '/home/evan/UAV_ws/install/common_msgs' for CMake module files
[1.933s] Level 1:colcon.colcon_core.environment:checking '/home/evan/UAV_ws/install/common_msgs' for CMake config files
[1.934s] Level 1:colcon.colcon_core.shell:create_environment_hook('common_msgs', 'cmake_prefix_path')
[1.946s] INFO:colcon.colcon_core.shell:Creating environment hook '/home/evan/UAV_ws/install/common_msgs/share/common_msgs/hook/cmake_prefix_path.ps1'
[1.947s] INFO:colcon.colcon_core.shell:Creating environment descriptor '/home/evan/UAV_ws/install/common_msgs/share/common_msgs/hook/cmake_prefix_path.dsv'
[1.947s] INFO:colcon.colcon_core.shell:Creating environment hook '/home/evan/UAV_ws/install/common_msgs/share/common_msgs/hook/cmake_prefix_path.sh'
[1.947s] Level 1:colcon.colcon_core.environment:checking '/home/evan/UAV_ws/install/common_msgs/lib'
[1.948s] Level 1:colcon.colcon_core.shell:create_environment_hook('common_msgs', 'ld_library_path_lib')
[1.960s] INFO:colcon.colcon_core.shell:Creating environment hook '/home/evan/UAV_ws/install/common_msgs/share/common_msgs/hook/ld_library_path_lib.ps1'
[1.960s] INFO:colcon.colcon_core.shell:Creating environment descriptor '/home/evan/UAV_ws/install/common_msgs/share/common_msgs/hook/ld_library_path_lib.dsv'
[1.960s] INFO:colcon.colcon_core.shell:Creating environment hook '/home/evan/UAV_ws/install/common_msgs/share/common_msgs/hook/ld_library_path_lib.sh'
[1.961s] Level 1:colcon.colcon_core.environment:checking '/home/evan/UAV_ws/install/common_msgs/bin'
[1.961s] Level 1:colcon.colcon_core.environment:checking '/home/evan/UAV_ws/install/common_msgs/lib/pkgconfig/common_msgs.pc'
[1.961s] Level 1:colcon.colcon_core.environment:checking '/home/evan/UAV_ws/install/common_msgs/lib/python3.10/site-packages'
[1.961s] Level 1:colcon.colcon_core.environment:checking '/home/evan/UAV_ws/install/common_msgs/bin'
[1.972s] INFO:colcon.colcon_core.shell:Creating package script '/home/evan/UAV_ws/install/common_msgs/share/common_msgs/package.ps1'
[1.973s] INFO:colcon.colcon_core.shell:Creating package descriptor '/home/evan/UAV_ws/install/common_msgs/share/common_msgs/package.dsv'
[1.973s] INFO:colcon.colcon_core.shell:Creating package script '/home/evan/UAV_ws/install/common_msgs/share/common_msgs/package.sh'
[1.973s] INFO:colcon.colcon_core.shell:Creating package script '/home/evan/UAV_ws/install/common_msgs/share/common_msgs/package.bash'
[1.974s] INFO:colcon.colcon_core.shell:Creating package script '/home/evan/UAV_ws/install/common_msgs/share/common_msgs/package.zsh'
[1.974s] Level 1:colcon.colcon_core.environment:create_file_with_runtime_dependencies(/home/evan/UAV_ws/install/common_msgs/share/colcon-core/packages/common_msgs)
[1.976s] DEBUG:colcon.colcon_core.event_handler.log_command:Invoking command in '/home/evan/UAV_ws/build/grampc-d': AMENT_PREFIX_PATH=/home/evan/UAV_ws/install/libs:${AMENT_PREFIX_PATH} CMAKE_PREFIX_PATH=/home/evan/UAV_ws/install/libs:/opt/ros/humble LD_LIBRARY_PATH=/home/evan/UAV_ws/install/libs/lib:${LD_LIBRARY_PATH} /usr/bin/cmake --install /home/evan/UAV_ws/build/grampc-d
[2.001s] Level 1:colcon.colcon_core.environment:create_environment_scripts_only(grampc-d)
[2.002s] DEBUG:colcon.colcon_core.event_handler.log_command:Invoked command in '/home/evan/UAV_ws/build/grampc-d' returned '0': AMENT_PREFIX_PATH=/home/evan/UAV_ws/install/libs:${AMENT_PREFIX_PATH} CMAKE_PREFIX_PATH=/home/evan/UAV_ws/install/libs:/opt/ros/humble LD_LIBRARY_PATH=/home/evan/UAV_ws/install/libs/lib:${LD_LIBRARY_PATH} /usr/bin/cmake --install /home/evan/UAV_ws/build/grampc-d
[2.013s] Level 1:colcon.colcon_core.environment:checking '/home/evan/UAV_ws/install/grampc-d' for CMake module files
[2.013s] Level 1:colcon.colcon_core.environment:checking '/home/evan/UAV_ws/install/grampc-d' for CMake config files
[2.014s] Level 1:colcon.colcon_core.shell:create_environment_hook('grampc-d', 'cmake_prefix_path')
[2.025s] INFO:colcon.colcon_core.shell:Creating environment hook '/home/evan/UAV_ws/install/grampc-d/share/grampc-d/hook/cmake_prefix_path.ps1'
[2.025s] INFO:colcon.colcon_core.shell:Creating environment descriptor '/home/evan/UAV_ws/install/grampc-d/share/grampc-d/hook/cmake_prefix_path.dsv'
[2.025s] INFO:colcon.colcon_core.shell:Creating environment hook '/home/evan/UAV_ws/install/grampc-d/share/grampc-d/hook/cmake_prefix_path.sh'
[2.026s] Level 1:colcon.colcon_core.environment:checking '/home/evan/UAV_ws/install/grampc-d/lib'
[2.026s] Level 1:colcon.colcon_core.environment:checking '/home/evan/UAV_ws/install/grampc-d/bin'
[2.026s] Level 1:colcon.colcon_core.environment:checking '/home/evan/UAV_ws/install/grampc-d/lib/pkgconfig/grampc-d.pc'
[2.026s] Level 1:colcon.colcon_core.environment:checking '/home/evan/UAV_ws/install/grampc-d/lib/python3.10/site-packages'
[2.026s] Level 1:colcon.colcon_core.environment:checking '/home/evan/UAV_ws/install/grampc-d/bin'
[2.039s] INFO:colcon.colcon_core.shell:Creating package script '/home/evan/UAV_ws/install/grampc-d/share/grampc-d/package.ps1'
[2.040s] INFO:colcon.colcon_core.shell:Creating package descriptor '/home/evan/UAV_ws/install/grampc-d/share/grampc-d/package.dsv'
[2.040s] INFO:colcon.colcon_core.shell:Creating package script '/home/evan/UAV_ws/install/grampc-d/share/grampc-d/package.sh'
[2.040s] INFO:colcon.colcon_core.shell:Creating package script '/home/evan/UAV_ws/install/grampc-d/share/grampc-d/package.bash'
[2.041s] INFO:colcon.colcon_core.shell:Creating package script '/home/evan/UAV_ws/install/grampc-d/share/grampc-d/package.zsh'
[2.041s] Level 1:colcon.colcon_core.environment:create_file_with_runtime_dependencies(/home/evan/UAV_ws/install/grampc-d/share/colcon-core/packages/grampc-d)
[2.198s] Level 1:colcon.colcon_core.environment:create_environment_scripts_only(grampc-d)
[2.208s] Level 1:colcon.colcon_core.environment:checking '/home/evan/UAV_ws/install/grampc-d' for CMake module files
[2.209s] Level 1:colcon.colcon_core.environment:checking '/home/evan/UAV_ws/install/grampc-d' for CMake config files
[2.209s] Level 1:colcon.colcon_core.shell:create_environment_hook('grampc-d', 'cmake_prefix_path')
[2.220s] INFO:colcon.colcon_core.shell:Creating environment hook '/home/evan/UAV_ws/install/grampc-d/share/grampc-d/hook/cmake_prefix_path.ps1'
[2.220s] INFO:colcon.colcon_core.shell:Creating environment descriptor '/home/evan/UAV_ws/install/grampc-d/share/grampc-d/hook/cmake_prefix_path.dsv'
[2.221s] INFO:colcon.colcon_core.shell:Creating environment hook '/home/evan/UAV_ws/install/grampc-d/share/grampc-d/hook/cmake_prefix_path.sh'
[2.221s] Level 1:colcon.colcon_core.environment:checking '/home/evan/UAV_ws/install/grampc-d/lib'
[2.221s] Level 1:colcon.colcon_core.environment:checking '/home/evan/UAV_ws/install/grampc-d/bin'
[2.221s] Level 1:colcon.colcon_core.environment:checking '/home/evan/UAV_ws/install/grampc-d/lib/pkgconfig/grampc-d.pc'
[2.221s] Level 1:colcon.colcon_core.environment:checking '/home/evan/UAV_ws/install/grampc-d/lib/python3.10/site-packages'
[2.221s] Level 1:colcon.colcon_core.environment:checking '/home/evan/UAV_ws/install/grampc-d/bin'
[2.233s] INFO:colcon.colcon_core.shell:Creating package script '/home/evan/UAV_ws/install/grampc-d/share/grampc-d/package.ps1'
[2.233s] INFO:colcon.colcon_core.shell:Creating package descriptor '/home/evan/UAV_ws/install/grampc-d/share/grampc-d/package.dsv'
[2.234s] INFO:colcon.colcon_core.shell:Creating package script '/home/evan/UAV_ws/install/grampc-d/share/grampc-d/package.sh'
[2.234s] INFO:colcon.colcon_core.shell:Creating package script '/home/evan/UAV_ws/install/grampc-d/share/grampc-d/package.bash'
[2.234s] INFO:colcon.colcon_core.shell:Creating package script '/home/evan/UAV_ws/install/grampc-d/share/grampc-d/package.zsh'
[2.235s] Level 1:colcon.colcon_core.environment:create_file_with_runtime_dependencies(/home/evan/UAV_ws/install/grampc-d/share/colcon-core/packages/grampc-d)
[2.235s] INFO:colcon.colcon_ros.task.ament_cmake.build:Building ROS package in '/home/evan/UAV_ws/src/mpc_node' with build type 'ament_cmake'
[2.235s] INFO:colcon.colcon_cmake.task.cmake.build:Building CMake package in '/home/evan/UAV_ws/src/mpc_node'
[2.247s] INFO:colcon.colcon_core.shell:Skip shell extension 'powershell' for command environment: Not usable outside of PowerShell
[2.247s] DEBUG:colcon.colcon_core.shell:Skip shell extension 'dsv' for command environment
[2.273s] INFO:colcon.colcon_ros.task.ament_cmake.build:Building ROS package in '/home/evan/UAV_ws/src/simulator_node' with build type 'ament_cmake'
[2.273s] INFO:colcon.colcon_cmake.task.cmake.build:Building CMake package in '/home/evan/UAV_ws/src/simulator_node'
[2.286s] INFO:colcon.colcon_core.shell:Skip shell extension 'powershell' for command environment: Not usable outside of PowerShell
[2.286s] DEBUG:colcon.colcon_core.shell:Skip shell extension 'dsv' for command environment
[2.317s] DEBUG:colcon.colcon_core.event_handler.log_command:Invoking command in '/home/evan/UAV_ws/build/mpc_node': AMENT_PREFIX_PATH=/home/evan/UAV_ws/install/grampc-d:/home/evan/UAV_ws/install/libs:/home/evan/UAV_ws/install/common_msgs:${AMENT_PREFIX_PATH} CMAKE_PREFIX_PATH=/home/evan/UAV_ws/install/grampc-d:/home/evan/UAV_ws/install/libs:/home/evan/UAV_ws/install/common_msgs:/opt/ros/humble LD_LIBRARY_PATH=/home/evan/UAV_ws/install/grampc-d/lib:/home/evan/UAV_ws/install/libs/lib:/home/evan/UAV_ws/install/common_msgs/lib:${LD_LIBRARY_PATH} PYTHONPATH=/home/evan/UAV_ws/install/common_msgs/local/lib/python3.10/dist-packages:${PYTHONPATH} /usr/bin/cmake --build /home/evan/UAV_ws/build/mpc_node -- -j16 -l16
[2.326s] DEBUG:colcon.colcon_core.event_handler.log_command:Invoking command in '/home/evan/UAV_ws/build/simulator_node': AMENT_PREFIX_PATH=/home/evan/UAV_ws/install/grampc-d:/home/evan/UAV_ws/install/libs:/home/evan/UAV_ws/install/common_msgs:${AMENT_PREFIX_PATH} CMAKE_PREFIX_PATH=/home/evan/UAV_ws/install/grampc-d:/home/evan/UAV_ws/install/libs:/home/evan/UAV_ws/install/common_msgs:/opt/ros/humble LD_LIBRARY_PATH=/home/evan/UAV_ws/install/grampc-d/lib:/home/evan/UAV_ws/install/libs/lib:/home/evan/UAV_ws/install/common_msgs/lib:${LD_LIBRARY_PATH} PYTHONPATH=/home/evan/UAV_ws/install/common_msgs/local/lib/python3.10/dist-packages:${PYTHONPATH} /usr/bin/cmake --build /home/evan/UAV_ws/build/simulator_node -- -j16 -l16
[2.380s] DEBUG:colcon.colcon_core.event_handler.log_command:Invoked command in '/home/evan/UAV_ws/build/mpc_node' returned '0': AMENT_PREFIX_PATH=/home/evan/UAV_ws/install/grampc-d:/home/evan/UAV_ws/install/libs:/home/evan/UAV_ws/install/common_msgs:${AMENT_PREFIX_PATH} CMAKE_PREFIX_PATH=/home/evan/UAV_ws/install/grampc-d:/home/evan/UAV_ws/install/libs:/home/evan/UAV_ws/install/common_msgs:/opt/ros/humble LD_LIBRARY_PATH=/home/evan/UAV_ws/install/grampc-d/lib:/home/evan/UAV_ws/install/libs/lib:/home/evan/UAV_ws/install/common_msgs/lib:${LD_LIBRARY_PATH} PYTHONPATH=/home/evan/UAV_ws/install/common_msgs/local/lib/python3.10/dist-packages:${PYTHONPATH} /usr/bin/cmake --build /home/evan/UAV_ws/build/mpc_node -- -j16 -l16
[2.397s] DEBUG:colcon.colcon_core.event_handler.log_command:Invoked command in '/home/evan/UAV_ws/build/simulator_node' returned '0': AMENT_PREFIX_PATH=/home/evan/UAV_ws/install/grampc-d:/home/evan/UAV_ws/install/libs:/home/evan/UAV_ws/install/common_msgs:${AMENT_PREFIX_PATH} CMAKE_PREFIX_PATH=/home/evan/UAV_ws/install/grampc-d:/home/evan/UAV_ws/install/libs:/home/evan/UAV_ws/install/common_msgs:/opt/ros/humble LD_LIBRARY_PATH=/home/evan/UAV_ws/install/grampc-d/lib:/home/evan/UAV_ws/install/libs/lib:/home/evan/UAV_ws/install/common_msgs/lib:${LD_LIBRARY_PATH} PYTHONPATH=/home/evan/UAV_ws/install/common_msgs/local/lib/python3.10/dist-packages:${PYTHONPATH} /usr/bin/cmake --build /home/evan/UAV_ws/build/simulator_node -- -j16 -l16
[2.409s] DEBUG:colcon.colcon_core.event_handler.log_command:Invoking command in '/home/evan/UAV_ws/build/mpc_node': AMENT_PREFIX_PATH=/home/evan/UAV_ws/install/grampc-d:/home/evan/UAV_ws/install/libs:/home/evan/UAV_ws/install/common_msgs:${AMENT_PREFIX_PATH} CMAKE_PREFIX_PATH=/home/evan/UAV_ws/install/grampc-d:/home/evan/UAV_ws/install/libs:/home/evan/UAV_ws/install/common_msgs:/opt/ros/humble LD_LIBRARY_PATH=/home/evan/UAV_ws/install/grampc-d/lib:/home/evan/UAV_ws/install/libs/lib:/home/evan/UAV_ws/install/common_msgs/lib:${LD_LIBRARY_PATH} PYTHONPATH=/home/evan/UAV_ws/install/common_msgs/local/lib/python3.10/dist-packages:${PYTHONPATH} /usr/bin/cmake --install /home/evan/UAV_ws/build/mpc_node
[2.428s] DEBUG:colcon.colcon_core.event_handler.log_command:Invoking command in '/home/evan/UAV_ws/build/simulator_node': AMENT_PREFIX_PATH=/home/evan/UAV_ws/install/grampc-d:/home/evan/UAV_ws/install/libs:/home/evan/UAV_ws/install/common_msgs:${AMENT_PREFIX_PATH} CMAKE_PREFIX_PATH=/home/evan/UAV_ws/install/grampc-d:/home/evan/UAV_ws/install/libs:/home/evan/UAV_ws/install/common_msgs:/opt/ros/humble LD_LIBRARY_PATH=/home/evan/UAV_ws/install/grampc-d/lib:/home/evan/UAV_ws/install/libs/lib:/home/evan/UAV_ws/install/common_msgs/lib:${LD_LIBRARY_PATH} PYTHONPATH=/home/evan/UAV_ws/install/common_msgs/local/lib/python3.10/dist-packages:${PYTHONPATH} /usr/bin/cmake --install /home/evan/UAV_ws/build/simulator_node
[2.429s] Level 1:colcon.colcon_core.environment:create_environment_scripts_only(mpc_node)
[2.430s] DEBUG:colcon.colcon_core.event_handler.log_command:Invoked command in '/home/evan/UAV_ws/build/mpc_node' returned '0': AMENT_PREFIX_PATH=/home/evan/UAV_ws/install/grampc-d:/home/evan/UAV_ws/install/libs:/home/evan/UAV_ws/install/common_msgs:${AMENT_PREFIX_PATH} CMAKE_PREFIX_PATH=/home/evan/UAV_ws/install/grampc-d:/home/evan/UAV_ws/install/libs:/home/evan/UAV_ws/install/common_msgs:/opt/ros/humble LD_LIBRARY_PATH=/home/evan/UAV_ws/install/grampc-d/lib:/home/evan/UAV_ws/install/libs/lib:/home/evan/UAV_ws/install/common_msgs/lib:${LD_LIBRARY_PATH} PYTHONPATH=/home/evan/UAV_ws/install/common_msgs/local/lib/python3.10/dist-packages:${PYTHONPATH} /usr/bin/cmake --install /home/evan/UAV_ws/build/mpc_node
[2.444s] Level 1:colcon.colcon_core.environment:checking '/home/evan/UAV_ws/install/mpc_node' for CMake module files
[2.444s] Level 1:colcon.colcon_core.environment:checking '/home/evan/UAV_ws/install/mpc_node' for CMake config files
[2.445s] Level 1:colcon.colcon_core.shell:create_environment_hook('mpc_node', 'cmake_prefix_path')
[2.457s] INFO:colcon.colcon_core.shell:Creating environment hook '/home/evan/UAV_ws/install/mpc_node/share/mpc_node/hook/cmake_prefix_path.ps1'
[2.458s] INFO:colcon.colcon_core.shell:Creating environment descriptor '/home/evan/UAV_ws/install/mpc_node/share/mpc_node/hook/cmake_prefix_path.dsv'
[2.458s] INFO:colcon.colcon_core.shell:Creating environment hook '/home/evan/UAV_ws/install/mpc_node/share/mpc_node/hook/cmake_prefix_path.sh'
[2.458s] Level 1:colcon.colcon_core.environment:checking '/home/evan/UAV_ws/install/mpc_node/lib'
[2.458s] Level 1:colcon.colcon_core.environment:checking '/home/evan/UAV_ws/install/mpc_node/bin'
[2.458s] Level 1:colcon.colcon_core.environment:checking '/home/evan/UAV_ws/install/mpc_node/lib/pkgconfig/mpc_node.pc'
[2.459s] Level 1:colcon.colcon_core.environment:checking '/home/evan/UAV_ws/install/mpc_node/lib/python3.10/site-packages'
[2.459s] Level 1:colcon.colcon_core.environment:checking '/home/evan/UAV_ws/install/mpc_node/bin'
[2.483s] INFO:colcon.colcon_core.shell:Creating package script '/home/evan/UAV_ws/install/mpc_node/share/mpc_node/package.ps1'
[2.483s] INFO:colcon.colcon_core.shell:Creating package descriptor '/home/evan/UAV_ws/install/mpc_node/share/mpc_node/package.dsv'
[2.483s] INFO:colcon.colcon_core.shell:Creating package script '/home/evan/UAV_ws/install/mpc_node/share/mpc_node/package.sh'
[2.484s] INFO:colcon.colcon_core.shell:Creating package script '/home/evan/UAV_ws/install/mpc_node/share/mpc_node/package.bash'
[2.484s] INFO:colcon.colcon_core.shell:Creating package script '/home/evan/UAV_ws/install/mpc_node/share/mpc_node/package.zsh'
[2.484s] Level 1:colcon.colcon_core.environment:create_file_with_runtime_dependencies(/home/evan/UAV_ws/install/mpc_node/share/colcon-core/packages/mpc_node)
[2.486s] Level 1:colcon.colcon_core.environment:create_environment_scripts_only(simulator_node)
[2.487s] DEBUG:colcon.colcon_core.event_handler.log_command:Invoked command in '/home/evan/UAV_ws/build/simulator_node' returned '0': AMENT_PREFIX_PATH=/home/evan/UAV_ws/install/grampc-d:/home/evan/UAV_ws/install/libs:/home/evan/UAV_ws/install/common_msgs:${AMENT_PREFIX_PATH} CMAKE_PREFIX_PATH=/home/evan/UAV_ws/install/grampc-d:/home/evan/UAV_ws/install/libs:/home/evan/UAV_ws/install/common_msgs:/opt/ros/humble LD_LIBRARY_PATH=/home/evan/UAV_ws/install/grampc-d/lib:/home/evan/UAV_ws/install/libs/lib:/home/evan/UAV_ws/install/common_msgs/lib:${LD_LIBRARY_PATH} PYTHONPATH=/home/evan/UAV_ws/install/common_msgs/local/lib/python3.10/dist-packages:${PYTHONPATH} /usr/bin/cmake --install /home/evan/UAV_ws/build/simulator_node
[2.498s] Level 1:colcon.colcon_core.environment:checking '/home/evan/UAV_ws/install/simulator_node' for CMake module files
[2.498s] Level 1:colcon.colcon_core.environment:checking '/home/evan/UAV_ws/install/simulator_node' for CMake config files
[2.498s] Level 1:colcon.colcon_core.shell:create_environment_hook('simulator_node', 'cmake_prefix_path')
[2.510s] INFO:colcon.colcon_core.shell:Creating environment hook '/home/evan/UAV_ws/install/simulator_node/share/simulator_node/hook/cmake_prefix_path.ps1'
[2.510s] INFO:colcon.colcon_core.shell:Creating environment descriptor '/home/evan/UAV_ws/install/simulator_node/share/simulator_node/hook/cmake_prefix_path.dsv'
[2.510s] INFO:colcon.colcon_core.shell:Creating environment hook '/home/evan/UAV_ws/install/simulator_node/share/simulator_node/hook/cmake_prefix_path.sh'
[2.511s] Level 1:colcon.colcon_core.environment:checking '/home/evan/UAV_ws/install/simulator_node/lib'
[2.511s] Level 1:colcon.colcon_core.environment:checking '/home/evan/UAV_ws/install/simulator_node/bin'
[2.511s] Level 1:colcon.colcon_core.environment:checking '/home/evan/UAV_ws/install/simulator_node/lib/pkgconfig/simulator_node.pc'
[2.511s] Level 1:colcon.colcon_core.environment:checking '/home/evan/UAV_ws/install/simulator_node/lib/python3.10/site-packages'
[2.511s] Level 1:colcon.colcon_core.environment:checking '/home/evan/UAV_ws/install/simulator_node/bin'
[2.523s] INFO:colcon.colcon_core.shell:Creating package script '/home/evan/UAV_ws/install/simulator_node/share/simulator_node/package.ps1'
[2.523s] INFO:colcon.colcon_core.shell:Creating package descriptor '/home/evan/UAV_ws/install/simulator_node/share/simulator_node/package.dsv'
[2.524s] INFO:colcon.colcon_core.shell:Creating package script '/home/evan/UAV_ws/install/simulator_node/share/simulator_node/package.sh'
[2.524s] INFO:colcon.colcon_core.shell:Creating package script '/home/evan/UAV_ws/install/simulator_node/share/simulator_node/package.bash'
[2.524s] INFO:colcon.colcon_core.shell:Creating package script '/home/evan/UAV_ws/install/simulator_node/share/simulator_node/package.zsh'
[2.524s] Level 1:colcon.colcon_core.environment:create_file_with_runtime_dependencies(/home/evan/UAV_ws/install/simulator_node/share/colcon-core/packages/simulator_node)
[2.537s] Level 1:colcon.colcon_core.environment:create_environment_scripts_only(mpc_node)
[2.549s] Level 1:colcon.colcon_core.environment:checking '/home/evan/UAV_ws/install/mpc_node' for CMake module files
[2.549s] Level 1:colcon.colcon_core.environment:checking '/home/evan/UAV_ws/install/mpc_node' for CMake config files
[2.550s] Level 1:colcon.colcon_core.shell:create_environment_hook('mpc_node', 'cmake_prefix_path')
[2.561s] INFO:colcon.colcon_core.shell:Creating environment hook '/home/evan/UAV_ws/install/mpc_node/share/mpc_node/hook/cmake_prefix_path.ps1'
[2.561s] INFO:colcon.colcon_core.shell:Creating environment descriptor '/home/evan/UAV_ws/install/mpc_node/share/mpc_node/hook/cmake_prefix_path.dsv'
[2.562s] INFO:colcon.colcon_core.shell:Creating environment hook '/home/evan/UAV_ws/install/mpc_node/share/mpc_node/hook/cmake_prefix_path.sh'
[2.562s] Level 1:colcon.colcon_core.environment:checking '/home/evan/UAV_ws/install/mpc_node/lib'
[2.562s] Level 1:colcon.colcon_core.environment:checking '/home/evan/UAV_ws/install/mpc_node/bin'
[2.562s] Level 1:colcon.colcon_core.environment:checking '/home/evan/UAV_ws/install/mpc_node/lib/pkgconfig/mpc_node.pc'
[2.562s] Level 1:colcon.colcon_core.environment:checking '/home/evan/UAV_ws/install/mpc_node/lib/python3.10/site-packages'
[2.563s] Level 1:colcon.colcon_core.environment:checking '/home/evan/UAV_ws/install/mpc_node/bin'
[2.574s] INFO:colcon.colcon_core.shell:Creating package script '/home/evan/UAV_ws/install/mpc_node/share/mpc_node/package.ps1'
[2.574s] INFO:colcon.colcon_core.shell:Creating package descriptor '/home/evan/UAV_ws/install/mpc_node/share/mpc_node/package.dsv'
[2.575s] INFO:colcon.colcon_core.shell:Creating package script '/home/evan/UAV_ws/install/mpc_node/share/mpc_node/package.sh'
[2.575s] INFO:colcon.colcon_core.shell:Creating package script '/home/evan/UAV_ws/install/mpc_node/share/mpc_node/package.bash'
[2.575s] INFO:colcon.colcon_core.shell:Creating package script '/home/evan/UAV_ws/install/mpc_node/share/mpc_node/package.zsh'
[2.576s] Level 1:colcon.colcon_core.environment:create_file_with_runtime_dependencies(/home/evan/UAV_ws/install/mpc_node/share/colcon-core/packages/mpc_node)
[2.588s] Level 1:colcon.colcon_core.environment:create_environment_scripts_only(simulator_node)
[2.599s] Level 1:colcon.colcon_core.environment:checking '/home/evan/UAV_ws/install/simulator_node' for CMake module files
[2.600s] Level 1:colcon.colcon_core.environment:checking '/home/evan/UAV_ws/install/simulator_node' for CMake config files
[2.600s] Level 1:colcon.colcon_core.shell:create_environment_hook('simulator_node', 'cmake_prefix_path')
[2.612s] INFO:colcon.colcon_core.shell:Creating environment hook '/home/evan/UAV_ws/install/simulator_node/share/simulator_node/hook/cmake_prefix_path.ps1'
[2.612s] INFO:colcon.colcon_core.shell:Creating environment descriptor '/home/evan/UAV_ws/install/simulator_node/share/simulator_node/hook/cmake_prefix_path.dsv'
[2.613s] INFO:colcon.colcon_core.shell:Creating environment hook '/home/evan/UAV_ws/install/simulator_node/share/simulator_node/hook/cmake_prefix_path.sh'
[2.613s] Level 1:colcon.colcon_core.environment:checking '/home/evan/UAV_ws/install/simulator_node/lib'
[2.613s] Level 1:colcon.colcon_core.environment:checking '/home/evan/UAV_ws/install/simulator_node/bin'
[2.613s] Level 1:colcon.colcon_core.environment:checking '/home/evan/UAV_ws/install/simulator_node/lib/pkgconfig/simulator_node.pc'
[2.613s] Level 1:colcon.colcon_core.environment:checking '/home/evan/UAV_ws/install/simulator_node/lib/python3.10/site-packages'
[2.613s] Level 1:colcon.colcon_core.environment:checking '/home/evan/UAV_ws/install/simulator_node/bin'
[2.625s] INFO:colcon.colcon_core.shell:Creating package script '/home/evan/UAV_ws/install/simulator_node/share/simulator_node/package.ps1'
[2.625s] INFO:colcon.colcon_core.shell:Creating package descriptor '/home/evan/UAV_ws/install/simulator_node/share/simulator_node/package.dsv'
[2.625s] INFO:colcon.colcon_core.shell:Creating package script '/home/evan/UAV_ws/install/simulator_node/share/simulator_node/package.sh'
[2.626s] INFO:colcon.colcon_core.shell:Creating package script '/home/evan/UAV_ws/install/simulator_node/share/simulator_node/package.bash'
[2.626s] INFO:colcon.colcon_core.shell:Creating package script '/home/evan/UAV_ws/install/simulator_node/share/simulator_node/package.zsh'
[2.626s] Level 1:colcon.colcon_core.environment:create_file_with_runtime_dependencies(/home/evan/UAV_ws/install/simulator_node/share/colcon-core/packages/simulator_node)
[2.626s] DEBUG:colcon.colcon_parallel_executor.executor.parallel:closing loop
[2.627s] DEBUG:colcon.colcon_parallel_executor.executor.parallel:loop closed
[2.627s] DEBUG:colcon.colcon_parallel_executor.executor.parallel:run_until_complete finished with '0'
[2.627s] DEBUG:colcon.colcon_core.event_reactor:joining thread
[2.642s] INFO:colcon.colcon_core.plugin_system:Skipping extension 'colcon_notification.desktop_notification.terminal_notifier': Not used on non-Darwin systems
[2.642s] INFO:colcon.colcon_core.plugin_system:Skipping extension 'colcon_notification.desktop_notification.win32': Not used on non-Windows systems
[2.642s] INFO:colcon.colcon_notification.desktop_notification:Sending desktop notification using 'notify2'
[2.650s] DEBUG:colcon.colcon_core.event_reactor:joined thread
[2.662s] INFO:colcon.colcon_core.shell:Creating prefix script '/home/evan/UAV_ws/install/local_setup.ps1'
[2.662s] INFO:colcon.colcon_core.shell:Creating prefix util module '/home/evan/UAV_ws/install/_local_setup_util_ps1.py'
[2.663s] INFO:colcon.colcon_core.shell:Creating prefix chain script '/home/evan/UAV_ws/install/setup.ps1'
[2.675s] INFO:colcon.colcon_core.shell:Creating prefix script '/home/evan/UAV_ws/install/local_setup.sh'
[2.675s] INFO:colcon.colcon_core.shell:Creating prefix util module '/home/evan/UAV_ws/install/_local_setup_util_sh.py'
[2.676s] INFO:colcon.colcon_core.shell:Creating prefix chain script '/home/evan/UAV_ws/install/setup.sh'
[2.687s] INFO:colcon.colcon_core.shell:Creating prefix script '/home/evan/UAV_ws/install/local_setup.bash'
[2.688s] INFO:colcon.colcon_core.shell:Creating prefix chain script '/home/evan/UAV_ws/install/setup.bash'
[2.700s] INFO:colcon.colcon_core.shell:Creating prefix script '/home/evan/UAV_ws/install/local_setup.zsh'
[2.701s] INFO:colcon.colcon_core.shell:Creating prefix chain script '/home/evan/UAV_ws/install/setup.zsh'
