Performing C SOURCE FILE Test CMAKE_HAVE_LIBC_PTHREAD failed with the following output:
Change Dir: /home/ubuntu/UAV_ws/build/simulator_node/CMakeFiles/CMakeTmp

Run Build Command(s):/usr/bin/make cmTC_202cc/fast && /usr/bin/make -f CMakeFiles/cmTC_202cc.dir/build.make CMakeFiles/cmTC_202cc.dir/build
make[1]: Entering directory '/home/ubuntu/UAV_ws/build/simulator_node/CMakeFiles/CMakeTmp'
Building C object CMakeFiles/cmTC_202cc.dir/src.c.o
/usr/bin/cc   -DCMAKE_HAVE_LIBC_PTHREAD   -o CMakeFiles/cmTC_202cc.dir/src.c.o   -c /home/ubuntu/UAV_ws/build/simulator_node/CMakeFiles/CMakeTmp/src.c
Linking C executable cmTC_202cc
/usr/bin/cmake -E cmake_link_script CMakeFiles/cmTC_202cc.dir/link.txt --verbose=1
/usr/bin/cc  -DCMAKE_HAVE_LIBC_PTHREAD    CMakeFiles/cmTC_202cc.dir/src.c.o  -o cmTC_202cc 
/usr/bin/ld: CMakeFiles/cmTC_202cc.dir/src.c.o: in function `main':
src.c:(.text+0x48): undefined reference to `pthread_create'
/usr/bin/ld: src.c:(.text+0x50): undefined reference to `pthread_detach'
/usr/bin/ld: src.c:(.text+0x5c): undefined reference to `pthread_join'
collect2: error: ld returned 1 exit status
make[1]: *** [CMakeFiles/cmTC_202cc.dir/build.make:87: cmTC_202cc] Error 1
make[1]: Leaving directory '/home/ubuntu/UAV_ws/build/simulator_node/CMakeFiles/CMakeTmp'
make: *** [Makefile:121: cmTC_202cc/fast] Error 2


Source file was:
#include <pthread.h>

void* test_func(void* data)
{
  return data;
}

int main(void)
{
  pthread_t thread;
  pthread_create(&thread, NULL, test_func, NULL);
  pthread_detach(thread);
  pthread_join(thread, NULL);
  pthread_atfork(NULL, NULL, NULL);
  pthread_exit(NULL);

  return 0;
}

Determining if the function pthread_create exists in the pthreads failed with the following output:
Change Dir: /home/ubuntu/UAV_ws/build/simulator_node/CMakeFiles/CMakeTmp

Run Build Command(s):/usr/bin/make cmTC_34095/fast && /usr/bin/make -f CMakeFiles/cmTC_34095.dir/build.make CMakeFiles/cmTC_34095.dir/build
make[1]: Entering directory '/home/ubuntu/UAV_ws/build/simulator_node/CMakeFiles/CMakeTmp'
Building C object CMakeFiles/cmTC_34095.dir/CheckFunctionExists.c.o
/usr/bin/cc   -DCHECK_FUNCTION_EXISTS=pthread_create   -o CMakeFiles/cmTC_34095.dir/CheckFunctionExists.c.o   -c /usr/share/cmake-3.16/Modules/CheckFunctionExists.c
Linking C executable cmTC_34095
/usr/bin/cmake -E cmake_link_script CMakeFiles/cmTC_34095.dir/link.txt --verbose=1
/usr/bin/cc  -DCHECK_FUNCTION_EXISTS=pthread_create    CMakeFiles/cmTC_34095.dir/CheckFunctionExists.c.o  -o cmTC_34095  -lpthreads 
/usr/bin/ld: cannot find -lpthreads
collect2: error: ld returned 1 exit status
make[1]: *** [CMakeFiles/cmTC_34095.dir/build.make:87: cmTC_34095] Error 1
make[1]: Leaving directory '/home/ubuntu/UAV_ws/build/simulator_node/CMakeFiles/CMakeTmp'
make: *** [Makefile:121: cmTC_34095/fast] Error 2



Performing C SOURCE FILE Test CMAKE_HAVE_LIBC_PTHREAD failed with the following output:
Change Dir: /home/ubuntu/UAV_ws/build/simulator_node/CMakeFiles/CMakeTmp

Run Build Command(s):/usr/bin/make cmTC_319f1/fast && /usr/bin/make -f CMakeFiles/cmTC_319f1.dir/build.make CMakeFiles/cmTC_319f1.dir/build
make[1]: Entering directory '/home/ubuntu/UAV_ws/build/simulator_node/CMakeFiles/CMakeTmp'
Building C object CMakeFiles/cmTC_319f1.dir/src.c.o
/usr/bin/cc   -DCMAKE_HAVE_LIBC_PTHREAD   -o CMakeFiles/cmTC_319f1.dir/src.c.o   -c /home/ubuntu/UAV_ws/build/simulator_node/CMakeFiles/CMakeTmp/src.c
Linking C executable cmTC_319f1
/usr/bin/cmake -E cmake_link_script CMakeFiles/cmTC_319f1.dir/link.txt --verbose=1
/usr/bin/cc  -DCMAKE_HAVE_LIBC_PTHREAD    CMakeFiles/cmTC_319f1.dir/src.c.o  -o cmTC_319f1 
/usr/bin/ld: CMakeFiles/cmTC_319f1.dir/src.c.o: in function `main':
src.c:(.text+0x48): undefined reference to `pthread_create'
/usr/bin/ld: src.c:(.text+0x50): undefined reference to `pthread_detach'
/usr/bin/ld: src.c:(.text+0x5c): undefined reference to `pthread_join'
collect2: error: ld returned 1 exit status
make[1]: *** [CMakeFiles/cmTC_319f1.dir/build.make:87: cmTC_319f1] Error 1
make[1]: Leaving directory '/home/ubuntu/UAV_ws/build/simulator_node/CMakeFiles/CMakeTmp'
make: *** [Makefile:121: cmTC_319f1/fast] Error 2


Source file was:
#include <pthread.h>

void* test_func(void* data)
{
  return data;
}

int main(void)
{
  pthread_t thread;
  pthread_create(&thread, NULL, test_func, NULL);
  pthread_detach(thread);
  pthread_join(thread, NULL);
  pthread_atfork(NULL, NULL, NULL);
  pthread_exit(NULL);

  return 0;
}

Determining if the function pthread_create exists in the pthreads failed with the following output:
Change Dir: /home/ubuntu/UAV_ws/build/simulator_node/CMakeFiles/CMakeTmp

Run Build Command(s):/usr/bin/make cmTC_abbf9/fast && /usr/bin/make -f CMakeFiles/cmTC_abbf9.dir/build.make CMakeFiles/cmTC_abbf9.dir/build
make[1]: Entering directory '/home/ubuntu/UAV_ws/build/simulator_node/CMakeFiles/CMakeTmp'
Building C object CMakeFiles/cmTC_abbf9.dir/CheckFunctionExists.c.o
/usr/bin/cc   -DCHECK_FUNCTION_EXISTS=pthread_create   -o CMakeFiles/cmTC_abbf9.dir/CheckFunctionExists.c.o   -c /usr/share/cmake-3.16/Modules/CheckFunctionExists.c
Linking C executable cmTC_abbf9
/usr/bin/cmake -E cmake_link_script CMakeFiles/cmTC_abbf9.dir/link.txt --verbose=1
/usr/bin/cc  -DCHECK_FUNCTION_EXISTS=pthread_create    CMakeFiles/cmTC_abbf9.dir/CheckFunctionExists.c.o  -o cmTC_abbf9  -lpthreads 
/usr/bin/ld: cannot find -lpthreads
collect2: error: ld returned 1 exit status
make[1]: *** [CMakeFiles/cmTC_abbf9.dir/build.make:87: cmTC_abbf9] Error 1
make[1]: Leaving directory '/home/ubuntu/UAV_ws/build/simulator_node/CMakeFiles/CMakeTmp'
make: *** [Makefile:121: cmTC_abbf9/fast] Error 2



Performing C SOURCE FILE Test CMAKE_HAVE_LIBC_PTHREAD failed with the following output:
Change Dir: /home/ubuntu/UAV_ws/build/simulator_node/CMakeFiles/CMakeTmp

Run Build Command(s):/usr/bin/make cmTC_2ef66/fast && /usr/bin/make -f CMakeFiles/cmTC_2ef66.dir/build.make CMakeFiles/cmTC_2ef66.dir/build
make[1]: Entering directory '/home/ubuntu/UAV_ws/build/simulator_node/CMakeFiles/CMakeTmp'
Building C object CMakeFiles/cmTC_2ef66.dir/src.c.o
/usr/bin/cc   -DCMAKE_HAVE_LIBC_PTHREAD   -o CMakeFiles/cmTC_2ef66.dir/src.c.o   -c /home/ubuntu/UAV_ws/build/simulator_node/CMakeFiles/CMakeTmp/src.c
Linking C executable cmTC_2ef66
/usr/bin/cmake -E cmake_link_script CMakeFiles/cmTC_2ef66.dir/link.txt --verbose=1
/usr/bin/cc  -DCMAKE_HAVE_LIBC_PTHREAD    CMakeFiles/cmTC_2ef66.dir/src.c.o  -o cmTC_2ef66 
/usr/bin/ld: CMakeFiles/cmTC_2ef66.dir/src.c.o: in function `main':
src.c:(.text+0x48): undefined reference to `pthread_create'
/usr/bin/ld: src.c:(.text+0x50): undefined reference to `pthread_detach'
/usr/bin/ld: src.c:(.text+0x5c): undefined reference to `pthread_join'
collect2: error: ld returned 1 exit status
make[1]: *** [CMakeFiles/cmTC_2ef66.dir/build.make:87: cmTC_2ef66] Error 1
make[1]: Leaving directory '/home/ubuntu/UAV_ws/build/simulator_node/CMakeFiles/CMakeTmp'
make: *** [Makefile:121: cmTC_2ef66/fast] Error 2


Source file was:
#include <pthread.h>

void* test_func(void* data)
{
  return data;
}

int main(void)
{
  pthread_t thread;
  pthread_create(&thread, NULL, test_func, NULL);
  pthread_detach(thread);
  pthread_join(thread, NULL);
  pthread_atfork(NULL, NULL, NULL);
  pthread_exit(NULL);

  return 0;
}

Determining if the function pthread_create exists in the pthreads failed with the following output:
Change Dir: /home/ubuntu/UAV_ws/build/simulator_node/CMakeFiles/CMakeTmp

Run Build Command(s):/usr/bin/make cmTC_83cd3/fast && /usr/bin/make -f CMakeFiles/cmTC_83cd3.dir/build.make CMakeFiles/cmTC_83cd3.dir/build
make[1]: Entering directory '/home/ubuntu/UAV_ws/build/simulator_node/CMakeFiles/CMakeTmp'
Building C object CMakeFiles/cmTC_83cd3.dir/CheckFunctionExists.c.o
/usr/bin/cc   -DCHECK_FUNCTION_EXISTS=pthread_create   -o CMakeFiles/cmTC_83cd3.dir/CheckFunctionExists.c.o   -c /usr/share/cmake-3.16/Modules/CheckFunctionExists.c
Linking C executable cmTC_83cd3
/usr/bin/cmake -E cmake_link_script CMakeFiles/cmTC_83cd3.dir/link.txt --verbose=1
/usr/bin/cc  -DCHECK_FUNCTION_EXISTS=pthread_create    CMakeFiles/cmTC_83cd3.dir/CheckFunctionExists.c.o  -o cmTC_83cd3  -lpthreads 
/usr/bin/ld: cannot find -lpthreads
collect2: error: ld returned 1 exit status
make[1]: *** [CMakeFiles/cmTC_83cd3.dir/build.make:87: cmTC_83cd3] Error 1
make[1]: Leaving directory '/home/ubuntu/UAV_ws/build/simulator_node/CMakeFiles/CMakeTmp'
make: *** [Makefile:121: cmTC_83cd3/fast] Error 2



Performing C SOURCE FILE Test CMAKE_HAVE_LIBC_PTHREAD failed with the following output:
Change Dir: /home/ubuntu/UAV_ws/build/simulator_node/CMakeFiles/CMakeTmp

Run Build Command(s):/usr/bin/make cmTC_10d17/fast && /usr/bin/make -f CMakeFiles/cmTC_10d17.dir/build.make CMakeFiles/cmTC_10d17.dir/build
make[1]: Entering directory '/home/ubuntu/UAV_ws/build/simulator_node/CMakeFiles/CMakeTmp'
Building C object CMakeFiles/cmTC_10d17.dir/src.c.o
/usr/bin/cc   -DCMAKE_HAVE_LIBC_PTHREAD   -o CMakeFiles/cmTC_10d17.dir/src.c.o   -c /home/ubuntu/UAV_ws/build/simulator_node/CMakeFiles/CMakeTmp/src.c
Linking C executable cmTC_10d17
/usr/bin/cmake -E cmake_link_script CMakeFiles/cmTC_10d17.dir/link.txt --verbose=1
/usr/bin/cc  -DCMAKE_HAVE_LIBC_PTHREAD    CMakeFiles/cmTC_10d17.dir/src.c.o  -o cmTC_10d17 
/usr/bin/ld: CMakeFiles/cmTC_10d17.dir/src.c.o: in function `main':
src.c:(.text+0x48): undefined reference to `pthread_create'
/usr/bin/ld: src.c:(.text+0x50): undefined reference to `pthread_detach'
/usr/bin/ld: src.c:(.text+0x5c): undefined reference to `pthread_join'
collect2: error: ld returned 1 exit status
make[1]: *** [CMakeFiles/cmTC_10d17.dir/build.make:87: cmTC_10d17] Error 1
make[1]: Leaving directory '/home/ubuntu/UAV_ws/build/simulator_node/CMakeFiles/CMakeTmp'
make: *** [Makefile:121: cmTC_10d17/fast] Error 2


Source file was:
#include <pthread.h>

void* test_func(void* data)
{
  return data;
}

int main(void)
{
  pthread_t thread;
  pthread_create(&thread, NULL, test_func, NULL);
  pthread_detach(thread);
  pthread_join(thread, NULL);
  pthread_atfork(NULL, NULL, NULL);
  pthread_exit(NULL);

  return 0;
}

Determining if the function pthread_create exists in the pthreads failed with the following output:
Change Dir: /home/ubuntu/UAV_ws/build/simulator_node/CMakeFiles/CMakeTmp

Run Build Command(s):/usr/bin/make cmTC_c8220/fast && /usr/bin/make -f CMakeFiles/cmTC_c8220.dir/build.make CMakeFiles/cmTC_c8220.dir/build
make[1]: Entering directory '/home/ubuntu/UAV_ws/build/simulator_node/CMakeFiles/CMakeTmp'
Building C object CMakeFiles/cmTC_c8220.dir/CheckFunctionExists.c.o
/usr/bin/cc   -DCHECK_FUNCTION_EXISTS=pthread_create   -o CMakeFiles/cmTC_c8220.dir/CheckFunctionExists.c.o   -c /usr/share/cmake-3.16/Modules/CheckFunctionExists.c
Linking C executable cmTC_c8220
/usr/bin/cmake -E cmake_link_script CMakeFiles/cmTC_c8220.dir/link.txt --verbose=1
/usr/bin/cc  -DCHECK_FUNCTION_EXISTS=pthread_create    CMakeFiles/cmTC_c8220.dir/CheckFunctionExists.c.o  -o cmTC_c8220  -lpthreads 
/usr/bin/ld: cannot find -lpthreads
collect2: error: ld returned 1 exit status
make[1]: *** [CMakeFiles/cmTC_c8220.dir/build.make:87: cmTC_c8220] Error 1
make[1]: Leaving directory '/home/ubuntu/UAV_ws/build/simulator_node/CMakeFiles/CMakeTmp'
make: *** [Makefile:121: cmTC_c8220/fast] Error 2



