[19.542s] DEBUG:colcon:Command line arguments: ['/usr/local/bin/colcon', 'build', '--packages-select', 'grampc-d', '--cmake-clean-cache']
[19.543s] DEBUG:colcon:Parsed command line arguments: Namespace(allow_overriding=[], ament_cmake_args=None, base_paths=['.'], build_base='build', catkin_cmake_args=None, catkin_skip_building_tests=False, cmake_args=None, cmake_clean_cache=True, cmake_clean_first=False, cmake_force_configure=False, cmake_target=None, cmake_target_skip_unavailable=False, continue_on_error=False, event_handlers=None, executor='parallel', ignore_user_meta=False, install_base='install', log_base=None, log_level=None, main=<bound method BuildVerb.main of <colcon_core.verb.build.BuildVerb object at 0xffff84f731f0>>, merge_install=False, metas=['./colcon.meta'], packages_above=None, packages_above_and_dependencies=None, packages_above_depth=None, packages_end=None, packages_ignore=None, packages_ignore_regex=None, packages_select=['grampc-d'], packages_select_build_failed=False, packages_select_by_dep=None, packages_select_regex=None, packages_select_test_failures=False, packages_skip=None, packages_skip_build_finished=False, packages_skip_by_dep=None, packages_skip_regex=None, packages_skip_test_passed=False, packages_skip_up_to=None, packages_start=None, packages_up_to=None, packages_up_to_regex=None, parallel_workers=4, paths=None, symlink_install=False, test_result_base=None, verb_extension=<colcon_core.verb.build.BuildVerb object at 0xffff84f731f0>, verb_name='build', verb_parser=<colcon_defaults.argument_parser.defaults.DefaultArgumentsDecorator object at 0xffff84f73e50>)
[20.401s] Level 1:colcon.colcon_core.package_discovery:discover_packages(colcon_meta) check parameters
[20.402s] Level 1:colcon.colcon_core.package_discovery:discover_packages(recursive) check parameters
[20.402s] Level 1:colcon.colcon_core.package_discovery:discover_packages(ignore) check parameters
[20.402s] Level 1:colcon.colcon_core.package_discovery:discover_packages(path) check parameters
[20.402s] Level 1:colcon.colcon_core.package_discovery:discover_packages(colcon_meta) discover
[20.402s] Level 1:colcon.colcon_core.package_discovery:discover_packages(recursive) discover
[20.402s] INFO:colcon.colcon_core.package_discovery:Crawling recursively for packages in '/home/ubuntu/UAV_ws'
[20.403s] Level 1:colcon.colcon_core.package_identification:_identify(.) by extensions ['ignore', 'ignore_ament_install']
[20.403s] Level 1:colcon.colcon_core.package_identification:_identify(.) by extension 'ignore'
[20.403s] Level 1:colcon.colcon_core.package_identification:_identify(.) by extension 'ignore_ament_install'
[20.403s] Level 1:colcon.colcon_core.package_identification:_identify(.) by extensions ['colcon_pkg']
[20.404s] Level 1:colcon.colcon_core.package_identification:_identify(.) by extension 'colcon_pkg'
[20.404s] Level 1:colcon.colcon_core.package_identification:_identify(.) by extensions ['colcon_meta']
[20.404s] Level 1:colcon.colcon_core.package_identification:_identify(.) by extension 'colcon_meta'
[20.404s] Level 1:colcon.colcon_core.package_identification:_identify(.) by extensions ['ros']
[20.404s] Level 1:colcon.colcon_core.package_identification:_identify(.) by extension 'ros'
[20.458s] Level 1:colcon.colcon_core.package_identification:_identify(.) by extensions ['cmake', 'python']
[20.458s] Level 1:colcon.colcon_core.package_identification:_identify(.) by extension 'cmake'
[20.458s] Level 1:colcon.colcon_core.package_identification:_identify(.) by extension 'python'
[20.458s] Level 1:colcon.colcon_core.package_identification:_identify(.) by extensions ['python_setup_py']
[20.459s] Level 1:colcon.colcon_core.package_identification:_identify(.) by extension 'python_setup_py'
[20.459s] Level 1:colcon.colcon_core.package_identification:_identify(build) by extensions ['ignore', 'ignore_ament_install']
[20.459s] Level 1:colcon.colcon_core.package_identification:_identify(build) by extension 'ignore'
[20.460s] Level 1:colcon.colcon_core.package_identification:_identify(build) ignored
[20.460s] Level 1:colcon.colcon_core.package_identification:_identify(install) by extensions ['ignore', 'ignore_ament_install']
[20.460s] Level 1:colcon.colcon_core.package_identification:_identify(install) by extension 'ignore'
[20.461s] Level 1:colcon.colcon_core.package_identification:_identify(install) ignored
[20.462s] Level 1:colcon.colcon_core.package_identification:_identify(log) by extensions ['ignore', 'ignore_ament_install']
[20.462s] Level 1:colcon.colcon_core.package_identification:_identify(log) by extension 'ignore'
[20.462s] Level 1:colcon.colcon_core.package_identification:_identify(log) ignored
[20.462s] Level 1:colcon.colcon_core.package_identification:_identify(my_bag_folder) by extensions ['ignore', 'ignore_ament_install']
[20.463s] Level 1:colcon.colcon_core.package_identification:_identify(my_bag_folder) by extension 'ignore'
[20.463s] Level 1:colcon.colcon_core.package_identification:_identify(my_bag_folder) by extension 'ignore_ament_install'
[20.463s] Level 1:colcon.colcon_core.package_identification:_identify(my_bag_folder) by extensions ['colcon_pkg']
[20.463s] Level 1:colcon.colcon_core.package_identification:_identify(my_bag_folder) by extension 'colcon_pkg'
[20.463s] Level 1:colcon.colcon_core.package_identification:_identify(my_bag_folder) by extensions ['colcon_meta']
[20.463s] Level 1:colcon.colcon_core.package_identification:_identify(my_bag_folder) by extension 'colcon_meta'
[20.464s] Level 1:colcon.colcon_core.package_identification:_identify(my_bag_folder) by extensions ['ros']
[20.464s] Level 1:colcon.colcon_core.package_identification:_identify(my_bag_folder) by extension 'ros'
[20.464s] Level 1:colcon.colcon_core.package_identification:_identify(my_bag_folder) by extensions ['cmake', 'python']
[20.464s] Level 1:colcon.colcon_core.package_identification:_identify(my_bag_folder) by extension 'cmake'
[20.464s] Level 1:colcon.colcon_core.package_identification:_identify(my_bag_folder) by extension 'python'
[20.464s] Level 1:colcon.colcon_core.package_identification:_identify(my_bag_folder) by extensions ['python_setup_py']
[20.464s] Level 1:colcon.colcon_core.package_identification:_identify(my_bag_folder) by extension 'python_setup_py'
[20.465s] Level 1:colcon.colcon_core.package_identification:_identify(src) by extensions ['ignore', 'ignore_ament_install']
[20.465s] Level 1:colcon.colcon_core.package_identification:_identify(src) by extension 'ignore'
[20.465s] Level 1:colcon.colcon_core.package_identification:_identify(src) by extension 'ignore_ament_install'
[20.465s] Level 1:colcon.colcon_core.package_identification:_identify(src) by extensions ['colcon_pkg']
[20.466s] Level 1:colcon.colcon_core.package_identification:_identify(src) by extension 'colcon_pkg'
[20.466s] Level 1:colcon.colcon_core.package_identification:_identify(src) by extensions ['colcon_meta']
[20.466s] Level 1:colcon.colcon_core.package_identification:_identify(src) by extension 'colcon_meta'
[20.466s] Level 1:colcon.colcon_core.package_identification:_identify(src) by extensions ['ros']
[20.466s] Level 1:colcon.colcon_core.package_identification:_identify(src) by extension 'ros'
[20.466s] Level 1:colcon.colcon_core.package_identification:_identify(src) by extensions ['cmake', 'python']
[20.466s] Level 1:colcon.colcon_core.package_identification:_identify(src) by extension 'cmake'
[20.467s] Level 1:colcon.colcon_core.package_identification:_identify(src) by extension 'python'
[20.467s] Level 1:colcon.colcon_core.package_identification:_identify(src) by extensions ['python_setup_py']
[20.467s] Level 1:colcon.colcon_core.package_identification:_identify(src) by extension 'python_setup_py'
[20.467s] Level 1:colcon.colcon_core.package_identification:_identify(src/common_msgs) by extensions ['ignore', 'ignore_ament_install']
[20.468s] Level 1:colcon.colcon_core.package_identification:_identify(src/common_msgs) by extension 'ignore'
[20.468s] Level 1:colcon.colcon_core.package_identification:_identify(src/common_msgs) by extension 'ignore_ament_install'
[20.468s] Level 1:colcon.colcon_core.package_identification:_identify(src/common_msgs) by extensions ['colcon_pkg']
[20.468s] Level 1:colcon.colcon_core.package_identification:_identify(src/common_msgs) by extension 'colcon_pkg'
[20.468s] Level 1:colcon.colcon_core.package_identification:_identify(src/common_msgs) by extensions ['colcon_meta']
[20.468s] Level 1:colcon.colcon_core.package_identification:_identify(src/common_msgs) by extension 'colcon_meta'
[20.468s] Level 1:colcon.colcon_core.package_identification:_identify(src/common_msgs) by extensions ['ros']
[20.469s] Level 1:colcon.colcon_core.package_identification:_identify(src/common_msgs) by extension 'ros'
[20.477s] DEBUG:colcon.colcon_core.package_identification:Package 'src/common_msgs' with type 'ros.ament_cmake' and name 'common_msgs'
[20.478s] Level 1:colcon.colcon_core.package_identification:_identify(src/grampc-d) by extensions ['ignore', 'ignore_ament_install']
[20.478s] Level 1:colcon.colcon_core.package_identification:_identify(src/grampc-d) by extension 'ignore'
[20.479s] Level 1:colcon.colcon_core.package_identification:_identify(src/grampc-d) by extension 'ignore_ament_install'
[20.479s] Level 1:colcon.colcon_core.package_identification:_identify(src/grampc-d) by extensions ['colcon_pkg']
[20.479s] Level 1:colcon.colcon_core.package_identification:_identify(src/grampc-d) by extension 'colcon_pkg'
[20.479s] Level 1:colcon.colcon_core.package_identification:_identify(src/grampc-d) by extensions ['colcon_meta']
[20.479s] Level 1:colcon.colcon_core.package_identification:_identify(src/grampc-d) by extension 'colcon_meta'
[20.479s] Level 1:colcon.colcon_core.package_identification:_identify(src/grampc-d) by extensions ['ros']
[20.479s] Level 1:colcon.colcon_core.package_identification:_identify(src/grampc-d) by extension 'ros'
[20.482s] DEBUG:colcon.colcon_core.package_identification:Package 'src/grampc-d' with type 'ros.ament_cmake' and name 'grampc-d'
[20.482s] Level 1:colcon.colcon_core.package_identification:_identify(src/libs) by extensions ['ignore', 'ignore_ament_install']
[20.483s] Level 1:colcon.colcon_core.package_identification:_identify(src/libs) by extension 'ignore'
[20.483s] Level 1:colcon.colcon_core.package_identification:_identify(src/libs) by extension 'ignore_ament_install'
[20.483s] Level 1:colcon.colcon_core.package_identification:_identify(src/libs) by extensions ['colcon_pkg']
[20.483s] Level 1:colcon.colcon_core.package_identification:_identify(src/libs) by extension 'colcon_pkg'
[20.483s] Level 1:colcon.colcon_core.package_identification:_identify(src/libs) by extensions ['colcon_meta']
[20.484s] Level 1:colcon.colcon_core.package_identification:_identify(src/libs) by extension 'colcon_meta'
[20.484s] Level 1:colcon.colcon_core.package_identification:_identify(src/libs) by extensions ['ros']
[20.484s] Level 1:colcon.colcon_core.package_identification:_identify(src/libs) by extension 'ros'
[20.486s] DEBUG:colcon.colcon_core.package_identification:Package 'src/libs' with type 'ros.ament_cmake' and name 'libs'
[20.486s] Level 1:colcon.colcon_core.package_identification:_identify(src/mpc_node) by extensions ['ignore', 'ignore_ament_install']
[20.487s] Level 1:colcon.colcon_core.package_identification:_identify(src/mpc_node) by extension 'ignore'
[20.487s] Level 1:colcon.colcon_core.package_identification:_identify(src/mpc_node) by extension 'ignore_ament_install'
[20.487s] Level 1:colcon.colcon_core.package_identification:_identify(src/mpc_node) by extensions ['colcon_pkg']
[20.487s] Level 1:colcon.colcon_core.package_identification:_identify(src/mpc_node) by extension 'colcon_pkg'
[20.487s] Level 1:colcon.colcon_core.package_identification:_identify(src/mpc_node) by extensions ['colcon_meta']
[20.488s] Level 1:colcon.colcon_core.package_identification:_identify(src/mpc_node) by extension 'colcon_meta'
[20.488s] Level 1:colcon.colcon_core.package_identification:_identify(src/mpc_node) by extensions ['ros']
[20.488s] Level 1:colcon.colcon_core.package_identification:_identify(src/mpc_node) by extension 'ros'
[20.491s] DEBUG:colcon.colcon_core.package_identification:Package 'src/mpc_node' with type 'ros.ament_cmake' and name 'mpc_node'
[20.491s] Level 1:colcon.colcon_core.package_identification:_identify(src/simulator_node) by extensions ['ignore', 'ignore_ament_install']
[20.492s] Level 1:colcon.colcon_core.package_identification:_identify(src/simulator_node) by extension 'ignore'
[20.492s] Level 1:colcon.colcon_core.package_identification:_identify(src/simulator_node) by extension 'ignore_ament_install'
[20.492s] Level 1:colcon.colcon_core.package_identification:_identify(src/simulator_node) by extensions ['colcon_pkg']
[20.492s] Level 1:colcon.colcon_core.package_identification:_identify(src/simulator_node) by extension 'colcon_pkg'
[20.492s] Level 1:colcon.colcon_core.package_identification:_identify(src/simulator_node) by extensions ['colcon_meta']
[20.492s] Level 1:colcon.colcon_core.package_identification:_identify(src/simulator_node) by extension 'colcon_meta'
[20.493s] Level 1:colcon.colcon_core.package_identification:_identify(src/simulator_node) by extensions ['ros']
[20.493s] Level 1:colcon.colcon_core.package_identification:_identify(src/simulator_node) by extension 'ros'
[20.495s] DEBUG:colcon.colcon_core.package_identification:Package 'src/simulator_node' with type 'ros.ament_cmake' and name 'simulator_node'
[20.496s] Level 1:colcon.colcon_core.package_identification:_identify(src/uav_launch) by extensions ['ignore', 'ignore_ament_install']
[20.496s] Level 1:colcon.colcon_core.package_identification:_identify(src/uav_launch) by extension 'ignore'
[20.496s] Level 1:colcon.colcon_core.package_identification:_identify(src/uav_launch) by extension 'ignore_ament_install'
[20.497s] Level 1:colcon.colcon_core.package_identification:_identify(src/uav_launch) by extensions ['colcon_pkg']
[20.497s] Level 1:colcon.colcon_core.package_identification:_identify(src/uav_launch) by extension 'colcon_pkg'
[20.497s] Level 1:colcon.colcon_core.package_identification:_identify(src/uav_launch) by extensions ['colcon_meta']
[20.497s] Level 1:colcon.colcon_core.package_identification:_identify(src/uav_launch) by extension 'colcon_meta'
[20.497s] Level 1:colcon.colcon_core.package_identification:_identify(src/uav_launch) by extensions ['ros']
[20.497s] Level 1:colcon.colcon_core.package_identification:_identify(src/uav_launch) by extension 'ros'
[20.499s] DEBUG:colcon.colcon_core.package_identification:Package 'src/uav_launch' with type 'ros.ament_cmake' and name 'uav_launch'
[20.499s] Level 1:colcon.colcon_core.package_discovery:discover_packages(recursive) using defaults
[20.499s] Level 1:colcon.colcon_core.package_discovery:discover_packages(ignore) discover
[20.499s] Level 1:colcon.colcon_core.package_discovery:discover_packages(ignore) using defaults
[20.500s] Level 1:colcon.colcon_core.package_discovery:discover_packages(path) discover
[20.500s] Level 1:colcon.colcon_core.package_discovery:discover_packages(path) using defaults
[21.558s] INFO:colcon.colcon_core.package_selection:Skipping not selected package 'common_msgs' in 'src/common_msgs'
[21.559s] INFO:colcon.colcon_core.package_selection:Skipping not selected package 'libs' in 'src/libs'
[21.559s] INFO:colcon.colcon_core.package_selection:Skipping not selected package 'uav_launch' in 'src/uav_launch'
[21.559s] INFO:colcon.colcon_core.package_selection:Skipping not selected package 'mpc_node' in 'src/mpc_node'
[21.559s] INFO:colcon.colcon_core.package_selection:Skipping not selected package 'simulator_node' in 'src/simulator_node'
[22.227s] Level 1:colcon.colcon_core.package_discovery:discover_packages(prefix_path) check parameters
[22.227s] Level 1:colcon.colcon_core.package_discovery:discover_packages(prefix_path) discover
[22.903s] DEBUG:colcon.colcon_installed_package_information.package_discovery:Found 256 installed packages in /opt/ros/foxy
[22.909s] Level 1:colcon.colcon_core.package_discovery:discover_packages(prefix_path) using defaults
[23.779s] Level 5:colcon.colcon_core.verb:set package 'grampc-d' build argument 'cmake_args' from command line to 'None'
[23.779s] Level 5:colcon.colcon_core.verb:set package 'grampc-d' build argument 'cmake_target' from command line to 'None'
[23.780s] Level 5:colcon.colcon_core.verb:set package 'grampc-d' build argument 'cmake_target_skip_unavailable' from command line to 'False'
[23.780s] Level 5:colcon.colcon_core.verb:set package 'grampc-d' build argument 'cmake_clean_cache' from command line to 'True'
[23.780s] Level 5:colcon.colcon_core.verb:set package 'grampc-d' build argument 'cmake_clean_first' from command line to 'False'
[23.780s] Level 5:colcon.colcon_core.verb:set package 'grampc-d' build argument 'cmake_force_configure' from command line to 'False'
[23.780s] Level 5:colcon.colcon_core.verb:set package 'grampc-d' build argument 'ament_cmake_args' from command line to 'None'
[23.780s] Level 5:colcon.colcon_core.verb:set package 'grampc-d' build argument 'catkin_cmake_args' from command line to 'None'
[23.780s] Level 5:colcon.colcon_core.verb:set package 'grampc-d' build argument 'catkin_skip_building_tests' from command line to 'False'
[23.780s] DEBUG:colcon.colcon_core.verb:Building package 'grampc-d' with the following arguments: {'ament_cmake_args': None, 'build_base': '/home/ubuntu/UAV_ws/build/grampc-d', 'catkin_cmake_args': None, 'catkin_skip_building_tests': False, 'cmake_args': None, 'cmake_clean_cache': True, 'cmake_clean_first': False, 'cmake_force_configure': False, 'cmake_target': None, 'cmake_target_skip_unavailable': False, 'install_base': '/home/ubuntu/UAV_ws/install/grampc-d', 'merge_install': False, 'path': '/home/ubuntu/UAV_ws/src/grampc-d', 'symlink_install': False, 'test_result_base': None}
[24.114s] INFO:colcon.colcon_core.executor:Executing jobs using 'parallel' executor
[24.451s] DEBUG:colcon.colcon_parallel_executor.executor.parallel:run_until_complete
[24.452s] INFO:colcon.colcon_ros.task.ament_cmake.build:Building ROS package in '/home/ubuntu/UAV_ws/src/grampc-d' with build type 'ament_cmake'
[24.453s] INFO:colcon.colcon_cmake.task.cmake.build:Building CMake package in '/home/ubuntu/UAV_ws/src/grampc-d'
[24.805s] INFO:colcon.colcon_core.plugin_system:Skipping extension 'colcon_core.shell.bat': Not used on non-Windows systems
[24.806s] INFO:colcon.colcon_core.shell:Skip shell extension 'powershell' for command environment: Not usable outside of PowerShell
[24.806s] DEBUG:colcon.colcon_core.shell:Skip shell extension 'dsv' for command environment
[25.526s] DEBUG:colcon.colcon_core.event_handler.log_command:Invoking command in '/home/ubuntu/UAV_ws/build/grampc-d': AMENT_PREFIX_PATH=/home/ubuntu/UAV_ws/install/libs:${AMENT_PREFIX_PATH} CMAKE_PREFIX_PATH=/home/ubuntu/UAV_ws/install/libs:/opt/ros/foxy LD_LIBRARY_PATH=/home/ubuntu/UAV_ws/install/libs/lib:${LD_LIBRARY_PATH} /usr/bin/cmake /home/ubuntu/UAV_ws/src/grampc-d -DCMAKE_INSTALL_PREFIX=/home/ubuntu/UAV_ws/install/grampc-d
[32.331s] DEBUG:colcon.colcon_core.event_handler.log_command:Invoked command in '/home/ubuntu/UAV_ws/build/grampc-d' returned '0': AMENT_PREFIX_PATH=/home/ubuntu/UAV_ws/install/libs:${AMENT_PREFIX_PATH} CMAKE_PREFIX_PATH=/home/ubuntu/UAV_ws/install/libs:/opt/ros/foxy LD_LIBRARY_PATH=/home/ubuntu/UAV_ws/install/libs/lib:${LD_LIBRARY_PATH} /usr/bin/cmake /home/ubuntu/UAV_ws/src/grampc-d -DCMAKE_INSTALL_PREFIX=/home/ubuntu/UAV_ws/install/grampc-d
[32.343s] DEBUG:colcon.colcon_core.event_handler.log_command:Invoking command in '/home/ubuntu/UAV_ws/build/grampc-d': AMENT_PREFIX_PATH=/home/ubuntu/UAV_ws/install/libs:${AMENT_PREFIX_PATH} CMAKE_PREFIX_PATH=/home/ubuntu/UAV_ws/install/libs:/opt/ros/foxy LD_LIBRARY_PATH=/home/ubuntu/UAV_ws/install/libs/lib:${LD_LIBRARY_PATH} /usr/bin/cmake --build /home/ubuntu/UAV_ws/build/grampc-d -- -j4 -l4
[58.937s] DEBUG:colcon.colcon_core.event_handler.log_command:Invoked command in '/home/ubuntu/UAV_ws/build/grampc-d' returned '2': AMENT_PREFIX_PATH=/home/ubuntu/UAV_ws/install/libs:${AMENT_PREFIX_PATH} CMAKE_PREFIX_PATH=/home/ubuntu/UAV_ws/install/libs:/opt/ros/foxy LD_LIBRARY_PATH=/home/ubuntu/UAV_ws/install/libs/lib:${LD_LIBRARY_PATH} /usr/bin/cmake --build /home/ubuntu/UAV_ws/build/grampc-d -- -j4 -l4
[59.778s] Level 1:colcon.colcon_core.environment:create_environment_scripts_only(grampc-d)
[60.128s] Level 1:colcon.colcon_core.environment:checking '/home/ubuntu/UAV_ws/install/grampc-d' for CMake module files
[60.130s] Level 1:colcon.colcon_core.environment:checking '/home/ubuntu/UAV_ws/install/grampc-d' for CMake config files
[60.136s] Level 1:colcon.colcon_core.shell:create_environment_hook('grampc-d', 'cmake_prefix_path')
[60.477s] INFO:colcon.colcon_core.shell:Creating environment hook '/home/ubuntu/UAV_ws/install/grampc-d/share/grampc-d/hook/cmake_prefix_path.ps1'
[60.480s] INFO:colcon.colcon_core.shell:Creating environment descriptor '/home/ubuntu/UAV_ws/install/grampc-d/share/grampc-d/hook/cmake_prefix_path.dsv'
[60.481s] INFO:colcon.colcon_core.shell:Creating environment hook '/home/ubuntu/UAV_ws/install/grampc-d/share/grampc-d/hook/cmake_prefix_path.sh'
[60.484s] Level 1:colcon.colcon_core.environment:checking '/home/ubuntu/UAV_ws/install/grampc-d/lib'
[60.485s] Level 1:colcon.colcon_core.environment:checking '/home/ubuntu/UAV_ws/install/grampc-d/bin'
[60.485s] Level 1:colcon.colcon_core.environment:checking '/home/ubuntu/UAV_ws/install/grampc-d/lib/pkgconfig/grampc-d.pc'
[60.486s] Level 1:colcon.colcon_core.environment:checking '/home/ubuntu/UAV_ws/install/grampc-d/lib/python3.8/site-packages'
[60.487s] Level 1:colcon.colcon_core.environment:checking '/home/ubuntu/UAV_ws/install/grampc-d/bin'
[60.830s] INFO:colcon.colcon_core.shell:Creating package script '/home/ubuntu/UAV_ws/install/grampc-d/share/grampc-d/package.ps1'
[60.833s] INFO:colcon.colcon_core.shell:Creating package descriptor '/home/ubuntu/UAV_ws/install/grampc-d/share/grampc-d/package.dsv'
[60.835s] INFO:colcon.colcon_core.shell:Creating package script '/home/ubuntu/UAV_ws/install/grampc-d/share/grampc-d/package.sh'
[60.838s] INFO:colcon.colcon_core.shell:Creating package script '/home/ubuntu/UAV_ws/install/grampc-d/share/grampc-d/package.bash'
[60.841s] INFO:colcon.colcon_core.shell:Creating package script '/home/ubuntu/UAV_ws/install/grampc-d/share/grampc-d/package.zsh'
[60.844s] Level 1:colcon.colcon_core.environment:create_file_with_runtime_dependencies(/home/ubuntu/UAV_ws/install/grampc-d/share/colcon-core/packages/grampc-d)
[60.846s] DEBUG:colcon.colcon_parallel_executor.executor.parallel:closing loop
[60.847s] DEBUG:colcon.colcon_parallel_executor.executor.parallel:loop closed
[60.855s] DEBUG:colcon.colcon_parallel_executor.executor.parallel:run_until_complete finished with '2'
[60.861s] DEBUG:colcon.colcon_core.event_reactor:joining thread
[61.444s] INFO:colcon.colcon_core.plugin_system:Skipping extension 'colcon_notification.desktop_notification.notify_send': Could not find 'notify-send'
[61.445s] INFO:colcon.colcon_core.plugin_system:Skipping extension 'colcon_notification.desktop_notification.terminal_notifier': Not used on non-Darwin systems
[61.445s] INFO:colcon.colcon_core.plugin_system:Skipping extension 'colcon_notification.desktop_notification.win32': Not used on non-Windows systems
[61.445s] INFO:colcon.colcon_notification.desktop_notification:Sending desktop notification using 'notify2'
[61.448s] DEBUG:colcon.colcon_notification.desktop_notification.notify2:Failed to initialize notify2: org.freedesktop.DBus.Error.ServiceUnknown: The name org.freedesktop.Notifications was not provided by any .service files
[61.448s] DEBUG:colcon.colcon_core.event_reactor:joined thread
[61.787s] INFO:colcon.colcon_core.shell:Creating prefix script '/home/ubuntu/UAV_ws/install/local_setup.ps1'
[61.790s] INFO:colcon.colcon_core.shell:Creating prefix util module '/home/ubuntu/UAV_ws/install/_local_setup_util_ps1.py'
[61.794s] INFO:colcon.colcon_core.shell:Creating prefix chain script '/home/ubuntu/UAV_ws/install/setup.ps1'
[62.134s] INFO:colcon.colcon_core.shell:Creating prefix script '/home/ubuntu/UAV_ws/install/local_setup.sh'
[62.137s] INFO:colcon.colcon_core.shell:Creating prefix util module '/home/ubuntu/UAV_ws/install/_local_setup_util_sh.py'
[62.139s] INFO:colcon.colcon_core.shell:Creating prefix chain script '/home/ubuntu/UAV_ws/install/setup.sh'
[62.479s] INFO:colcon.colcon_core.shell:Creating prefix script '/home/ubuntu/UAV_ws/install/local_setup.bash'
[62.480s] INFO:colcon.colcon_core.shell:Creating prefix chain script '/home/ubuntu/UAV_ws/install/setup.bash'
[62.819s] INFO:colcon.colcon_core.shell:Creating prefix script '/home/ubuntu/UAV_ws/install/local_setup.zsh'
[62.821s] INFO:colcon.colcon_core.shell:Creating prefix chain script '/home/ubuntu/UAV_ws/install/setup.zsh'
