[19.414s] DEBUG:colcon:Command line arguments: ['/usr/local/bin/colcon', 'build', '--packages-select', 'common_msgs', '--cmake-clean-cache']
[19.414s] DEBUG:colcon:Parsed command line arguments: Namespace(allow_overriding=[], ament_cmake_args=None, base_paths=['.'], build_base='build', catkin_cmake_args=None, catkin_skip_building_tests=False, cmake_args=None, cmake_clean_cache=True, cmake_clean_first=False, cmake_force_configure=False, cmake_target=None, cmake_target_skip_unavailable=False, continue_on_error=False, event_handlers=None, executor='parallel', ignore_user_meta=False, install_base='install', log_base=None, log_level=None, main=<bound method BuildVerb.main of <colcon_core.verb.build.BuildVerb object at 0xffff7f7941f0>>, merge_install=False, metas=['./colcon.meta'], packages_above=None, packages_above_and_dependencies=None, packages_above_depth=None, packages_end=None, packages_ignore=None, packages_ignore_regex=None, packages_select=['common_msgs'], packages_select_build_failed=False, packages_select_by_dep=None, packages_select_regex=None, packages_select_test_failures=False, packages_skip=None, packages_skip_build_finished=False, packages_skip_by_dep=None, packages_skip_regex=None, packages_skip_test_passed=False, packages_skip_up_to=None, packages_start=None, packages_up_to=None, packages_up_to_regex=None, parallel_workers=4, paths=None, symlink_install=False, test_result_base=None, verb_extension=<colcon_core.verb.build.BuildVerb object at 0xffff7f7941f0>, verb_name='build', verb_parser=<colcon_defaults.argument_parser.defaults.DefaultArgumentsDecorator object at 0xffff7f794e50>)
[20.273s] Level 1:colcon.colcon_core.package_discovery:discover_packages(colcon_meta) check parameters
[20.274s] Level 1:colcon.colcon_core.package_discovery:discover_packages(recursive) check parameters
[20.274s] Level 1:colcon.colcon_core.package_discovery:discover_packages(ignore) check parameters
[20.274s] Level 1:colcon.colcon_core.package_discovery:discover_packages(path) check parameters
[20.274s] Level 1:colcon.colcon_core.package_discovery:discover_packages(colcon_meta) discover
[20.274s] Level 1:colcon.colcon_core.package_discovery:discover_packages(recursive) discover
[20.274s] INFO:colcon.colcon_core.package_discovery:Crawling recursively for packages in '/home/ubuntu/UAV_ws'
[20.275s] Level 1:colcon.colcon_core.package_identification:_identify(.) by extensions ['ignore', 'ignore_ament_install']
[20.275s] Level 1:colcon.colcon_core.package_identification:_identify(.) by extension 'ignore'
[20.275s] Level 1:colcon.colcon_core.package_identification:_identify(.) by extension 'ignore_ament_install'
[20.275s] Level 1:colcon.colcon_core.package_identification:_identify(.) by extensions ['colcon_pkg']
[20.275s] Level 1:colcon.colcon_core.package_identification:_identify(.) by extension 'colcon_pkg'
[20.276s] Level 1:colcon.colcon_core.package_identification:_identify(.) by extensions ['colcon_meta']
[20.276s] Level 1:colcon.colcon_core.package_identification:_identify(.) by extension 'colcon_meta'
[20.276s] Level 1:colcon.colcon_core.package_identification:_identify(.) by extensions ['ros']
[20.276s] Level 1:colcon.colcon_core.package_identification:_identify(.) by extension 'ros'
[20.330s] Level 1:colcon.colcon_core.package_identification:_identify(.) by extensions ['cmake', 'python']
[20.330s] Level 1:colcon.colcon_core.package_identification:_identify(.) by extension 'cmake'
[20.331s] Level 1:colcon.colcon_core.package_identification:_identify(.) by extension 'python'
[20.331s] Level 1:colcon.colcon_core.package_identification:_identify(.) by extensions ['python_setup_py']
[20.331s] Level 1:colcon.colcon_core.package_identification:_identify(.) by extension 'python_setup_py'
[20.331s] Level 1:colcon.colcon_core.package_identification:_identify(build) by extensions ['ignore', 'ignore_ament_install']
[20.332s] Level 1:colcon.colcon_core.package_identification:_identify(build) by extension 'ignore'
[20.332s] Level 1:colcon.colcon_core.package_identification:_identify(build) ignored
[20.333s] Level 1:colcon.colcon_core.package_identification:_identify(install) by extensions ['ignore', 'ignore_ament_install']
[20.333s] Level 1:colcon.colcon_core.package_identification:_identify(install) by extension 'ignore'
[20.333s] Level 1:colcon.colcon_core.package_identification:_identify(install) ignored
[20.334s] Level 1:colcon.colcon_core.package_identification:_identify(log) by extensions ['ignore', 'ignore_ament_install']
[20.334s] Level 1:colcon.colcon_core.package_identification:_identify(log) by extension 'ignore'
[20.334s] Level 1:colcon.colcon_core.package_identification:_identify(log) ignored
[20.335s] Level 1:colcon.colcon_core.package_identification:_identify(my_bag_folder) by extensions ['ignore', 'ignore_ament_install']
[20.335s] Level 1:colcon.colcon_core.package_identification:_identify(my_bag_folder) by extension 'ignore'
[20.335s] Level 1:colcon.colcon_core.package_identification:_identify(my_bag_folder) by extension 'ignore_ament_install'
[20.335s] Level 1:colcon.colcon_core.package_identification:_identify(my_bag_folder) by extensions ['colcon_pkg']
[20.336s] Level 1:colcon.colcon_core.package_identification:_identify(my_bag_folder) by extension 'colcon_pkg'
[20.336s] Level 1:colcon.colcon_core.package_identification:_identify(my_bag_folder) by extensions ['colcon_meta']
[20.336s] Level 1:colcon.colcon_core.package_identification:_identify(my_bag_folder) by extension 'colcon_meta'
[20.336s] Level 1:colcon.colcon_core.package_identification:_identify(my_bag_folder) by extensions ['ros']
[20.336s] Level 1:colcon.colcon_core.package_identification:_identify(my_bag_folder) by extension 'ros'
[20.336s] Level 1:colcon.colcon_core.package_identification:_identify(my_bag_folder) by extensions ['cmake', 'python']
[20.337s] Level 1:colcon.colcon_core.package_identification:_identify(my_bag_folder) by extension 'cmake'
[20.337s] Level 1:colcon.colcon_core.package_identification:_identify(my_bag_folder) by extension 'python'
[20.337s] Level 1:colcon.colcon_core.package_identification:_identify(my_bag_folder) by extensions ['python_setup_py']
[20.337s] Level 1:colcon.colcon_core.package_identification:_identify(my_bag_folder) by extension 'python_setup_py'
[20.337s] Level 1:colcon.colcon_core.package_identification:_identify(src) by extensions ['ignore', 'ignore_ament_install']
[20.338s] Level 1:colcon.colcon_core.package_identification:_identify(src) by extension 'ignore'
[20.338s] Level 1:colcon.colcon_core.package_identification:_identify(src) by extension 'ignore_ament_install'
[20.338s] Level 1:colcon.colcon_core.package_identification:_identify(src) by extensions ['colcon_pkg']
[20.338s] Level 1:colcon.colcon_core.package_identification:_identify(src) by extension 'colcon_pkg'
[20.338s] Level 1:colcon.colcon_core.package_identification:_identify(src) by extensions ['colcon_meta']
[20.338s] Level 1:colcon.colcon_core.package_identification:_identify(src) by extension 'colcon_meta'
[20.339s] Level 1:colcon.colcon_core.package_identification:_identify(src) by extensions ['ros']
[20.339s] Level 1:colcon.colcon_core.package_identification:_identify(src) by extension 'ros'
[20.339s] Level 1:colcon.colcon_core.package_identification:_identify(src) by extensions ['cmake', 'python']
[20.339s] Level 1:colcon.colcon_core.package_identification:_identify(src) by extension 'cmake'
[20.339s] Level 1:colcon.colcon_core.package_identification:_identify(src) by extension 'python'
[20.339s] Level 1:colcon.colcon_core.package_identification:_identify(src) by extensions ['python_setup_py']
[20.339s] Level 1:colcon.colcon_core.package_identification:_identify(src) by extension 'python_setup_py'
[20.340s] Level 1:colcon.colcon_core.package_identification:_identify(src/common_msgs) by extensions ['ignore', 'ignore_ament_install']
[20.340s] Level 1:colcon.colcon_core.package_identification:_identify(src/common_msgs) by extension 'ignore'
[20.340s] Level 1:colcon.colcon_core.package_identification:_identify(src/common_msgs) by extension 'ignore_ament_install'
[20.341s] Level 1:colcon.colcon_core.package_identification:_identify(src/common_msgs) by extensions ['colcon_pkg']
[20.341s] Level 1:colcon.colcon_core.package_identification:_identify(src/common_msgs) by extension 'colcon_pkg'
[20.341s] Level 1:colcon.colcon_core.package_identification:_identify(src/common_msgs) by extensions ['colcon_meta']
[20.341s] Level 1:colcon.colcon_core.package_identification:_identify(src/common_msgs) by extension 'colcon_meta'
[20.341s] Level 1:colcon.colcon_core.package_identification:_identify(src/common_msgs) by extensions ['ros']
[20.341s] Level 1:colcon.colcon_core.package_identification:_identify(src/common_msgs) by extension 'ros'
[20.350s] DEBUG:colcon.colcon_core.package_identification:Package 'src/common_msgs' with type 'ros.ament_cmake' and name 'common_msgs'
[20.351s] Level 1:colcon.colcon_core.package_identification:_identify(src/grampc-d) by extensions ['ignore', 'ignore_ament_install']
[20.351s] Level 1:colcon.colcon_core.package_identification:_identify(src/grampc-d) by extension 'ignore'
[20.351s] Level 1:colcon.colcon_core.package_identification:_identify(src/grampc-d) by extension 'ignore_ament_install'
[20.351s] Level 1:colcon.colcon_core.package_identification:_identify(src/grampc-d) by extensions ['colcon_pkg']
[20.352s] Level 1:colcon.colcon_core.package_identification:_identify(src/grampc-d) by extension 'colcon_pkg'
[20.352s] Level 1:colcon.colcon_core.package_identification:_identify(src/grampc-d) by extensions ['colcon_meta']
[20.352s] Level 1:colcon.colcon_core.package_identification:_identify(src/grampc-d) by extension 'colcon_meta'
[20.352s] Level 1:colcon.colcon_core.package_identification:_identify(src/grampc-d) by extensions ['ros']
[20.352s] Level 1:colcon.colcon_core.package_identification:_identify(src/grampc-d) by extension 'ros'
[20.355s] DEBUG:colcon.colcon_core.package_identification:Package 'src/grampc-d' with type 'ros.ament_cmake' and name 'grampc-d'
[20.355s] Level 1:colcon.colcon_core.package_identification:_identify(src/libs) by extensions ['ignore', 'ignore_ament_install']
[20.356s] Level 1:colcon.colcon_core.package_identification:_identify(src/libs) by extension 'ignore'
[20.356s] Level 1:colcon.colcon_core.package_identification:_identify(src/libs) by extension 'ignore_ament_install'
[20.356s] Level 1:colcon.colcon_core.package_identification:_identify(src/libs) by extensions ['colcon_pkg']
[20.356s] Level 1:colcon.colcon_core.package_identification:_identify(src/libs) by extension 'colcon_pkg'
[20.356s] Level 1:colcon.colcon_core.package_identification:_identify(src/libs) by extensions ['colcon_meta']
[20.356s] Level 1:colcon.colcon_core.package_identification:_identify(src/libs) by extension 'colcon_meta'
[20.357s] Level 1:colcon.colcon_core.package_identification:_identify(src/libs) by extensions ['ros']
[20.357s] Level 1:colcon.colcon_core.package_identification:_identify(src/libs) by extension 'ros'
[20.359s] DEBUG:colcon.colcon_core.package_identification:Package 'src/libs' with type 'ros.ament_cmake' and name 'libs'
[20.359s] Level 1:colcon.colcon_core.package_identification:_identify(src/mpc_node) by extensions ['ignore', 'ignore_ament_install']
[20.360s] Level 1:colcon.colcon_core.package_identification:_identify(src/mpc_node) by extension 'ignore'
[20.360s] Level 1:colcon.colcon_core.package_identification:_identify(src/mpc_node) by extension 'ignore_ament_install'
[20.360s] Level 1:colcon.colcon_core.package_identification:_identify(src/mpc_node) by extensions ['colcon_pkg']
[20.360s] Level 1:colcon.colcon_core.package_identification:_identify(src/mpc_node) by extension 'colcon_pkg'
[20.360s] Level 1:colcon.colcon_core.package_identification:_identify(src/mpc_node) by extensions ['colcon_meta']
[20.360s] Level 1:colcon.colcon_core.package_identification:_identify(src/mpc_node) by extension 'colcon_meta'
[20.361s] Level 1:colcon.colcon_core.package_identification:_identify(src/mpc_node) by extensions ['ros']
[20.361s] Level 1:colcon.colcon_core.package_identification:_identify(src/mpc_node) by extension 'ros'
[20.364s] DEBUG:colcon.colcon_core.package_identification:Package 'src/mpc_node' with type 'ros.ament_cmake' and name 'mpc_node'
[20.364s] Level 1:colcon.colcon_core.package_identification:_identify(src/simulator_node) by extensions ['ignore', 'ignore_ament_install']
[20.365s] Level 1:colcon.colcon_core.package_identification:_identify(src/simulator_node) by extension 'ignore'
[20.365s] Level 1:colcon.colcon_core.package_identification:_identify(src/simulator_node) by extension 'ignore_ament_install'
[20.365s] Level 1:colcon.colcon_core.package_identification:_identify(src/simulator_node) by extensions ['colcon_pkg']
[20.365s] Level 1:colcon.colcon_core.package_identification:_identify(src/simulator_node) by extension 'colcon_pkg'
[20.365s] Level 1:colcon.colcon_core.package_identification:_identify(src/simulator_node) by extensions ['colcon_meta']
[20.365s] Level 1:colcon.colcon_core.package_identification:_identify(src/simulator_node) by extension 'colcon_meta'
[20.366s] Level 1:colcon.colcon_core.package_identification:_identify(src/simulator_node) by extensions ['ros']
[20.366s] Level 1:colcon.colcon_core.package_identification:_identify(src/simulator_node) by extension 'ros'
[20.368s] DEBUG:colcon.colcon_core.package_identification:Package 'src/simulator_node' with type 'ros.ament_cmake' and name 'simulator_node'
[20.369s] Level 1:colcon.colcon_core.package_identification:_identify(src/uav_launch) by extensions ['ignore', 'ignore_ament_install']
[20.369s] Level 1:colcon.colcon_core.package_identification:_identify(src/uav_launch) by extension 'ignore'
[20.370s] Level 1:colcon.colcon_core.package_identification:_identify(src/uav_launch) by extension 'ignore_ament_install'
[20.370s] Level 1:colcon.colcon_core.package_identification:_identify(src/uav_launch) by extensions ['colcon_pkg']
[20.370s] Level 1:colcon.colcon_core.package_identification:_identify(src/uav_launch) by extension 'colcon_pkg'
[20.370s] Level 1:colcon.colcon_core.package_identification:_identify(src/uav_launch) by extensions ['colcon_meta']
[20.370s] Level 1:colcon.colcon_core.package_identification:_identify(src/uav_launch) by extension 'colcon_meta'
[20.370s] Level 1:colcon.colcon_core.package_identification:_identify(src/uav_launch) by extensions ['ros']
[20.370s] Level 1:colcon.colcon_core.package_identification:_identify(src/uav_launch) by extension 'ros'
[20.372s] DEBUG:colcon.colcon_core.package_identification:Package 'src/uav_launch' with type 'ros.ament_cmake' and name 'uav_launch'
[20.372s] Level 1:colcon.colcon_core.package_discovery:discover_packages(recursive) using defaults
[20.373s] Level 1:colcon.colcon_core.package_discovery:discover_packages(ignore) discover
[20.373s] Level 1:colcon.colcon_core.package_discovery:discover_packages(ignore) using defaults
[20.373s] Level 1:colcon.colcon_core.package_discovery:discover_packages(path) discover
[20.373s] Level 1:colcon.colcon_core.package_discovery:discover_packages(path) using defaults
[21.430s] INFO:colcon.colcon_core.package_selection:Skipping not selected package 'libs' in 'src/libs'
[21.430s] INFO:colcon.colcon_core.package_selection:Skipping not selected package 'uav_launch' in 'src/uav_launch'
[21.430s] INFO:colcon.colcon_core.package_selection:Skipping not selected package 'grampc-d' in 'src/grampc-d'
[21.430s] INFO:colcon.colcon_core.package_selection:Skipping not selected package 'mpc_node' in 'src/mpc_node'
[21.430s] INFO:colcon.colcon_core.package_selection:Skipping not selected package 'simulator_node' in 'src/simulator_node'
[22.098s] Level 1:colcon.colcon_core.package_discovery:discover_packages(prefix_path) check parameters
[22.099s] Level 1:colcon.colcon_core.package_discovery:discover_packages(prefix_path) discover
[22.776s] DEBUG:colcon.colcon_installed_package_information.package_discovery:Found 256 installed packages in /opt/ros/foxy
[22.782s] Level 1:colcon.colcon_core.package_discovery:discover_packages(prefix_path) using defaults
[23.650s] Level 5:colcon.colcon_core.verb:set package 'common_msgs' build argument 'cmake_args' from command line to 'None'
[23.651s] Level 5:colcon.colcon_core.verb:set package 'common_msgs' build argument 'cmake_target' from command line to 'None'
[23.651s] Level 5:colcon.colcon_core.verb:set package 'common_msgs' build argument 'cmake_target_skip_unavailable' from command line to 'False'
[23.651s] Level 5:colcon.colcon_core.verb:set package 'common_msgs' build argument 'cmake_clean_cache' from command line to 'True'
[23.651s] Level 5:colcon.colcon_core.verb:set package 'common_msgs' build argument 'cmake_clean_first' from command line to 'False'
[23.651s] Level 5:colcon.colcon_core.verb:set package 'common_msgs' build argument 'cmake_force_configure' from command line to 'False'
[23.651s] Level 5:colcon.colcon_core.verb:set package 'common_msgs' build argument 'ament_cmake_args' from command line to 'None'
[23.651s] Level 5:colcon.colcon_core.verb:set package 'common_msgs' build argument 'catkin_cmake_args' from command line to 'None'
[23.651s] Level 5:colcon.colcon_core.verb:set package 'common_msgs' build argument 'catkin_skip_building_tests' from command line to 'False'
[23.652s] DEBUG:colcon.colcon_core.verb:Building package 'common_msgs' with the following arguments: {'ament_cmake_args': None, 'build_base': '/home/ubuntu/UAV_ws/build/common_msgs', 'catkin_cmake_args': None, 'catkin_skip_building_tests': False, 'cmake_args': None, 'cmake_clean_cache': True, 'cmake_clean_first': False, 'cmake_force_configure': False, 'cmake_target': None, 'cmake_target_skip_unavailable': False, 'install_base': '/home/ubuntu/UAV_ws/install/common_msgs', 'merge_install': False, 'path': '/home/ubuntu/UAV_ws/src/common_msgs', 'symlink_install': False, 'test_result_base': None}
[23.985s] INFO:colcon.colcon_core.executor:Executing jobs using 'parallel' executor
[24.319s] DEBUG:colcon.colcon_parallel_executor.executor.parallel:run_until_complete
[24.321s] INFO:colcon.colcon_ros.task.ament_cmake.build:Building ROS package in '/home/ubuntu/UAV_ws/src/common_msgs' with build type 'ament_cmake'
[24.321s] INFO:colcon.colcon_cmake.task.cmake.build:Building CMake package in '/home/ubuntu/UAV_ws/src/common_msgs'
[24.673s] INFO:colcon.colcon_core.plugin_system:Skipping extension 'colcon_core.shell.bat': Not used on non-Windows systems
[24.674s] INFO:colcon.colcon_core.shell:Skip shell extension 'powershell' for command environment: Not usable outside of PowerShell
[24.674s] DEBUG:colcon.colcon_core.shell:Skip shell extension 'dsv' for command environment
[25.388s] DEBUG:colcon.colcon_core.event_handler.log_command:Invoking command in '/home/ubuntu/UAV_ws/build/common_msgs': CMAKE_PREFIX_PATH=/opt/ros/foxy /usr/bin/cmake /home/ubuntu/UAV_ws/src/common_msgs -DCMAKE_INSTALL_PREFIX=/home/ubuntu/UAV_ws/install/common_msgs
[34.243s] DEBUG:colcon.colcon_core.event_handler.log_command:Invoked command in '/home/ubuntu/UAV_ws/build/common_msgs' returned '0': CMAKE_PREFIX_PATH=/opt/ros/foxy /usr/bin/cmake /home/ubuntu/UAV_ws/src/common_msgs -DCMAKE_INSTALL_PREFIX=/home/ubuntu/UAV_ws/install/common_msgs
[34.254s] DEBUG:colcon.colcon_core.event_handler.log_command:Invoking command in '/home/ubuntu/UAV_ws/build/common_msgs': CMAKE_PREFIX_PATH=/opt/ros/foxy /usr/bin/cmake --build /home/ubuntu/UAV_ws/build/common_msgs -- -j4 -l4
[53.477s] DEBUG:colcon.colcon_core.event_handler.log_command:Invoked command in '/home/ubuntu/UAV_ws/build/common_msgs' returned '0': CMAKE_PREFIX_PATH=/opt/ros/foxy /usr/bin/cmake --build /home/ubuntu/UAV_ws/build/common_msgs -- -j4 -l4
[54.057s] DEBUG:colcon.colcon_core.event_handler.log_command:Invoking command in '/home/ubuntu/UAV_ws/build/common_msgs': CMAKE_PREFIX_PATH=/opt/ros/foxy /usr/bin/cmake --install /home/ubuntu/UAV_ws/build/common_msgs
[54.392s] Level 1:colcon.colcon_core.environment:create_environment_scripts_only(common_msgs)
[54.394s] DEBUG:colcon.colcon_core.event_handler.log_command:Invoked command in '/home/ubuntu/UAV_ws/build/common_msgs' returned '0': CMAKE_PREFIX_PATH=/opt/ros/foxy /usr/bin/cmake --install /home/ubuntu/UAV_ws/build/common_msgs
[54.745s] Level 1:colcon.colcon_core.environment:checking '/home/ubuntu/UAV_ws/install/common_msgs' for CMake module files
[54.749s] Level 1:colcon.colcon_core.environment:checking '/home/ubuntu/UAV_ws/install/common_msgs' for CMake config files
[54.757s] Level 1:colcon.colcon_core.shell:create_environment_hook('common_msgs', 'cmake_prefix_path')
[55.099s] INFO:colcon.colcon_core.shell:Creating environment hook '/home/ubuntu/UAV_ws/install/common_msgs/share/common_msgs/hook/cmake_prefix_path.ps1'
[55.102s] INFO:colcon.colcon_core.shell:Creating environment descriptor '/home/ubuntu/UAV_ws/install/common_msgs/share/common_msgs/hook/cmake_prefix_path.dsv'
[55.104s] INFO:colcon.colcon_core.shell:Creating environment hook '/home/ubuntu/UAV_ws/install/common_msgs/share/common_msgs/hook/cmake_prefix_path.sh'
[55.107s] Level 1:colcon.colcon_core.environment:checking '/home/ubuntu/UAV_ws/install/common_msgs/lib'
[55.108s] Level 1:colcon.colcon_core.shell:create_environment_hook('common_msgs', 'ld_library_path_lib')
[55.448s] INFO:colcon.colcon_core.shell:Creating environment hook '/home/ubuntu/UAV_ws/install/common_msgs/share/common_msgs/hook/ld_library_path_lib.ps1'
[55.450s] INFO:colcon.colcon_core.shell:Creating environment descriptor '/home/ubuntu/UAV_ws/install/common_msgs/share/common_msgs/hook/ld_library_path_lib.dsv'
[55.451s] INFO:colcon.colcon_core.shell:Creating environment hook '/home/ubuntu/UAV_ws/install/common_msgs/share/common_msgs/hook/ld_library_path_lib.sh'
[55.452s] Level 1:colcon.colcon_core.environment:checking '/home/ubuntu/UAV_ws/install/common_msgs/bin'
[55.453s] Level 1:colcon.colcon_core.environment:checking '/home/ubuntu/UAV_ws/install/common_msgs/lib/pkgconfig/common_msgs.pc'
[55.454s] Level 1:colcon.colcon_core.environment:checking '/home/ubuntu/UAV_ws/install/common_msgs/lib/python3.8/site-packages'
[55.454s] Level 1:colcon.colcon_core.shell:create_environment_hook('common_msgs', 'pythonpath')
[55.795s] INFO:colcon.colcon_core.shell:Creating environment hook '/home/ubuntu/UAV_ws/install/common_msgs/share/common_msgs/hook/pythonpath.ps1'
[55.797s] INFO:colcon.colcon_core.shell:Creating environment descriptor '/home/ubuntu/UAV_ws/install/common_msgs/share/common_msgs/hook/pythonpath.dsv'
[55.798s] INFO:colcon.colcon_core.shell:Creating environment hook '/home/ubuntu/UAV_ws/install/common_msgs/share/common_msgs/hook/pythonpath.sh'
[55.799s] Level 1:colcon.colcon_core.environment:checking '/home/ubuntu/UAV_ws/install/common_msgs/bin'
[56.141s] INFO:colcon.colcon_core.shell:Creating package script '/home/ubuntu/UAV_ws/install/common_msgs/share/common_msgs/package.ps1'
[56.144s] INFO:colcon.colcon_core.shell:Creating package descriptor '/home/ubuntu/UAV_ws/install/common_msgs/share/common_msgs/package.dsv'
[56.146s] INFO:colcon.colcon_core.shell:Creating package script '/home/ubuntu/UAV_ws/install/common_msgs/share/common_msgs/package.sh'
[56.149s] INFO:colcon.colcon_core.shell:Creating package script '/home/ubuntu/UAV_ws/install/common_msgs/share/common_msgs/package.bash'
[56.152s] INFO:colcon.colcon_core.shell:Creating package script '/home/ubuntu/UAV_ws/install/common_msgs/share/common_msgs/package.zsh'
[56.155s] Level 1:colcon.colcon_core.environment:create_file_with_runtime_dependencies(/home/ubuntu/UAV_ws/install/common_msgs/share/colcon-core/packages/common_msgs)
[57.037s] Level 1:colcon.colcon_core.environment:create_environment_scripts_only(common_msgs)
[57.378s] Level 1:colcon.colcon_core.environment:checking '/home/ubuntu/UAV_ws/install/common_msgs' for CMake module files
[57.382s] Level 1:colcon.colcon_core.environment:checking '/home/ubuntu/UAV_ws/install/common_msgs' for CMake config files
[57.388s] Level 1:colcon.colcon_core.shell:create_environment_hook('common_msgs', 'cmake_prefix_path')
[57.731s] INFO:colcon.colcon_core.shell:Creating environment hook '/home/ubuntu/UAV_ws/install/common_msgs/share/common_msgs/hook/cmake_prefix_path.ps1'
[57.733s] INFO:colcon.colcon_core.shell:Creating environment descriptor '/home/ubuntu/UAV_ws/install/common_msgs/share/common_msgs/hook/cmake_prefix_path.dsv'
[57.734s] INFO:colcon.colcon_core.shell:Creating environment hook '/home/ubuntu/UAV_ws/install/common_msgs/share/common_msgs/hook/cmake_prefix_path.sh'
[57.737s] Level 1:colcon.colcon_core.environment:checking '/home/ubuntu/UAV_ws/install/common_msgs/lib'
[57.737s] Level 1:colcon.colcon_core.shell:create_environment_hook('common_msgs', 'ld_library_path_lib')
[58.080s] INFO:colcon.colcon_core.shell:Creating environment hook '/home/ubuntu/UAV_ws/install/common_msgs/share/common_msgs/hook/ld_library_path_lib.ps1'
[58.081s] INFO:colcon.colcon_core.shell:Creating environment descriptor '/home/ubuntu/UAV_ws/install/common_msgs/share/common_msgs/hook/ld_library_path_lib.dsv'
[58.083s] INFO:colcon.colcon_core.shell:Creating environment hook '/home/ubuntu/UAV_ws/install/common_msgs/share/common_msgs/hook/ld_library_path_lib.sh'
[58.084s] Level 1:colcon.colcon_core.environment:checking '/home/ubuntu/UAV_ws/install/common_msgs/bin'
[58.085s] Level 1:colcon.colcon_core.environment:checking '/home/ubuntu/UAV_ws/install/common_msgs/lib/pkgconfig/common_msgs.pc'
[58.085s] Level 1:colcon.colcon_core.environment:checking '/home/ubuntu/UAV_ws/install/common_msgs/lib/python3.8/site-packages'
[58.086s] Level 1:colcon.colcon_core.shell:create_environment_hook('common_msgs', 'pythonpath')
[58.428s] INFO:colcon.colcon_core.shell:Creating environment hook '/home/ubuntu/UAV_ws/install/common_msgs/share/common_msgs/hook/pythonpath.ps1'
[58.429s] INFO:colcon.colcon_core.shell:Creating environment descriptor '/home/ubuntu/UAV_ws/install/common_msgs/share/common_msgs/hook/pythonpath.dsv'
[58.431s] INFO:colcon.colcon_core.shell:Creating environment hook '/home/ubuntu/UAV_ws/install/common_msgs/share/common_msgs/hook/pythonpath.sh'
[58.433s] Level 1:colcon.colcon_core.environment:checking '/home/ubuntu/UAV_ws/install/common_msgs/bin'
[58.776s] INFO:colcon.colcon_core.shell:Creating package script '/home/ubuntu/UAV_ws/install/common_msgs/share/common_msgs/package.ps1'
[58.778s] INFO:colcon.colcon_core.shell:Creating package descriptor '/home/ubuntu/UAV_ws/install/common_msgs/share/common_msgs/package.dsv'
[58.781s] INFO:colcon.colcon_core.shell:Creating package script '/home/ubuntu/UAV_ws/install/common_msgs/share/common_msgs/package.sh'
[58.783s] INFO:colcon.colcon_core.shell:Creating package script '/home/ubuntu/UAV_ws/install/common_msgs/share/common_msgs/package.bash'
[58.785s] INFO:colcon.colcon_core.shell:Creating package script '/home/ubuntu/UAV_ws/install/common_msgs/share/common_msgs/package.zsh'
[58.786s] Level 1:colcon.colcon_core.environment:create_file_with_runtime_dependencies(/home/ubuntu/UAV_ws/install/common_msgs/share/colcon-core/packages/common_msgs)
[58.788s] DEBUG:colcon.colcon_parallel_executor.executor.parallel:closing loop
[58.788s] DEBUG:colcon.colcon_parallel_executor.executor.parallel:loop closed
[58.789s] DEBUG:colcon.colcon_parallel_executor.executor.parallel:run_until_complete finished with '0'
[58.789s] DEBUG:colcon.colcon_core.event_reactor:joining thread
[59.150s] INFO:colcon.colcon_core.plugin_system:Skipping extension 'colcon_notification.desktop_notification.notify_send': Could not find 'notify-send'
[59.150s] INFO:colcon.colcon_core.plugin_system:Skipping extension 'colcon_notification.desktop_notification.terminal_notifier': Not used on non-Darwin systems
[59.150s] INFO:colcon.colcon_core.plugin_system:Skipping extension 'colcon_notification.desktop_notification.win32': Not used on non-Windows systems
[59.151s] INFO:colcon.colcon_notification.desktop_notification:Sending desktop notification using 'notify2'
[59.154s] DEBUG:colcon.colcon_notification.desktop_notification.notify2:Failed to initialize notify2: org.freedesktop.DBus.Error.ServiceUnknown: The name org.freedesktop.Notifications was not provided by any .service files
[59.154s] DEBUG:colcon.colcon_core.event_reactor:joined thread
[59.493s] INFO:colcon.colcon_core.shell:Creating prefix script '/home/ubuntu/UAV_ws/install/local_setup.ps1'
[59.496s] INFO:colcon.colcon_core.shell:Creating prefix util module '/home/ubuntu/UAV_ws/install/_local_setup_util_ps1.py'
[59.501s] INFO:colcon.colcon_core.shell:Creating prefix chain script '/home/ubuntu/UAV_ws/install/setup.ps1'
[59.837s] INFO:colcon.colcon_core.shell:Creating prefix script '/home/ubuntu/UAV_ws/install/local_setup.sh'
[59.839s] INFO:colcon.colcon_core.shell:Creating prefix util module '/home/ubuntu/UAV_ws/install/_local_setup_util_sh.py'
[59.841s] INFO:colcon.colcon_core.shell:Creating prefix chain script '/home/ubuntu/UAV_ws/install/setup.sh'
[60.186s] INFO:colcon.colcon_core.shell:Creating prefix script '/home/ubuntu/UAV_ws/install/local_setup.bash'
[60.188s] INFO:colcon.colcon_core.shell:Creating prefix chain script '/home/ubuntu/UAV_ws/install/setup.bash'
[60.532s] INFO:colcon.colcon_core.shell:Creating prefix script '/home/ubuntu/UAV_ws/install/local_setup.zsh'
[60.534s] INFO:colcon.colcon_core.shell:Creating prefix chain script '/home/ubuntu/UAV_ws/install/setup.zsh'
