[19.385s] DEBUG:colcon:Command line arguments: ['/usr/local/bin/colcon', 'build', '--packages-select', 'mpc_node', '--cmake-clean-cache']
[19.385s] DEBUG:colcon:Parsed command line arguments: Namespace(allow_overriding=[], ament_cmake_args=None, base_paths=['.'], build_base='build', catkin_cmake_args=None, catkin_skip_building_tests=False, cmake_args=None, cmake_clean_cache=True, cmake_clean_first=False, cmake_force_configure=False, cmake_target=None, cmake_target_skip_unavailable=False, continue_on_error=False, event_handlers=None, executor='parallel', ignore_user_meta=False, install_base='install', log_base=None, log_level=None, main=<bound method BuildVerb.main of <colcon_core.verb.build.BuildVerb object at 0xffff880e0220>>, merge_install=False, metas=['./colcon.meta'], packages_above=None, packages_above_and_dependencies=None, packages_above_depth=None, packages_end=None, packages_ignore=None, packages_ignore_regex=None, packages_select=['mpc_node'], packages_select_build_failed=False, packages_select_by_dep=None, packages_select_regex=None, packages_select_test_failures=False, packages_skip=None, packages_skip_build_finished=False, packages_skip_by_dep=None, packages_skip_regex=None, packages_skip_test_passed=False, packages_skip_up_to=None, packages_start=None, packages_up_to=None, packages_up_to_regex=None, parallel_workers=4, paths=None, symlink_install=False, test_result_base=None, verb_extension=<colcon_core.verb.build.BuildVerb object at 0xffff880e0220>, verb_name='build', verb_parser=<colcon_defaults.argument_parser.defaults.DefaultArgumentsDecorator object at 0xffff880e0e80>)
[20.239s] Level 1:colcon.colcon_core.package_discovery:discover_packages(colcon_meta) check parameters
[20.240s] Level 1:colcon.colcon_core.package_discovery:discover_packages(recursive) check parameters
[20.240s] Level 1:colcon.colcon_core.package_discovery:discover_packages(ignore) check parameters
[20.240s] Level 1:colcon.colcon_core.package_discovery:discover_packages(path) check parameters
[20.240s] Level 1:colcon.colcon_core.package_discovery:discover_packages(colcon_meta) discover
[20.240s] Level 1:colcon.colcon_core.package_discovery:discover_packages(recursive) discover
[20.240s] INFO:colcon.colcon_core.package_discovery:Crawling recursively for packages in '/home/ubuntu/UAV_ws'
[20.241s] Level 1:colcon.colcon_core.package_identification:_identify(.) by extensions ['ignore', 'ignore_ament_install']
[20.241s] Level 1:colcon.colcon_core.package_identification:_identify(.) by extension 'ignore'
[20.241s] Level 1:colcon.colcon_core.package_identification:_identify(.) by extension 'ignore_ament_install'
[20.242s] Level 1:colcon.colcon_core.package_identification:_identify(.) by extensions ['colcon_pkg']
[20.242s] Level 1:colcon.colcon_core.package_identification:_identify(.) by extension 'colcon_pkg'
[20.242s] Level 1:colcon.colcon_core.package_identification:_identify(.) by extensions ['colcon_meta']
[20.242s] Level 1:colcon.colcon_core.package_identification:_identify(.) by extension 'colcon_meta'
[20.242s] Level 1:colcon.colcon_core.package_identification:_identify(.) by extensions ['ros']
[20.242s] Level 1:colcon.colcon_core.package_identification:_identify(.) by extension 'ros'
[20.296s] Level 1:colcon.colcon_core.package_identification:_identify(.) by extensions ['cmake', 'python']
[20.296s] Level 1:colcon.colcon_core.package_identification:_identify(.) by extension 'cmake'
[20.296s] Level 1:colcon.colcon_core.package_identification:_identify(.) by extension 'python'
[20.297s] Level 1:colcon.colcon_core.package_identification:_identify(.) by extensions ['python_setup_py']
[20.297s] Level 1:colcon.colcon_core.package_identification:_identify(.) by extension 'python_setup_py'
[20.297s] Level 1:colcon.colcon_core.package_identification:_identify(build) by extensions ['ignore', 'ignore_ament_install']
[20.298s] Level 1:colcon.colcon_core.package_identification:_identify(build) by extension 'ignore'
[20.298s] Level 1:colcon.colcon_core.package_identification:_identify(build) ignored
[20.298s] Level 1:colcon.colcon_core.package_identification:_identify(install) by extensions ['ignore', 'ignore_ament_install']
[20.299s] Level 1:colcon.colcon_core.package_identification:_identify(install) by extension 'ignore'
[20.299s] Level 1:colcon.colcon_core.package_identification:_identify(install) ignored
[20.300s] Level 1:colcon.colcon_core.package_identification:_identify(log) by extensions ['ignore', 'ignore_ament_install']
[20.300s] Level 1:colcon.colcon_core.package_identification:_identify(log) by extension 'ignore'
[20.300s] Level 1:colcon.colcon_core.package_identification:_identify(log) ignored
[20.301s] Level 1:colcon.colcon_core.package_identification:_identify(my_bag_folder) by extensions ['ignore', 'ignore_ament_install']
[20.301s] Level 1:colcon.colcon_core.package_identification:_identify(my_bag_folder) by extension 'ignore'
[20.301s] Level 1:colcon.colcon_core.package_identification:_identify(my_bag_folder) by extension 'ignore_ament_install'
[20.301s] Level 1:colcon.colcon_core.package_identification:_identify(my_bag_folder) by extensions ['colcon_pkg']
[20.301s] Level 1:colcon.colcon_core.package_identification:_identify(my_bag_folder) by extension 'colcon_pkg'
[20.302s] Level 1:colcon.colcon_core.package_identification:_identify(my_bag_folder) by extensions ['colcon_meta']
[20.302s] Level 1:colcon.colcon_core.package_identification:_identify(my_bag_folder) by extension 'colcon_meta'
[20.302s] Level 1:colcon.colcon_core.package_identification:_identify(my_bag_folder) by extensions ['ros']
[20.302s] Level 1:colcon.colcon_core.package_identification:_identify(my_bag_folder) by extension 'ros'
[20.302s] Level 1:colcon.colcon_core.package_identification:_identify(my_bag_folder) by extensions ['cmake', 'python']
[20.302s] Level 1:colcon.colcon_core.package_identification:_identify(my_bag_folder) by extension 'cmake'
[20.303s] Level 1:colcon.colcon_core.package_identification:_identify(my_bag_folder) by extension 'python'
[20.303s] Level 1:colcon.colcon_core.package_identification:_identify(my_bag_folder) by extensions ['python_setup_py']
[20.303s] Level 1:colcon.colcon_core.package_identification:_identify(my_bag_folder) by extension 'python_setup_py'
[20.303s] Level 1:colcon.colcon_core.package_identification:_identify(src) by extensions ['ignore', 'ignore_ament_install']
[20.304s] Level 1:colcon.colcon_core.package_identification:_identify(src) by extension 'ignore'
[20.304s] Level 1:colcon.colcon_core.package_identification:_identify(src) by extension 'ignore_ament_install'
[20.304s] Level 1:colcon.colcon_core.package_identification:_identify(src) by extensions ['colcon_pkg']
[20.304s] Level 1:colcon.colcon_core.package_identification:_identify(src) by extension 'colcon_pkg'
[20.304s] Level 1:colcon.colcon_core.package_identification:_identify(src) by extensions ['colcon_meta']
[20.304s] Level 1:colcon.colcon_core.package_identification:_identify(src) by extension 'colcon_meta'
[20.304s] Level 1:colcon.colcon_core.package_identification:_identify(src) by extensions ['ros']
[20.305s] Level 1:colcon.colcon_core.package_identification:_identify(src) by extension 'ros'
[20.305s] Level 1:colcon.colcon_core.package_identification:_identify(src) by extensions ['cmake', 'python']
[20.305s] Level 1:colcon.colcon_core.package_identification:_identify(src) by extension 'cmake'
[20.305s] Level 1:colcon.colcon_core.package_identification:_identify(src) by extension 'python'
[20.305s] Level 1:colcon.colcon_core.package_identification:_identify(src) by extensions ['python_setup_py']
[20.305s] Level 1:colcon.colcon_core.package_identification:_identify(src) by extension 'python_setup_py'
[20.306s] Level 1:colcon.colcon_core.package_identification:_identify(src/common_msgs) by extensions ['ignore', 'ignore_ament_install']
[20.306s] Level 1:colcon.colcon_core.package_identification:_identify(src/common_msgs) by extension 'ignore'
[20.306s] Level 1:colcon.colcon_core.package_identification:_identify(src/common_msgs) by extension 'ignore_ament_install'
[20.306s] Level 1:colcon.colcon_core.package_identification:_identify(src/common_msgs) by extensions ['colcon_pkg']
[20.307s] Level 1:colcon.colcon_core.package_identification:_identify(src/common_msgs) by extension 'colcon_pkg'
[20.307s] Level 1:colcon.colcon_core.package_identification:_identify(src/common_msgs) by extensions ['colcon_meta']
[20.307s] Level 1:colcon.colcon_core.package_identification:_identify(src/common_msgs) by extension 'colcon_meta'
[20.307s] Level 1:colcon.colcon_core.package_identification:_identify(src/common_msgs) by extensions ['ros']
[20.307s] Level 1:colcon.colcon_core.package_identification:_identify(src/common_msgs) by extension 'ros'
[20.316s] DEBUG:colcon.colcon_core.package_identification:Package 'src/common_msgs' with type 'ros.ament_cmake' and name 'common_msgs'
[20.317s] Level 1:colcon.colcon_core.package_identification:_identify(src/grampc-d) by extensions ['ignore', 'ignore_ament_install']
[20.317s] Level 1:colcon.colcon_core.package_identification:_identify(src/grampc-d) by extension 'ignore'
[20.317s] Level 1:colcon.colcon_core.package_identification:_identify(src/grampc-d) by extension 'ignore_ament_install'
[20.317s] Level 1:colcon.colcon_core.package_identification:_identify(src/grampc-d) by extensions ['colcon_pkg']
[20.318s] Level 1:colcon.colcon_core.package_identification:_identify(src/grampc-d) by extension 'colcon_pkg'
[20.318s] Level 1:colcon.colcon_core.package_identification:_identify(src/grampc-d) by extensions ['colcon_meta']
[20.318s] Level 1:colcon.colcon_core.package_identification:_identify(src/grampc-d) by extension 'colcon_meta'
[20.318s] Level 1:colcon.colcon_core.package_identification:_identify(src/grampc-d) by extensions ['ros']
[20.318s] Level 1:colcon.colcon_core.package_identification:_identify(src/grampc-d) by extension 'ros'
[20.321s] DEBUG:colcon.colcon_core.package_identification:Package 'src/grampc-d' with type 'ros.ament_cmake' and name 'grampc-d'
[20.321s] Level 1:colcon.colcon_core.package_identification:_identify(src/libs) by extensions ['ignore', 'ignore_ament_install']
[20.322s] Level 1:colcon.colcon_core.package_identification:_identify(src/libs) by extension 'ignore'
[20.322s] Level 1:colcon.colcon_core.package_identification:_identify(src/libs) by extension 'ignore_ament_install'
[20.322s] Level 1:colcon.colcon_core.package_identification:_identify(src/libs) by extensions ['colcon_pkg']
[20.322s] Level 1:colcon.colcon_core.package_identification:_identify(src/libs) by extension 'colcon_pkg'
[20.322s] Level 1:colcon.colcon_core.package_identification:_identify(src/libs) by extensions ['colcon_meta']
[20.322s] Level 1:colcon.colcon_core.package_identification:_identify(src/libs) by extension 'colcon_meta'
[20.323s] Level 1:colcon.colcon_core.package_identification:_identify(src/libs) by extensions ['ros']
[20.323s] Level 1:colcon.colcon_core.package_identification:_identify(src/libs) by extension 'ros'
[20.325s] DEBUG:colcon.colcon_core.package_identification:Package 'src/libs' with type 'ros.ament_cmake' and name 'libs'
[20.325s] Level 1:colcon.colcon_core.package_identification:_identify(src/mpc_node) by extensions ['ignore', 'ignore_ament_install']
[20.326s] Level 1:colcon.colcon_core.package_identification:_identify(src/mpc_node) by extension 'ignore'
[20.326s] Level 1:colcon.colcon_core.package_identification:_identify(src/mpc_node) by extension 'ignore_ament_install'
[20.326s] Level 1:colcon.colcon_core.package_identification:_identify(src/mpc_node) by extensions ['colcon_pkg']
[20.326s] Level 1:colcon.colcon_core.package_identification:_identify(src/mpc_node) by extension 'colcon_pkg'
[20.326s] Level 1:colcon.colcon_core.package_identification:_identify(src/mpc_node) by extensions ['colcon_meta']
[20.326s] Level 1:colcon.colcon_core.package_identification:_identify(src/mpc_node) by extension 'colcon_meta'
[20.327s] Level 1:colcon.colcon_core.package_identification:_identify(src/mpc_node) by extensions ['ros']
[20.327s] Level 1:colcon.colcon_core.package_identification:_identify(src/mpc_node) by extension 'ros'
[20.330s] DEBUG:colcon.colcon_core.package_identification:Package 'src/mpc_node' with type 'ros.ament_cmake' and name 'mpc_node'
[20.330s] Level 1:colcon.colcon_core.package_identification:_identify(src/simulator_node) by extensions ['ignore', 'ignore_ament_install']
[20.330s] Level 1:colcon.colcon_core.package_identification:_identify(src/simulator_node) by extension 'ignore'
[20.331s] Level 1:colcon.colcon_core.package_identification:_identify(src/simulator_node) by extension 'ignore_ament_install'
[20.331s] Level 1:colcon.colcon_core.package_identification:_identify(src/simulator_node) by extensions ['colcon_pkg']
[20.331s] Level 1:colcon.colcon_core.package_identification:_identify(src/simulator_node) by extension 'colcon_pkg'
[20.331s] Level 1:colcon.colcon_core.package_identification:_identify(src/simulator_node) by extensions ['colcon_meta']
[20.331s] Level 1:colcon.colcon_core.package_identification:_identify(src/simulator_node) by extension 'colcon_meta'
[20.331s] Level 1:colcon.colcon_core.package_identification:_identify(src/simulator_node) by extensions ['ros']
[20.332s] Level 1:colcon.colcon_core.package_identification:_identify(src/simulator_node) by extension 'ros'
[20.334s] DEBUG:colcon.colcon_core.package_identification:Package 'src/simulator_node' with type 'ros.ament_cmake' and name 'simulator_node'
[20.335s] Level 1:colcon.colcon_core.package_identification:_identify(src/uav_launch) by extensions ['ignore', 'ignore_ament_install']
[20.335s] Level 1:colcon.colcon_core.package_identification:_identify(src/uav_launch) by extension 'ignore'
[20.335s] Level 1:colcon.colcon_core.package_identification:_identify(src/uav_launch) by extension 'ignore_ament_install'
[20.335s] Level 1:colcon.colcon_core.package_identification:_identify(src/uav_launch) by extensions ['colcon_pkg']
[20.336s] Level 1:colcon.colcon_core.package_identification:_identify(src/uav_launch) by extension 'colcon_pkg'
[20.336s] Level 1:colcon.colcon_core.package_identification:_identify(src/uav_launch) by extensions ['colcon_meta']
[20.336s] Level 1:colcon.colcon_core.package_identification:_identify(src/uav_launch) by extension 'colcon_meta'
[20.336s] Level 1:colcon.colcon_core.package_identification:_identify(src/uav_launch) by extensions ['ros']
[20.336s] Level 1:colcon.colcon_core.package_identification:_identify(src/uav_launch) by extension 'ros'
[20.338s] DEBUG:colcon.colcon_core.package_identification:Package 'src/uav_launch' with type 'ros.ament_cmake' and name 'uav_launch'
[20.338s] Level 1:colcon.colcon_core.package_discovery:discover_packages(recursive) using defaults
[20.338s] Level 1:colcon.colcon_core.package_discovery:discover_packages(ignore) discover
[20.339s] Level 1:colcon.colcon_core.package_discovery:discover_packages(ignore) using defaults
[20.339s] Level 1:colcon.colcon_core.package_discovery:discover_packages(path) discover
[20.339s] Level 1:colcon.colcon_core.package_discovery:discover_packages(path) using defaults
[21.389s] INFO:colcon.colcon_core.package_selection:Skipping not selected package 'common_msgs' in 'src/common_msgs'
[21.389s] INFO:colcon.colcon_core.package_selection:Skipping not selected package 'libs' in 'src/libs'
[21.389s] INFO:colcon.colcon_core.package_selection:Skipping not selected package 'uav_launch' in 'src/uav_launch'
[21.389s] INFO:colcon.colcon_core.package_selection:Skipping not selected package 'grampc-d' in 'src/grampc-d'
[21.389s] INFO:colcon.colcon_core.package_selection:Skipping not selected package 'simulator_node' in 'src/simulator_node'
[22.039s] Level 1:colcon.colcon_core.package_discovery:discover_packages(prefix_path) check parameters
[22.039s] Level 1:colcon.colcon_core.package_discovery:discover_packages(prefix_path) discover
[22.369s] WARNING:colcon.colcon_ros.prefix_path.catkin:The path '/home/ubuntu/UAV_ws/install/test' in the environment variable CMAKE_PREFIX_PATH doesn't exist
[22.698s] DEBUG:colcon.colcon_installed_package_information.package_discovery:Found 6 installed packages in /home/ubuntu/UAV_ws/install
[23.029s] DEBUG:colcon.colcon_installed_package_information.package_discovery:Found 256 installed packages in /opt/ros/foxy
[23.035s] Level 1:colcon.colcon_core.package_discovery:discover_packages(prefix_path) using defaults
[23.891s] Level 5:colcon.colcon_core.verb:set package 'mpc_node' build argument 'cmake_args' from command line to 'None'
[23.891s] Level 5:colcon.colcon_core.verb:set package 'mpc_node' build argument 'cmake_target' from command line to 'None'
[23.891s] Level 5:colcon.colcon_core.verb:set package 'mpc_node' build argument 'cmake_target_skip_unavailable' from command line to 'False'
[23.891s] Level 5:colcon.colcon_core.verb:set package 'mpc_node' build argument 'cmake_clean_cache' from command line to 'True'
[23.892s] Level 5:colcon.colcon_core.verb:set package 'mpc_node' build argument 'cmake_clean_first' from command line to 'False'
[23.892s] Level 5:colcon.colcon_core.verb:set package 'mpc_node' build argument 'cmake_force_configure' from command line to 'False'
[23.892s] Level 5:colcon.colcon_core.verb:set package 'mpc_node' build argument 'ament_cmake_args' from command line to 'None'
[23.892s] Level 5:colcon.colcon_core.verb:set package 'mpc_node' build argument 'catkin_cmake_args' from command line to 'None'
[23.892s] Level 5:colcon.colcon_core.verb:set package 'mpc_node' build argument 'catkin_skip_building_tests' from command line to 'False'
[23.892s] DEBUG:colcon.colcon_core.verb:Building package 'mpc_node' with the following arguments: {'ament_cmake_args': None, 'build_base': '/home/ubuntu/UAV_ws/build/mpc_node', 'catkin_cmake_args': None, 'catkin_skip_building_tests': False, 'cmake_args': None, 'cmake_clean_cache': True, 'cmake_clean_first': False, 'cmake_force_configure': False, 'cmake_target': None, 'cmake_target_skip_unavailable': False, 'install_base': '/home/ubuntu/UAV_ws/install/mpc_node', 'merge_install': False, 'path': '/home/ubuntu/UAV_ws/src/mpc_node', 'symlink_install': False, 'test_result_base': None}
[24.220s] INFO:colcon.colcon_core.executor:Executing jobs using 'parallel' executor
[24.547s] DEBUG:colcon.colcon_parallel_executor.executor.parallel:run_until_complete
[24.551s] INFO:colcon.colcon_ros.task.ament_cmake.build:Building ROS package in '/home/ubuntu/UAV_ws/src/mpc_node' with build type 'ament_cmake'
[24.552s] INFO:colcon.colcon_cmake.task.cmake.build:Building CMake package in '/home/ubuntu/UAV_ws/src/mpc_node'
[24.903s] INFO:colcon.colcon_core.plugin_system:Skipping extension 'colcon_core.shell.bat': Not used on non-Windows systems
[24.903s] INFO:colcon.colcon_core.shell:Skip shell extension 'powershell' for command environment: Not usable outside of PowerShell
[24.904s] DEBUG:colcon.colcon_core.shell:Skip shell extension 'dsv' for command environment
[25.975s] DEBUG:colcon.colcon_core.event_handler.log_command:Invoking command in '/home/ubuntu/UAV_ws/build/mpc_node': CMAKE_PREFIX_PATH=/home/ubuntu/UAV_ws/install/grampc-d:/home/ubuntu/UAV_ws/install/libs:/home/ubuntu/UAV_ws/install/common_msgs:/home/ubuntu/UAV_ws/install/uav_launch:/home/ubuntu/UAV_ws/install/test:/home/ubuntu/UAV_ws/install/simulator_node:/home/ubuntu/UAV_ws/install/mpc_node:/opt/ros/foxy LD_LIBRARY_PATH=/home/ubuntu/UAV_ws/install/common_msgs/lib:/home/ubuntu/UAV_ws/install/grampc-d/lib:/home/ubuntu/UAV_ws/install/libs/lib:/opt/ros/foxy/opt/yaml_cpp_vendor/lib:/opt/ros/foxy/opt/rviz_ogre_vendor/lib:/opt/ros/foxy/lib/aarch64-linux-gnu:/opt/ros/foxy/lib /usr/bin/cmake /home/ubuntu/UAV_ws/src/mpc_node -DCMAKE_INSTALL_PREFIX=/home/ubuntu/UAV_ws/install/mpc_node
[33.040s] DEBUG:colcon.colcon_core.event_handler.log_command:Invoked command in '/home/ubuntu/UAV_ws/build/mpc_node' returned '0': CMAKE_PREFIX_PATH=/home/ubuntu/UAV_ws/install/grampc-d:/home/ubuntu/UAV_ws/install/libs:/home/ubuntu/UAV_ws/install/common_msgs:/home/ubuntu/UAV_ws/install/uav_launch:/home/ubuntu/UAV_ws/install/test:/home/ubuntu/UAV_ws/install/simulator_node:/home/ubuntu/UAV_ws/install/mpc_node:/opt/ros/foxy LD_LIBRARY_PATH=/home/ubuntu/UAV_ws/install/common_msgs/lib:/home/ubuntu/UAV_ws/install/grampc-d/lib:/home/ubuntu/UAV_ws/install/libs/lib:/opt/ros/foxy/opt/yaml_cpp_vendor/lib:/opt/ros/foxy/opt/rviz_ogre_vendor/lib:/opt/ros/foxy/lib/aarch64-linux-gnu:/opt/ros/foxy/lib /usr/bin/cmake /home/ubuntu/UAV_ws/src/mpc_node -DCMAKE_INSTALL_PREFIX=/home/ubuntu/UAV_ws/install/mpc_node
[33.052s] DEBUG:colcon.colcon_core.event_handler.log_command:Invoking command in '/home/ubuntu/UAV_ws/build/mpc_node': CMAKE_PREFIX_PATH=/home/ubuntu/UAV_ws/install/grampc-d:/home/ubuntu/UAV_ws/install/libs:/home/ubuntu/UAV_ws/install/common_msgs:/home/ubuntu/UAV_ws/install/uav_launch:/home/ubuntu/UAV_ws/install/test:/home/ubuntu/UAV_ws/install/simulator_node:/home/ubuntu/UAV_ws/install/mpc_node:/opt/ros/foxy LD_LIBRARY_PATH=/home/ubuntu/UAV_ws/install/common_msgs/lib:/home/ubuntu/UAV_ws/install/grampc-d/lib:/home/ubuntu/UAV_ws/install/libs/lib:/opt/ros/foxy/opt/yaml_cpp_vendor/lib:/opt/ros/foxy/opt/rviz_ogre_vendor/lib:/opt/ros/foxy/lib/aarch64-linux-gnu:/opt/ros/foxy/lib /usr/bin/cmake --build /home/ubuntu/UAV_ws/build/mpc_node -- -j4 -l4
[56.883s] DEBUG:colcon.colcon_core.event_handler.log_command:Invoked command in '/home/ubuntu/UAV_ws/build/mpc_node' returned '0': CMAKE_PREFIX_PATH=/home/ubuntu/UAV_ws/install/grampc-d:/home/ubuntu/UAV_ws/install/libs:/home/ubuntu/UAV_ws/install/common_msgs:/home/ubuntu/UAV_ws/install/uav_launch:/home/ubuntu/UAV_ws/install/test:/home/ubuntu/UAV_ws/install/simulator_node:/home/ubuntu/UAV_ws/install/mpc_node:/opt/ros/foxy LD_LIBRARY_PATH=/home/ubuntu/UAV_ws/install/common_msgs/lib:/home/ubuntu/UAV_ws/install/grampc-d/lib:/home/ubuntu/UAV_ws/install/libs/lib:/opt/ros/foxy/opt/yaml_cpp_vendor/lib:/opt/ros/foxy/opt/rviz_ogre_vendor/lib:/opt/ros/foxy/lib/aarch64-linux-gnu:/opt/ros/foxy/lib /usr/bin/cmake --build /home/ubuntu/UAV_ws/build/mpc_node -- -j4 -l4
[57.061s] DEBUG:colcon.colcon_core.event_handler.log_command:Invoking command in '/home/ubuntu/UAV_ws/build/mpc_node': CMAKE_PREFIX_PATH=/home/ubuntu/UAV_ws/install/grampc-d:/home/ubuntu/UAV_ws/install/libs:/home/ubuntu/UAV_ws/install/common_msgs:/home/ubuntu/UAV_ws/install/uav_launch:/home/ubuntu/UAV_ws/install/test:/home/ubuntu/UAV_ws/install/simulator_node:/home/ubuntu/UAV_ws/install/mpc_node:/opt/ros/foxy LD_LIBRARY_PATH=/home/ubuntu/UAV_ws/install/common_msgs/lib:/home/ubuntu/UAV_ws/install/grampc-d/lib:/home/ubuntu/UAV_ws/install/libs/lib:/opt/ros/foxy/opt/yaml_cpp_vendor/lib:/opt/ros/foxy/opt/rviz_ogre_vendor/lib:/opt/ros/foxy/lib/aarch64-linux-gnu:/opt/ros/foxy/lib /usr/bin/cmake --install /home/ubuntu/UAV_ws/build/mpc_node
[57.175s] Level 1:colcon.colcon_core.environment:create_environment_scripts_only(mpc_node)
[57.176s] DEBUG:colcon.colcon_core.event_handler.log_command:Invoked command in '/home/ubuntu/UAV_ws/build/mpc_node' returned '0': CMAKE_PREFIX_PATH=/home/ubuntu/UAV_ws/install/grampc-d:/home/ubuntu/UAV_ws/install/libs:/home/ubuntu/UAV_ws/install/common_msgs:/home/ubuntu/UAV_ws/install/uav_launch:/home/ubuntu/UAV_ws/install/test:/home/ubuntu/UAV_ws/install/simulator_node:/home/ubuntu/UAV_ws/install/mpc_node:/opt/ros/foxy LD_LIBRARY_PATH=/home/ubuntu/UAV_ws/install/common_msgs/lib:/home/ubuntu/UAV_ws/install/grampc-d/lib:/home/ubuntu/UAV_ws/install/libs/lib:/opt/ros/foxy/opt/yaml_cpp_vendor/lib:/opt/ros/foxy/opt/rviz_ogre_vendor/lib:/opt/ros/foxy/lib/aarch64-linux-gnu:/opt/ros/foxy/lib /usr/bin/cmake --install /home/ubuntu/UAV_ws/build/mpc_node
[57.530s] Level 1:colcon.colcon_core.environment:checking '/home/ubuntu/UAV_ws/install/mpc_node' for CMake module files
[57.532s] Level 1:colcon.colcon_core.environment:checking '/home/ubuntu/UAV_ws/install/mpc_node' for CMake config files
[57.534s] Level 1:colcon.colcon_core.shell:create_environment_hook('mpc_node', 'cmake_prefix_path')
[57.870s] INFO:colcon.colcon_core.shell:Creating environment hook '/home/ubuntu/UAV_ws/install/mpc_node/share/mpc_node/hook/cmake_prefix_path.ps1'
[57.873s] INFO:colcon.colcon_core.shell:Creating environment descriptor '/home/ubuntu/UAV_ws/install/mpc_node/share/mpc_node/hook/cmake_prefix_path.dsv'
[57.875s] INFO:colcon.colcon_core.shell:Creating environment hook '/home/ubuntu/UAV_ws/install/mpc_node/share/mpc_node/hook/cmake_prefix_path.sh'
[57.878s] Level 1:colcon.colcon_core.environment:checking '/home/ubuntu/UAV_ws/install/mpc_node/lib'
[57.879s] Level 1:colcon.colcon_core.environment:checking '/home/ubuntu/UAV_ws/install/mpc_node/bin'
[57.879s] Level 1:colcon.colcon_core.environment:checking '/home/ubuntu/UAV_ws/install/mpc_node/lib/pkgconfig/mpc_node.pc'
[57.880s] Level 1:colcon.colcon_core.environment:checking '/home/ubuntu/UAV_ws/install/mpc_node/lib/python3.8/site-packages'
[57.880s] Level 1:colcon.colcon_core.environment:checking '/home/ubuntu/UAV_ws/install/mpc_node/bin'
[58.221s] INFO:colcon.colcon_core.shell:Creating package script '/home/ubuntu/UAV_ws/install/mpc_node/share/mpc_node/package.ps1'
[58.224s] INFO:colcon.colcon_core.shell:Creating package descriptor '/home/ubuntu/UAV_ws/install/mpc_node/share/mpc_node/package.dsv'
[58.226s] INFO:colcon.colcon_core.shell:Creating package script '/home/ubuntu/UAV_ws/install/mpc_node/share/mpc_node/package.sh'
[58.229s] INFO:colcon.colcon_core.shell:Creating package script '/home/ubuntu/UAV_ws/install/mpc_node/share/mpc_node/package.bash'
[58.232s] INFO:colcon.colcon_core.shell:Creating package script '/home/ubuntu/UAV_ws/install/mpc_node/share/mpc_node/package.zsh'
[58.234s] Level 1:colcon.colcon_core.environment:create_file_with_runtime_dependencies(/home/ubuntu/UAV_ws/install/mpc_node/share/colcon-core/packages/mpc_node)
[58.704s] Level 1:colcon.colcon_core.environment:create_environment_scripts_only(mpc_node)
[59.045s] Level 1:colcon.colcon_core.environment:checking '/home/ubuntu/UAV_ws/install/mpc_node' for CMake module files
[59.048s] Level 1:colcon.colcon_core.environment:checking '/home/ubuntu/UAV_ws/install/mpc_node' for CMake config files
[59.049s] Level 1:colcon.colcon_core.shell:create_environment_hook('mpc_node', 'cmake_prefix_path')
[59.387s] INFO:colcon.colcon_core.shell:Creating environment hook '/home/ubuntu/UAV_ws/install/mpc_node/share/mpc_node/hook/cmake_prefix_path.ps1'
[59.389s] INFO:colcon.colcon_core.shell:Creating environment descriptor '/home/ubuntu/UAV_ws/install/mpc_node/share/mpc_node/hook/cmake_prefix_path.dsv'
[59.390s] INFO:colcon.colcon_core.shell:Creating environment hook '/home/ubuntu/UAV_ws/install/mpc_node/share/mpc_node/hook/cmake_prefix_path.sh'
[59.392s] Level 1:colcon.colcon_core.environment:checking '/home/ubuntu/UAV_ws/install/mpc_node/lib'
[59.393s] Level 1:colcon.colcon_core.environment:checking '/home/ubuntu/UAV_ws/install/mpc_node/bin'
[59.393s] Level 1:colcon.colcon_core.environment:checking '/home/ubuntu/UAV_ws/install/mpc_node/lib/pkgconfig/mpc_node.pc'
[59.394s] Level 1:colcon.colcon_core.environment:checking '/home/ubuntu/UAV_ws/install/mpc_node/lib/python3.8/site-packages'
[59.394s] Level 1:colcon.colcon_core.environment:checking '/home/ubuntu/UAV_ws/install/mpc_node/bin'
[59.737s] INFO:colcon.colcon_core.shell:Creating package script '/home/ubuntu/UAV_ws/install/mpc_node/share/mpc_node/package.ps1'
[59.739s] INFO:colcon.colcon_core.shell:Creating package descriptor '/home/ubuntu/UAV_ws/install/mpc_node/share/mpc_node/package.dsv'
[59.741s] INFO:colcon.colcon_core.shell:Creating package script '/home/ubuntu/UAV_ws/install/mpc_node/share/mpc_node/package.sh'
[59.743s] INFO:colcon.colcon_core.shell:Creating package script '/home/ubuntu/UAV_ws/install/mpc_node/share/mpc_node/package.bash'
[59.744s] INFO:colcon.colcon_core.shell:Creating package script '/home/ubuntu/UAV_ws/install/mpc_node/share/mpc_node/package.zsh'
[59.746s] Level 1:colcon.colcon_core.environment:create_file_with_runtime_dependencies(/home/ubuntu/UAV_ws/install/mpc_node/share/colcon-core/packages/mpc_node)
[59.747s] DEBUG:colcon.colcon_parallel_executor.executor.parallel:closing loop
[59.748s] DEBUG:colcon.colcon_parallel_executor.executor.parallel:loop closed
[59.749s] DEBUG:colcon.colcon_parallel_executor.executor.parallel:run_until_complete finished with '0'
[59.749s] DEBUG:colcon.colcon_core.event_reactor:joining thread
[60.107s] INFO:colcon.colcon_core.plugin_system:Skipping extension 'colcon_notification.desktop_notification.notify_send': Could not find 'notify-send'
[60.107s] INFO:colcon.colcon_core.plugin_system:Skipping extension 'colcon_notification.desktop_notification.terminal_notifier': Not used on non-Darwin systems
[60.114s] INFO:colcon.colcon_core.plugin_system:Skipping extension 'colcon_notification.desktop_notification.win32': Not used on non-Windows systems
[60.114s] INFO:colcon.colcon_notification.desktop_notification:Sending desktop notification using 'notify2'
[60.117s] DEBUG:colcon.colcon_notification.desktop_notification.notify2:Failed to initialize notify2: org.freedesktop.DBus.Error.ServiceUnknown: The name org.freedesktop.Notifications was not provided by any .service files
[60.117s] DEBUG:colcon.colcon_core.event_reactor:joined thread
[60.464s] INFO:colcon.colcon_core.shell:Creating prefix script '/home/ubuntu/UAV_ws/install/local_setup.ps1'
[60.467s] INFO:colcon.colcon_core.shell:Creating prefix util module '/home/ubuntu/UAV_ws/install/_local_setup_util_ps1.py'
[60.472s] INFO:colcon.colcon_core.shell:Creating prefix chain script '/home/ubuntu/UAV_ws/install/setup.ps1'
[60.817s] INFO:colcon.colcon_core.shell:Creating prefix script '/home/ubuntu/UAV_ws/install/local_setup.sh'
[60.819s] INFO:colcon.colcon_core.shell:Creating prefix util module '/home/ubuntu/UAV_ws/install/_local_setup_util_sh.py'
[60.821s] INFO:colcon.colcon_core.shell:Creating prefix chain script '/home/ubuntu/UAV_ws/install/setup.sh'
[61.164s] INFO:colcon.colcon_core.shell:Creating prefix script '/home/ubuntu/UAV_ws/install/local_setup.bash'
[61.166s] INFO:colcon.colcon_core.shell:Creating prefix chain script '/home/ubuntu/UAV_ws/install/setup.bash'
[61.509s] INFO:colcon.colcon_core.shell:Creating prefix script '/home/ubuntu/UAV_ws/install/local_setup.zsh'
[61.511s] INFO:colcon.colcon_core.shell:Creating prefix chain script '/home/ubuntu/UAV_ws/install/setup.zsh'
