Performing C SOURCE FILE Test CMAKE_HAVE_LIBC_PTHREAD failed with the following output:
Change Dir: /home/ubuntu/UAV_ws/build/libs/CMakeFiles/CMakeTmp

Run Build Command(s):/usr/bin/make cmTC_d4e40/fast && /usr/bin/make -f CMakeFiles/cmTC_d4e40.dir/build.make CMakeFiles/cmTC_d4e40.dir/build
make[1]: Entering directory '/home/ubuntu/UAV_ws/build/libs/CMakeFiles/CMakeTmp'
Building C object CMakeFiles/cmTC_d4e40.dir/src.c.o
/usr/bin/cc   -DCMAKE_HAVE_LIBC_PTHREAD   -std=gnu99 -o CMakeFiles/cmTC_d4e40.dir/src.c.o   -c /home/ubuntu/UAV_ws/build/libs/CMakeFiles/CMakeTmp/src.c
Linking C executable cmTC_d4e40
/usr/bin/cmake -E cmake_link_script CMakeFiles/cmTC_d4e40.dir/link.txt --verbose=1
/usr/bin/cc  -DCMAKE_HAVE_LIBC_PTHREAD    CMakeFiles/cmTC_d4e40.dir/src.c.o  -o cmTC_d4e40 
/usr/bin/ld: CMakeFiles/cmTC_d4e40.dir/src.c.o: in function `main':
src.c:(.text+0x48): undefined reference to `pthread_create'
/usr/bin/ld: src.c:(.text+0x50): undefined reference to `pthread_detach'
/usr/bin/ld: src.c:(.text+0x5c): undefined reference to `pthread_join'
collect2: error: ld returned 1 exit status
make[1]: *** [CMakeFiles/cmTC_d4e40.dir/build.make:87: cmTC_d4e40] Error 1
make[1]: Leaving directory '/home/ubuntu/UAV_ws/build/libs/CMakeFiles/CMakeTmp'
make: *** [Makefile:121: cmTC_d4e40/fast] Error 2


Source file was:
#include <pthread.h>

void* test_func(void* data)
{
  return data;
}

int main(void)
{
  pthread_t thread;
  pthread_create(&thread, NULL, test_func, NULL);
  pthread_detach(thread);
  pthread_join(thread, NULL);
  pthread_atfork(NULL, NULL, NULL);
  pthread_exit(NULL);

  return 0;
}

Determining if the function pthread_create exists in the pthreads failed with the following output:
Change Dir: /home/ubuntu/UAV_ws/build/libs/CMakeFiles/CMakeTmp

Run Build Command(s):/usr/bin/make cmTC_dc096/fast && /usr/bin/make -f CMakeFiles/cmTC_dc096.dir/build.make CMakeFiles/cmTC_dc096.dir/build
make[1]: Entering directory '/home/ubuntu/UAV_ws/build/libs/CMakeFiles/CMakeTmp'
Building C object CMakeFiles/cmTC_dc096.dir/CheckFunctionExists.c.o
/usr/bin/cc   -DCHECK_FUNCTION_EXISTS=pthread_create   -std=gnu99 -o CMakeFiles/cmTC_dc096.dir/CheckFunctionExists.c.o   -c /usr/share/cmake-3.16/Modules/CheckFunctionExists.c
Linking C executable cmTC_dc096
/usr/bin/cmake -E cmake_link_script CMakeFiles/cmTC_dc096.dir/link.txt --verbose=1
/usr/bin/cc  -DCHECK_FUNCTION_EXISTS=pthread_create    CMakeFiles/cmTC_dc096.dir/CheckFunctionExists.c.o  -o cmTC_dc096  -lpthreads 
/usr/bin/ld: cannot find -lpthreads
collect2: error: ld returned 1 exit status
make[1]: *** [CMakeFiles/cmTC_dc096.dir/build.make:87: cmTC_dc096] Error 1
make[1]: Leaving directory '/home/ubuntu/UAV_ws/build/libs/CMakeFiles/CMakeTmp'
make: *** [Makefile:121: cmTC_dc096/fast] Error 2



Performing C SOURCE FILE Test CMAKE_HAVE_LIBC_PTHREAD failed with the following output:
Change Dir: /home/ubuntu/UAV_ws/build/libs/CMakeFiles/CMakeTmp

Run Build Command(s):/usr/bin/make cmTC_a717d/fast && /usr/bin/make -f CMakeFiles/cmTC_a717d.dir/build.make CMakeFiles/cmTC_a717d.dir/build
make[1]: Entering directory '/home/ubuntu/UAV_ws/build/libs/CMakeFiles/CMakeTmp'
Building C object CMakeFiles/cmTC_a717d.dir/src.c.o
/usr/bin/cc   -DCMAKE_HAVE_LIBC_PTHREAD   -std=gnu99 -o CMakeFiles/cmTC_a717d.dir/src.c.o   -c /home/ubuntu/UAV_ws/build/libs/CMakeFiles/CMakeTmp/src.c
Linking C executable cmTC_a717d
/usr/bin/cmake -E cmake_link_script CMakeFiles/cmTC_a717d.dir/link.txt --verbose=1
/usr/bin/cc  -DCMAKE_HAVE_LIBC_PTHREAD    CMakeFiles/cmTC_a717d.dir/src.c.o  -o cmTC_a717d 
/usr/bin/ld: CMakeFiles/cmTC_a717d.dir/src.c.o: in function `main':
src.c:(.text+0x48): undefined reference to `pthread_create'
/usr/bin/ld: src.c:(.text+0x50): undefined reference to `pthread_detach'
/usr/bin/ld: src.c:(.text+0x5c): undefined reference to `pthread_join'
collect2: error: ld returned 1 exit status
make[1]: *** [CMakeFiles/cmTC_a717d.dir/build.make:87: cmTC_a717d] Error 1
make[1]: Leaving directory '/home/ubuntu/UAV_ws/build/libs/CMakeFiles/CMakeTmp'
make: *** [Makefile:121: cmTC_a717d/fast] Error 2


Source file was:
#include <pthread.h>

void* test_func(void* data)
{
  return data;
}

int main(void)
{
  pthread_t thread;
  pthread_create(&thread, NULL, test_func, NULL);
  pthread_detach(thread);
  pthread_join(thread, NULL);
  pthread_atfork(NULL, NULL, NULL);
  pthread_exit(NULL);

  return 0;
}

Determining if the function pthread_create exists in the pthreads failed with the following output:
Change Dir: /home/ubuntu/UAV_ws/build/libs/CMakeFiles/CMakeTmp

Run Build Command(s):/usr/bin/make cmTC_51c46/fast && /usr/bin/make -f CMakeFiles/cmTC_51c46.dir/build.make CMakeFiles/cmTC_51c46.dir/build
make[1]: Entering directory '/home/ubuntu/UAV_ws/build/libs/CMakeFiles/CMakeTmp'
Building C object CMakeFiles/cmTC_51c46.dir/CheckFunctionExists.c.o
/usr/bin/cc   -DCHECK_FUNCTION_EXISTS=pthread_create   -std=gnu99 -o CMakeFiles/cmTC_51c46.dir/CheckFunctionExists.c.o   -c /usr/share/cmake-3.16/Modules/CheckFunctionExists.c
Linking C executable cmTC_51c46
/usr/bin/cmake -E cmake_link_script CMakeFiles/cmTC_51c46.dir/link.txt --verbose=1
/usr/bin/cc  -DCHECK_FUNCTION_EXISTS=pthread_create    CMakeFiles/cmTC_51c46.dir/CheckFunctionExists.c.o  -o cmTC_51c46  -lpthreads 
/usr/bin/ld: cannot find -lpthreads
collect2: error: ld returned 1 exit status
make[1]: *** [CMakeFiles/cmTC_51c46.dir/build.make:87: cmTC_51c46] Error 1
make[1]: Leaving directory '/home/ubuntu/UAV_ws/build/libs/CMakeFiles/CMakeTmp'
make: *** [Makefile:121: cmTC_51c46/fast] Error 2



