[0.075s] Invoking command in '/home/evan/UAV_ws/build/mpc_node': AMENT_PREFIX_PATH=/home/evan/UAV_ws/install/grampc-d:/home/evan/UAV_ws/install/libs:/home/evan/UAV_ws/install/common_msgs:${AMENT_PREFIX_PATH} CMAKE_PREFIX_PATH=/home/evan/UAV_ws/install/grampc-d:/home/evan/UAV_ws/install/libs:/home/evan/UAV_ws/install/common_msgs:/opt/ros/humble LD_LIBRARY_PATH=/home/evan/UAV_ws/install/grampc-d/lib:/home/evan/UAV_ws/install/libs/lib:/home/evan/UAV_ws/install/common_msgs/lib:${LD_LIBRARY_PATH} PYTHONPATH=/home/evan/UAV_ws/install/common_msgs/local/lib/python3.10/dist-packages:${PYTHONPATH} /usr/bin/cmake --build /home/evan/UAV_ws/build/mpc_node -- -j16 -l16
[0.125s] [ 50%] [32mBuilding CXX object CMakeFiles/mpc_node_exe.dir/src/mpc_node.cpp.o[0m
[2.196s] [01m[K/home/evan/UAV_ws/src/mpc_node/src/mpc_node.cpp:[m[K In member function ‘[01m[Kvoid ControlNode::compute_and_publish_input(common_msgs::msg::State_<std::allocator<void> >::SharedPtr)[m[K’:
[2.196s] [01m[K/home/evan/UAV_ws/src/mpc_node/src/mpc_node.cpp:78:18:[m[K [01;35m[Kwarning: [m[KISO C++ forbids variable length array ‘[01m[Kmodel_parameters[m[K’ [[01;35m[K]8;;https://gcc.gnu.org/onlinedocs/gcc/Warning-Options.html#index-Wvla-Wvla]8;;[m[K]
[2.196s]    78 |         typeRNum [01;35m[Kmodel_parameters[m[K[num_xtraj + num_utraj + 2];
[2.197s]       |                  [01;35m[K^~~~~~~~~~~~~~~~[m[K
[2.197s] [01m[K/home/evan/UAV_ws/src/mpc_node/src/mpc_node.cpp:90:14:[m[K [01;35m[Kwarning: [m[Kunused variable ‘[01m[Kfo[m[K’ [[01;35m[K]8;;https://gcc.gnu.org/onlinedocs/gcc/Warning-Options.html#index-Wunused-variable-Wunused-variable]8;;[m[K]
[2.197s]    90 |         bool [01;35m[Kfo[m[K = file.is_open();
[2.197s]       |              [01;35m[K^~[m[K
[7.732s] [100%] [32m[1mLinking CXX executable mpc_node_exe[0m
[9.246s] [100%] Built target mpc_node_exe
[9.258s] Invoked command in '/home/evan/UAV_ws/build/mpc_node' returned '0': AMENT_PREFIX_PATH=/home/evan/UAV_ws/install/grampc-d:/home/evan/UAV_ws/install/libs:/home/evan/UAV_ws/install/common_msgs:${AMENT_PREFIX_PATH} CMAKE_PREFIX_PATH=/home/evan/UAV_ws/install/grampc-d:/home/evan/UAV_ws/install/libs:/home/evan/UAV_ws/install/common_msgs:/opt/ros/humble LD_LIBRARY_PATH=/home/evan/UAV_ws/install/grampc-d/lib:/home/evan/UAV_ws/install/libs/lib:/home/evan/UAV_ws/install/common_msgs/lib:${LD_LIBRARY_PATH} PYTHONPATH=/home/evan/UAV_ws/install/common_msgs/local/lib/python3.10/dist-packages:${PYTHONPATH} /usr/bin/cmake --build /home/evan/UAV_ws/build/mpc_node -- -j16 -l16
[9.287s] Invoking command in '/home/evan/UAV_ws/build/mpc_node': AMENT_PREFIX_PATH=/home/evan/UAV_ws/install/grampc-d:/home/evan/UAV_ws/install/libs:/home/evan/UAV_ws/install/common_msgs:${AMENT_PREFIX_PATH} CMAKE_PREFIX_PATH=/home/evan/UAV_ws/install/grampc-d:/home/evan/UAV_ws/install/libs:/home/evan/UAV_ws/install/common_msgs:/opt/ros/humble LD_LIBRARY_PATH=/home/evan/UAV_ws/install/grampc-d/lib:/home/evan/UAV_ws/install/libs/lib:/home/evan/UAV_ws/install/common_msgs/lib:${LD_LIBRARY_PATH} PYTHONPATH=/home/evan/UAV_ws/install/common_msgs/local/lib/python3.10/dist-packages:${PYTHONPATH} /usr/bin/cmake --install /home/evan/UAV_ws/build/mpc_node
[9.294s] -- Install configuration: "Debug"
[9.295s] -- Execute custom install script
[9.295s] -- Up-to-date symlink: /home/evan/UAV_ws/install/mpc_node/lib/mpc_node/mpc_node_exe
[9.295s] -- Up-to-date symlink: /home/evan/UAV_ws/install/mpc_node/share/ament_index/resource_index/package_run_dependencies/mpc_node
[9.295s] -- Up-to-date symlink: /home/evan/UAV_ws/install/mpc_node/share/ament_index/resource_index/parent_prefix_path/mpc_node
[9.295s] -- Up-to-date symlink: /home/evan/UAV_ws/install/mpc_node/share/mpc_node/environment/ament_prefix_path.sh
[9.296s] -- Up-to-date symlink: /home/evan/UAV_ws/install/mpc_node/share/mpc_node/environment/ament_prefix_path.dsv
[9.296s] -- Up-to-date symlink: /home/evan/UAV_ws/install/mpc_node/share/mpc_node/environment/path.sh
[9.296s] -- Up-to-date symlink: /home/evan/UAV_ws/install/mpc_node/share/mpc_node/environment/path.dsv
[9.296s] -- Up-to-date symlink: /home/evan/UAV_ws/install/mpc_node/share/mpc_node/local_setup.bash
[9.296s] -- Up-to-date symlink: /home/evan/UAV_ws/install/mpc_node/share/mpc_node/local_setup.sh
[9.296s] -- Up-to-date symlink: /home/evan/UAV_ws/install/mpc_node/share/mpc_node/local_setup.zsh
[9.296s] -- Up-to-date symlink: /home/evan/UAV_ws/install/mpc_node/share/mpc_node/local_setup.dsv
[9.296s] -- Symlinking: /home/evan/UAV_ws/install/mpc_node/share/mpc_node/package.dsv
[9.305s] -- Up-to-date symlink: /home/evan/UAV_ws/install/mpc_node/share/ament_index/resource_index/packages/mpc_node
[9.306s] -- Up-to-date symlink: /home/evan/UAV_ws/install/mpc_node/share/mpc_node/cmake/mpc_nodeConfig.cmake
[9.306s] -- Up-to-date symlink: /home/evan/UAV_ws/install/mpc_node/share/mpc_node/cmake/mpc_nodeConfig-version.cmake
[9.306s] -- Up-to-date symlink: /home/evan/UAV_ws/install/mpc_node/share/mpc_node/package.xml
[9.307s] Invoked command in '/home/evan/UAV_ws/build/mpc_node' returned '0': AMENT_PREFIX_PATH=/home/evan/UAV_ws/install/grampc-d:/home/evan/UAV_ws/install/libs:/home/evan/UAV_ws/install/common_msgs:${AMENT_PREFIX_PATH} CMAKE_PREFIX_PATH=/home/evan/UAV_ws/install/grampc-d:/home/evan/UAV_ws/install/libs:/home/evan/UAV_ws/install/common_msgs:/opt/ros/humble LD_LIBRARY_PATH=/home/evan/UAV_ws/install/grampc-d/lib:/home/evan/UAV_ws/install/libs/lib:/home/evan/UAV_ws/install/common_msgs/lib:${LD_LIBRARY_PATH} PYTHONPATH=/home/evan/UAV_ws/install/common_msgs/local/lib/python3.10/dist-packages:${PYTHONPATH} /usr/bin/cmake --install /home/evan/UAV_ws/build/mpc_node
