-- The C compiler identification is GNU 9.4.0
-- The CXX compiler identification is GNU 9.4.0
-- Check for working C compiler: /usr/bin/cc
-- Check for working C compiler: /usr/bin/cc -- works
-- Detecting C compiler ABI info
-- Detecting C compiler ABI info - done
-- Detecting C compile features
-- Detecting C compile features - done
-- Check for working CXX compiler: /usr/bin/c++
-- Check for working CXX compiler: /usr/bin/c++ -- works
-- Detecting CXX compiler ABI info
-- Detecting CXX compiler ABI info - done
-- Detecting CXX compile features
-- Detecting CXX compile features - done
-- Found ament_cmake: 0.9.12 (/opt/ros/foxy/share/ament_cmake/cmake)
-- Found PythonInterp: /usr/bin/python3 (found suitable version "3.8.10", minimum required is "3") 
-- Using PYTHON_EXECUTABLE: /usr/bin/python3
-- Found rclcpp: 2.4.3 (/opt/ros/foxy/share/rclcpp/cmake)
-- Using all available rosidl_typesupport_c: rosidl_typesupport_fastrtps_c;rosidl_typesupport_introspection_c
-- Found rosidl_adapter: 1.3.1 (/opt/ros/foxy/share/rosidl_adapter/cmake)
-- Found OpenSSL: /usr/lib/aarch64-linux-gnu/libcrypto.so (found version "1.1.1f")  
-- Found FastRTPS: /opt/ros/foxy/include  
-- Using all available rosidl_typesupport_cpp: rosidl_typesupport_fastrtps_cpp;rosidl_typesupport_introspection_cpp
-- Found rmw_implementation_cmake: 1.0.4 (/opt/ros/foxy/share/rmw_implementation_cmake/cmake)
-- Using RMW implementation 'rmw_fastrtps_cpp' as default
-- Looking for pthread.h
-- Looking for pthread.h - found
-- Performing Test CMAKE_HAVE_LIBC_PTHREAD
-- Performing Test CMAKE_HAVE_LIBC_PTHREAD - Failed
-- Looking for pthread_create in pthreads
-- Looking for pthread_create in pthreads - not found
-- Looking for pthread_create in pthread
-- Looking for pthread_create in pthread - found
-- Found Threads: TRUE  
-- Found rosidl_default_generators: 1.0.1 (/opt/ros/foxy/share/rosidl_default_generators/cmake)
-- Found PythonInterp: /usr/bin/python3 (found version "3.8.10") 
-- Found ament_cmake_ros: 0.9.2 (/opt/ros/foxy/share/ament_cmake_ros/cmake)
-- Using all available rosidl_typesupport_c: rosidl_typesupport_fastrtps_c;rosidl_typesupport_introspection_c
-- Using all available rosidl_typesupport_cpp: rosidl_typesupport_fastrtps_cpp;rosidl_typesupport_introspection_cpp
-- Found PythonInterp: /usr/bin/python3 (found suitable version "3.8.10", minimum required is "3.5") 
-- Found python_cmake_module: 0.8.1 (/opt/ros/foxy/share/python_cmake_module/cmake)
-- Found PythonLibs: /usr/lib/aarch64-linux-gnu/libpython3.8.so (found suitable version "3.8.10", minimum required is "3.5") 
-- Using PYTHON_EXECUTABLE: /usr/bin/python3
-- Using PYTHON_INCLUDE_DIRS: /usr/include/python3.8
-- Using PYTHON_LIBRARIES: /usr/lib/aarch64-linux-gnu/libpython3.8.so
-- Found PythonExtra: .so  
-- Found ament_lint_auto: 0.9.8 (/opt/ros/foxy/share/ament_lint_auto/cmake)
-- Added test 'lint_cmake' to check CMake code style
-- Added test 'xmllint' to check XML markup files
-- Configuring done
-- Generating done
-- Build files have been written to: /home/ubuntu/UAV_ws/build/common_msgs
[35m[1mScanning dependencies of target common_msgs__cpp[0m
[  1%] [34m[1mGenerating C code for ROS interfaces[0m
[  3%] [34m[1mGenerating C++ code for ROS interfaces[0m
[  3%] Built target common_msgs__cpp
[  5%] [34m[1mGenerating C++ type support dispatch for ROS interfaces[0m
[  7%] [34m[1mGenerating C++ type support for eProsima Fast-RTPS[0m
[  9%] [34m[1mGenerating C++ introspection for ROS interfaces[0m
[35m[1mScanning dependencies of target common_msgs__rosidl_generator_c[0m
[ 10%] [32mBuilding C object CMakeFiles/common_msgs__rosidl_generator_c.dir/rosidl_generator_c/common_msgs/msg/detail/x_traj__functions.c.o[0m
[ 12%] [32mBuilding C object CMakeFiles/common_msgs__rosidl_generator_c.dir/rosidl_generator_c/common_msgs/msg/detail/u_traj__functions.c.o[0m
[ 14%] [32mBuilding C object CMakeFiles/common_msgs__rosidl_generator_c.dir/rosidl_generator_c/common_msgs/msg/detail/state__functions.c.o[0m
[ 16%] [32mBuilding C object CMakeFiles/common_msgs__rosidl_generator_c.dir/rosidl_generator_c/common_msgs/msg/detail/input__functions.c.o[0m
[ 18%] [32m[1mLinking C shared library libcommon_msgs__rosidl_generator_c.so[0m
[ 18%] Built target common_msgs__rosidl_generator_c
[ 20%] [34m[1mGenerating C introspection for ROS interfaces[0m
[35m[1mScanning dependencies of target common_msgs__rosidl_typesupport_cpp[0m
[ 21%] [32mBuilding CXX object CMakeFiles/common_msgs__rosidl_typesupport_cpp.dir/rosidl_typesupport_cpp/common_msgs/msg/x_traj__type_support.cpp.o[0m
[35m[1mScanning dependencies of target common_msgs__rosidl_typesupport_introspection_cpp[0m
[ 23%] [32mBuilding CXX object CMakeFiles/common_msgs__rosidl_typesupport_introspection_cpp.dir/rosidl_typesupport_introspection_cpp/common_msgs/msg/detail/x_traj__type_support.cpp.o[0m
[35m[1mScanning dependencies of target common_msgs__rosidl_typesupport_fastrtps_cpp[0m
[ 25%] [32mBuilding CXX object CMakeFiles/common_msgs__rosidl_typesupport_fastrtps_cpp.dir/rosidl_typesupport_fastrtps_cpp/common_msgs/msg/detail/dds_fastrtps/x_traj__type_support.cpp.o[0m
[ 27%] [32mBuilding CXX object CMakeFiles/common_msgs__rosidl_typesupport_cpp.dir/rosidl_typesupport_cpp/common_msgs/msg/u_traj__type_support.cpp.o[0m
[35m[1mScanning dependencies of target common_msgs__rosidl_typesupport_introspection_c[0m
[ 29%] [32mBuilding C object CMakeFiles/common_msgs__rosidl_typesupport_introspection_c.dir/rosidl_typesupport_introspection_c/common_msgs/msg/detail/x_traj__type_support.c.o[0m
[ 30%] [32mBuilding C object CMakeFiles/common_msgs__rosidl_typesupport_introspection_c.dir/rosidl_typesupport_introspection_c/common_msgs/msg/detail/u_traj__type_support.c.o[0m
[ 32%] [32mBuilding C object CMakeFiles/common_msgs__rosidl_typesupport_introspection_c.dir/rosidl_typesupport_introspection_c/common_msgs/msg/detail/state__type_support.c.o[0m
[ 34%] [32mBuilding CXX object CMakeFiles/common_msgs__rosidl_typesupport_introspection_cpp.dir/rosidl_typesupport_introspection_cpp/common_msgs/msg/detail/u_traj__type_support.cpp.o[0m
[ 36%] [32mBuilding C object CMakeFiles/common_msgs__rosidl_typesupport_introspection_c.dir/rosidl_typesupport_introspection_c/common_msgs/msg/detail/input__type_support.c.o[0m
[ 38%] [32m[1mLinking C shared library libcommon_msgs__rosidl_typesupport_introspection_c.so[0m
[ 38%] Built target common_msgs__rosidl_typesupport_introspection_c
[ 40%] [32mBuilding CXX object CMakeFiles/common_msgs__rosidl_typesupport_fastrtps_cpp.dir/rosidl_typesupport_fastrtps_cpp/common_msgs/msg/detail/dds_fastrtps/u_traj__type_support.cpp.o[0m
[ 41%] [32mBuilding CXX object CMakeFiles/common_msgs__rosidl_typesupport_cpp.dir/rosidl_typesupport_cpp/common_msgs/msg/state__type_support.cpp.o[0m
[ 43%] [32mBuilding CXX object CMakeFiles/common_msgs__rosidl_typesupport_fastrtps_cpp.dir/rosidl_typesupport_fastrtps_cpp/common_msgs/msg/detail/dds_fastrtps/state__type_support.cpp.o[0m
[ 45%] [32mBuilding CXX object CMakeFiles/common_msgs__rosidl_typesupport_introspection_cpp.dir/rosidl_typesupport_introspection_cpp/common_msgs/msg/detail/state__type_support.cpp.o[0m
[ 47%] [32mBuilding CXX object CMakeFiles/common_msgs__rosidl_typesupport_cpp.dir/rosidl_typesupport_cpp/common_msgs/msg/input__type_support.cpp.o[0m
[ 49%] [32mBuilding CXX object CMakeFiles/common_msgs__rosidl_typesupport_introspection_cpp.dir/rosidl_typesupport_introspection_cpp/common_msgs/msg/detail/input__type_support.cpp.o[0m
[ 50%] [34m[1mGenerating C type support dispatch for ROS interfaces[0m
[ 52%] [32mBuilding CXX object CMakeFiles/common_msgs__rosidl_typesupport_fastrtps_cpp.dir/rosidl_typesupport_fastrtps_cpp/common_msgs/msg/detail/dds_fastrtps/input__type_support.cpp.o[0m
[ 54%] [32m[1mLinking CXX shared library libcommon_msgs__rosidl_typesupport_cpp.so[0m
[ 54%] Built target common_msgs__rosidl_typesupport_cpp
[ 56%] [32m[1mLinking CXX shared library libcommon_msgs__rosidl_typesupport_introspection_cpp.so[0m
[35m[1mScanning dependencies of target common_msgs__rosidl_typesupport_c[0m
[ 58%] [32mBuilding CXX object CMakeFiles/common_msgs__rosidl_typesupport_c.dir/rosidl_typesupport_c/common_msgs/msg/x_traj__type_support.cpp.o[0m
[ 60%] [32mBuilding CXX object CMakeFiles/common_msgs__rosidl_typesupport_c.dir/rosidl_typesupport_c/common_msgs/msg/u_traj__type_support.cpp.o[0m
[ 61%] [32mBuilding CXX object CMakeFiles/common_msgs__rosidl_typesupport_c.dir/rosidl_typesupport_c/common_msgs/msg/state__type_support.cpp.o[0m
[ 63%] [32mBuilding CXX object CMakeFiles/common_msgs__rosidl_typesupport_c.dir/rosidl_typesupport_c/common_msgs/msg/input__type_support.cpp.o[0m
[ 63%] Built target common_msgs__rosidl_typesupport_introspection_cpp
[ 65%] [32m[1mLinking CXX shared library libcommon_msgs__rosidl_typesupport_c.so[0m
[ 65%] Built target common_msgs__rosidl_typesupport_c
[ 67%] [32m[1mLinking CXX shared library libcommon_msgs__rosidl_typesupport_fastrtps_cpp.so[0m
[ 67%] Built target common_msgs__rosidl_typesupport_fastrtps_cpp
[ 69%] [34m[1mGenerating C type support for eProsima Fast-RTPS[0m
[35m[1mScanning dependencies of target common_msgs__rosidl_typesupport_fastrtps_c[0m
[ 70%] [32mBuilding CXX object CMakeFiles/common_msgs__rosidl_typesupport_fastrtps_c.dir/rosidl_typesupport_fastrtps_c/common_msgs/msg/detail/u_traj__type_support_c.cpp.o[0m
[ 72%] [32mBuilding CXX object CMakeFiles/common_msgs__rosidl_typesupport_fastrtps_c.dir/rosidl_typesupport_fastrtps_c/common_msgs/msg/detail/state__type_support_c.cpp.o[0m
[ 74%] [32mBuilding CXX object CMakeFiles/common_msgs__rosidl_typesupport_fastrtps_c.dir/rosidl_typesupport_fastrtps_c/common_msgs/msg/detail/x_traj__type_support_c.cpp.o[0m
[ 76%] [32mBuilding CXX object CMakeFiles/common_msgs__rosidl_typesupport_fastrtps_c.dir/rosidl_typesupport_fastrtps_c/common_msgs/msg/detail/input__type_support_c.cpp.o[0m
[ 78%] [32m[1mLinking CXX shared library libcommon_msgs__rosidl_typesupport_fastrtps_c.so[0m
[ 78%] Built target common_msgs__rosidl_typesupport_fastrtps_c
[35m[1mScanning dependencies of target common_msgs[0m
[ 78%] Built target common_msgs
[35m[1mScanning dependencies of target common_msgs__py[0m
[ 80%] [34m[1mGenerating Python code for ROS interfaces[0m
[ 80%] Built target common_msgs__py
[35m[1mScanning dependencies of target common_msgs__python[0m
[ 81%] [32mBuilding C object CMakeFiles/common_msgs__python.dir/rosidl_generator_py/common_msgs/msg/_x_traj_s.c.o[0m
[ 83%] [32mBuilding C object CMakeFiles/common_msgs__python.dir/rosidl_generator_py/common_msgs/msg/_state_s.c.o[0m
[ 85%] [32mBuilding C object CMakeFiles/common_msgs__python.dir/rosidl_generator_py/common_msgs/msg/_input_s.c.o[0m
[ 87%] [32mBuilding C object CMakeFiles/common_msgs__python.dir/rosidl_generator_py/common_msgs/msg/_u_traj_s.c.o[0m
[ 89%] [32m[1mLinking C shared library rosidl_generator_py/common_msgs/libcommon_msgs__python.so[0m
[ 89%] Built target common_msgs__python
[35m[1mScanning dependencies of target common_msgs__rosidl_typesupport_c__pyext[0m
[35m[1mScanning dependencies of target common_msgs__rosidl_typesupport_fastrtps_c__pyext[0m
[35m[1mScanning dependencies of target common_msgs__rosidl_typesupport_introspection_c__pyext[0m
[ 90%] [32mBuilding C object CMakeFiles/common_msgs__rosidl_typesupport_c__pyext.dir/rosidl_generator_py/common_msgs/_common_msgs_s.ep.rosidl_typesupport_c.c.o[0m
[ 92%] [32mBuilding C object CMakeFiles/common_msgs__rosidl_typesupport_introspection_c__pyext.dir/rosidl_generator_py/common_msgs/_common_msgs_s.ep.rosidl_typesupport_introspection_c.c.o[0m
[ 94%] [32mBuilding C object CMakeFiles/common_msgs__rosidl_typesupport_fastrtps_c__pyext.dir/rosidl_generator_py/common_msgs/_common_msgs_s.ep.rosidl_typesupport_fastrtps_c.c.o[0m
[ 96%] [32m[1mLinking C shared library rosidl_generator_py/common_msgs/common_msgs_s__rosidl_typesupport_c.cpython-38-aarch64-linux-gnu.so[0m
[ 98%] [32m[1mLinking C shared library rosidl_generator_py/common_msgs/common_msgs_s__rosidl_typesupport_introspection_c.cpython-38-aarch64-linux-gnu.so[0m
[100%] [32m[1mLinking CXX shared library rosidl_generator_py/common_msgs/common_msgs_s__rosidl_typesupport_fastrtps_c.cpython-38-aarch64-linux-gnu.so[0m
[100%] Built target common_msgs__rosidl_typesupport_c__pyext
[100%] Built target common_msgs__rosidl_typesupport_introspection_c__pyext
[100%] Built target common_msgs__rosidl_typesupport_fastrtps_c__pyext
-- Install configuration: ""
-- Installing: /home/ubuntu/UAV_ws/install/common_msgs/share/ament_index/resource_index/rosidl_interfaces/common_msgs
-- Up-to-date: /home/ubuntu/UAV_ws/install/common_msgs/include/common_msgs
-- Installing: /home/ubuntu/UAV_ws/install/common_msgs/include/common_msgs/msg
-- Installing: /home/ubuntu/UAV_ws/install/common_msgs/include/common_msgs/msg/state.h
-- Installing: /home/ubuntu/UAV_ws/install/common_msgs/include/common_msgs/msg/u_traj.h
-- Installing: /home/ubuntu/UAV_ws/install/common_msgs/include/common_msgs/msg/detail
-- Installing: /home/ubuntu/UAV_ws/install/common_msgs/include/common_msgs/msg/detail/input__functions.c
-- Installing: /home/ubuntu/UAV_ws/install/common_msgs/include/common_msgs/msg/detail/input__struct.h
-- Installing: /home/ubuntu/UAV_ws/install/common_msgs/include/common_msgs/msg/detail/u_traj__struct.h
-- Installing: /home/ubuntu/UAV_ws/install/common_msgs/include/common_msgs/msg/detail/input__type_support.h
-- Installing: /home/ubuntu/UAV_ws/install/common_msgs/include/common_msgs/msg/detail/x_traj__functions.c
-- Installing: /home/ubuntu/UAV_ws/install/common_msgs/include/common_msgs/msg/detail/u_traj__functions.h
-- Installing: /home/ubuntu/UAV_ws/install/common_msgs/include/common_msgs/msg/detail/state__type_support.h
-- Installing: /home/ubuntu/UAV_ws/install/common_msgs/include/common_msgs/msg/detail/u_traj__functions.c
-- Installing: /home/ubuntu/UAV_ws/install/common_msgs/include/common_msgs/msg/detail/state__functions.c
-- Installing: /home/ubuntu/UAV_ws/install/common_msgs/include/common_msgs/msg/detail/state__functions.h
-- Installing: /home/ubuntu/UAV_ws/install/common_msgs/include/common_msgs/msg/detail/x_traj__functions.h
-- Installing: /home/ubuntu/UAV_ws/install/common_msgs/include/common_msgs/msg/detail/input__functions.h
-- Installing: /home/ubuntu/UAV_ws/install/common_msgs/include/common_msgs/msg/detail/x_traj__struct.h
-- Installing: /home/ubuntu/UAV_ws/install/common_msgs/include/common_msgs/msg/detail/u_traj__type_support.h
-- Installing: /home/ubuntu/UAV_ws/install/common_msgs/include/common_msgs/msg/detail/x_traj__type_support.h
-- Installing: /home/ubuntu/UAV_ws/install/common_msgs/include/common_msgs/msg/detail/state__struct.h
-- Installing: /home/ubuntu/UAV_ws/install/common_msgs/include/common_msgs/msg/rosidl_generator_c__visibility_control.h
-- Installing: /home/ubuntu/UAV_ws/install/common_msgs/include/common_msgs/msg/x_traj.h
-- Installing: /home/ubuntu/UAV_ws/install/common_msgs/include/common_msgs/msg/input.h
-- Installing: /home/ubuntu/UAV_ws/install/common_msgs/share/common_msgs/environment/library_path.sh
-- Installing: /home/ubuntu/UAV_ws/install/common_msgs/share/common_msgs/environment/library_path.dsv
-- Installing: /home/ubuntu/UAV_ws/install/common_msgs/lib/libcommon_msgs__rosidl_generator_c.so
-- Set runtime path of "/home/ubuntu/UAV_ws/install/common_msgs/lib/libcommon_msgs__rosidl_generator_c.so" to ""
-- Up-to-date: /home/ubuntu/UAV_ws/install/common_msgs/include/common_msgs
-- Up-to-date: /home/ubuntu/UAV_ws/install/common_msgs/include/common_msgs/msg
-- Installing: /home/ubuntu/UAV_ws/install/common_msgs/include/common_msgs/msg/rosidl_typesupport_fastrtps_c__visibility_control.h
-- Up-to-date: /home/ubuntu/UAV_ws/install/common_msgs/include/common_msgs/msg/detail
-- Installing: /home/ubuntu/UAV_ws/install/common_msgs/include/common_msgs/msg/detail/x_traj__rosidl_typesupport_fastrtps_c.h
-- Installing: /home/ubuntu/UAV_ws/install/common_msgs/include/common_msgs/msg/detail/u_traj__rosidl_typesupport_fastrtps_c.h
-- Installing: /home/ubuntu/UAV_ws/install/common_msgs/include/common_msgs/msg/detail/input__rosidl_typesupport_fastrtps_c.h
-- Installing: /home/ubuntu/UAV_ws/install/common_msgs/include/common_msgs/msg/detail/state__rosidl_typesupport_fastrtps_c.h
-- Installing: /home/ubuntu/UAV_ws/install/common_msgs/lib/libcommon_msgs__rosidl_typesupport_fastrtps_c.so
-- Set runtime path of "/home/ubuntu/UAV_ws/install/common_msgs/lib/libcommon_msgs__rosidl_typesupport_fastrtps_c.so" to ""
-- Up-to-date: /home/ubuntu/UAV_ws/install/common_msgs/include/common_msgs
-- Up-to-date: /home/ubuntu/UAV_ws/install/common_msgs/include/common_msgs/msg
-- Installing: /home/ubuntu/UAV_ws/install/common_msgs/include/common_msgs/msg/rosidl_typesupport_fastrtps_cpp__visibility_control.h
-- Up-to-date: /home/ubuntu/UAV_ws/install/common_msgs/include/common_msgs/msg/detail
-- Installing: /home/ubuntu/UAV_ws/install/common_msgs/include/common_msgs/msg/detail/state__rosidl_typesupport_fastrtps_cpp.hpp
-- Installing: /home/ubuntu/UAV_ws/install/common_msgs/include/common_msgs/msg/detail/dds_fastrtps
-- Installing: /home/ubuntu/UAV_ws/install/common_msgs/include/common_msgs/msg/detail/u_traj__rosidl_typesupport_fastrtps_cpp.hpp
-- Installing: /home/ubuntu/UAV_ws/install/common_msgs/include/common_msgs/msg/detail/input__rosidl_typesupport_fastrtps_cpp.hpp
-- Installing: /home/ubuntu/UAV_ws/install/common_msgs/include/common_msgs/msg/detail/x_traj__rosidl_typesupport_fastrtps_cpp.hpp
-- Installing: /home/ubuntu/UAV_ws/install/common_msgs/lib/libcommon_msgs__rosidl_typesupport_fastrtps_cpp.so
-- Set runtime path of "/home/ubuntu/UAV_ws/install/common_msgs/lib/libcommon_msgs__rosidl_typesupport_fastrtps_cpp.so" to ""
-- Up-to-date: /home/ubuntu/UAV_ws/install/common_msgs/include/common_msgs
-- Up-to-date: /home/ubuntu/UAV_ws/install/common_msgs/include/common_msgs/msg
-- Up-to-date: /home/ubuntu/UAV_ws/install/common_msgs/include/common_msgs/msg/detail
-- Installing: /home/ubuntu/UAV_ws/install/common_msgs/include/common_msgs/msg/detail/input__rosidl_typesupport_introspection_c.h
-- Installing: /home/ubuntu/UAV_ws/install/common_msgs/include/common_msgs/msg/detail/state__rosidl_typesupport_introspection_c.h
-- Installing: /home/ubuntu/UAV_ws/install/common_msgs/include/common_msgs/msg/detail/input__type_support.c
-- Installing: /home/ubuntu/UAV_ws/install/common_msgs/include/common_msgs/msg/detail/u_traj__rosidl_typesupport_introspection_c.h
-- Installing: /home/ubuntu/UAV_ws/install/common_msgs/include/common_msgs/msg/detail/x_traj__rosidl_typesupport_introspection_c.h
-- Installing: /home/ubuntu/UAV_ws/install/common_msgs/include/common_msgs/msg/detail/x_traj__type_support.c
-- Installing: /home/ubuntu/UAV_ws/install/common_msgs/include/common_msgs/msg/detail/state__type_support.c
-- Installing: /home/ubuntu/UAV_ws/install/common_msgs/include/common_msgs/msg/detail/u_traj__type_support.c
-- Installing: /home/ubuntu/UAV_ws/install/common_msgs/include/common_msgs/msg/rosidl_typesupport_introspection_c__visibility_control.h
-- Installing: /home/ubuntu/UAV_ws/install/common_msgs/lib/libcommon_msgs__rosidl_typesupport_introspection_c.so
-- Set runtime path of "/home/ubuntu/UAV_ws/install/common_msgs/lib/libcommon_msgs__rosidl_typesupport_introspection_c.so" to ""
-- Installing: /home/ubuntu/UAV_ws/install/common_msgs/lib/libcommon_msgs__rosidl_typesupport_c.so
-- Set runtime path of "/home/ubuntu/UAV_ws/install/common_msgs/lib/libcommon_msgs__rosidl_typesupport_c.so" to ""
-- Up-to-date: /home/ubuntu/UAV_ws/install/common_msgs/include/common_msgs
-- Up-to-date: /home/ubuntu/UAV_ws/install/common_msgs/include/common_msgs/msg
-- Installing: /home/ubuntu/UAV_ws/install/common_msgs/include/common_msgs/msg/u_traj.hpp
-- Installing: /home/ubuntu/UAV_ws/install/common_msgs/include/common_msgs/msg/state.hpp
-- Up-to-date: /home/ubuntu/UAV_ws/install/common_msgs/include/common_msgs/msg/detail
-- Installing: /home/ubuntu/UAV_ws/install/common_msgs/include/common_msgs/msg/detail/state__type_support.hpp
-- Installing: /home/ubuntu/UAV_ws/install/common_msgs/include/common_msgs/msg/detail/state__traits.hpp
-- Installing: /home/ubuntu/UAV_ws/install/common_msgs/include/common_msgs/msg/detail/input__type_support.hpp
-- Installing: /home/ubuntu/UAV_ws/install/common_msgs/include/common_msgs/msg/detail/u_traj__traits.hpp
-- Installing: /home/ubuntu/UAV_ws/install/common_msgs/include/common_msgs/msg/detail/input__traits.hpp
-- Installing: /home/ubuntu/UAV_ws/install/common_msgs/include/common_msgs/msg/detail/state__struct.hpp
-- Installing: /home/ubuntu/UAV_ws/install/common_msgs/include/common_msgs/msg/detail/x_traj__type_support.hpp
-- Installing: /home/ubuntu/UAV_ws/install/common_msgs/include/common_msgs/msg/detail/x_traj__struct.hpp
-- Installing: /home/ubuntu/UAV_ws/install/common_msgs/include/common_msgs/msg/detail/input__builder.hpp
-- Installing: /home/ubuntu/UAV_ws/install/common_msgs/include/common_msgs/msg/detail/x_traj__builder.hpp
-- Installing: /home/ubuntu/UAV_ws/install/common_msgs/include/common_msgs/msg/detail/u_traj__builder.hpp
-- Installing: /home/ubuntu/UAV_ws/install/common_msgs/include/common_msgs/msg/detail/state__builder.hpp
-- Installing: /home/ubuntu/UAV_ws/install/common_msgs/include/common_msgs/msg/detail/u_traj__type_support.hpp
-- Installing: /home/ubuntu/UAV_ws/install/common_msgs/include/common_msgs/msg/detail/input__struct.hpp
-- Installing: /home/ubuntu/UAV_ws/install/common_msgs/include/common_msgs/msg/detail/x_traj__traits.hpp
-- Installing: /home/ubuntu/UAV_ws/install/common_msgs/include/common_msgs/msg/detail/u_traj__struct.hpp
-- Installing: /home/ubuntu/UAV_ws/install/common_msgs/include/common_msgs/msg/x_traj.hpp
-- Installing: /home/ubuntu/UAV_ws/install/common_msgs/include/common_msgs/msg/input.hpp
-- Installing: /home/ubuntu/UAV_ws/install/common_msgs/include/common_msgs/msg/rosidl_generator_cpp__visibility_control.hpp
-- Up-to-date: /home/ubuntu/UAV_ws/install/common_msgs/include/common_msgs
-- Up-to-date: /home/ubuntu/UAV_ws/install/common_msgs/include/common_msgs/msg
-- Up-to-date: /home/ubuntu/UAV_ws/install/common_msgs/include/common_msgs/msg/detail
-- Installing: /home/ubuntu/UAV_ws/install/common_msgs/include/common_msgs/msg/detail/state__type_support.cpp
-- Installing: /home/ubuntu/UAV_ws/install/common_msgs/include/common_msgs/msg/detail/u_traj__rosidl_typesupport_introspection_cpp.hpp
-- Installing: /home/ubuntu/UAV_ws/install/common_msgs/include/common_msgs/msg/detail/x_traj__type_support.cpp
-- Installing: /home/ubuntu/UAV_ws/install/common_msgs/include/common_msgs/msg/detail/x_traj__rosidl_typesupport_introspection_cpp.hpp
-- Installing: /home/ubuntu/UAV_ws/install/common_msgs/include/common_msgs/msg/detail/input__rosidl_typesupport_introspection_cpp.hpp
-- Installing: /home/ubuntu/UAV_ws/install/common_msgs/include/common_msgs/msg/detail/state__rosidl_typesupport_introspection_cpp.hpp
-- Installing: /home/ubuntu/UAV_ws/install/common_msgs/include/common_msgs/msg/detail/input__type_support.cpp
-- Installing: /home/ubuntu/UAV_ws/install/common_msgs/include/common_msgs/msg/detail/u_traj__type_support.cpp
-- Installing: /home/ubuntu/UAV_ws/install/common_msgs/lib/libcommon_msgs__rosidl_typesupport_introspection_cpp.so
-- Set runtime path of "/home/ubuntu/UAV_ws/install/common_msgs/lib/libcommon_msgs__rosidl_typesupport_introspection_cpp.so" to ""
-- Installing: /home/ubuntu/UAV_ws/install/common_msgs/lib/libcommon_msgs__rosidl_typesupport_cpp.so
-- Set runtime path of "/home/ubuntu/UAV_ws/install/common_msgs/lib/libcommon_msgs__rosidl_typesupport_cpp.so" to ""
-- Installing: /home/ubuntu/UAV_ws/install/common_msgs/share/common_msgs/environment/pythonpath.sh
-- Installing: /home/ubuntu/UAV_ws/install/common_msgs/share/common_msgs/environment/pythonpath.dsv
-- Installing: /home/ubuntu/UAV_ws/install/common_msgs/lib/python3.8/site-packages/common_msgs/__init__.py
Compiling '/home/ubuntu/UAV_ws/install/common_msgs/lib/python3.8/site-packages/common_msgs/__init__.py'...
-- Installing: /home/ubuntu/UAV_ws/install/common_msgs/lib/python3.8/site-packages/common_msgs/msg
-- Installing: /home/ubuntu/UAV_ws/install/common_msgs/lib/python3.8/site-packages/common_msgs/msg/_state_s.c
-- Installing: /home/ubuntu/UAV_ws/install/common_msgs/lib/python3.8/site-packages/common_msgs/msg/_x_traj_s.c
-- Installing: /home/ubuntu/UAV_ws/install/common_msgs/lib/python3.8/site-packages/common_msgs/msg/_state.py
-- Installing: /home/ubuntu/UAV_ws/install/common_msgs/lib/python3.8/site-packages/common_msgs/msg/_x_traj.py
-- Installing: /home/ubuntu/UAV_ws/install/common_msgs/lib/python3.8/site-packages/common_msgs/msg/_input_s.c
-- Installing: /home/ubuntu/UAV_ws/install/common_msgs/lib/python3.8/site-packages/common_msgs/msg/_u_traj_s.c
-- Installing: /home/ubuntu/UAV_ws/install/common_msgs/lib/python3.8/site-packages/common_msgs/msg/_u_traj.py
-- Installing: /home/ubuntu/UAV_ws/install/common_msgs/lib/python3.8/site-packages/common_msgs/msg/__init__.py
-- Installing: /home/ubuntu/UAV_ws/install/common_msgs/lib/python3.8/site-packages/common_msgs/msg/_input.py
-- Installing: /home/ubuntu/UAV_ws/install/common_msgs/lib/python3.8/site-packages/common_msgs/common_msgs_s__rosidl_typesupport_fastrtps_c.cpython-38-aarch64-linux-gnu.so
-- Set runtime path of "/home/ubuntu/UAV_ws/install/common_msgs/lib/python3.8/site-packages/common_msgs/common_msgs_s__rosidl_typesupport_fastrtps_c.cpython-38-aarch64-linux-gnu.so" to ""
-- Installing: /home/ubuntu/UAV_ws/install/common_msgs/lib/python3.8/site-packages/common_msgs/common_msgs_s__rosidl_typesupport_introspection_c.cpython-38-aarch64-linux-gnu.so
-- Set runtime path of "/home/ubuntu/UAV_ws/install/common_msgs/lib/python3.8/site-packages/common_msgs/common_msgs_s__rosidl_typesupport_introspection_c.cpython-38-aarch64-linux-gnu.so" to ""
-- Installing: /home/ubuntu/UAV_ws/install/common_msgs/lib/python3.8/site-packages/common_msgs/common_msgs_s__rosidl_typesupport_c.cpython-38-aarch64-linux-gnu.so
-- Set runtime path of "/home/ubuntu/UAV_ws/install/common_msgs/lib/python3.8/site-packages/common_msgs/common_msgs_s__rosidl_typesupport_c.cpython-38-aarch64-linux-gnu.so" to ""
-- Installing: /home/ubuntu/UAV_ws/install/common_msgs/lib/libcommon_msgs__python.so
-- Set runtime path of "/home/ubuntu/UAV_ws/install/common_msgs/lib/libcommon_msgs__python.so" to ""
-- Installing: /home/ubuntu/UAV_ws/install/common_msgs/share/common_msgs/msg/XTraj.idl
-- Installing: /home/ubuntu/UAV_ws/install/common_msgs/share/common_msgs/msg/UTraj.idl
-- Installing: /home/ubuntu/UAV_ws/install/common_msgs/share/common_msgs/msg/State.idl
-- Installing: /home/ubuntu/UAV_ws/install/common_msgs/share/common_msgs/msg/Input.idl
-- Installing: /home/ubuntu/UAV_ws/install/common_msgs/share/common_msgs/msg/XTraj.msg
-- Installing: /home/ubuntu/UAV_ws/install/common_msgs/share/common_msgs/msg/UTraj.msg
-- Installing: /home/ubuntu/UAV_ws/install/common_msgs/share/common_msgs/msg/State.msg
-- Installing: /home/ubuntu/UAV_ws/install/common_msgs/share/common_msgs/msg/Input.msg
-- Installing: /home/ubuntu/UAV_ws/install/common_msgs/share/ament_index/resource_index/package_run_dependencies/common_msgs
-- Installing: /home/ubuntu/UAV_ws/install/common_msgs/share/ament_index/resource_index/parent_prefix_path/common_msgs
-- Installing: /home/ubuntu/UAV_ws/install/common_msgs/share/common_msgs/environment/ament_prefix_path.sh
-- Installing: /home/ubuntu/UAV_ws/install/common_msgs/share/common_msgs/environment/ament_prefix_path.dsv
-- Installing: /home/ubuntu/UAV_ws/install/common_msgs/share/common_msgs/environment/path.sh
-- Installing: /home/ubuntu/UAV_ws/install/common_msgs/share/common_msgs/environment/path.dsv
-- Installing: /home/ubuntu/UAV_ws/install/common_msgs/share/common_msgs/local_setup.bash
-- Installing: /home/ubuntu/UAV_ws/install/common_msgs/share/common_msgs/local_setup.sh
-- Installing: /home/ubuntu/UAV_ws/install/common_msgs/share/common_msgs/local_setup.zsh
-- Installing: /home/ubuntu/UAV_ws/install/common_msgs/share/common_msgs/local_setup.dsv
-- Installing: /home/ubuntu/UAV_ws/install/common_msgs/share/common_msgs/package.dsv
-- Installing: /home/ubuntu/UAV_ws/install/common_msgs/share/ament_index/resource_index/packages/common_msgs
-- Installing: /home/ubuntu/UAV_ws/install/common_msgs/share/common_msgs/cmake/common_msgs__rosidl_generator_cExport.cmake
-- Installing: /home/ubuntu/UAV_ws/install/common_msgs/share/common_msgs/cmake/common_msgs__rosidl_generator_cExport-noconfig.cmake
-- Old export file "/home/ubuntu/UAV_ws/install/common_msgs/share/common_msgs/cmake/common_msgs__rosidl_typesupport_introspection_cExport.cmake" will be replaced.  Removing files [/home/ubuntu/UAV_ws/install/common_msgs/share/common_msgs/cmake/common_msgs__rosidl_typesupport_introspection_cExport-debug.cmake].
-- Installing: /home/ubuntu/UAV_ws/install/common_msgs/share/common_msgs/cmake/common_msgs__rosidl_typesupport_introspection_cExport.cmake
-- Installing: /home/ubuntu/UAV_ws/install/common_msgs/share/common_msgs/cmake/common_msgs__rosidl_typesupport_introspection_cExport-noconfig.cmake
-- Old export file "/home/ubuntu/UAV_ws/install/common_msgs/share/common_msgs/cmake/common_msgs__rosidl_typesupport_cExport.cmake" will be replaced.  Removing files [/home/ubuntu/UAV_ws/install/common_msgs/share/common_msgs/cmake/common_msgs__rosidl_typesupport_cExport-debug.cmake].
-- Installing: /home/ubuntu/UAV_ws/install/common_msgs/share/common_msgs/cmake/common_msgs__rosidl_typesupport_cExport.cmake
-- Installing: /home/ubuntu/UAV_ws/install/common_msgs/share/common_msgs/cmake/common_msgs__rosidl_typesupport_cExport-noconfig.cmake
-- Installing: /home/ubuntu/UAV_ws/install/common_msgs/share/common_msgs/cmake/common_msgs__rosidl_generator_cppExport.cmake
-- Old export file "/home/ubuntu/UAV_ws/install/common_msgs/share/common_msgs/cmake/common_msgs__rosidl_typesupport_introspection_cppExport.cmake" will be replaced.  Removing files [/home/ubuntu/UAV_ws/install/common_msgs/share/common_msgs/cmake/common_msgs__rosidl_typesupport_introspection_cppExport-debug.cmake].
-- Installing: /home/ubuntu/UAV_ws/install/common_msgs/share/common_msgs/cmake/common_msgs__rosidl_typesupport_introspection_cppExport.cmake
-- Installing: /home/ubuntu/UAV_ws/install/common_msgs/share/common_msgs/cmake/common_msgs__rosidl_typesupport_introspection_cppExport-noconfig.cmake
-- Old export file "/home/ubuntu/UAV_ws/install/common_msgs/share/common_msgs/cmake/common_msgs__rosidl_typesupport_cppExport.cmake" will be replaced.  Removing files [/home/ubuntu/UAV_ws/install/common_msgs/share/common_msgs/cmake/common_msgs__rosidl_typesupport_cppExport-debug.cmake].
-- Installing: /home/ubuntu/UAV_ws/install/common_msgs/share/common_msgs/cmake/common_msgs__rosidl_typesupport_cppExport.cmake
-- Installing: /home/ubuntu/UAV_ws/install/common_msgs/share/common_msgs/cmake/common_msgs__rosidl_typesupport_cppExport-noconfig.cmake
-- Installing: /home/ubuntu/UAV_ws/install/common_msgs/share/common_msgs/cmake/rosidl_cmake-extras.cmake
-- Installing: /home/ubuntu/UAV_ws/install/common_msgs/share/common_msgs/cmake/ament_cmake_export_dependencies-extras.cmake
-- Installing: /home/ubuntu/UAV_ws/install/common_msgs/share/common_msgs/cmake/ament_cmake_export_libraries-extras.cmake
-- Installing: /home/ubuntu/UAV_ws/install/common_msgs/share/common_msgs/cmake/ament_cmake_export_targets-extras.cmake
-- Installing: /home/ubuntu/UAV_ws/install/common_msgs/share/common_msgs/cmake/ament_cmake_export_include_directories-extras.cmake
-- Installing: /home/ubuntu/UAV_ws/install/common_msgs/share/common_msgs/cmake/rosidl_cmake_export_typesupport_libraries-extras.cmake
-- Installing: /home/ubuntu/UAV_ws/install/common_msgs/share/common_msgs/cmake/rosidl_cmake_export_typesupport_targets-extras.cmake
-- Installing: /home/ubuntu/UAV_ws/install/common_msgs/share/common_msgs/cmake/common_msgsConfig.cmake
-- Installing: /home/ubuntu/UAV_ws/install/common_msgs/share/common_msgs/cmake/common_msgsConfig-version.cmake
-- Installing: /home/ubuntu/UAV_ws/install/common_msgs/share/common_msgs/package.xml
