[1.065s] Invoking command in '/home/ubuntu/UAV_ws/build/common_msgs': CMAKE_PREFIX_PATH=/opt/ros/foxy /usr/bin/cmake /home/ubuntu/UAV_ws/src/common_msgs -DCMAKE_INSTALL_PREFIX=/home/ubuntu/UAV_ws/install/common_msgs
[1.302s] -- The C compiler identification is GNU 9.4.0
[1.511s] -- The CXX compiler identification is GNU 9.4.0
[1.530s] -- Check for working C compiler: /usr/bin/cc
[1.804s] -- Check for working C compiler: /usr/bin/cc -- works
[1.807s] -- Detecting C compiler ABI info
[2.084s] -- Detecting C compiler ABI info - done
[2.118s] -- Detecting C compile features
[2.119s] -- Detecting C compile features - done
[2.128s] -- Check for working CXX compiler: /usr/bin/c++
[2.430s] -- Check for working CXX compiler: /usr/bin/c++ -- works
[2.433s] -- Detecting CXX compiler ABI info
[2.736s] -- Detecting CXX compiler ABI info - done
[2.773s] -- Detecting CXX compile features
[2.775s] -- Detecting CXX compile features - done
[2.794s] -- Found ament_cmake: 0.9.12 (/opt/ros/foxy/share/ament_cmake/cmake)
[2.906s] -- Found PythonInterp: /usr/bin/python3 (found suitable version "3.8.10", minimum required is "3") 
[2.906s] -- Using PYTHON_EXECUTABLE: /usr/bin/python3
[3.742s] -- Found rclcpp: 2.4.3 (/opt/ros/foxy/share/rclcpp/cmake)
[4.012s] -- Using all available rosidl_typesupport_c: rosidl_typesupport_fastrtps_c;rosidl_typesupport_introspection_c
[4.058s] -- Found rosidl_adapter: 1.3.1 (/opt/ros/foxy/share/rosidl_adapter/cmake)
[4.567s] -- Found OpenSSL: /usr/lib/aarch64-linux-gnu/libcrypto.so (found version "1.1.1f")  
[4.786s] -- Found FastRTPS: /opt/ros/foxy/include  
[5.296s] -- Using all available rosidl_typesupport_cpp: rosidl_typesupport_fastrtps_cpp;rosidl_typesupport_introspection_cpp
[5.538s] -- Found rmw_implementation_cmake: 1.0.4 (/opt/ros/foxy/share/rmw_implementation_cmake/cmake)
[5.543s] -- Using RMW implementation 'rmw_fastrtps_cpp' as default
[5.547s] -- Looking for pthread.h
[5.839s] -- Looking for pthread.h - found
[5.840s] -- Performing Test CMAKE_HAVE_LIBC_PTHREAD
[6.137s] -- Performing Test CMAKE_HAVE_LIBC_PTHREAD - Failed
[6.137s] -- Looking for pthread_create in pthreads
[6.381s] -- Looking for pthread_create in pthreads - not found
[6.381s] -- Looking for pthread_create in pthread
[6.666s] -- Looking for pthread_create in pthread - found
[6.671s] -- Found Threads: TRUE  
[7.264s] -- Found rosidl_default_generators: 1.0.1 (/opt/ros/foxy/share/rosidl_default_generators/cmake)
[7.402s] -- Found PythonInterp: /usr/bin/python3 (found version "3.8.10") 
[7.913s] -- Found ament_cmake_ros: 0.9.2 (/opt/ros/foxy/share/ament_cmake_ros/cmake)
[8.689s] -- Using all available rosidl_typesupport_c: rosidl_typesupport_fastrtps_c;rosidl_typesupport_introspection_c
[8.721s] -- Using all available rosidl_typesupport_cpp: rosidl_typesupport_fastrtps_cpp;rosidl_typesupport_introspection_cpp
[8.818s] -- Found PythonInterp: /usr/bin/python3 (found suitable version "3.8.10", minimum required is "3.5") 
[8.832s] -- Found python_cmake_module: 0.8.1 (/opt/ros/foxy/share/python_cmake_module/cmake)
[8.936s] -- Found PythonLibs: /usr/lib/aarch64-linux-gnu/libpython3.8.so (found suitable version "3.8.10", minimum required is "3.5") 
[8.936s] -- Using PYTHON_EXECUTABLE: /usr/bin/python3
[8.937s] -- Using PYTHON_INCLUDE_DIRS: /usr/include/python3.8
[8.937s] -- Using PYTHON_LIBRARIES: /usr/lib/aarch64-linux-gnu/libpython3.8.so
[9.027s] -- Found PythonExtra: .so  
[9.553s] -- Found ament_lint_auto: 0.9.8 (/opt/ros/foxy/share/ament_lint_auto/cmake)
[9.676s] -- Added test 'lint_cmake' to check CMake code style
[9.682s] -- Added test 'xmllint' to check XML markup files
[9.714s] -- Configuring done
[9.869s] -- Generating done
[9.883s] -- Build files have been written to: /home/ubuntu/UAV_ws/build/common_msgs
[9.920s] Invoked command in '/home/ubuntu/UAV_ws/build/common_msgs' returned '0': CMAKE_PREFIX_PATH=/opt/ros/foxy /usr/bin/cmake /home/ubuntu/UAV_ws/src/common_msgs -DCMAKE_INSTALL_PREFIX=/home/ubuntu/UAV_ws/install/common_msgs
[9.930s] Invoking command in '/home/ubuntu/UAV_ws/build/common_msgs': CMAKE_PREFIX_PATH=/opt/ros/foxy /usr/bin/cmake --build /home/ubuntu/UAV_ws/build/common_msgs -- -j4 -l4
[10.098s] [35m[1mScanning dependencies of target common_msgs__cpp[0m
[10.099s] [  1%] [34m[1mGenerating C code for ROS interfaces[0m
[10.140s] [  3%] [34m[1mGenerating C++ code for ROS interfaces[0m
[11.767s] [  3%] Built target common_msgs__cpp
[11.817s] [  5%] [34m[1mGenerating C++ type support dispatch for ROS interfaces[0m
[11.832s] [  7%] [34m[1mGenerating C++ type support for eProsima Fast-RTPS[0m
[11.852s] [  9%] [34m[1mGenerating C++ introspection for ROS interfaces[0m
[11.856s] [35m[1mScanning dependencies of target common_msgs__rosidl_generator_c[0m
[11.929s] [ 10%] [32mBuilding C object CMakeFiles/common_msgs__rosidl_generator_c.dir/rosidl_generator_c/common_msgs/msg/detail/x_traj__functions.c.o[0m
[12.200s] [ 12%] [32mBuilding C object CMakeFiles/common_msgs__rosidl_generator_c.dir/rosidl_generator_c/common_msgs/msg/detail/u_traj__functions.c.o[0m
[12.443s] [ 14%] [32mBuilding C object CMakeFiles/common_msgs__rosidl_generator_c.dir/rosidl_generator_c/common_msgs/msg/detail/state__functions.c.o[0m
[12.668s] [ 16%] [32mBuilding C object CMakeFiles/common_msgs__rosidl_generator_c.dir/rosidl_generator_c/common_msgs/msg/detail/input__functions.c.o[0m
[12.879s] [ 18%] [32m[1mLinking C shared library libcommon_msgs__rosidl_generator_c.so[0m
[13.070s] [ 18%] Built target common_msgs__rosidl_generator_c
[13.127s] [ 20%] [34m[1mGenerating C introspection for ROS interfaces[0m
[13.219s] [35m[1mScanning dependencies of target common_msgs__rosidl_typesupport_cpp[0m
[13.284s] [ 21%] [32mBuilding CXX object CMakeFiles/common_msgs__rosidl_typesupport_cpp.dir/rosidl_typesupport_cpp/common_msgs/msg/x_traj__type_support.cpp.o[0m
[13.565s] [35m[1mScanning dependencies of target common_msgs__rosidl_typesupport_introspection_cpp[0m
[13.635s] [ 23%] [32mBuilding CXX object CMakeFiles/common_msgs__rosidl_typesupport_introspection_cpp.dir/rosidl_typesupport_introspection_cpp/common_msgs/msg/detail/x_traj__type_support.cpp.o[0m
[13.689s] [35m[1mScanning dependencies of target common_msgs__rosidl_typesupport_fastrtps_cpp[0m
[13.765s] [ 25%] [32mBuilding CXX object CMakeFiles/common_msgs__rosidl_typesupport_fastrtps_cpp.dir/rosidl_typesupport_fastrtps_cpp/common_msgs/msg/detail/dds_fastrtps/x_traj__type_support.cpp.o[0m
[14.936s] [ 27%] [32mBuilding CXX object CMakeFiles/common_msgs__rosidl_typesupport_cpp.dir/rosidl_typesupport_cpp/common_msgs/msg/u_traj__type_support.cpp.o[0m
[14.986s] [35m[1mScanning dependencies of target common_msgs__rosidl_typesupport_introspection_c[0m
[15.056s] [ 29%] [32mBuilding C object CMakeFiles/common_msgs__rosidl_typesupport_introspection_c.dir/rosidl_typesupport_introspection_c/common_msgs/msg/detail/x_traj__type_support.c.o[0m
[15.233s] [ 30%] [32mBuilding C object CMakeFiles/common_msgs__rosidl_typesupport_introspection_c.dir/rosidl_typesupport_introspection_c/common_msgs/msg/detail/u_traj__type_support.c.o[0m
[15.426s] [ 32%] [32mBuilding C object CMakeFiles/common_msgs__rosidl_typesupport_introspection_c.dir/rosidl_typesupport_introspection_c/common_msgs/msg/detail/state__type_support.c.o[0m
[15.453s] [ 34%] [32mBuilding CXX object CMakeFiles/common_msgs__rosidl_typesupport_introspection_cpp.dir/rosidl_typesupport_introspection_cpp/common_msgs/msg/detail/u_traj__type_support.cpp.o[0m
[15.597s] [ 36%] [32mBuilding C object CMakeFiles/common_msgs__rosidl_typesupport_introspection_c.dir/rosidl_typesupport_introspection_c/common_msgs/msg/detail/input__type_support.c.o[0m
[15.775s] [ 38%] [32m[1mLinking C shared library libcommon_msgs__rosidl_typesupport_introspection_c.so[0m
[15.933s] [ 38%] Built target common_msgs__rosidl_typesupport_introspection_c
[15.980s] [ 40%] [32mBuilding CXX object CMakeFiles/common_msgs__rosidl_typesupport_fastrtps_cpp.dir/rosidl_typesupport_fastrtps_cpp/common_msgs/msg/detail/dds_fastrtps/u_traj__type_support.cpp.o[0m
[16.394s] [ 41%] [32mBuilding CXX object CMakeFiles/common_msgs__rosidl_typesupport_cpp.dir/rosidl_typesupport_cpp/common_msgs/msg/state__type_support.cpp.o[0m
[16.568s] [ 43%] [32mBuilding CXX object CMakeFiles/common_msgs__rosidl_typesupport_fastrtps_cpp.dir/rosidl_typesupport_fastrtps_cpp/common_msgs/msg/detail/dds_fastrtps/state__type_support.cpp.o[0m
[17.256s] [ 45%] [32mBuilding CXX object CMakeFiles/common_msgs__rosidl_typesupport_introspection_cpp.dir/rosidl_typesupport_introspection_cpp/common_msgs/msg/detail/state__type_support.cpp.o[0m
[17.948s] [ 47%] [32mBuilding CXX object CMakeFiles/common_msgs__rosidl_typesupport_cpp.dir/rosidl_typesupport_cpp/common_msgs/msg/input__type_support.cpp.o[0m
[18.595s] [ 49%] [32mBuilding CXX object CMakeFiles/common_msgs__rosidl_typesupport_introspection_cpp.dir/rosidl_typesupport_introspection_cpp/common_msgs/msg/detail/input__type_support.cpp.o[0m
[18.887s] [ 50%] [34m[1mGenerating C type support dispatch for ROS interfaces[0m
[18.976s] [ 52%] [32mBuilding CXX object CMakeFiles/common_msgs__rosidl_typesupport_fastrtps_cpp.dir/rosidl_typesupport_fastrtps_cpp/common_msgs/msg/detail/dds_fastrtps/input__type_support.cpp.o[0m
[19.577s] [ 54%] [32m[1mLinking CXX shared library libcommon_msgs__rosidl_typesupport_cpp.so[0m
[19.755s] [ 54%] Built target common_msgs__rosidl_typesupport_cpp
[20.225s] [ 56%] [32m[1mLinking CXX shared library libcommon_msgs__rosidl_typesupport_introspection_cpp.so[0m
[20.244s] [35m[1mScanning dependencies of target common_msgs__rosidl_typesupport_c[0m
[20.303s] [ 58%] [32mBuilding CXX object CMakeFiles/common_msgs__rosidl_typesupport_c.dir/rosidl_typesupport_c/common_msgs/msg/x_traj__type_support.cpp.o[0m
[20.308s] [ 60%] [32mBuilding CXX object CMakeFiles/common_msgs__rosidl_typesupport_c.dir/rosidl_typesupport_c/common_msgs/msg/u_traj__type_support.cpp.o[0m
[20.487s] [ 61%] [32mBuilding CXX object CMakeFiles/common_msgs__rosidl_typesupport_c.dir/rosidl_typesupport_c/common_msgs/msg/state__type_support.cpp.o[0m
[20.500s] [ 63%] [32mBuilding CXX object CMakeFiles/common_msgs__rosidl_typesupport_c.dir/rosidl_typesupport_c/common_msgs/msg/input__type_support.cpp.o[0m
[20.572s] [ 63%] Built target common_msgs__rosidl_typesupport_introspection_cpp
[20.650s] [ 65%] [32m[1mLinking CXX shared library libcommon_msgs__rosidl_typesupport_c.so[0m
[20.797s] [ 65%] Built target common_msgs__rosidl_typesupport_c
[21.175s] [ 67%] [32m[1mLinking CXX shared library libcommon_msgs__rosidl_typesupport_fastrtps_cpp.so[0m
[21.487s] [ 67%] Built target common_msgs__rosidl_typesupport_fastrtps_cpp
[21.528s] [ 69%] [34m[1mGenerating C type support for eProsima Fast-RTPS[0m
[22.713s] [35m[1mScanning dependencies of target common_msgs__rosidl_typesupport_fastrtps_c[0m
[22.785s] [ 70%] [32mBuilding CXX object CMakeFiles/common_msgs__rosidl_typesupport_fastrtps_c.dir/rosidl_typesupport_fastrtps_c/common_msgs/msg/detail/u_traj__type_support_c.cpp.o[0m
[22.789s] [ 72%] [32mBuilding CXX object CMakeFiles/common_msgs__rosidl_typesupport_fastrtps_c.dir/rosidl_typesupport_fastrtps_c/common_msgs/msg/detail/state__type_support_c.cpp.o[0m
[22.801s] [ 74%] [32mBuilding CXX object CMakeFiles/common_msgs__rosidl_typesupport_fastrtps_c.dir/rosidl_typesupport_fastrtps_c/common_msgs/msg/detail/x_traj__type_support_c.cpp.o[0m
[22.804s] [ 76%] [32mBuilding CXX object CMakeFiles/common_msgs__rosidl_typesupport_fastrtps_c.dir/rosidl_typesupport_fastrtps_c/common_msgs/msg/detail/input__type_support_c.cpp.o[0m
[24.702s] [ 78%] [32m[1mLinking CXX shared library libcommon_msgs__rosidl_typesupport_fastrtps_c.so[0m
[25.030s] [ 78%] Built target common_msgs__rosidl_typesupport_fastrtps_c
[25.068s] [35m[1mScanning dependencies of target common_msgs[0m
[25.109s] [ 78%] Built target common_msgs
[25.151s] [35m[1mScanning dependencies of target common_msgs__py[0m
[25.193s] [ 80%] [34m[1mGenerating Python code for ROS interfaces[0m
[27.446s] [ 80%] Built target common_msgs__py
[27.487s] [35m[1mScanning dependencies of target common_msgs__python[0m
[27.596s] [ 81%] [32mBuilding C object CMakeFiles/common_msgs__python.dir/rosidl_generator_py/common_msgs/msg/_x_traj_s.c.o[0m
[27.601s] [ 83%] [32mBuilding C object CMakeFiles/common_msgs__python.dir/rosidl_generator_py/common_msgs/msg/_state_s.c.o[0m
[27.605s] [ 85%] [32mBuilding C object CMakeFiles/common_msgs__python.dir/rosidl_generator_py/common_msgs/msg/_input_s.c.o[0m
[27.612s] [ 87%] [32mBuilding C object CMakeFiles/common_msgs__python.dir/rosidl_generator_py/common_msgs/msg/_u_traj_s.c.o[0m
[28.082s] [ 89%] [32m[1mLinking C shared library rosidl_generator_py/common_msgs/libcommon_msgs__python.so[0m
[28.246s] [ 89%] Built target common_msgs__python
[28.288s] [35m[1mScanning dependencies of target common_msgs__rosidl_typesupport_c__pyext[0m
[28.291s] [35m[1mScanning dependencies of target common_msgs__rosidl_typesupport_fastrtps_c__pyext[0m
[28.291s] [35m[1mScanning dependencies of target common_msgs__rosidl_typesupport_introspection_c__pyext[0m
[28.374s] [ 90%] [32mBuilding C object CMakeFiles/common_msgs__rosidl_typesupport_c__pyext.dir/rosidl_generator_py/common_msgs/_common_msgs_s.ep.rosidl_typesupport_c.c.o[0m
[28.384s] [ 92%] [32mBuilding C object CMakeFiles/common_msgs__rosidl_typesupport_introspection_c__pyext.dir/rosidl_generator_py/common_msgs/_common_msgs_s.ep.rosidl_typesupport_introspection_c.c.o[0m
[28.402s] [ 94%] [32mBuilding C object CMakeFiles/common_msgs__rosidl_typesupport_fastrtps_c__pyext.dir/rosidl_generator_py/common_msgs/_common_msgs_s.ep.rosidl_typesupport_fastrtps_c.c.o[0m
[28.786s] [ 96%] [32m[1mLinking C shared library rosidl_generator_py/common_msgs/common_msgs_s__rosidl_typesupport_c.cpython-38-aarch64-linux-gnu.so[0m
[28.798s] [ 98%] [32m[1mLinking C shared library rosidl_generator_py/common_msgs/common_msgs_s__rosidl_typesupport_introspection_c.cpython-38-aarch64-linux-gnu.so[0m
[28.837s] [100%] [32m[1mLinking CXX shared library rosidl_generator_py/common_msgs/common_msgs_s__rosidl_typesupport_fastrtps_c.cpython-38-aarch64-linux-gnu.so[0m
[28.965s] [100%] Built target common_msgs__rosidl_typesupport_c__pyext
[28.987s] [100%] Built target common_msgs__rosidl_typesupport_introspection_c__pyext
[29.112s] [100%] Built target common_msgs__rosidl_typesupport_fastrtps_c__pyext
[29.154s] Invoked command in '/home/ubuntu/UAV_ws/build/common_msgs' returned '0': CMAKE_PREFIX_PATH=/opt/ros/foxy /usr/bin/cmake --build /home/ubuntu/UAV_ws/build/common_msgs -- -j4 -l4
[29.733s] Invoking command in '/home/ubuntu/UAV_ws/build/common_msgs': CMAKE_PREFIX_PATH=/opt/ros/foxy /usr/bin/cmake --install /home/ubuntu/UAV_ws/build/common_msgs
[29.767s] -- Install configuration: ""
[29.768s] -- Installing: /home/ubuntu/UAV_ws/install/common_msgs/share/ament_index/resource_index/rosidl_interfaces/common_msgs
[29.769s] -- Up-to-date: /home/ubuntu/UAV_ws/install/common_msgs/include/common_msgs
[29.769s] -- Installing: /home/ubuntu/UAV_ws/install/common_msgs/include/common_msgs/msg
[29.769s] -- Installing: /home/ubuntu/UAV_ws/install/common_msgs/include/common_msgs/msg/state.h
[29.770s] -- Installing: /home/ubuntu/UAV_ws/install/common_msgs/include/common_msgs/msg/u_traj.h
[29.771s] -- Installing: /home/ubuntu/UAV_ws/install/common_msgs/include/common_msgs/msg/detail
[29.771s] -- Installing: /home/ubuntu/UAV_ws/install/common_msgs/include/common_msgs/msg/detail/input__functions.c
[29.772s] -- Installing: /home/ubuntu/UAV_ws/install/common_msgs/include/common_msgs/msg/detail/input__struct.h
[29.773s] -- Installing: /home/ubuntu/UAV_ws/install/common_msgs/include/common_msgs/msg/detail/u_traj__struct.h
[29.773s] -- Installing: /home/ubuntu/UAV_ws/install/common_msgs/include/common_msgs/msg/detail/input__type_support.h
[29.774s] -- Installing: /home/ubuntu/UAV_ws/install/common_msgs/include/common_msgs/msg/detail/x_traj__functions.c
[29.775s] -- Installing: /home/ubuntu/UAV_ws/install/common_msgs/include/common_msgs/msg/detail/u_traj__functions.h
[29.776s] -- Installing: /home/ubuntu/UAV_ws/install/common_msgs/include/common_msgs/msg/detail/state__type_support.h
[29.776s] -- Installing: /home/ubuntu/UAV_ws/install/common_msgs/include/common_msgs/msg/detail/u_traj__functions.c
[29.777s] -- Installing: /home/ubuntu/UAV_ws/install/common_msgs/include/common_msgs/msg/detail/state__functions.c
[29.778s] -- Installing: /home/ubuntu/UAV_ws/install/common_msgs/include/common_msgs/msg/detail/state__functions.h
[29.779s] -- Installing: /home/ubuntu/UAV_ws/install/common_msgs/include/common_msgs/msg/detail/x_traj__functions.h
[29.779s] -- Installing: /home/ubuntu/UAV_ws/install/common_msgs/include/common_msgs/msg/detail/input__functions.h
[29.780s] -- Installing: /home/ubuntu/UAV_ws/install/common_msgs/include/common_msgs/msg/detail/x_traj__struct.h
[29.781s] -- Installing: /home/ubuntu/UAV_ws/install/common_msgs/include/common_msgs/msg/detail/u_traj__type_support.h
[29.782s] -- Installing: /home/ubuntu/UAV_ws/install/common_msgs/include/common_msgs/msg/detail/x_traj__type_support.h
[29.782s] -- Installing: /home/ubuntu/UAV_ws/install/common_msgs/include/common_msgs/msg/detail/state__struct.h
[29.783s] -- Installing: /home/ubuntu/UAV_ws/install/common_msgs/include/common_msgs/msg/rosidl_generator_c__visibility_control.h
[29.784s] -- Installing: /home/ubuntu/UAV_ws/install/common_msgs/include/common_msgs/msg/x_traj.h
[29.784s] -- Installing: /home/ubuntu/UAV_ws/install/common_msgs/include/common_msgs/msg/input.h
[29.785s] -- Installing: /home/ubuntu/UAV_ws/install/common_msgs/share/common_msgs/environment/library_path.sh
[29.787s] -- Installing: /home/ubuntu/UAV_ws/install/common_msgs/share/common_msgs/environment/library_path.dsv
[29.788s] -- Installing: /home/ubuntu/UAV_ws/install/common_msgs/lib/libcommon_msgs__rosidl_generator_c.so
[29.790s] -- Set runtime path of "/home/ubuntu/UAV_ws/install/common_msgs/lib/libcommon_msgs__rosidl_generator_c.so" to ""
[29.791s] -- Up-to-date: /home/ubuntu/UAV_ws/install/common_msgs/include/common_msgs
[29.791s] -- Up-to-date: /home/ubuntu/UAV_ws/install/common_msgs/include/common_msgs/msg
[29.792s] -- Installing: /home/ubuntu/UAV_ws/install/common_msgs/include/common_msgs/msg/rosidl_typesupport_fastrtps_c__visibility_control.h
[29.792s] -- Up-to-date: /home/ubuntu/UAV_ws/install/common_msgs/include/common_msgs/msg/detail
[29.792s] -- Installing: /home/ubuntu/UAV_ws/install/common_msgs/include/common_msgs/msg/detail/x_traj__rosidl_typesupport_fastrtps_c.h
[29.793s] -- Installing: /home/ubuntu/UAV_ws/install/common_msgs/include/common_msgs/msg/detail/u_traj__rosidl_typesupport_fastrtps_c.h
[29.794s] -- Installing: /home/ubuntu/UAV_ws/install/common_msgs/include/common_msgs/msg/detail/input__rosidl_typesupport_fastrtps_c.h
[29.795s] -- Installing: /home/ubuntu/UAV_ws/install/common_msgs/include/common_msgs/msg/detail/state__rosidl_typesupport_fastrtps_c.h
[29.797s] -- Installing: /home/ubuntu/UAV_ws/install/common_msgs/lib/libcommon_msgs__rosidl_typesupport_fastrtps_c.so
[29.799s] -- Set runtime path of "/home/ubuntu/UAV_ws/install/common_msgs/lib/libcommon_msgs__rosidl_typesupport_fastrtps_c.so" to ""
[29.799s] -- Up-to-date: /home/ubuntu/UAV_ws/install/common_msgs/include/common_msgs
[29.800s] -- Up-to-date: /home/ubuntu/UAV_ws/install/common_msgs/include/common_msgs/msg
[29.800s] -- Installing: /home/ubuntu/UAV_ws/install/common_msgs/include/common_msgs/msg/rosidl_typesupport_fastrtps_cpp__visibility_control.h
[29.800s] -- Up-to-date: /home/ubuntu/UAV_ws/install/common_msgs/include/common_msgs/msg/detail
[29.801s] -- Installing: /home/ubuntu/UAV_ws/install/common_msgs/include/common_msgs/msg/detail/state__rosidl_typesupport_fastrtps_cpp.hpp
[29.802s] -- Installing: /home/ubuntu/UAV_ws/install/common_msgs/include/common_msgs/msg/detail/dds_fastrtps
[29.802s] -- Installing: /home/ubuntu/UAV_ws/install/common_msgs/include/common_msgs/msg/detail/u_traj__rosidl_typesupport_fastrtps_cpp.hpp
[29.803s] -- Installing: /home/ubuntu/UAV_ws/install/common_msgs/include/common_msgs/msg/detail/input__rosidl_typesupport_fastrtps_cpp.hpp
[29.804s] -- Installing: /home/ubuntu/UAV_ws/install/common_msgs/include/common_msgs/msg/detail/x_traj__rosidl_typesupport_fastrtps_cpp.hpp
[29.806s] -- Installing: /home/ubuntu/UAV_ws/install/common_msgs/lib/libcommon_msgs__rosidl_typesupport_fastrtps_cpp.so
[29.808s] -- Set runtime path of "/home/ubuntu/UAV_ws/install/common_msgs/lib/libcommon_msgs__rosidl_typesupport_fastrtps_cpp.so" to ""
[29.809s] -- Up-to-date: /home/ubuntu/UAV_ws/install/common_msgs/include/common_msgs
[29.809s] -- Up-to-date: /home/ubuntu/UAV_ws/install/common_msgs/include/common_msgs/msg
[29.810s] -- Up-to-date: /home/ubuntu/UAV_ws/install/common_msgs/include/common_msgs/msg/detail
[29.810s] -- Installing: /home/ubuntu/UAV_ws/install/common_msgs/include/common_msgs/msg/detail/input__rosidl_typesupport_introspection_c.h
[29.810s] -- Installing: /home/ubuntu/UAV_ws/install/common_msgs/include/common_msgs/msg/detail/state__rosidl_typesupport_introspection_c.h
[29.811s] -- Installing: /home/ubuntu/UAV_ws/install/common_msgs/include/common_msgs/msg/detail/input__type_support.c
[29.812s] -- Installing: /home/ubuntu/UAV_ws/install/common_msgs/include/common_msgs/msg/detail/u_traj__rosidl_typesupport_introspection_c.h
[29.813s] -- Installing: /home/ubuntu/UAV_ws/install/common_msgs/include/common_msgs/msg/detail/x_traj__rosidl_typesupport_introspection_c.h
[29.814s] -- Installing: /home/ubuntu/UAV_ws/install/common_msgs/include/common_msgs/msg/detail/x_traj__type_support.c
[29.814s] -- Installing: /home/ubuntu/UAV_ws/install/common_msgs/include/common_msgs/msg/detail/state__type_support.c
[29.815s] -- Installing: /home/ubuntu/UAV_ws/install/common_msgs/include/common_msgs/msg/detail/u_traj__type_support.c
[29.816s] -- Installing: /home/ubuntu/UAV_ws/install/common_msgs/include/common_msgs/msg/rosidl_typesupport_introspection_c__visibility_control.h
[29.818s] -- Installing: /home/ubuntu/UAV_ws/install/common_msgs/lib/libcommon_msgs__rosidl_typesupport_introspection_c.so
[29.820s] -- Set runtime path of "/home/ubuntu/UAV_ws/install/common_msgs/lib/libcommon_msgs__rosidl_typesupport_introspection_c.so" to ""
[29.821s] -- Installing: /home/ubuntu/UAV_ws/install/common_msgs/lib/libcommon_msgs__rosidl_typesupport_c.so
[29.823s] -- Set runtime path of "/home/ubuntu/UAV_ws/install/common_msgs/lib/libcommon_msgs__rosidl_typesupport_c.so" to ""
[29.823s] -- Up-to-date: /home/ubuntu/UAV_ws/install/common_msgs/include/common_msgs
[29.823s] -- Up-to-date: /home/ubuntu/UAV_ws/install/common_msgs/include/common_msgs/msg
[29.824s] -- Installing: /home/ubuntu/UAV_ws/install/common_msgs/include/common_msgs/msg/u_traj.hpp
[29.825s] -- Installing: /home/ubuntu/UAV_ws/install/common_msgs/include/common_msgs/msg/state.hpp
[29.825s] -- Up-to-date: /home/ubuntu/UAV_ws/install/common_msgs/include/common_msgs/msg/detail
[29.825s] -- Installing: /home/ubuntu/UAV_ws/install/common_msgs/include/common_msgs/msg/detail/state__type_support.hpp
[29.826s] -- Installing: /home/ubuntu/UAV_ws/install/common_msgs/include/common_msgs/msg/detail/state__traits.hpp
[29.827s] -- Installing: /home/ubuntu/UAV_ws/install/common_msgs/include/common_msgs/msg/detail/input__type_support.hpp
[29.828s] -- Installing: /home/ubuntu/UAV_ws/install/common_msgs/include/common_msgs/msg/detail/u_traj__traits.hpp
[29.828s] -- Installing: /home/ubuntu/UAV_ws/install/common_msgs/include/common_msgs/msg/detail/input__traits.hpp
[29.829s] -- Installing: /home/ubuntu/UAV_ws/install/common_msgs/include/common_msgs/msg/detail/state__struct.hpp
[29.830s] -- Installing: /home/ubuntu/UAV_ws/install/common_msgs/include/common_msgs/msg/detail/x_traj__type_support.hpp
[29.831s] -- Installing: /home/ubuntu/UAV_ws/install/common_msgs/include/common_msgs/msg/detail/x_traj__struct.hpp
[29.831s] -- Installing: /home/ubuntu/UAV_ws/install/common_msgs/include/common_msgs/msg/detail/input__builder.hpp
[29.832s] -- Installing: /home/ubuntu/UAV_ws/install/common_msgs/include/common_msgs/msg/detail/x_traj__builder.hpp
[29.833s] -- Installing: /home/ubuntu/UAV_ws/install/common_msgs/include/common_msgs/msg/detail/u_traj__builder.hpp
[29.834s] -- Installing: /home/ubuntu/UAV_ws/install/common_msgs/include/common_msgs/msg/detail/state__builder.hpp
[29.834s] -- Installing: /home/ubuntu/UAV_ws/install/common_msgs/include/common_msgs/msg/detail/u_traj__type_support.hpp
[29.835s] -- Installing: /home/ubuntu/UAV_ws/install/common_msgs/include/common_msgs/msg/detail/input__struct.hpp
[29.836s] -- Installing: /home/ubuntu/UAV_ws/install/common_msgs/include/common_msgs/msg/detail/x_traj__traits.hpp
[29.837s] -- Installing: /home/ubuntu/UAV_ws/install/common_msgs/include/common_msgs/msg/detail/u_traj__struct.hpp
[29.837s] -- Installing: /home/ubuntu/UAV_ws/install/common_msgs/include/common_msgs/msg/x_traj.hpp
[29.838s] -- Installing: /home/ubuntu/UAV_ws/install/common_msgs/include/common_msgs/msg/input.hpp
[29.839s] -- Installing: /home/ubuntu/UAV_ws/install/common_msgs/include/common_msgs/msg/rosidl_generator_cpp__visibility_control.hpp
[29.840s] -- Up-to-date: /home/ubuntu/UAV_ws/install/common_msgs/include/common_msgs
[29.840s] -- Up-to-date: /home/ubuntu/UAV_ws/install/common_msgs/include/common_msgs/msg
[29.840s] -- Up-to-date: /home/ubuntu/UAV_ws/install/common_msgs/include/common_msgs/msg/detail
[29.841s] -- Installing: /home/ubuntu/UAV_ws/install/common_msgs/include/common_msgs/msg/detail/state__type_support.cpp
[29.841s] -- Installing: /home/ubuntu/UAV_ws/install/common_msgs/include/common_msgs/msg/detail/u_traj__rosidl_typesupport_introspection_cpp.hpp
[29.842s] -- Installing: /home/ubuntu/UAV_ws/install/common_msgs/include/common_msgs/msg/detail/x_traj__type_support.cpp
[29.843s] -- Installing: /home/ubuntu/UAV_ws/install/common_msgs/include/common_msgs/msg/detail/x_traj__rosidl_typesupport_introspection_cpp.hpp
[29.844s] -- Installing: /home/ubuntu/UAV_ws/install/common_msgs/include/common_msgs/msg/detail/input__rosidl_typesupport_introspection_cpp.hpp
[29.845s] -- Installing: /home/ubuntu/UAV_ws/install/common_msgs/include/common_msgs/msg/detail/state__rosidl_typesupport_introspection_cpp.hpp
[29.846s] -- Installing: /home/ubuntu/UAV_ws/install/common_msgs/include/common_msgs/msg/detail/input__type_support.cpp
[29.846s] -- Installing: /home/ubuntu/UAV_ws/install/common_msgs/include/common_msgs/msg/detail/u_traj__type_support.cpp
[29.848s] -- Installing: /home/ubuntu/UAV_ws/install/common_msgs/lib/libcommon_msgs__rosidl_typesupport_introspection_cpp.so
[29.851s] -- Set runtime path of "/home/ubuntu/UAV_ws/install/common_msgs/lib/libcommon_msgs__rosidl_typesupport_introspection_cpp.so" to ""
[29.852s] -- Installing: /home/ubuntu/UAV_ws/install/common_msgs/lib/libcommon_msgs__rosidl_typesupport_cpp.so
[29.854s] -- Set runtime path of "/home/ubuntu/UAV_ws/install/common_msgs/lib/libcommon_msgs__rosidl_typesupport_cpp.so" to ""
[29.854s] -- Installing: /home/ubuntu/UAV_ws/install/common_msgs/share/common_msgs/environment/pythonpath.sh
[29.855s] -- Installing: /home/ubuntu/UAV_ws/install/common_msgs/share/common_msgs/environment/pythonpath.dsv
[29.856s] -- Installing: /home/ubuntu/UAV_ws/install/common_msgs/lib/python3.8/site-packages/common_msgs/__init__.py
[29.976s] Compiling '/home/ubuntu/UAV_ws/install/common_msgs/lib/python3.8/site-packages/common_msgs/__init__.py'...
[29.997s] -- Installing: /home/ubuntu/UAV_ws/install/common_msgs/lib/python3.8/site-packages/common_msgs/msg
[29.998s] -- Installing: /home/ubuntu/UAV_ws/install/common_msgs/lib/python3.8/site-packages/common_msgs/msg/_state_s.c
[29.999s] -- Installing: /home/ubuntu/UAV_ws/install/common_msgs/lib/python3.8/site-packages/common_msgs/msg/_x_traj_s.c
[30.000s] -- Installing: /home/ubuntu/UAV_ws/install/common_msgs/lib/python3.8/site-packages/common_msgs/msg/_state.py
[30.000s] -- Installing: /home/ubuntu/UAV_ws/install/common_msgs/lib/python3.8/site-packages/common_msgs/msg/_x_traj.py
[30.001s] -- Installing: /home/ubuntu/UAV_ws/install/common_msgs/lib/python3.8/site-packages/common_msgs/msg/_input_s.c
[30.002s] -- Installing: /home/ubuntu/UAV_ws/install/common_msgs/lib/python3.8/site-packages/common_msgs/msg/_u_traj_s.c
[30.002s] -- Installing: /home/ubuntu/UAV_ws/install/common_msgs/lib/python3.8/site-packages/common_msgs/msg/_u_traj.py
[30.003s] -- Installing: /home/ubuntu/UAV_ws/install/common_msgs/lib/python3.8/site-packages/common_msgs/msg/__init__.py
[30.004s] -- Installing: /home/ubuntu/UAV_ws/install/common_msgs/lib/python3.8/site-packages/common_msgs/msg/_input.py
[30.006s] -- Installing: /home/ubuntu/UAV_ws/install/common_msgs/lib/python3.8/site-packages/common_msgs/common_msgs_s__rosidl_typesupport_fastrtps_c.cpython-38-aarch64-linux-gnu.so
[30.008s] -- Set runtime path of "/home/ubuntu/UAV_ws/install/common_msgs/lib/python3.8/site-packages/common_msgs/common_msgs_s__rosidl_typesupport_fastrtps_c.cpython-38-aarch64-linux-gnu.so" to ""
[30.009s] -- Installing: /home/ubuntu/UAV_ws/install/common_msgs/lib/python3.8/site-packages/common_msgs/common_msgs_s__rosidl_typesupport_introspection_c.cpython-38-aarch64-linux-gnu.so
[30.011s] -- Set runtime path of "/home/ubuntu/UAV_ws/install/common_msgs/lib/python3.8/site-packages/common_msgs/common_msgs_s__rosidl_typesupport_introspection_c.cpython-38-aarch64-linux-gnu.so" to ""
[30.012s] -- Installing: /home/ubuntu/UAV_ws/install/common_msgs/lib/python3.8/site-packages/common_msgs/common_msgs_s__rosidl_typesupport_c.cpython-38-aarch64-linux-gnu.so
[30.014s] -- Set runtime path of "/home/ubuntu/UAV_ws/install/common_msgs/lib/python3.8/site-packages/common_msgs/common_msgs_s__rosidl_typesupport_c.cpython-38-aarch64-linux-gnu.so" to ""
[30.015s] -- Installing: /home/ubuntu/UAV_ws/install/common_msgs/lib/libcommon_msgs__python.so
[30.017s] -- Set runtime path of "/home/ubuntu/UAV_ws/install/common_msgs/lib/libcommon_msgs__python.so" to ""
[30.017s] -- Installing: /home/ubuntu/UAV_ws/install/common_msgs/share/common_msgs/msg/XTraj.idl
[30.018s] -- Installing: /home/ubuntu/UAV_ws/install/common_msgs/share/common_msgs/msg/UTraj.idl
[30.019s] -- Installing: /home/ubuntu/UAV_ws/install/common_msgs/share/common_msgs/msg/State.idl
[30.020s] -- Installing: /home/ubuntu/UAV_ws/install/common_msgs/share/common_msgs/msg/Input.idl
[30.021s] -- Installing: /home/ubuntu/UAV_ws/install/common_msgs/share/common_msgs/msg/XTraj.msg
[30.022s] -- Installing: /home/ubuntu/UAV_ws/install/common_msgs/share/common_msgs/msg/UTraj.msg
[30.023s] -- Installing: /home/ubuntu/UAV_ws/install/common_msgs/share/common_msgs/msg/State.msg
[30.023s] -- Installing: /home/ubuntu/UAV_ws/install/common_msgs/share/common_msgs/msg/Input.msg
[30.024s] -- Installing: /home/ubuntu/UAV_ws/install/common_msgs/share/ament_index/resource_index/package_run_dependencies/common_msgs
[30.026s] -- Installing: /home/ubuntu/UAV_ws/install/common_msgs/share/ament_index/resource_index/parent_prefix_path/common_msgs
[30.027s] -- Installing: /home/ubuntu/UAV_ws/install/common_msgs/share/common_msgs/environment/ament_prefix_path.sh
[30.028s] -- Installing: /home/ubuntu/UAV_ws/install/common_msgs/share/common_msgs/environment/ament_prefix_path.dsv
[30.029s] -- Installing: /home/ubuntu/UAV_ws/install/common_msgs/share/common_msgs/environment/path.sh
[30.030s] -- Installing: /home/ubuntu/UAV_ws/install/common_msgs/share/common_msgs/environment/path.dsv
[30.031s] -- Installing: /home/ubuntu/UAV_ws/install/common_msgs/share/common_msgs/local_setup.bash
[30.032s] -- Installing: /home/ubuntu/UAV_ws/install/common_msgs/share/common_msgs/local_setup.sh
[30.033s] -- Installing: /home/ubuntu/UAV_ws/install/common_msgs/share/common_msgs/local_setup.zsh
[30.034s] -- Installing: /home/ubuntu/UAV_ws/install/common_msgs/share/common_msgs/local_setup.dsv
[30.035s] -- Installing: /home/ubuntu/UAV_ws/install/common_msgs/share/common_msgs/package.dsv
[30.036s] -- Installing: /home/ubuntu/UAV_ws/install/common_msgs/share/ament_index/resource_index/packages/common_msgs
[30.037s] -- Installing: /home/ubuntu/UAV_ws/install/common_msgs/share/common_msgs/cmake/common_msgs__rosidl_generator_cExport.cmake
[30.038s] -- Installing: /home/ubuntu/UAV_ws/install/common_msgs/share/common_msgs/cmake/common_msgs__rosidl_generator_cExport-noconfig.cmake
[30.040s] -- Old export file "/home/ubuntu/UAV_ws/install/common_msgs/share/common_msgs/cmake/common_msgs__rosidl_typesupport_introspection_cExport.cmake" will be replaced.  Removing files [/home/ubuntu/UAV_ws/install/common_msgs/share/common_msgs/cmake/common_msgs__rosidl_typesupport_introspection_cExport-debug.cmake].
[30.040s] -- Installing: /home/ubuntu/UAV_ws/install/common_msgs/share/common_msgs/cmake/common_msgs__rosidl_typesupport_introspection_cExport.cmake
[30.042s] -- Installing: /home/ubuntu/UAV_ws/install/common_msgs/share/common_msgs/cmake/common_msgs__rosidl_typesupport_introspection_cExport-noconfig.cmake
[30.043s] -- Old export file "/home/ubuntu/UAV_ws/install/common_msgs/share/common_msgs/cmake/common_msgs__rosidl_typesupport_cExport.cmake" will be replaced.  Removing files [/home/ubuntu/UAV_ws/install/common_msgs/share/common_msgs/cmake/common_msgs__rosidl_typesupport_cExport-debug.cmake].
[30.044s] -- Installing: /home/ubuntu/UAV_ws/install/common_msgs/share/common_msgs/cmake/common_msgs__rosidl_typesupport_cExport.cmake
[30.045s] -- Installing: /home/ubuntu/UAV_ws/install/common_msgs/share/common_msgs/cmake/common_msgs__rosidl_typesupport_cExport-noconfig.cmake
[30.046s] -- Installing: /home/ubuntu/UAV_ws/install/common_msgs/share/common_msgs/cmake/common_msgs__rosidl_generator_cppExport.cmake
[30.048s] -- Old export file "/home/ubuntu/UAV_ws/install/common_msgs/share/common_msgs/cmake/common_msgs__rosidl_typesupport_introspection_cppExport.cmake" will be replaced.  Removing files [/home/ubuntu/UAV_ws/install/common_msgs/share/common_msgs/cmake/common_msgs__rosidl_typesupport_introspection_cppExport-debug.cmake].
[30.048s] -- Installing: /home/ubuntu/UAV_ws/install/common_msgs/share/common_msgs/cmake/common_msgs__rosidl_typesupport_introspection_cppExport.cmake
[30.050s] -- Installing: /home/ubuntu/UAV_ws/install/common_msgs/share/common_msgs/cmake/common_msgs__rosidl_typesupport_introspection_cppExport-noconfig.cmake
[30.051s] -- Old export file "/home/ubuntu/UAV_ws/install/common_msgs/share/common_msgs/cmake/common_msgs__rosidl_typesupport_cppExport.cmake" will be replaced.  Removing files [/home/ubuntu/UAV_ws/install/common_msgs/share/common_msgs/cmake/common_msgs__rosidl_typesupport_cppExport-debug.cmake].
[30.052s] -- Installing: /home/ubuntu/UAV_ws/install/common_msgs/share/common_msgs/cmake/common_msgs__rosidl_typesupport_cppExport.cmake
[30.053s] -- Installing: /home/ubuntu/UAV_ws/install/common_msgs/share/common_msgs/cmake/common_msgs__rosidl_typesupport_cppExport-noconfig.cmake
[30.054s] -- Installing: /home/ubuntu/UAV_ws/install/common_msgs/share/common_msgs/cmake/rosidl_cmake-extras.cmake
[30.055s] -- Installing: /home/ubuntu/UAV_ws/install/common_msgs/share/common_msgs/cmake/ament_cmake_export_dependencies-extras.cmake
[30.056s] -- Installing: /home/ubuntu/UAV_ws/install/common_msgs/share/common_msgs/cmake/ament_cmake_export_libraries-extras.cmake
[30.057s] -- Installing: /home/ubuntu/UAV_ws/install/common_msgs/share/common_msgs/cmake/ament_cmake_export_targets-extras.cmake
[30.058s] -- Installing: /home/ubuntu/UAV_ws/install/common_msgs/share/common_msgs/cmake/ament_cmake_export_include_directories-extras.cmake
[30.059s] -- Installing: /home/ubuntu/UAV_ws/install/common_msgs/share/common_msgs/cmake/rosidl_cmake_export_typesupport_libraries-extras.cmake
[30.060s] -- Installing: /home/ubuntu/UAV_ws/install/common_msgs/share/common_msgs/cmake/rosidl_cmake_export_typesupport_targets-extras.cmake
[30.062s] -- Installing: /home/ubuntu/UAV_ws/install/common_msgs/share/common_msgs/cmake/common_msgsConfig.cmake
[30.062s] -- Installing: /home/ubuntu/UAV_ws/install/common_msgs/share/common_msgs/cmake/common_msgsConfig-version.cmake
[30.063s] -- Installing: /home/ubuntu/UAV_ws/install/common_msgs/share/common_msgs/package.xml
[30.070s] Invoked command in '/home/ubuntu/UAV_ws/build/common_msgs' returned '0': CMAKE_PREFIX_PATH=/opt/ros/foxy /usr/bin/cmake --install /home/ubuntu/UAV_ws/build/common_msgs
