[0.076s] Invoking command in '/home/evan/UAV_ws/build/common_msgs': CMAKE_PREFIX_PATH=/opt/ros/humble /usr/bin/cmake --build /home/evan/UAV_ws/build/common_msgs -- -j16 -l16
[0.118s] [  1%] Built target common_msgs__cpp
[0.118s] [ 12%] Built target common_msgs__rosidl_generator_c
[0.126s] [ 12%] Built target ament_cmake_python_symlink_common_msgs
[0.136s] [ 23%] Built target common_msgs__rosidl_typesupport_c
[0.136s] [ 34%] Built target common_msgs__rosidl_typesupport_cpp
[0.136s] [ 45%] Built target common_msgs__rosidl_typesupport_introspection_c
[0.140s] [ 63%] Built target common_msgs__rosidl_typesupport_fastrtps_cpp
[0.140s] [ 67%] Built target common_msgs__rosidl_typesupport_introspection_cpp
[0.146s] [ 78%] Built target common_msgs__rosidl_typesupport_fastrtps_c
[0.165s] [ 78%] Built target common_msgs
[0.184s] [ 80%] Built target common_msgs__py
[0.207s] [ 89%] Built target common_msgs__rosidl_generator_py
[0.225s] [100%] Built target common_msgs__rosidl_typesupport_c__pyext
[0.226s] [100%] Built target common_msgs__rosidl_typesupport_fastrtps_c__pyext
[0.226s] [100%] Built target common_msgs__rosidl_typesupport_introspection_c__pyext
[0.291s] running egg_info
[0.305s] writing common_msgs.egg-info/PKG-INFO
[0.306s] writing dependency_links to common_msgs.egg-info/dependency_links.txt
[0.306s] writing top-level names to common_msgs.egg-info/top_level.txt
[0.344s] reading manifest file 'common_msgs.egg-info/SOURCES.txt'
[0.345s] writing manifest file 'common_msgs.egg-info/SOURCES.txt'
[0.368s] [100%] Built target ament_cmake_python_build_common_msgs_egg
[0.379s] Invoked command in '/home/evan/UAV_ws/build/common_msgs' returned '0': CMAKE_PREFIX_PATH=/opt/ros/humble /usr/bin/cmake --build /home/evan/UAV_ws/build/common_msgs -- -j16 -l16
[0.527s] Invoking command in '/home/evan/UAV_ws/build/common_msgs': CMAKE_PREFIX_PATH=/opt/ros/humble /usr/bin/cmake --install /home/evan/UAV_ws/build/common_msgs
[0.533s] -- Install configuration: "Debug"
[0.534s] -- Execute custom install script
[0.534s] -- Up-to-date symlink: /home/evan/UAV_ws/install/common_msgs/share/ament_index/resource_index/rosidl_interfaces/common_msgs
[0.534s] -- Up-to-date symlink: /home/evan/UAV_ws/install/common_msgs/include/common_msgs/common_msgs/msg/detail/input__functions.h
[0.534s] -- Up-to-date symlink: /home/evan/UAV_ws/install/common_msgs/include/common_msgs/common_msgs/msg/detail/input__struct.h
[0.534s] -- Up-to-date symlink: /home/evan/UAV_ws/install/common_msgs/include/common_msgs/common_msgs/msg/detail/input__type_support.h
[0.535s] -- Up-to-date symlink: /home/evan/UAV_ws/install/common_msgs/include/common_msgs/common_msgs/msg/detail/state__functions.h
[0.535s] -- Up-to-date symlink: /home/evan/UAV_ws/install/common_msgs/include/common_msgs/common_msgs/msg/detail/state__struct.h
[0.535s] -- Up-to-date symlink: /home/evan/UAV_ws/install/common_msgs/include/common_msgs/common_msgs/msg/detail/state__type_support.h
[0.535s] -- Up-to-date symlink: /home/evan/UAV_ws/install/common_msgs/include/common_msgs/common_msgs/msg/detail/u_traj__functions.h
[0.535s] -- Up-to-date symlink: /home/evan/UAV_ws/install/common_msgs/include/common_msgs/common_msgs/msg/detail/u_traj__struct.h
[0.535s] -- Up-to-date symlink: /home/evan/UAV_ws/install/common_msgs/include/common_msgs/common_msgs/msg/detail/u_traj__type_support.h
[0.535s] -- Up-to-date symlink: /home/evan/UAV_ws/install/common_msgs/include/common_msgs/common_msgs/msg/detail/x_traj__functions.h
[0.535s] -- Up-to-date symlink: /home/evan/UAV_ws/install/common_msgs/include/common_msgs/common_msgs/msg/detail/x_traj__struct.h
[0.535s] -- Up-to-date symlink: /home/evan/UAV_ws/install/common_msgs/include/common_msgs/common_msgs/msg/detail/x_traj__type_support.h
[0.536s] -- Up-to-date symlink: /home/evan/UAV_ws/install/common_msgs/include/common_msgs/common_msgs/msg/input.h
[0.536s] -- Up-to-date symlink: /home/evan/UAV_ws/install/common_msgs/include/common_msgs/common_msgs/msg/rosidl_generator_c__visibility_control.h
[0.536s] -- Up-to-date symlink: /home/evan/UAV_ws/install/common_msgs/include/common_msgs/common_msgs/msg/state.h
[0.536s] -- Up-to-date symlink: /home/evan/UAV_ws/install/common_msgs/include/common_msgs/common_msgs/msg/u_traj.h
[0.536s] -- Up-to-date symlink: /home/evan/UAV_ws/install/common_msgs/include/common_msgs/common_msgs/msg/x_traj.h
[0.536s] -- Up-to-date symlink: /home/evan/UAV_ws/install/common_msgs/share/common_msgs/environment/library_path.sh
[0.536s] -- Up-to-date symlink: /home/evan/UAV_ws/install/common_msgs/share/common_msgs/environment/library_path.dsv
[0.536s] -- Up-to-date symlink: /home/evan/UAV_ws/install/common_msgs/include/common_msgs/common_msgs/msg/detail/input__rosidl_typesupport_fastrtps_c.h
[0.536s] -- Up-to-date symlink: /home/evan/UAV_ws/install/common_msgs/include/common_msgs/common_msgs/msg/detail/state__rosidl_typesupport_fastrtps_c.h
[0.537s] -- Up-to-date symlink: /home/evan/UAV_ws/install/common_msgs/include/common_msgs/common_msgs/msg/detail/u_traj__rosidl_typesupport_fastrtps_c.h
[0.537s] -- Up-to-date symlink: /home/evan/UAV_ws/install/common_msgs/include/common_msgs/common_msgs/msg/detail/x_traj__rosidl_typesupport_fastrtps_c.h
[0.537s] -- Up-to-date symlink: /home/evan/UAV_ws/install/common_msgs/include/common_msgs/common_msgs/msg/rosidl_typesupport_fastrtps_c__visibility_control.h
[0.537s] -- Up-to-date symlink: /home/evan/UAV_ws/install/common_msgs/include/common_msgs/common_msgs/msg/detail/input__builder.hpp
[0.537s] -- Up-to-date symlink: /home/evan/UAV_ws/install/common_msgs/include/common_msgs/common_msgs/msg/detail/input__struct.hpp
[0.538s] -- Up-to-date symlink: /home/evan/UAV_ws/install/common_msgs/include/common_msgs/common_msgs/msg/detail/input__traits.hpp
[0.538s] -- Up-to-date symlink: /home/evan/UAV_ws/install/common_msgs/include/common_msgs/common_msgs/msg/detail/state__builder.hpp
[0.538s] -- Up-to-date symlink: /home/evan/UAV_ws/install/common_msgs/include/common_msgs/common_msgs/msg/detail/state__struct.hpp
[0.538s] -- Up-to-date symlink: /home/evan/UAV_ws/install/common_msgs/include/common_msgs/common_msgs/msg/detail/state__traits.hpp
[0.538s] -- Up-to-date symlink: /home/evan/UAV_ws/install/common_msgs/include/common_msgs/common_msgs/msg/detail/u_traj__builder.hpp
[0.538s] -- Up-to-date symlink: /home/evan/UAV_ws/install/common_msgs/include/common_msgs/common_msgs/msg/detail/u_traj__struct.hpp
[0.538s] -- Up-to-date symlink: /home/evan/UAV_ws/install/common_msgs/include/common_msgs/common_msgs/msg/detail/u_traj__traits.hpp
[0.538s] -- Up-to-date symlink: /home/evan/UAV_ws/install/common_msgs/include/common_msgs/common_msgs/msg/detail/x_traj__builder.hpp
[0.538s] -- Up-to-date symlink: /home/evan/UAV_ws/install/common_msgs/include/common_msgs/common_msgs/msg/detail/x_traj__struct.hpp
[0.538s] -- Up-to-date symlink: /home/evan/UAV_ws/install/common_msgs/include/common_msgs/common_msgs/msg/detail/x_traj__traits.hpp
[0.538s] -- Up-to-date symlink: /home/evan/UAV_ws/install/common_msgs/include/common_msgs/common_msgs/msg/input.hpp
[0.539s] -- Up-to-date symlink: /home/evan/UAV_ws/install/common_msgs/include/common_msgs/common_msgs/msg/state.hpp
[0.539s] -- Up-to-date symlink: /home/evan/UAV_ws/install/common_msgs/include/common_msgs/common_msgs/msg/u_traj.hpp
[0.539s] -- Up-to-date symlink: /home/evan/UAV_ws/install/common_msgs/include/common_msgs/common_msgs/msg/x_traj.hpp
[0.539s] -- Up-to-date symlink: /home/evan/UAV_ws/install/common_msgs/include/common_msgs/common_msgs/msg/detail/input__rosidl_typesupport_fastrtps_cpp.hpp
[0.539s] -- Up-to-date symlink: /home/evan/UAV_ws/install/common_msgs/include/common_msgs/common_msgs/msg/detail/state__rosidl_typesupport_fastrtps_cpp.hpp
[0.539s] -- Up-to-date symlink: /home/evan/UAV_ws/install/common_msgs/include/common_msgs/common_msgs/msg/detail/u_traj__rosidl_typesupport_fastrtps_cpp.hpp
[0.539s] -- Up-to-date symlink: /home/evan/UAV_ws/install/common_msgs/include/common_msgs/common_msgs/msg/detail/x_traj__rosidl_typesupport_fastrtps_cpp.hpp
[0.539s] -- Up-to-date symlink: /home/evan/UAV_ws/install/common_msgs/include/common_msgs/common_msgs/msg/rosidl_typesupport_fastrtps_cpp__visibility_control.h
[0.540s] -- Up-to-date symlink: /home/evan/UAV_ws/install/common_msgs/include/common_msgs/common_msgs/msg/detail/input__rosidl_typesupport_introspection_c.h
[0.540s] -- Up-to-date symlink: /home/evan/UAV_ws/install/common_msgs/include/common_msgs/common_msgs/msg/detail/state__rosidl_typesupport_introspection_c.h
[0.540s] -- Up-to-date symlink: /home/evan/UAV_ws/install/common_msgs/include/common_msgs/common_msgs/msg/detail/u_traj__rosidl_typesupport_introspection_c.h
[0.540s] -- Up-to-date symlink: /home/evan/UAV_ws/install/common_msgs/include/common_msgs/common_msgs/msg/detail/x_traj__rosidl_typesupport_introspection_c.h
[0.540s] -- Up-to-date symlink: /home/evan/UAV_ws/install/common_msgs/include/common_msgs/common_msgs/msg/rosidl_typesupport_introspection_c__visibility_control.h
[0.540s] -- Up-to-date symlink: /home/evan/UAV_ws/install/common_msgs/include/common_msgs/common_msgs/msg/detail/input__rosidl_typesupport_introspection_cpp.hpp
[0.540s] -- Up-to-date symlink: /home/evan/UAV_ws/install/common_msgs/include/common_msgs/common_msgs/msg/detail/state__rosidl_typesupport_introspection_cpp.hpp
[0.540s] -- Up-to-date symlink: /home/evan/UAV_ws/install/common_msgs/include/common_msgs/common_msgs/msg/detail/u_traj__rosidl_typesupport_introspection_cpp.hpp
[0.541s] -- Up-to-date symlink: /home/evan/UAV_ws/install/common_msgs/include/common_msgs/common_msgs/msg/detail/x_traj__rosidl_typesupport_introspection_cpp.hpp
[0.541s] -- Up-to-date symlink: /home/evan/UAV_ws/install/common_msgs/share/common_msgs/environment/pythonpath.sh
[0.541s] -- Up-to-date symlink: /home/evan/UAV_ws/install/common_msgs/share/common_msgs/environment/pythonpath.dsv
[0.541s] -- Up-to-date symlink: /home/evan/UAV_ws/install/common_msgs/local/lib/python3.10/dist-packages/common_msgs-0.0.0-py3.10.egg-info/PKG-INFO
[0.541s] -- Up-to-date symlink: /home/evan/UAV_ws/install/common_msgs/local/lib/python3.10/dist-packages/common_msgs-0.0.0-py3.10.egg-info/SOURCES.txt
[0.542s] -- Up-to-date symlink: /home/evan/UAV_ws/install/common_msgs/local/lib/python3.10/dist-packages/common_msgs-0.0.0-py3.10.egg-info/dependency_links.txt
[0.542s] -- Up-to-date symlink: /home/evan/UAV_ws/install/common_msgs/local/lib/python3.10/dist-packages/common_msgs-0.0.0-py3.10.egg-info/top_level.txt
[0.542s] -- Up-to-date symlink: /home/evan/UAV_ws/install/common_msgs/local/lib/python3.10/dist-packages/common_msgs/__init__.py
[0.542s] -- Up-to-date symlink: /home/evan/UAV_ws/install/common_msgs/local/lib/python3.10/dist-packages/common_msgs/_common_msgs_s.ep.rosidl_typesupport_c.c
[0.542s] -- Up-to-date symlink: /home/evan/UAV_ws/install/common_msgs/local/lib/python3.10/dist-packages/common_msgs/_common_msgs_s.ep.rosidl_typesupport_fastrtps_c.c
[0.542s] -- Up-to-date symlink: /home/evan/UAV_ws/install/common_msgs/local/lib/python3.10/dist-packages/common_msgs/_common_msgs_s.ep.rosidl_typesupport_introspection_c.c
[0.542s] -- Up-to-date symlink: /home/evan/UAV_ws/install/common_msgs/local/lib/python3.10/dist-packages/common_msgs/common_msgs_s__rosidl_typesupport_c.cpython-310-x86_64-linux-gnu.so
[0.543s] -- Up-to-date symlink: /home/evan/UAV_ws/install/common_msgs/local/lib/python3.10/dist-packages/common_msgs/common_msgs_s__rosidl_typesupport_fastrtps_c.cpython-310-x86_64-linux-gnu.so
[0.543s] -- Up-to-date symlink: /home/evan/UAV_ws/install/common_msgs/local/lib/python3.10/dist-packages/common_msgs/common_msgs_s__rosidl_typesupport_introspection_c.cpython-310-x86_64-linux-gnu.so
[0.543s] -- Up-to-date symlink: /home/evan/UAV_ws/install/common_msgs/local/lib/python3.10/dist-packages/common_msgs/libcommon_msgs__rosidl_generator_py.so
[0.543s] -- Up-to-date symlink: /home/evan/UAV_ws/install/common_msgs/local/lib/python3.10/dist-packages/common_msgs/msg/__init__.py
[0.543s] -- Up-to-date symlink: /home/evan/UAV_ws/install/common_msgs/local/lib/python3.10/dist-packages/common_msgs/msg/_input.py
[0.543s] -- Up-to-date symlink: /home/evan/UAV_ws/install/common_msgs/local/lib/python3.10/dist-packages/common_msgs/msg/_input_s.c
[0.543s] -- Up-to-date symlink: /home/evan/UAV_ws/install/common_msgs/local/lib/python3.10/dist-packages/common_msgs/msg/_state.py
[0.543s] -- Up-to-date symlink: /home/evan/UAV_ws/install/common_msgs/local/lib/python3.10/dist-packages/common_msgs/msg/_state_s.c
[0.543s] -- Up-to-date symlink: /home/evan/UAV_ws/install/common_msgs/local/lib/python3.10/dist-packages/common_msgs/msg/_u_traj.py
[0.543s] -- Up-to-date symlink: /home/evan/UAV_ws/install/common_msgs/local/lib/python3.10/dist-packages/common_msgs/msg/_u_traj_s.c
[0.543s] -- Up-to-date symlink: /home/evan/UAV_ws/install/common_msgs/local/lib/python3.10/dist-packages/common_msgs/msg/_x_traj.py
[0.544s] -- Up-to-date symlink: /home/evan/UAV_ws/install/common_msgs/local/lib/python3.10/dist-packages/common_msgs/msg/_x_traj_s.c
[0.544s] -- Up-to-date symlink: /home/evan/UAV_ws/install/common_msgs/local/lib/python3.10/dist-packages/common_msgs/common_msgs_s__rosidl_typesupport_fastrtps_c.cpython-310-x86_64-linux-gnu.so
[0.544s] -- Up-to-date symlink: /home/evan/UAV_ws/install/common_msgs/local/lib/python3.10/dist-packages/common_msgs/common_msgs_s__rosidl_typesupport_introspection_c.cpython-310-x86_64-linux-gnu.so
[0.544s] -- Up-to-date symlink: /home/evan/UAV_ws/install/common_msgs/local/lib/python3.10/dist-packages/common_msgs/common_msgs_s__rosidl_typesupport_c.cpython-310-x86_64-linux-gnu.so
[0.544s] -- Up-to-date symlink: /home/evan/UAV_ws/install/common_msgs/share/common_msgs/msg/XTraj.idl
[0.544s] -- Up-to-date symlink: /home/evan/UAV_ws/install/common_msgs/share/common_msgs/msg/UTraj.idl
[0.544s] -- Up-to-date symlink: /home/evan/UAV_ws/install/common_msgs/share/common_msgs/msg/State.idl
[0.545s] -- Up-to-date symlink: /home/evan/UAV_ws/install/common_msgs/share/common_msgs/msg/Input.idl
[0.545s] -- Up-to-date symlink: /home/evan/UAV_ws/install/common_msgs/share/common_msgs/msg/XTraj.msg
[0.545s] -- Up-to-date symlink: /home/evan/UAV_ws/install/common_msgs/share/common_msgs/msg/UTraj.msg
[0.545s] -- Up-to-date symlink: /home/evan/UAV_ws/install/common_msgs/share/common_msgs/msg/State.msg
[0.545s] -- Up-to-date symlink: /home/evan/UAV_ws/install/common_msgs/share/common_msgs/msg/Input.msg
[0.545s] -- Up-to-date symlink: /home/evan/UAV_ws/install/common_msgs/share/ament_index/resource_index/package_run_dependencies/common_msgs
[0.545s] -- Up-to-date symlink: /home/evan/UAV_ws/install/common_msgs/share/ament_index/resource_index/parent_prefix_path/common_msgs
[0.545s] -- Up-to-date symlink: /home/evan/UAV_ws/install/common_msgs/share/common_msgs/environment/ament_prefix_path.sh
[0.546s] -- Up-to-date symlink: /home/evan/UAV_ws/install/common_msgs/share/common_msgs/environment/ament_prefix_path.dsv
[0.546s] -- Up-to-date symlink: /home/evan/UAV_ws/install/common_msgs/share/common_msgs/environment/path.sh
[0.546s] -- Up-to-date symlink: /home/evan/UAV_ws/install/common_msgs/share/common_msgs/environment/path.dsv
[0.546s] -- Up-to-date symlink: /home/evan/UAV_ws/install/common_msgs/share/common_msgs/local_setup.bash
[0.546s] -- Up-to-date symlink: /home/evan/UAV_ws/install/common_msgs/share/common_msgs/local_setup.sh
[0.546s] -- Up-to-date symlink: /home/evan/UAV_ws/install/common_msgs/share/common_msgs/local_setup.zsh
[0.546s] -- Up-to-date symlink: /home/evan/UAV_ws/install/common_msgs/share/common_msgs/local_setup.dsv
[0.546s] -- Symlinking: /home/evan/UAV_ws/install/common_msgs/share/common_msgs/package.dsv
[0.555s] -- Up-to-date symlink: /home/evan/UAV_ws/install/common_msgs/share/ament_index/resource_index/packages/common_msgs
[0.555s] -- Up-to-date symlink: /home/evan/UAV_ws/install/common_msgs/share/common_msgs/cmake/rosidl_cmake-extras.cmake
[0.555s] -- Up-to-date symlink: /home/evan/UAV_ws/install/common_msgs/share/common_msgs/cmake/ament_cmake_export_include_directories-extras.cmake
[0.556s] -- Up-to-date symlink: /home/evan/UAV_ws/install/common_msgs/share/common_msgs/cmake/ament_cmake_export_libraries-extras.cmake
[0.556s] -- Up-to-date symlink: /home/evan/UAV_ws/install/common_msgs/share/common_msgs/cmake/ament_cmake_export_targets-extras.cmake
[0.556s] -- Up-to-date symlink: /home/evan/UAV_ws/install/common_msgs/share/common_msgs/cmake/rosidl_cmake_export_typesupport_targets-extras.cmake
[0.556s] -- Up-to-date symlink: /home/evan/UAV_ws/install/common_msgs/share/common_msgs/cmake/ament_cmake_export_dependencies-extras.cmake
[0.556s] -- Up-to-date symlink: /home/evan/UAV_ws/install/common_msgs/share/common_msgs/cmake/rosidl_cmake_export_typesupport_libraries-extras.cmake
[0.556s] -- Up-to-date symlink: /home/evan/UAV_ws/install/common_msgs/share/common_msgs/cmake/common_msgsConfig.cmake
[0.557s] -- Up-to-date symlink: /home/evan/UAV_ws/install/common_msgs/share/common_msgs/cmake/common_msgsConfig-version.cmake
[0.557s] -- Up-to-date symlink: /home/evan/UAV_ws/install/common_msgs/share/common_msgs/package.xml
[0.557s] -- Up-to-date: /home/evan/UAV_ws/install/common_msgs/lib/libcommon_msgs__rosidl_generator_c.so
[0.558s] -- Up-to-date: /home/evan/UAV_ws/install/common_msgs/lib/libcommon_msgs__rosidl_typesupport_fastrtps_c.so
[0.558s] -- Up-to-date: /home/evan/UAV_ws/install/common_msgs/lib/libcommon_msgs__rosidl_typesupport_fastrtps_cpp.so
[0.558s] -- Up-to-date: /home/evan/UAV_ws/install/common_msgs/lib/libcommon_msgs__rosidl_typesupport_introspection_c.so
[0.559s] -- Up-to-date: /home/evan/UAV_ws/install/common_msgs/lib/libcommon_msgs__rosidl_typesupport_c.so
[0.559s] -- Up-to-date: /home/evan/UAV_ws/install/common_msgs/lib/libcommon_msgs__rosidl_typesupport_introspection_cpp.so
[0.559s] -- Up-to-date: /home/evan/UAV_ws/install/common_msgs/lib/libcommon_msgs__rosidl_typesupport_cpp.so
[0.584s] Listing '/home/evan/UAV_ws/install/common_msgs/local/lib/python3.10/dist-packages/common_msgs'...
[0.584s] Listing '/home/evan/UAV_ws/install/common_msgs/local/lib/python3.10/dist-packages/common_msgs/msg'...
[0.587s] -- Up-to-date: /home/evan/UAV_ws/install/common_msgs/lib/libcommon_msgs__rosidl_generator_py.so
[0.587s] -- Up-to-date: /home/evan/UAV_ws/install/common_msgs/share/common_msgs/cmake/export_common_msgs__rosidl_generator_cExport.cmake
[0.588s] -- Up-to-date: /home/evan/UAV_ws/install/common_msgs/share/common_msgs/cmake/export_common_msgs__rosidl_generator_cExport-debug.cmake
[0.588s] -- Up-to-date: /home/evan/UAV_ws/install/common_msgs/share/common_msgs/cmake/export_common_msgs__rosidl_typesupport_fastrtps_cExport.cmake
[0.588s] -- Up-to-date: /home/evan/UAV_ws/install/common_msgs/share/common_msgs/cmake/export_common_msgs__rosidl_typesupport_fastrtps_cExport-debug.cmake
[0.588s] -- Up-to-date: /home/evan/UAV_ws/install/common_msgs/share/common_msgs/cmake/export_common_msgs__rosidl_generator_cppExport.cmake
[0.588s] -- Up-to-date: /home/evan/UAV_ws/install/common_msgs/share/common_msgs/cmake/export_common_msgs__rosidl_typesupport_fastrtps_cppExport.cmake
[0.588s] -- Up-to-date: /home/evan/UAV_ws/install/common_msgs/share/common_msgs/cmake/export_common_msgs__rosidl_typesupport_fastrtps_cppExport-debug.cmake
[0.588s] -- Up-to-date: /home/evan/UAV_ws/install/common_msgs/share/common_msgs/cmake/common_msgs__rosidl_typesupport_introspection_cExport.cmake
[0.588s] -- Up-to-date: /home/evan/UAV_ws/install/common_msgs/share/common_msgs/cmake/common_msgs__rosidl_typesupport_introspection_cExport-debug.cmake
[0.588s] -- Up-to-date: /home/evan/UAV_ws/install/common_msgs/share/common_msgs/cmake/common_msgs__rosidl_typesupport_cExport.cmake
[0.588s] -- Up-to-date: /home/evan/UAV_ws/install/common_msgs/share/common_msgs/cmake/common_msgs__rosidl_typesupport_cExport-debug.cmake
[0.588s] -- Up-to-date: /home/evan/UAV_ws/install/common_msgs/share/common_msgs/cmake/common_msgs__rosidl_typesupport_introspection_cppExport.cmake
[0.588s] -- Up-to-date: /home/evan/UAV_ws/install/common_msgs/share/common_msgs/cmake/common_msgs__rosidl_typesupport_introspection_cppExport-debug.cmake
[0.589s] -- Up-to-date: /home/evan/UAV_ws/install/common_msgs/share/common_msgs/cmake/common_msgs__rosidl_typesupport_cppExport.cmake
[0.589s] -- Up-to-date: /home/evan/UAV_ws/install/common_msgs/share/common_msgs/cmake/common_msgs__rosidl_typesupport_cppExport-debug.cmake
[0.589s] -- Up-to-date: /home/evan/UAV_ws/install/common_msgs/share/common_msgs/cmake/export_common_msgs__rosidl_generator_pyExport.cmake
[0.589s] -- Up-to-date: /home/evan/UAV_ws/install/common_msgs/share/common_msgs/cmake/export_common_msgs__rosidl_generator_pyExport-debug.cmake
[0.591s] Invoked command in '/home/evan/UAV_ws/build/common_msgs' returned '0': CMAKE_PREFIX_PATH=/opt/ros/humble /usr/bin/cmake --install /home/evan/UAV_ws/build/common_msgs
