-- The C compiler identification is GNU 11.4.0
-- The CXX compiler identification is GNU 11.4.0
-- Detecting C compiler ABI info
-- Detecting C compiler ABI info - done
-- Check for working C compiler: /usr/bin/cc - skipped
-- Detecting C compile features
-- Detecting C compile features - done
-- Detecting CXX compiler ABI info
-- Detecting CXX compiler ABI info - done
-- Check for working CXX compiler: /usr/bin/c++ - skipped
-- Detecting CXX compile features
-- Detecting CXX compile features - done
-- Found ament_cmake: 1.3.7 (/opt/ros/humble/share/ament_cmake/cmake)
-- Found Python3: /usr/bin/python3.10 (found version "3.10.12") found components: Interpreter 
-- Override CMake install command with custom implementation using symlinks instead of copying resources
-- Found rclcpp: 16.0.8 (/opt/ros/humble/share/rclcpp/cmake)
-- Found rosidl_generator_c: 3.1.5 (/opt/ros/humble/share/rosidl_generator_c/cmake)
-- Found rosidl_adapter: 3.1.5 (/opt/ros/humble/share/rosidl_adapter/cmake)
-- Found rosidl_generator_cpp: 3.1.5 (/opt/ros/humble/share/rosidl_generator_cpp/cmake)
-- Using all available rosidl_typesupport_c: rosidl_typesupport_fastrtps_c;rosidl_typesupport_introspection_c
-- Using all available rosidl_typesupport_cpp: rosidl_typesupport_fastrtps_cpp;rosidl_typesupport_introspection_cpp
-- Found rmw_implementation_cmake: 6.1.1 (/opt/ros/humble/share/rmw_implementation_cmake/cmake)
-- Found rmw_fastrtps_cpp: 6.2.6 (/opt/ros/humble/share/rmw_fastrtps_cpp/cmake)
-- Found OpenSSL: /usr/lib/x86_64-linux-gnu/libcrypto.so (found version "3.0.2")  
-- Found FastRTPS: /opt/ros/humble/include  
-- Using RMW implementation 'rmw_fastrtps_cpp' as default
-- Looking for pthread.h
-- Looking for pthread.h - found
-- Performing Test CMAKE_HAVE_LIBC_PTHREAD
-- Performing Test CMAKE_HAVE_LIBC_PTHREAD - Success
-- Found Threads: TRUE  
-- Found Git: /usr/bin/git (found version "2.34.1") 
-- ASIO include directory: /home/evan/UAV_ws/src/libs/libs/asio/src/asio/asio/include
-- CEREAL include directory: /home/evan/UAV_ws/src/libs/libs/cereal/src/cereal/include
-- Configuring done
-- Generating done
-- Build files have been written to: /home/evan/UAV_ws/build/libs
[ 19%] [32mBuilding C object CMakeFiles/grampc.dir/src/grampc_fixedsize.c.o[0m
[ 19%] [32mBuilding C object CMakeFiles/grampc.dir/src/grampc_run.c.o[0m
[ 19%] [34m[1mCompleted 'asio'[0m
[ 19%] [32mBuilding C object CMakeFiles/grampc.dir/src/grampc_mess.c.o[0m
[ 21%] [34m[1mCompleted 'sha'[0m
[ 21%] [32mBuilding C object CMakeFiles/grampc.dir/src/eulermod2.c.o[0m
[ 19%] [32mBuilding C object CMakeFiles/grampc.dir/src/euler1.c.o[0m
[ 23%] [32mBuilding C object CMakeFiles/grampc.dir/src/grampc_setopt.c.o[0m
[ 26%] [32mBuilding C object CMakeFiles/grampc.dir/src/grampc_alloc.c.o[0m
[ 30%] [32mBuilding C object CMakeFiles/grampc.dir/src/grampc_util.c.o[0m
[ 30%] [32mBuilding C object CMakeFiles/grampc.dir/src/grampc_setparam.c.o[0m
[ 33%] [32mBuilding C object CMakeFiles/grampc.dir/src/heun2.c.o[0m
[ 19%] [34m[1mCompleted 'cereal'[0m
[ 19%] [32mBuilding C object CMakeFiles/grampc.dir/src/grampc_init.c.o[0m
[ 38%] [32mBuilding C object CMakeFiles/grampc.dir/src/ruku45.c.o[0m
[ 38%] [32mBuilding C object CMakeFiles/grampc.dir/src/rodas.c.o[0m
[ 40%] [32mBuilding C object CMakeFiles/grampc.dir/src/simpson.c.o[0m
[ 57%] Built target asio
[ 73%] Built target cereal
[ 76%] [32mBuilding C object CMakeFiles/grampc.dir/src/trapezodial.c.o[0m
[ 78%] [32mBuilding CXX object CMakeFiles/grampc.dir/src/problem_description.cpp.o[0m
[ 80%] [32mBuilding CXX object CMakeFiles/grampc.dir/src/grampc.cpp.o[0m
[ 97%] Built target sha
[100%] [32m[1mLinking CXX static library libgrampc.a[0m
[100%] Built target grampc
-- Install configuration: "Debug"
-- Execute custom install script
-- Symlinking: /home/evan/UAV_ws/install/libs/share/libs/environment/library_path.sh
-- Symlinking: /home/evan/UAV_ws/install/libs/share/libs/environment/library_path.dsv
-- Symlinking: /home/evan/UAV_ws/install/libs/include/libs/euler1.h
-- Symlinking: /home/evan/UAV_ws/install/libs/include/libs/eulermod2.h
-- Symlinking: /home/evan/UAV_ws/install/libs/include/libs/f2cmod.h
-- Symlinking: /home/evan/UAV_ws/install/libs/include/libs/grampc.h
-- Symlinking: /home/evan/UAV_ws/install/libs/include/libs/grampc.hpp
-- Symlinking: /home/evan/UAV_ws/install/libs/include/libs/grampc_alloc.h
-- Symlinking: /home/evan/UAV_ws/install/libs/include/libs/grampc_fixedsize.h
-- Symlinking: /home/evan/UAV_ws/install/libs/include/libs/grampc_init.h
-- Symlinking: /home/evan/UAV_ws/install/libs/include/libs/grampc_macro.h
-- Symlinking: /home/evan/UAV_ws/install/libs/include/libs/grampc_mess.h
-- Symlinking: /home/evan/UAV_ws/install/libs/include/libs/grampc_run.h
-- Symlinking: /home/evan/UAV_ws/install/libs/include/libs/grampc_setopt.h
-- Symlinking: /home/evan/UAV_ws/install/libs/include/libs/grampc_setparam.h
-- Symlinking: /home/evan/UAV_ws/install/libs/include/libs/grampc_util.h
-- Symlinking: /home/evan/UAV_ws/install/libs/include/libs/heun2.h
-- Symlinking: /home/evan/UAV_ws/install/libs/include/libs/probfct.h
-- Symlinking: /home/evan/UAV_ws/install/libs/include/libs/problem_description.hpp
-- Symlinking: /home/evan/UAV_ws/install/libs/include/libs/rodas.h
-- Symlinking: /home/evan/UAV_ws/install/libs/include/libs/rodas_decsol_f2c.h
-- Symlinking: /home/evan/UAV_ws/install/libs/include/libs/ruku45.h
-- Symlinking: /home/evan/UAV_ws/install/libs/include/libs/simpson.h
-- Symlinking: /home/evan/UAV_ws/install/libs/include/libs/trapezodial.h
-- Symlinking: /home/evan/UAV_ws/install/libs/share/ament_index/resource_index/package_run_dependencies/libs
-- Symlinking: /home/evan/UAV_ws/install/libs/share/ament_index/resource_index/parent_prefix_path/libs
-- Symlinking: /home/evan/UAV_ws/install/libs/share/libs/environment/ament_prefix_path.sh
-- Symlinking: /home/evan/UAV_ws/install/libs/share/libs/environment/ament_prefix_path.dsv
-- Symlinking: /home/evan/UAV_ws/install/libs/share/libs/environment/path.sh
-- Symlinking: /home/evan/UAV_ws/install/libs/share/libs/environment/path.dsv
-- Symlinking: /home/evan/UAV_ws/install/libs/share/libs/local_setup.bash
-- Symlinking: /home/evan/UAV_ws/install/libs/share/libs/local_setup.sh
-- Symlinking: /home/evan/UAV_ws/install/libs/share/libs/local_setup.zsh
-- Symlinking: /home/evan/UAV_ws/install/libs/share/libs/local_setup.dsv
-- Symlinking: /home/evan/UAV_ws/install/libs/share/libs/package.dsv
-- Symlinking: /home/evan/UAV_ws/install/libs/share/ament_index/resource_index/packages/libs
-- Symlinking: /home/evan/UAV_ws/install/libs/share/libs/cmake/ament_cmake_export_targets-extras.cmake
-- Symlinking: /home/evan/UAV_ws/install/libs/share/libs/cmake/libsConfig.cmake
-- Symlinking: /home/evan/UAV_ws/install/libs/share/libs/cmake/libsConfig-version.cmake
-- Symlinking: /home/evan/UAV_ws/install/libs/share/libs/package.xml
-- Installing: /home/evan/UAV_ws/install/libs/lib/libgrampc.a
-- Installing: /home/evan/UAV_ws/install/libs/share/libs/cmake/grampcExport.cmake
-- Installing: /home/evan/UAV_ws/install/libs/share/libs/cmake/grampcExport-debug.cmake
