-- The C compiler identification is GNU 11.4.0
-- The CXX compiler identification is GNU 11.4.0
-- Detecting C compiler ABI info
-- Detecting C compiler ABI info - done
-- Check for working C compiler: /usr/bin/cc - skipped
-- Detecting C compile features
-- Detecting C compile features - done
-- Detecting CXX compiler ABI info
-- Detecting CXX compiler ABI info - done
-- Check for working CXX compiler: /usr/bin/c++ - skipped
-- Detecting CXX compile features
-- Detecting CXX compile features - done
-- Found ament_cmake: 1.3.7 (/opt/ros/humble/share/ament_cmake/cmake)
-- Found Python3: /usr/bin/python3.10 (found version "3.10.12") found components: Interpreter 
-- Override CMake install command with custom implementation using symlinks instead of copying resources
-- Found rclcpp: 16.0.8 (/opt/ros/humble/share/rclcpp/cmake)
-- Found rosidl_generator_c: 3.1.5 (/opt/ros/humble/share/rosidl_generator_c/cmake)
-- Found rosidl_adapter: 3.1.5 (/opt/ros/humble/share/rosidl_adapter/cmake)
-- Found rosidl_generator_cpp: 3.1.5 (/opt/ros/humble/share/rosidl_generator_cpp/cmake)
-- Using all available rosidl_typesupport_c: rosidl_typesupport_fastrtps_c;rosidl_typesupport_introspection_c
-- Using all available rosidl_typesupport_cpp: rosidl_typesupport_fastrtps_cpp;rosidl_typesupport_introspection_cpp
-- Found rmw_implementation_cmake: 6.1.1 (/opt/ros/humble/share/rmw_implementation_cmake/cmake)
-- Found rmw_fastrtps_cpp: 6.2.6 (/opt/ros/humble/share/rmw_fastrtps_cpp/cmake)
-- Found OpenSSL: /usr/lib/x86_64-linux-gnu/libcrypto.so (found version "3.0.2")  
-- Found FastRTPS: /opt/ros/humble/include  
-- Using RMW implementation 'rmw_fastrtps_cpp' as default
-- Looking for pthread.h
-- Looking for pthread.h - found
-- Performing Test CMAKE_HAVE_LIBC_PTHREAD
-- Performing Test CMAKE_HAVE_LIBC_PTHREAD - Success
-- Found Threads: TRUE  
-- Found libs: 0.0.0 (/home/evan/UAV_ws/install/libs/share/libs/cmake)
-- Found grampc-d: 0.0.0 (/home/evan/UAV_ws/install/grampc-d/share/grampc-d/cmake)
-- Found common_msgs: 0.0.0 (/home/evan/UAV_ws/install/common_msgs/share/common_msgs/cmake)
-- Found ament_lint_auto: 0.12.10 (/opt/ros/humble/share/ament_lint_auto/cmake)
-- Added test 'cppcheck' to perform static code analysis on C / C++ code
-- Configured cppcheck include dirs: 
-- Configured cppcheck exclude dirs and/or files: 
-- Added test 'lint_cmake' to check CMake code style
-- Added test 'uncrustify' to check C / C++ code style
-- Configured uncrustify additional arguments: 
-- Added test 'xmllint' to check XML markup files
-- Configuring done
-- Generating done
-- Build files have been written to: /home/evan/UAV_ws/build/mpc_node
[ 50%] [32mBuilding CXX object CMakeFiles/mpc_node_exe.dir/src/mpc_node.cpp.o[0m
[01m[K/home/evan/UAV_ws/src/mpc_node/src/mpc_node.cpp:[m[K In member function ‘[01m[Kvoid ControlNode::compute_and_publish_input(common_msgs::msg::State_<std::allocator<void> >::SharedPtr)[m[K’:
[01m[K/home/evan/UAV_ws/src/mpc_node/src/mpc_node.cpp:72:18:[m[K [01;35m[Kwarning: [m[KISO C++ forbids variable length array ‘[01m[Kmodel_parameters[m[K’ [[01;35m[K]8;;https://gcc.gnu.org/onlinedocs/gcc/Warning-Options.html#index-Wvla-Wvla]8;;[m[K]
   72 |         typeRNum [01;35m[Kmodel_parameters[m[K[num_xtraj + num_utraj + 2];
      |                  [01;35m[K^~~~~~~~~~~~~~~~[m[K
[01m[K/home/evan/UAV_ws/src/mpc_node/src/mpc_node.cpp:84:14:[m[K [01;35m[Kwarning: [m[Kunused variable ‘[01m[Kfo[m[K’ [[01;35m[K]8;;https://gcc.gnu.org/onlinedocs/gcc/Warning-Options.html#index-Wunused-variable-Wunused-variable]8;;[m[K]
   84 |         bool [01;35m[Kfo[m[K = file.is_open();
      |              [01;35m[K^~[m[K
[100%] [32m[1mLinking CXX executable mpc_node_exe[0m
[100%] Built target mpc_node_exe
-- Install configuration: "Debug"
-- Execute custom install script
-- Symlinking: /home/evan/UAV_ws/install/mpc_node/lib/mpc_node/mpc_node_exe
-- Symlinking: /home/evan/UAV_ws/install/mpc_node/share/ament_index/resource_index/package_run_dependencies/mpc_node
-- Symlinking: /home/evan/UAV_ws/install/mpc_node/share/ament_index/resource_index/parent_prefix_path/mpc_node
-- Symlinking: /home/evan/UAV_ws/install/mpc_node/share/mpc_node/environment/ament_prefix_path.sh
-- Symlinking: /home/evan/UAV_ws/install/mpc_node/share/mpc_node/environment/ament_prefix_path.dsv
-- Symlinking: /home/evan/UAV_ws/install/mpc_node/share/mpc_node/environment/path.sh
-- Symlinking: /home/evan/UAV_ws/install/mpc_node/share/mpc_node/environment/path.dsv
-- Symlinking: /home/evan/UAV_ws/install/mpc_node/share/mpc_node/local_setup.bash
-- Symlinking: /home/evan/UAV_ws/install/mpc_node/share/mpc_node/local_setup.sh
-- Symlinking: /home/evan/UAV_ws/install/mpc_node/share/mpc_node/local_setup.zsh
-- Symlinking: /home/evan/UAV_ws/install/mpc_node/share/mpc_node/local_setup.dsv
-- Symlinking: /home/evan/UAV_ws/install/mpc_node/share/mpc_node/package.dsv
-- Symlinking: /home/evan/UAV_ws/install/mpc_node/share/ament_index/resource_index/packages/mpc_node
-- Symlinking: /home/evan/UAV_ws/install/mpc_node/share/mpc_node/cmake/mpc_nodeConfig.cmake
-- Symlinking: /home/evan/UAV_ws/install/mpc_node/share/mpc_node/cmake/mpc_nodeConfig-version.cmake
-- Symlinking: /home/evan/UAV_ws/install/mpc_node/share/mpc_node/package.xml
