[19.717s] DEBUG:colcon:Command line arguments: ['/usr/local/bin/colcon', 'build', '--packages-select', 'simulator_node', '--cmake-clean-cache']
[19.717s] DEBUG:colcon:Parsed command line arguments: Namespace(allow_overriding=[], ament_cmake_args=None, base_paths=['.'], build_base='build', catkin_cmake_args=None, catkin_skip_building_tests=False, cmake_args=None, cmake_clean_cache=True, cmake_clean_first=False, cmake_force_configure=False, cmake_target=None, cmake_target_skip_unavailable=False, continue_on_error=False, event_handlers=None, executor='parallel', ignore_user_meta=False, install_base='install', log_base=None, log_level=None, main=<bound method BuildVerb.main of <colcon_core.verb.build.BuildVerb object at 0xfffface8b220>>, merge_install=False, metas=['./colcon.meta'], packages_above=None, packages_above_and_dependencies=None, packages_above_depth=None, packages_end=None, packages_ignore=None, packages_ignore_regex=None, packages_select=['simulator_node'], packages_select_build_failed=False, packages_select_by_dep=None, packages_select_regex=None, packages_select_test_failures=False, packages_skip=None, packages_skip_build_finished=False, packages_skip_by_dep=None, packages_skip_regex=None, packages_skip_test_passed=False, packages_skip_up_to=None, packages_start=None, packages_up_to=None, packages_up_to_regex=None, parallel_workers=4, paths=None, symlink_install=False, test_result_base=None, verb_extension=<colcon_core.verb.build.BuildVerb object at 0xfffface8b220>, verb_name='build', verb_parser=<colcon_defaults.argument_parser.defaults.DefaultArgumentsDecorator object at 0xfffface8be80>)
[20.587s] Level 1:colcon.colcon_core.package_discovery:discover_packages(colcon_meta) check parameters
[20.587s] Level 1:colcon.colcon_core.package_discovery:discover_packages(recursive) check parameters
[20.587s] Level 1:colcon.colcon_core.package_discovery:discover_packages(ignore) check parameters
[20.588s] Level 1:colcon.colcon_core.package_discovery:discover_packages(path) check parameters
[20.588s] Level 1:colcon.colcon_core.package_discovery:discover_packages(colcon_meta) discover
[20.588s] Level 1:colcon.colcon_core.package_discovery:discover_packages(recursive) discover
[20.588s] INFO:colcon.colcon_core.package_discovery:Crawling recursively for packages in '/home/ubuntu/UAV_ws'
[20.588s] Level 1:colcon.colcon_core.package_identification:_identify(.) by extensions ['ignore', 'ignore_ament_install']
[20.589s] Level 1:colcon.colcon_core.package_identification:_identify(.) by extension 'ignore'
[20.589s] Level 1:colcon.colcon_core.package_identification:_identify(.) by extension 'ignore_ament_install'
[20.589s] Level 1:colcon.colcon_core.package_identification:_identify(.) by extensions ['colcon_pkg']
[20.589s] Level 1:colcon.colcon_core.package_identification:_identify(.) by extension 'colcon_pkg'
[20.589s] Level 1:colcon.colcon_core.package_identification:_identify(.) by extensions ['colcon_meta']
[20.590s] Level 1:colcon.colcon_core.package_identification:_identify(.) by extension 'colcon_meta'
[20.590s] Level 1:colcon.colcon_core.package_identification:_identify(.) by extensions ['ros']
[20.590s] Level 1:colcon.colcon_core.package_identification:_identify(.) by extension 'ros'
[20.644s] Level 1:colcon.colcon_core.package_identification:_identify(.) by extensions ['cmake', 'python']
[20.644s] Level 1:colcon.colcon_core.package_identification:_identify(.) by extension 'cmake'
[20.644s] Level 1:colcon.colcon_core.package_identification:_identify(.) by extension 'python'
[20.644s] Level 1:colcon.colcon_core.package_identification:_identify(.) by extensions ['python_setup_py']
[20.644s] Level 1:colcon.colcon_core.package_identification:_identify(.) by extension 'python_setup_py'
[20.645s] Level 1:colcon.colcon_core.package_identification:_identify(build) by extensions ['ignore', 'ignore_ament_install']
[20.645s] Level 1:colcon.colcon_core.package_identification:_identify(build) by extension 'ignore'
[20.646s] Level 1:colcon.colcon_core.package_identification:_identify(build) ignored
[20.646s] Level 1:colcon.colcon_core.package_identification:_identify(install) by extensions ['ignore', 'ignore_ament_install']
[20.646s] Level 1:colcon.colcon_core.package_identification:_identify(install) by extension 'ignore'
[20.647s] Level 1:colcon.colcon_core.package_identification:_identify(install) ignored
[20.648s] Level 1:colcon.colcon_core.package_identification:_identify(log) by extensions ['ignore', 'ignore_ament_install']
[20.648s] Level 1:colcon.colcon_core.package_identification:_identify(log) by extension 'ignore'
[20.648s] Level 1:colcon.colcon_core.package_identification:_identify(log) ignored
[20.652s] Level 1:colcon.colcon_core.package_identification:_identify(my_bag_folder) by extensions ['ignore', 'ignore_ament_install']
[20.652s] Level 1:colcon.colcon_core.package_identification:_identify(my_bag_folder) by extension 'ignore'
[20.652s] Level 1:colcon.colcon_core.package_identification:_identify(my_bag_folder) by extension 'ignore_ament_install'
[20.652s] Level 1:colcon.colcon_core.package_identification:_identify(my_bag_folder) by extensions ['colcon_pkg']
[20.653s] Level 1:colcon.colcon_core.package_identification:_identify(my_bag_folder) by extension 'colcon_pkg'
[20.653s] Level 1:colcon.colcon_core.package_identification:_identify(my_bag_folder) by extensions ['colcon_meta']
[20.653s] Level 1:colcon.colcon_core.package_identification:_identify(my_bag_folder) by extension 'colcon_meta'
[20.653s] Level 1:colcon.colcon_core.package_identification:_identify(my_bag_folder) by extensions ['ros']
[20.653s] Level 1:colcon.colcon_core.package_identification:_identify(my_bag_folder) by extension 'ros'
[20.653s] Level 1:colcon.colcon_core.package_identification:_identify(my_bag_folder) by extensions ['cmake', 'python']
[20.654s] Level 1:colcon.colcon_core.package_identification:_identify(my_bag_folder) by extension 'cmake'
[20.654s] Level 1:colcon.colcon_core.package_identification:_identify(my_bag_folder) by extension 'python'
[20.654s] Level 1:colcon.colcon_core.package_identification:_identify(my_bag_folder) by extensions ['python_setup_py']
[20.654s] Level 1:colcon.colcon_core.package_identification:_identify(my_bag_folder) by extension 'python_setup_py'
[20.655s] Level 1:colcon.colcon_core.package_identification:_identify(src) by extensions ['ignore', 'ignore_ament_install']
[20.655s] Level 1:colcon.colcon_core.package_identification:_identify(src) by extension 'ignore'
[20.655s] Level 1:colcon.colcon_core.package_identification:_identify(src) by extension 'ignore_ament_install'
[20.655s] Level 1:colcon.colcon_core.package_identification:_identify(src) by extensions ['colcon_pkg']
[20.655s] Level 1:colcon.colcon_core.package_identification:_identify(src) by extension 'colcon_pkg'
[20.656s] Level 1:colcon.colcon_core.package_identification:_identify(src) by extensions ['colcon_meta']
[20.656s] Level 1:colcon.colcon_core.package_identification:_identify(src) by extension 'colcon_meta'
[20.656s] Level 1:colcon.colcon_core.package_identification:_identify(src) by extensions ['ros']
[20.656s] Level 1:colcon.colcon_core.package_identification:_identify(src) by extension 'ros'
[20.656s] Level 1:colcon.colcon_core.package_identification:_identify(src) by extensions ['cmake', 'python']
[20.657s] Level 1:colcon.colcon_core.package_identification:_identify(src) by extension 'cmake'
[20.657s] Level 1:colcon.colcon_core.package_identification:_identify(src) by extension 'python'
[20.657s] Level 1:colcon.colcon_core.package_identification:_identify(src) by extensions ['python_setup_py']
[20.657s] Level 1:colcon.colcon_core.package_identification:_identify(src) by extension 'python_setup_py'
[20.658s] Level 1:colcon.colcon_core.package_identification:_identify(src/common_msgs) by extensions ['ignore', 'ignore_ament_install']
[20.659s] Level 1:colcon.colcon_core.package_identification:_identify(src/common_msgs) by extension 'ignore'
[20.659s] Level 1:colcon.colcon_core.package_identification:_identify(src/common_msgs) by extension 'ignore_ament_install'
[20.659s] Level 1:colcon.colcon_core.package_identification:_identify(src/common_msgs) by extensions ['colcon_pkg']
[20.659s] Level 1:colcon.colcon_core.package_identification:_identify(src/common_msgs) by extension 'colcon_pkg'
[20.659s] Level 1:colcon.colcon_core.package_identification:_identify(src/common_msgs) by extensions ['colcon_meta']
[20.660s] Level 1:colcon.colcon_core.package_identification:_identify(src/common_msgs) by extension 'colcon_meta'
[20.660s] Level 1:colcon.colcon_core.package_identification:_identify(src/common_msgs) by extensions ['ros']
[20.660s] Level 1:colcon.colcon_core.package_identification:_identify(src/common_msgs) by extension 'ros'
[20.673s] DEBUG:colcon.colcon_core.package_identification:Package 'src/common_msgs' with type 'ros.ament_cmake' and name 'common_msgs'
[20.674s] Level 1:colcon.colcon_core.package_identification:_identify(src/grampc-d) by extensions ['ignore', 'ignore_ament_install']
[20.674s] Level 1:colcon.colcon_core.package_identification:_identify(src/grampc-d) by extension 'ignore'
[20.674s] Level 1:colcon.colcon_core.package_identification:_identify(src/grampc-d) by extension 'ignore_ament_install'
[20.675s] Level 1:colcon.colcon_core.package_identification:_identify(src/grampc-d) by extensions ['colcon_pkg']
[20.675s] Level 1:colcon.colcon_core.package_identification:_identify(src/grampc-d) by extension 'colcon_pkg'
[20.675s] Level 1:colcon.colcon_core.package_identification:_identify(src/grampc-d) by extensions ['colcon_meta']
[20.675s] Level 1:colcon.colcon_core.package_identification:_identify(src/grampc-d) by extension 'colcon_meta'
[20.676s] Level 1:colcon.colcon_core.package_identification:_identify(src/grampc-d) by extensions ['ros']
[20.676s] Level 1:colcon.colcon_core.package_identification:_identify(src/grampc-d) by extension 'ros'
[20.679s] DEBUG:colcon.colcon_core.package_identification:Package 'src/grampc-d' with type 'ros.ament_cmake' and name 'grampc-d'
[20.680s] Level 1:colcon.colcon_core.package_identification:_identify(src/libs) by extensions ['ignore', 'ignore_ament_install']
[20.680s] Level 1:colcon.colcon_core.package_identification:_identify(src/libs) by extension 'ignore'
[20.681s] Level 1:colcon.colcon_core.package_identification:_identify(src/libs) by extension 'ignore_ament_install'
[20.681s] Level 1:colcon.colcon_core.package_identification:_identify(src/libs) by extensions ['colcon_pkg']
[20.681s] Level 1:colcon.colcon_core.package_identification:_identify(src/libs) by extension 'colcon_pkg'
[20.681s] Level 1:colcon.colcon_core.package_identification:_identify(src/libs) by extensions ['colcon_meta']
[20.681s] Level 1:colcon.colcon_core.package_identification:_identify(src/libs) by extension 'colcon_meta'
[20.682s] Level 1:colcon.colcon_core.package_identification:_identify(src/libs) by extensions ['ros']
[20.682s] Level 1:colcon.colcon_core.package_identification:_identify(src/libs) by extension 'ros'
[20.684s] DEBUG:colcon.colcon_core.package_identification:Package 'src/libs' with type 'ros.ament_cmake' and name 'libs'
[20.685s] Level 1:colcon.colcon_core.package_identification:_identify(src/mpc_node) by extensions ['ignore', 'ignore_ament_install']
[20.685s] Level 1:colcon.colcon_core.package_identification:_identify(src/mpc_node) by extension 'ignore'
[20.686s] Level 1:colcon.colcon_core.package_identification:_identify(src/mpc_node) by extension 'ignore_ament_install'
[20.686s] Level 1:colcon.colcon_core.package_identification:_identify(src/mpc_node) by extensions ['colcon_pkg']
[20.686s] Level 1:colcon.colcon_core.package_identification:_identify(src/mpc_node) by extension 'colcon_pkg'
[20.686s] Level 1:colcon.colcon_core.package_identification:_identify(src/mpc_node) by extensions ['colcon_meta']
[20.686s] Level 1:colcon.colcon_core.package_identification:_identify(src/mpc_node) by extension 'colcon_meta'
[20.687s] Level 1:colcon.colcon_core.package_identification:_identify(src/mpc_node) by extensions ['ros']
[20.687s] Level 1:colcon.colcon_core.package_identification:_identify(src/mpc_node) by extension 'ros'
[20.690s] DEBUG:colcon.colcon_core.package_identification:Package 'src/mpc_node' with type 'ros.ament_cmake' and name 'mpc_node'
[20.691s] Level 1:colcon.colcon_core.package_identification:_identify(src/simulator_node) by extensions ['ignore', 'ignore_ament_install']
[20.691s] Level 1:colcon.colcon_core.package_identification:_identify(src/simulator_node) by extension 'ignore'
[20.692s] Level 1:colcon.colcon_core.package_identification:_identify(src/simulator_node) by extension 'ignore_ament_install'
[20.692s] Level 1:colcon.colcon_core.package_identification:_identify(src/simulator_node) by extensions ['colcon_pkg']
[20.692s] Level 1:colcon.colcon_core.package_identification:_identify(src/simulator_node) by extension 'colcon_pkg'
[20.692s] Level 1:colcon.colcon_core.package_identification:_identify(src/simulator_node) by extensions ['colcon_meta']
[20.692s] Level 1:colcon.colcon_core.package_identification:_identify(src/simulator_node) by extension 'colcon_meta'
[20.692s] Level 1:colcon.colcon_core.package_identification:_identify(src/simulator_node) by extensions ['ros']
[20.693s] Level 1:colcon.colcon_core.package_identification:_identify(src/simulator_node) by extension 'ros'
[20.696s] DEBUG:colcon.colcon_core.package_identification:Package 'src/simulator_node' with type 'ros.ament_cmake' and name 'simulator_node'
[20.697s] Level 1:colcon.colcon_core.package_identification:_identify(src/uav_launch) by extensions ['ignore', 'ignore_ament_install']
[20.697s] Level 1:colcon.colcon_core.package_identification:_identify(src/uav_launch) by extension 'ignore'
[20.698s] Level 1:colcon.colcon_core.package_identification:_identify(src/uav_launch) by extension 'ignore_ament_install'
[20.698s] Level 1:colcon.colcon_core.package_identification:_identify(src/uav_launch) by extensions ['colcon_pkg']
[20.698s] Level 1:colcon.colcon_core.package_identification:_identify(src/uav_launch) by extension 'colcon_pkg'
[20.698s] Level 1:colcon.colcon_core.package_identification:_identify(src/uav_launch) by extensions ['colcon_meta']
[20.698s] Level 1:colcon.colcon_core.package_identification:_identify(src/uav_launch) by extension 'colcon_meta'
[20.699s] Level 1:colcon.colcon_core.package_identification:_identify(src/uav_launch) by extensions ['ros']
[20.699s] Level 1:colcon.colcon_core.package_identification:_identify(src/uav_launch) by extension 'ros'
[20.701s] DEBUG:colcon.colcon_core.package_identification:Package 'src/uav_launch' with type 'ros.ament_cmake' and name 'uav_launch'
[20.702s] Level 1:colcon.colcon_core.package_discovery:discover_packages(recursive) using defaults
[20.702s] Level 1:colcon.colcon_core.package_discovery:discover_packages(ignore) discover
[20.702s] Level 1:colcon.colcon_core.package_discovery:discover_packages(ignore) using defaults
[20.702s] Level 1:colcon.colcon_core.package_discovery:discover_packages(path) discover
[20.702s] Level 1:colcon.colcon_core.package_discovery:discover_packages(path) using defaults
[21.775s] INFO:colcon.colcon_core.package_selection:Skipping not selected package 'common_msgs' in 'src/common_msgs'
[21.776s] INFO:colcon.colcon_core.package_selection:Skipping not selected package 'libs' in 'src/libs'
[21.776s] INFO:colcon.colcon_core.package_selection:Skipping not selected package 'uav_launch' in 'src/uav_launch'
[21.776s] INFO:colcon.colcon_core.package_selection:Skipping not selected package 'grampc-d' in 'src/grampc-d'
[21.776s] INFO:colcon.colcon_core.package_selection:Skipping not selected package 'mpc_node' in 'src/mpc_node'
[22.446s] Level 1:colcon.colcon_core.package_discovery:discover_packages(prefix_path) check parameters
[22.447s] Level 1:colcon.colcon_core.package_discovery:discover_packages(prefix_path) discover
[23.123s] DEBUG:colcon.colcon_installed_package_information.package_discovery:Found 6 installed packages in /home/ubuntu/UAV_ws/install
[23.464s] DEBUG:colcon.colcon_installed_package_information.package_discovery:Found 256 installed packages in /opt/ros/foxy
[23.470s] Level 1:colcon.colcon_core.package_discovery:discover_packages(prefix_path) using defaults
[24.343s] Level 5:colcon.colcon_core.verb:set package 'simulator_node' build argument 'cmake_args' from command line to 'None'
[24.343s] Level 5:colcon.colcon_core.verb:set package 'simulator_node' build argument 'cmake_target' from command line to 'None'
[24.343s] Level 5:colcon.colcon_core.verb:set package 'simulator_node' build argument 'cmake_target_skip_unavailable' from command line to 'False'
[24.343s] Level 5:colcon.colcon_core.verb:set package 'simulator_node' build argument 'cmake_clean_cache' from command line to 'True'
[24.344s] Level 5:colcon.colcon_core.verb:set package 'simulator_node' build argument 'cmake_clean_first' from command line to 'False'
[24.344s] Level 5:colcon.colcon_core.verb:set package 'simulator_node' build argument 'cmake_force_configure' from command line to 'False'
[24.344s] Level 5:colcon.colcon_core.verb:set package 'simulator_node' build argument 'ament_cmake_args' from command line to 'None'
[24.344s] Level 5:colcon.colcon_core.verb:set package 'simulator_node' build argument 'catkin_cmake_args' from command line to 'None'
[24.344s] Level 5:colcon.colcon_core.verb:set package 'simulator_node' build argument 'catkin_skip_building_tests' from command line to 'False'
[24.344s] DEBUG:colcon.colcon_core.verb:Building package 'simulator_node' with the following arguments: {'ament_cmake_args': None, 'build_base': '/home/ubuntu/UAV_ws/build/simulator_node', 'catkin_cmake_args': None, 'catkin_skip_building_tests': False, 'cmake_args': None, 'cmake_clean_cache': True, 'cmake_clean_first': False, 'cmake_force_configure': False, 'cmake_target': None, 'cmake_target_skip_unavailable': False, 'install_base': '/home/ubuntu/UAV_ws/install/simulator_node', 'merge_install': False, 'path': '/home/ubuntu/UAV_ws/src/simulator_node', 'symlink_install': False, 'test_result_base': None}
[24.678s] INFO:colcon.colcon_core.executor:Executing jobs using 'parallel' executor
[25.015s] DEBUG:colcon.colcon_parallel_executor.executor.parallel:run_until_complete
[25.016s] INFO:colcon.colcon_ros.task.ament_cmake.build:Building ROS package in '/home/ubuntu/UAV_ws/src/simulator_node' with build type 'ament_cmake'
[25.017s] INFO:colcon.colcon_cmake.task.cmake.build:Building CMake package in '/home/ubuntu/UAV_ws/src/simulator_node'
[25.366s] INFO:colcon.colcon_core.plugin_system:Skipping extension 'colcon_core.shell.bat': Not used on non-Windows systems
[25.366s] INFO:colcon.colcon_core.shell:Skip shell extension 'powershell' for command environment: Not usable outside of PowerShell
[25.367s] DEBUG:colcon.colcon_core.shell:Skip shell extension 'dsv' for command environment
[26.466s] DEBUG:colcon.colcon_core.event_handler.log_command:Invoking command in '/home/ubuntu/UAV_ws/build/simulator_node': CMAKE_PREFIX_PATH=/home/ubuntu/UAV_ws/install/grampc-d:/home/ubuntu/UAV_ws/install/libs:/home/ubuntu/UAV_ws/install/common_msgs:/home/ubuntu/UAV_ws/install/uav_launch:/home/ubuntu/UAV_ws/install/simulator_node:/home/ubuntu/UAV_ws/install/mpc_node:/opt/ros/foxy LD_LIBRARY_PATH=/home/ubuntu/UAV_ws/install/common_msgs/lib:/home/ubuntu/UAV_ws/install/grampc-d/lib:/home/ubuntu/UAV_ws/install/libs/lib:/opt/ros/foxy/opt/yaml_cpp_vendor/lib:/opt/ros/foxy/opt/rviz_ogre_vendor/lib:/opt/ros/foxy/lib/aarch64-linux-gnu:/opt/ros/foxy/lib /usr/bin/cmake /home/ubuntu/UAV_ws/src/simulator_node -DCMAKE_INSTALL_PREFIX=/home/ubuntu/UAV_ws/install/simulator_node
[35.768s] DEBUG:colcon.colcon_core.event_handler.log_command:Invoked command in '/home/ubuntu/UAV_ws/build/simulator_node' returned '0': CMAKE_PREFIX_PATH=/home/ubuntu/UAV_ws/install/grampc-d:/home/ubuntu/UAV_ws/install/libs:/home/ubuntu/UAV_ws/install/common_msgs:/home/ubuntu/UAV_ws/install/uav_launch:/home/ubuntu/UAV_ws/install/simulator_node:/home/ubuntu/UAV_ws/install/mpc_node:/opt/ros/foxy LD_LIBRARY_PATH=/home/ubuntu/UAV_ws/install/common_msgs/lib:/home/ubuntu/UAV_ws/install/grampc-d/lib:/home/ubuntu/UAV_ws/install/libs/lib:/opt/ros/foxy/opt/yaml_cpp_vendor/lib:/opt/ros/foxy/opt/rviz_ogre_vendor/lib:/opt/ros/foxy/lib/aarch64-linux-gnu:/opt/ros/foxy/lib /usr/bin/cmake /home/ubuntu/UAV_ws/src/simulator_node -DCMAKE_INSTALL_PREFIX=/home/ubuntu/UAV_ws/install/simulator_node
[35.779s] DEBUG:colcon.colcon_core.event_handler.log_command:Invoking command in '/home/ubuntu/UAV_ws/build/simulator_node': CMAKE_PREFIX_PATH=/home/ubuntu/UAV_ws/install/grampc-d:/home/ubuntu/UAV_ws/install/libs:/home/ubuntu/UAV_ws/install/common_msgs:/home/ubuntu/UAV_ws/install/uav_launch:/home/ubuntu/UAV_ws/install/simulator_node:/home/ubuntu/UAV_ws/install/mpc_node:/opt/ros/foxy LD_LIBRARY_PATH=/home/ubuntu/UAV_ws/install/common_msgs/lib:/home/ubuntu/UAV_ws/install/grampc-d/lib:/home/ubuntu/UAV_ws/install/libs/lib:/opt/ros/foxy/opt/yaml_cpp_vendor/lib:/opt/ros/foxy/opt/rviz_ogre_vendor/lib:/opt/ros/foxy/lib/aarch64-linux-gnu:/opt/ros/foxy/lib /usr/bin/cmake --build /home/ubuntu/UAV_ws/build/simulator_node -- -j4 -l4
[61.413s] DEBUG:colcon.colcon_core.event_handler.log_command:Invoked command in '/home/ubuntu/UAV_ws/build/simulator_node' returned '0': CMAKE_PREFIX_PATH=/home/ubuntu/UAV_ws/install/grampc-d:/home/ubuntu/UAV_ws/install/libs:/home/ubuntu/UAV_ws/install/common_msgs:/home/ubuntu/UAV_ws/install/uav_launch:/home/ubuntu/UAV_ws/install/simulator_node:/home/ubuntu/UAV_ws/install/mpc_node:/opt/ros/foxy LD_LIBRARY_PATH=/home/ubuntu/UAV_ws/install/common_msgs/lib:/home/ubuntu/UAV_ws/install/grampc-d/lib:/home/ubuntu/UAV_ws/install/libs/lib:/opt/ros/foxy/opt/yaml_cpp_vendor/lib:/opt/ros/foxy/opt/rviz_ogre_vendor/lib:/opt/ros/foxy/lib/aarch64-linux-gnu:/opt/ros/foxy/lib /usr/bin/cmake --build /home/ubuntu/UAV_ws/build/simulator_node -- -j4 -l4
[61.587s] DEBUG:colcon.colcon_core.event_handler.log_command:Invoking command in '/home/ubuntu/UAV_ws/build/simulator_node': CMAKE_PREFIX_PATH=/home/ubuntu/UAV_ws/install/grampc-d:/home/ubuntu/UAV_ws/install/libs:/home/ubuntu/UAV_ws/install/common_msgs:/home/ubuntu/UAV_ws/install/uav_launch:/home/ubuntu/UAV_ws/install/simulator_node:/home/ubuntu/UAV_ws/install/mpc_node:/opt/ros/foxy LD_LIBRARY_PATH=/home/ubuntu/UAV_ws/install/common_msgs/lib:/home/ubuntu/UAV_ws/install/grampc-d/lib:/home/ubuntu/UAV_ws/install/libs/lib:/opt/ros/foxy/opt/yaml_cpp_vendor/lib:/opt/ros/foxy/opt/rviz_ogre_vendor/lib:/opt/ros/foxy/lib/aarch64-linux-gnu:/opt/ros/foxy/lib /usr/bin/cmake --install /home/ubuntu/UAV_ws/build/simulator_node
[61.706s] Level 1:colcon.colcon_core.environment:create_environment_scripts_only(simulator_node)
[61.708s] DEBUG:colcon.colcon_core.event_handler.log_command:Invoked command in '/home/ubuntu/UAV_ws/build/simulator_node' returned '0': CMAKE_PREFIX_PATH=/home/ubuntu/UAV_ws/install/grampc-d:/home/ubuntu/UAV_ws/install/libs:/home/ubuntu/UAV_ws/install/common_msgs:/home/ubuntu/UAV_ws/install/uav_launch:/home/ubuntu/UAV_ws/install/simulator_node:/home/ubuntu/UAV_ws/install/mpc_node:/opt/ros/foxy LD_LIBRARY_PATH=/home/ubuntu/UAV_ws/install/common_msgs/lib:/home/ubuntu/UAV_ws/install/grampc-d/lib:/home/ubuntu/UAV_ws/install/libs/lib:/opt/ros/foxy/opt/yaml_cpp_vendor/lib:/opt/ros/foxy/opt/rviz_ogre_vendor/lib:/opt/ros/foxy/lib/aarch64-linux-gnu:/opt/ros/foxy/lib /usr/bin/cmake --install /home/ubuntu/UAV_ws/build/simulator_node
[62.080s] Level 1:colcon.colcon_core.environment:checking '/home/ubuntu/UAV_ws/install/simulator_node' for CMake module files
[62.084s] Level 1:colcon.colcon_core.environment:checking '/home/ubuntu/UAV_ws/install/simulator_node' for CMake config files
[62.086s] Level 1:colcon.colcon_core.shell:create_environment_hook('simulator_node', 'cmake_prefix_path')
[62.431s] INFO:colcon.colcon_core.shell:Creating environment hook '/home/ubuntu/UAV_ws/install/simulator_node/share/simulator_node/hook/cmake_prefix_path.ps1'
[62.437s] INFO:colcon.colcon_core.shell:Creating environment descriptor '/home/ubuntu/UAV_ws/install/simulator_node/share/simulator_node/hook/cmake_prefix_path.dsv'
[62.442s] INFO:colcon.colcon_core.shell:Creating environment hook '/home/ubuntu/UAV_ws/install/simulator_node/share/simulator_node/hook/cmake_prefix_path.sh'
[62.450s] Level 1:colcon.colcon_core.environment:checking '/home/ubuntu/UAV_ws/install/simulator_node/lib'
[62.451s] Level 1:colcon.colcon_core.environment:checking '/home/ubuntu/UAV_ws/install/simulator_node/bin'
[62.451s] Level 1:colcon.colcon_core.environment:checking '/home/ubuntu/UAV_ws/install/simulator_node/lib/pkgconfig/simulator_node.pc'
[62.452s] Level 1:colcon.colcon_core.environment:checking '/home/ubuntu/UAV_ws/install/simulator_node/lib/python3.8/site-packages'
[62.453s] Level 1:colcon.colcon_core.environment:checking '/home/ubuntu/UAV_ws/install/simulator_node/bin'
[62.800s] INFO:colcon.colcon_core.shell:Creating package script '/home/ubuntu/UAV_ws/install/simulator_node/share/simulator_node/package.ps1'
[62.806s] INFO:colcon.colcon_core.shell:Creating package descriptor '/home/ubuntu/UAV_ws/install/simulator_node/share/simulator_node/package.dsv'
[62.812s] INFO:colcon.colcon_core.shell:Creating package script '/home/ubuntu/UAV_ws/install/simulator_node/share/simulator_node/package.sh'
[62.819s] INFO:colcon.colcon_core.shell:Creating package script '/home/ubuntu/UAV_ws/install/simulator_node/share/simulator_node/package.bash'
[62.827s] INFO:colcon.colcon_core.shell:Creating package script '/home/ubuntu/UAV_ws/install/simulator_node/share/simulator_node/package.zsh'
[62.833s] Level 1:colcon.colcon_core.environment:create_file_with_runtime_dependencies(/home/ubuntu/UAV_ws/install/simulator_node/share/colcon-core/packages/simulator_node)
[63.303s] Level 1:colcon.colcon_core.environment:create_environment_scripts_only(simulator_node)
[63.650s] Level 1:colcon.colcon_core.environment:checking '/home/ubuntu/UAV_ws/install/simulator_node' for CMake module files
[63.652s] Level 1:colcon.colcon_core.environment:checking '/home/ubuntu/UAV_ws/install/simulator_node' for CMake config files
[63.654s] Level 1:colcon.colcon_core.shell:create_environment_hook('simulator_node', 'cmake_prefix_path')
[63.997s] INFO:colcon.colcon_core.shell:Creating environment hook '/home/ubuntu/UAV_ws/install/simulator_node/share/simulator_node/hook/cmake_prefix_path.ps1'
[63.999s] INFO:colcon.colcon_core.shell:Creating environment descriptor '/home/ubuntu/UAV_ws/install/simulator_node/share/simulator_node/hook/cmake_prefix_path.dsv'
[64.000s] INFO:colcon.colcon_core.shell:Creating environment hook '/home/ubuntu/UAV_ws/install/simulator_node/share/simulator_node/hook/cmake_prefix_path.sh'
[64.002s] Level 1:colcon.colcon_core.environment:checking '/home/ubuntu/UAV_ws/install/simulator_node/lib'
[64.003s] Level 1:colcon.colcon_core.environment:checking '/home/ubuntu/UAV_ws/install/simulator_node/bin'
[64.003s] Level 1:colcon.colcon_core.environment:checking '/home/ubuntu/UAV_ws/install/simulator_node/lib/pkgconfig/simulator_node.pc'
[64.004s] Level 1:colcon.colcon_core.environment:checking '/home/ubuntu/UAV_ws/install/simulator_node/lib/python3.8/site-packages'
[64.004s] Level 1:colcon.colcon_core.environment:checking '/home/ubuntu/UAV_ws/install/simulator_node/bin'
[64.347s] INFO:colcon.colcon_core.shell:Creating package script '/home/ubuntu/UAV_ws/install/simulator_node/share/simulator_node/package.ps1'
[64.350s] INFO:colcon.colcon_core.shell:Creating package descriptor '/home/ubuntu/UAV_ws/install/simulator_node/share/simulator_node/package.dsv'
[64.351s] INFO:colcon.colcon_core.shell:Creating package script '/home/ubuntu/UAV_ws/install/simulator_node/share/simulator_node/package.sh'
[64.353s] INFO:colcon.colcon_core.shell:Creating package script '/home/ubuntu/UAV_ws/install/simulator_node/share/simulator_node/package.bash'
[64.355s] INFO:colcon.colcon_core.shell:Creating package script '/home/ubuntu/UAV_ws/install/simulator_node/share/simulator_node/package.zsh'
[64.356s] Level 1:colcon.colcon_core.environment:create_file_with_runtime_dependencies(/home/ubuntu/UAV_ws/install/simulator_node/share/colcon-core/packages/simulator_node)
[64.358s] DEBUG:colcon.colcon_parallel_executor.executor.parallel:closing loop
[64.359s] DEBUG:colcon.colcon_parallel_executor.executor.parallel:loop closed
[64.360s] DEBUG:colcon.colcon_parallel_executor.executor.parallel:run_until_complete finished with '0'
[64.360s] DEBUG:colcon.colcon_core.event_reactor:joining thread
[64.739s] INFO:colcon.colcon_core.plugin_system:Skipping extension 'colcon_notification.desktop_notification.notify_send': Could not find 'notify-send'
[64.740s] INFO:colcon.colcon_core.plugin_system:Skipping extension 'colcon_notification.desktop_notification.terminal_notifier': Not used on non-Darwin systems
[64.740s] INFO:colcon.colcon_core.plugin_system:Skipping extension 'colcon_notification.desktop_notification.win32': Not used on non-Windows systems
[64.740s] INFO:colcon.colcon_notification.desktop_notification:Sending desktop notification using 'notify2'
[64.743s] DEBUG:colcon.colcon_notification.desktop_notification.notify2:Failed to initialize notify2: org.freedesktop.DBus.Error.ServiceUnknown: The name org.freedesktop.Notifications was not provided by any .service files
[64.744s] DEBUG:colcon.colcon_core.event_reactor:joined thread
[65.085s] INFO:colcon.colcon_core.shell:Creating prefix script '/home/ubuntu/UAV_ws/install/local_setup.ps1'
[65.089s] INFO:colcon.colcon_core.shell:Creating prefix util module '/home/ubuntu/UAV_ws/install/_local_setup_util_ps1.py'
[65.093s] INFO:colcon.colcon_core.shell:Creating prefix chain script '/home/ubuntu/UAV_ws/install/setup.ps1'
[65.445s] INFO:colcon.colcon_core.shell:Creating prefix script '/home/ubuntu/UAV_ws/install/local_setup.sh'
[65.447s] INFO:colcon.colcon_core.shell:Creating prefix util module '/home/ubuntu/UAV_ws/install/_local_setup_util_sh.py'
[65.449s] INFO:colcon.colcon_core.shell:Creating prefix chain script '/home/ubuntu/UAV_ws/install/setup.sh'
[65.798s] INFO:colcon.colcon_core.shell:Creating prefix script '/home/ubuntu/UAV_ws/install/local_setup.bash'
[65.800s] INFO:colcon.colcon_core.shell:Creating prefix chain script '/home/ubuntu/UAV_ws/install/setup.bash'
[66.143s] INFO:colcon.colcon_core.shell:Creating prefix script '/home/ubuntu/UAV_ws/install/local_setup.zsh'
[66.145s] INFO:colcon.colcon_core.shell:Creating prefix chain script '/home/ubuntu/UAV_ws/install/setup.zsh'
