[0.046s] Invoking command in '/home/evan/UAV_ws/build/simulator_node': AMENT_PREFIX_PATH=/home/evan/UAV_ws/install/grampc-d:/home/evan/UAV_ws/install/libs:/home/evan/UAV_ws/install/common_msgs:${AMENT_PREFIX_PATH} CMAKE_PREFIX_PATH=/home/evan/UAV_ws/install/grampc-d:/home/evan/UAV_ws/install/libs:/home/evan/UAV_ws/install/common_msgs:/opt/ros/humble LD_LIBRARY_PATH=/home/evan/UAV_ws/install/grampc-d/lib:/home/evan/UAV_ws/install/libs/lib:/home/evan/UAV_ws/install/common_msgs/lib:${LD_LIBRARY_PATH} PYTHONPATH=/home/evan/UAV_ws/install/common_msgs/local/lib/python3.10/dist-packages:${PYTHONPATH} /usr/bin/cmake --build /home/evan/UAV_ws/build/simulator_node -- -j16 -l16
[0.085s] [35m[1mConsolidate compiler generated dependencies of target simulator_node_exe[0m
[0.105s] [100%] Built target simulator_node_exe
[0.116s] Invoked command in '/home/evan/UAV_ws/build/simulator_node' returned '0': AMENT_PREFIX_PATH=/home/evan/UAV_ws/install/grampc-d:/home/evan/UAV_ws/install/libs:/home/evan/UAV_ws/install/common_msgs:${AMENT_PREFIX_PATH} CMAKE_PREFIX_PATH=/home/evan/UAV_ws/install/grampc-d:/home/evan/UAV_ws/install/libs:/home/evan/UAV_ws/install/common_msgs:/opt/ros/humble LD_LIBRARY_PATH=/home/evan/UAV_ws/install/grampc-d/lib:/home/evan/UAV_ws/install/libs/lib:/home/evan/UAV_ws/install/common_msgs/lib:${LD_LIBRARY_PATH} PYTHONPATH=/home/evan/UAV_ws/install/common_msgs/local/lib/python3.10/dist-packages:${PYTHONPATH} /usr/bin/cmake --build /home/evan/UAV_ws/build/simulator_node -- -j16 -l16
[0.145s] Invoking command in '/home/evan/UAV_ws/build/simulator_node': AMENT_PREFIX_PATH=/home/evan/UAV_ws/install/grampc-d:/home/evan/UAV_ws/install/libs:/home/evan/UAV_ws/install/common_msgs:${AMENT_PREFIX_PATH} CMAKE_PREFIX_PATH=/home/evan/UAV_ws/install/grampc-d:/home/evan/UAV_ws/install/libs:/home/evan/UAV_ws/install/common_msgs:/opt/ros/humble LD_LIBRARY_PATH=/home/evan/UAV_ws/install/grampc-d/lib:/home/evan/UAV_ws/install/libs/lib:/home/evan/UAV_ws/install/common_msgs/lib:${LD_LIBRARY_PATH} PYTHONPATH=/home/evan/UAV_ws/install/common_msgs/local/lib/python3.10/dist-packages:${PYTHONPATH} /usr/bin/cmake --install /home/evan/UAV_ws/build/simulator_node
[0.151s] -- Install configuration: "Debug"
[0.152s] -- Execute custom install script
[0.152s] -- Up-to-date symlink: /home/evan/UAV_ws/install/simulator_node/lib/simulator_node/simulator_node_exe
[0.153s] -- Up-to-date symlink: /home/evan/UAV_ws/install/simulator_node/share/ament_index/resource_index/package_run_dependencies/simulator_node
[0.153s] -- Up-to-date symlink: /home/evan/UAV_ws/install/simulator_node/share/ament_index/resource_index/parent_prefix_path/simulator_node
[0.153s] -- Up-to-date symlink: /home/evan/UAV_ws/install/simulator_node/share/simulator_node/environment/ament_prefix_path.sh
[0.153s] -- Up-to-date symlink: /home/evan/UAV_ws/install/simulator_node/share/simulator_node/environment/ament_prefix_path.dsv
[0.153s] -- Up-to-date symlink: /home/evan/UAV_ws/install/simulator_node/share/simulator_node/environment/path.sh
[0.153s] -- Up-to-date symlink: /home/evan/UAV_ws/install/simulator_node/share/simulator_node/environment/path.dsv
[0.153s] -- Up-to-date symlink: /home/evan/UAV_ws/install/simulator_node/share/simulator_node/local_setup.bash
[0.154s] -- Up-to-date symlink: /home/evan/UAV_ws/install/simulator_node/share/simulator_node/local_setup.sh
[0.154s] -- Up-to-date symlink: /home/evan/UAV_ws/install/simulator_node/share/simulator_node/local_setup.zsh
[0.154s] -- Up-to-date symlink: /home/evan/UAV_ws/install/simulator_node/share/simulator_node/local_setup.dsv
[0.154s] -- Symlinking: /home/evan/UAV_ws/install/simulator_node/share/simulator_node/package.dsv
[0.162s] -- Up-to-date symlink: /home/evan/UAV_ws/install/simulator_node/share/ament_index/resource_index/packages/simulator_node
[0.162s] -- Up-to-date symlink: /home/evan/UAV_ws/install/simulator_node/share/simulator_node/cmake/simulator_nodeConfig.cmake
[0.163s] -- Up-to-date symlink: /home/evan/UAV_ws/install/simulator_node/share/simulator_node/cmake/simulator_nodeConfig-version.cmake
[0.163s] -- Up-to-date symlink: /home/evan/UAV_ws/install/simulator_node/share/simulator_node/package.xml
[0.187s] Invoked command in '/home/evan/UAV_ws/build/simulator_node' returned '0': AMENT_PREFIX_PATH=/home/evan/UAV_ws/install/grampc-d:/home/evan/UAV_ws/install/libs:/home/evan/UAV_ws/install/common_msgs:${AMENT_PREFIX_PATH} CMAKE_PREFIX_PATH=/home/evan/UAV_ws/install/grampc-d:/home/evan/UAV_ws/install/libs:/home/evan/UAV_ws/install/common_msgs:/opt/ros/humble LD_LIBRARY_PATH=/home/evan/UAV_ws/install/grampc-d/lib:/home/evan/UAV_ws/install/libs/lib:/home/evan/UAV_ws/install/common_msgs/lib:${LD_LIBRARY_PATH} PYTHONPATH=/home/evan/UAV_ws/install/common_msgs/local/lib/python3.10/dist-packages:${PYTHONPATH} /usr/bin/cmake --install /home/evan/UAV_ws/build/simulator_node
