[1.421s] Invoking command in '/home/ubuntu/UAV_ws/build/mpc_node': CMAKE_PREFIX_PATH=/home/ubuntu/UAV_ws/install/grampc-d:/home/ubuntu/UAV_ws/install/libs:/home/ubuntu/UAV_ws/install/common_msgs:/home/ubuntu/UAV_ws/install/uav_launch:/home/ubuntu/UAV_ws/install/test:/home/ubuntu/UAV_ws/install/simulator_node:/home/ubuntu/UAV_ws/install/mpc_node:/opt/ros/foxy LD_LIBRARY_PATH=/home/ubuntu/UAV_ws/install/common_msgs/lib:/home/ubuntu/UAV_ws/install/grampc-d/lib:/home/ubuntu/UAV_ws/install/libs/lib:/opt/ros/foxy/opt/yaml_cpp_vendor/lib:/opt/ros/foxy/opt/rviz_ogre_vendor/lib:/opt/ros/foxy/lib/aarch64-linux-gnu:/opt/ros/foxy/lib /usr/bin/cmake /home/ubuntu/UAV_ws/src/mpc_node -DCMAKE_INSTALL_PREFIX=/home/ubuntu/UAV_ws/install/mpc_node
[1.667s] -- The C compiler identification is GNU 9.4.0
[1.883s] -- The CXX compiler identification is GNU 9.4.0
[1.900s] -- Check for working C compiler: /usr/bin/cc
[2.183s] -- Check for working C compiler: /usr/bin/cc -- works
[2.187s] -- Detecting C compiler ABI info
[2.478s] -- Detecting C compiler ABI info - done
[2.517s] -- Detecting C compile features
[2.518s] -- Detecting C compile features - done
[2.526s] -- Check for working CXX compiler: /usr/bin/c++
[2.839s] -- Check for working CXX compiler: /usr/bin/c++ -- works
[2.843s] -- Detecting CXX compiler ABI info
[3.161s] -- Detecting CXX compiler ABI info - done
[3.198s] -- Detecting CXX compile features
[3.199s] -- Detecting CXX compile features - done
[3.222s] -- Found ament_cmake: 0.9.12 (/opt/ros/foxy/share/ament_cmake/cmake)
[3.345s] -- Found PythonInterp: /usr/bin/python3 (found suitable version "3.8.10", minimum required is "3") 
[3.346s] -- Using PYTHON_EXECUTABLE: /usr/bin/python3
[4.240s] -- Found rclcpp: 2.4.3 (/opt/ros/foxy/share/rclcpp/cmake)
[4.554s] -- Using all available rosidl_typesupport_c: rosidl_typesupport_fastrtps_c;rosidl_typesupport_introspection_c
[4.613s] -- Found rosidl_adapter: 1.3.1 (/opt/ros/foxy/share/rosidl_adapter/cmake)
[5.169s] -- Found OpenSSL: /usr/lib/aarch64-linux-gnu/libcrypto.so (found version "1.1.1f")  
[5.393s] -- Found FastRTPS: /opt/ros/foxy/include  
[5.933s] -- Using all available rosidl_typesupport_cpp: rosidl_typesupport_fastrtps_cpp;rosidl_typesupport_introspection_cpp
[6.203s] -- Found rmw_implementation_cmake: 1.0.4 (/opt/ros/foxy/share/rmw_implementation_cmake/cmake)
[6.209s] -- Using RMW implementation 'rmw_fastrtps_cpp' as default
[6.212s] -- Looking for pthread.h
[6.511s] -- Looking for pthread.h - found
[6.512s] -- Performing Test CMAKE_HAVE_LIBC_PTHREAD
[6.822s] -- Performing Test CMAKE_HAVE_LIBC_PTHREAD - Failed
[6.823s] -- Looking for pthread_create in pthreads
[7.076s] -- Looking for pthread_create in pthreads - not found
[7.077s] -- Looking for pthread_create in pthread
[7.383s] -- Looking for pthread_create in pthread - found
[7.387s] -- Found Threads: TRUE  
[7.997s] -- Found libs: 0.0.0 (/home/ubuntu/UAV_ws/install/libs/share/libs/cmake)
[8.001s] -- Found grampc-d: 0.0.0 (/home/ubuntu/UAV_ws/install/grampc-d/share/grampc-d/cmake)
[8.008s] -- Found common_msgs: 0.0.0 (/home/ubuntu/UAV_ws/install/common_msgs/share/common_msgs/cmake)
[8.064s] -- Found ament_lint_auto: 0.9.8 (/opt/ros/foxy/share/ament_lint_auto/cmake)
[8.426s] -- Added test 'cppcheck' to perform static code analysis on C / C++ code
[8.426s] -- Configured cppcheck include dirs: 
[8.427s] -- Configured cppcheck exclude dirs and/or files: 
[8.430s] -- Added test 'lint_cmake' to check CMake code style
[8.436s] -- Added test 'uncrustify' to check C / C++ code style
[8.436s] -- Configured uncrustify additional arguments: 
[8.438s] -- Added test 'xmllint' to check XML markup files
[8.458s] -- Configuring done
[8.487s] -- Generating done
[8.493s] -- Build files have been written to: /home/ubuntu/UAV_ws/build/mpc_node
[8.511s] Invoked command in '/home/ubuntu/UAV_ws/build/mpc_node' returned '0': CMAKE_PREFIX_PATH=/home/ubuntu/UAV_ws/install/grampc-d:/home/ubuntu/UAV_ws/install/libs:/home/ubuntu/UAV_ws/install/common_msgs:/home/ubuntu/UAV_ws/install/uav_launch:/home/ubuntu/UAV_ws/install/test:/home/ubuntu/UAV_ws/install/simulator_node:/home/ubuntu/UAV_ws/install/mpc_node:/opt/ros/foxy LD_LIBRARY_PATH=/home/ubuntu/UAV_ws/install/common_msgs/lib:/home/ubuntu/UAV_ws/install/grampc-d/lib:/home/ubuntu/UAV_ws/install/libs/lib:/opt/ros/foxy/opt/yaml_cpp_vendor/lib:/opt/ros/foxy/opt/rviz_ogre_vendor/lib:/opt/ros/foxy/lib/aarch64-linux-gnu:/opt/ros/foxy/lib /usr/bin/cmake /home/ubuntu/UAV_ws/src/mpc_node -DCMAKE_INSTALL_PREFIX=/home/ubuntu/UAV_ws/install/mpc_node
[8.521s] Invoking command in '/home/ubuntu/UAV_ws/build/mpc_node': CMAKE_PREFIX_PATH=/home/ubuntu/UAV_ws/install/grampc-d:/home/ubuntu/UAV_ws/install/libs:/home/ubuntu/UAV_ws/install/common_msgs:/home/ubuntu/UAV_ws/install/uav_launch:/home/ubuntu/UAV_ws/install/test:/home/ubuntu/UAV_ws/install/simulator_node:/home/ubuntu/UAV_ws/install/mpc_node:/opt/ros/foxy LD_LIBRARY_PATH=/home/ubuntu/UAV_ws/install/common_msgs/lib:/home/ubuntu/UAV_ws/install/grampc-d/lib:/home/ubuntu/UAV_ws/install/libs/lib:/opt/ros/foxy/opt/yaml_cpp_vendor/lib:/opt/ros/foxy/opt/rviz_ogre_vendor/lib:/opt/ros/foxy/lib/aarch64-linux-gnu:/opt/ros/foxy/lib /usr/bin/cmake --build /home/ubuntu/UAV_ws/build/mpc_node -- -j4 -l4
[8.701s] [35m[1mScanning dependencies of target mpc_node_exe[0m
[8.893s] [100%] Built target mpc_node_exe
[8.933s] Invoked command in '/home/ubuntu/UAV_ws/build/mpc_node' returned '0': CMAKE_PREFIX_PATH=/home/ubuntu/UAV_ws/install/grampc-d:/home/ubuntu/UAV_ws/install/libs:/home/ubuntu/UAV_ws/install/common_msgs:/home/ubuntu/UAV_ws/install/uav_launch:/home/ubuntu/UAV_ws/install/test:/home/ubuntu/UAV_ws/install/simulator_node:/home/ubuntu/UAV_ws/install/mpc_node:/opt/ros/foxy LD_LIBRARY_PATH=/home/ubuntu/UAV_ws/install/common_msgs/lib:/home/ubuntu/UAV_ws/install/grampc-d/lib:/home/ubuntu/UAV_ws/install/libs/lib:/opt/ros/foxy/opt/yaml_cpp_vendor/lib:/opt/ros/foxy/opt/rviz_ogre_vendor/lib:/opt/ros/foxy/lib/aarch64-linux-gnu:/opt/ros/foxy/lib /usr/bin/cmake --build /home/ubuntu/UAV_ws/build/mpc_node -- -j4 -l4
[9.105s] Invoking command in '/home/ubuntu/UAV_ws/build/mpc_node': CMAKE_PREFIX_PATH=/home/ubuntu/UAV_ws/install/grampc-d:/home/ubuntu/UAV_ws/install/libs:/home/ubuntu/UAV_ws/install/common_msgs:/home/ubuntu/UAV_ws/install/uav_launch:/home/ubuntu/UAV_ws/install/test:/home/ubuntu/UAV_ws/install/simulator_node:/home/ubuntu/UAV_ws/install/mpc_node:/opt/ros/foxy LD_LIBRARY_PATH=/home/ubuntu/UAV_ws/install/common_msgs/lib:/home/ubuntu/UAV_ws/install/grampc-d/lib:/home/ubuntu/UAV_ws/install/libs/lib:/opt/ros/foxy/opt/yaml_cpp_vendor/lib:/opt/ros/foxy/opt/rviz_ogre_vendor/lib:/opt/ros/foxy/lib/aarch64-linux-gnu:/opt/ros/foxy/lib /usr/bin/cmake --install /home/ubuntu/UAV_ws/build/mpc_node
[9.140s] -- Install configuration: ""
[9.141s] -- Up-to-date: /home/ubuntu/UAV_ws/install/mpc_node/lib/mpc_node/mpc_node_exe
[9.142s] -- Up-to-date: /home/ubuntu/UAV_ws/install/mpc_node/share/ament_index/resource_index/package_run_dependencies/mpc_node
[9.143s] -- Up-to-date: /home/ubuntu/UAV_ws/install/mpc_node/share/ament_index/resource_index/parent_prefix_path/mpc_node
[9.143s] -- Up-to-date: /home/ubuntu/UAV_ws/install/mpc_node/share/mpc_node/environment/ament_prefix_path.sh
[9.143s] -- Installing: /home/ubuntu/UAV_ws/install/mpc_node/share/mpc_node/environment/ament_prefix_path.dsv
[9.144s] -- Up-to-date: /home/ubuntu/UAV_ws/install/mpc_node/share/mpc_node/environment/path.sh
[9.145s] -- Installing: /home/ubuntu/UAV_ws/install/mpc_node/share/mpc_node/environment/path.dsv
[9.146s] -- Up-to-date: /home/ubuntu/UAV_ws/install/mpc_node/share/mpc_node/local_setup.bash
[9.146s] -- Up-to-date: /home/ubuntu/UAV_ws/install/mpc_node/share/mpc_node/local_setup.sh
[9.147s] -- Up-to-date: /home/ubuntu/UAV_ws/install/mpc_node/share/mpc_node/local_setup.zsh
[9.147s] -- Installing: /home/ubuntu/UAV_ws/install/mpc_node/share/mpc_node/local_setup.dsv
[9.148s] -- Installing: /home/ubuntu/UAV_ws/install/mpc_node/share/mpc_node/package.dsv
[9.149s] -- Up-to-date: /home/ubuntu/UAV_ws/install/mpc_node/share/ament_index/resource_index/packages/mpc_node
[9.149s] -- Up-to-date: /home/ubuntu/UAV_ws/install/mpc_node/share/mpc_node/cmake/mpc_nodeConfig.cmake
[9.150s] -- Up-to-date: /home/ubuntu/UAV_ws/install/mpc_node/share/mpc_node/cmake/mpc_nodeConfig-version.cmake
[9.150s] -- Up-to-date: /home/ubuntu/UAV_ws/install/mpc_node/share/mpc_node/package.xml
[9.155s] Invoked command in '/home/ubuntu/UAV_ws/build/mpc_node' returned '0': CMAKE_PREFIX_PATH=/home/ubuntu/UAV_ws/install/grampc-d:/home/ubuntu/UAV_ws/install/libs:/home/ubuntu/UAV_ws/install/common_msgs:/home/ubuntu/UAV_ws/install/uav_launch:/home/ubuntu/UAV_ws/install/test:/home/ubuntu/UAV_ws/install/simulator_node:/home/ubuntu/UAV_ws/install/mpc_node:/opt/ros/foxy LD_LIBRARY_PATH=/home/ubuntu/UAV_ws/install/common_msgs/lib:/home/ubuntu/UAV_ws/install/grampc-d/lib:/home/ubuntu/UAV_ws/install/libs/lib:/opt/ros/foxy/opt/yaml_cpp_vendor/lib:/opt/ros/foxy/opt/rviz_ogre_vendor/lib:/opt/ros/foxy/lib/aarch64-linux-gnu:/opt/ros/foxy/lib /usr/bin/cmake --install /home/ubuntu/UAV_ws/build/mpc_node
