-- The C compiler identification is GNU 9.4.0
-- The CXX compiler identification is GNU 9.4.0
-- Check for working C compiler: /usr/bin/cc
-- Check for working C compiler: /usr/bin/cc -- works
-- Detecting C compiler ABI info
-- Detecting C compiler ABI info - done
-- Detecting C compile features
-- Detecting C compile features - done
-- Check for working CXX compiler: /usr/bin/c++
-- Check for working CXX compiler: /usr/bin/c++ -- works
-- Detecting CXX compiler ABI info
-- Detecting CXX compiler ABI info - done
-- Detecting CXX compile features
-- Detecting CXX compile features - done
-- Found ament_cmake: 0.9.12 (/opt/ros/foxy/share/ament_cmake/cmake)
-- Found PythonInterp: /usr/bin/python3 (found suitable version "3.8.10", minimum required is "3") 
-- Using PYTHON_EXECUTABLE: /usr/bin/python3
-- Found ament_lint_auto: 0.9.8 (/opt/ros/foxy/share/ament_lint_auto/cmake)
-- Added test 'flake8' to check Python code syntax and style conventions
-- Added test 'lint_cmake' to check CMake code style
-- Added test 'pep257' to check Python code against some of the style conventions in PEP 257
-- Added test 'xmllint' to check XML markup files
-- Configuring done
-- Generating done
-- Build files have been written to: /home/ubuntu/UAV_ws/build/uav_launch
-- Install configuration: ""
-- Installing: /home/ubuntu/UAV_ws/install/uav_launch/share/uav_launch//launch
-- Installing: /home/ubuntu/UAV_ws/install/uav_launch/share/uav_launch//launch/uav_launch.py
-- Installing: /home/ubuntu/UAV_ws/install/uav_launch/share/ament_index/resource_index/package_run_dependencies/uav_launch
-- Installing: /home/ubuntu/UAV_ws/install/uav_launch/share/ament_index/resource_index/parent_prefix_path/uav_launch
-- Installing: /home/ubuntu/UAV_ws/install/uav_launch/share/uav_launch/environment/ament_prefix_path.sh
-- Installing: /home/ubuntu/UAV_ws/install/uav_launch/share/uav_launch/environment/ament_prefix_path.dsv
-- Installing: /home/ubuntu/UAV_ws/install/uav_launch/share/uav_launch/environment/path.sh
-- Installing: /home/ubuntu/UAV_ws/install/uav_launch/share/uav_launch/environment/path.dsv
-- Installing: /home/ubuntu/UAV_ws/install/uav_launch/share/uav_launch/local_setup.bash
-- Installing: /home/ubuntu/UAV_ws/install/uav_launch/share/uav_launch/local_setup.sh
-- Installing: /home/ubuntu/UAV_ws/install/uav_launch/share/uav_launch/local_setup.zsh
-- Installing: /home/ubuntu/UAV_ws/install/uav_launch/share/uav_launch/local_setup.dsv
-- Installing: /home/ubuntu/UAV_ws/install/uav_launch/share/uav_launch/package.dsv
-- Installing: /home/ubuntu/UAV_ws/install/uav_launch/share/ament_index/resource_index/packages/uav_launch
-- Installing: /home/ubuntu/UAV_ws/install/uav_launch/share/uav_launch/cmake/uav_launchConfig.cmake
-- Installing: /home/ubuntu/UAV_ws/install/uav_launch/share/uav_launch/cmake/uav_launchConfig-version.cmake
-- Installing: /home/ubuntu/UAV_ws/install/uav_launch/share/uav_launch/package.xml
