[0.055s] Invoking command in '/home/evan/UAV_ws/build/simulator_node': AMENT_PREFIX_PATH=/home/evan/UAV_ws/install/grampc-d:/home/evan/UAV_ws/install/libs:/home/evan/UAV_ws/install/common_msgs:${AMENT_PREFIX_PATH} CMAKE_PREFIX_PATH=/home/evan/UAV_ws/install/grampc-d:/home/evan/UAV_ws/install/libs:/home/evan/UAV_ws/install/common_msgs:/opt/ros/humble LD_LIBRARY_PATH=/home/evan/UAV_ws/install/grampc-d/lib:/home/evan/UAV_ws/install/libs/lib:/home/evan/UAV_ws/install/common_msgs/lib:${LD_LIBRARY_PATH} PYTHONPATH=/home/evan/UAV_ws/install/common_msgs/local/lib/python3.10/dist-packages:${PYTHONPATH} /usr/bin/cmake --build /home/evan/UAV_ws/build/simulator_node -- -j16 -l16
[0.111s] [ 50%] [32m[1mLinking CXX executable simulator_node_exe[0m
[2.012s] [100%] Built target simulator_node_exe
[2.025s] Invoked command in '/home/evan/UAV_ws/build/simulator_node' returned '0': AMENT_PREFIX_PATH=/home/evan/UAV_ws/install/grampc-d:/home/evan/UAV_ws/install/libs:/home/evan/UAV_ws/install/common_msgs:${AMENT_PREFIX_PATH} CMAKE_PREFIX_PATH=/home/evan/UAV_ws/install/grampc-d:/home/evan/UAV_ws/install/libs:/home/evan/UAV_ws/install/common_msgs:/opt/ros/humble LD_LIBRARY_PATH=/home/evan/UAV_ws/install/grampc-d/lib:/home/evan/UAV_ws/install/libs/lib:/home/evan/UAV_ws/install/common_msgs/lib:${LD_LIBRARY_PATH} PYTHONPATH=/home/evan/UAV_ws/install/common_msgs/local/lib/python3.10/dist-packages:${PYTHONPATH} /usr/bin/cmake --build /home/evan/UAV_ws/build/simulator_node -- -j16 -l16
[2.050s] Invoking command in '/home/evan/UAV_ws/build/simulator_node': AMENT_PREFIX_PATH=/home/evan/UAV_ws/install/grampc-d:/home/evan/UAV_ws/install/libs:/home/evan/UAV_ws/install/common_msgs:${AMENT_PREFIX_PATH} CMAKE_PREFIX_PATH=/home/evan/UAV_ws/install/grampc-d:/home/evan/UAV_ws/install/libs:/home/evan/UAV_ws/install/common_msgs:/opt/ros/humble LD_LIBRARY_PATH=/home/evan/UAV_ws/install/grampc-d/lib:/home/evan/UAV_ws/install/libs/lib:/home/evan/UAV_ws/install/common_msgs/lib:${LD_LIBRARY_PATH} PYTHONPATH=/home/evan/UAV_ws/install/common_msgs/local/lib/python3.10/dist-packages:${PYTHONPATH} /usr/bin/cmake --install /home/evan/UAV_ws/build/simulator_node
[2.056s] -- Install configuration: "Debug"
[2.057s] -- Execute custom install script
[2.057s] -- Up-to-date symlink: /home/evan/UAV_ws/install/simulator_node/lib/simulator_node/simulator_node_exe
[2.057s] -- Up-to-date symlink: /home/evan/UAV_ws/install/simulator_node/share/ament_index/resource_index/package_run_dependencies/simulator_node
[2.057s] -- Up-to-date symlink: /home/evan/UAV_ws/install/simulator_node/share/ament_index/resource_index/parent_prefix_path/simulator_node
[2.057s] -- Up-to-date symlink: /home/evan/UAV_ws/install/simulator_node/share/simulator_node/environment/ament_prefix_path.sh
[2.057s] -- Up-to-date symlink: /home/evan/UAV_ws/install/simulator_node/share/simulator_node/environment/ament_prefix_path.dsv
[2.058s] -- Up-to-date symlink: /home/evan/UAV_ws/install/simulator_node/share/simulator_node/environment/path.sh
[2.058s] -- Up-to-date symlink: /home/evan/UAV_ws/install/simulator_node/share/simulator_node/environment/path.dsv
[2.058s] -- Up-to-date symlink: /home/evan/UAV_ws/install/simulator_node/share/simulator_node/local_setup.bash
[2.058s] -- Up-to-date symlink: /home/evan/UAV_ws/install/simulator_node/share/simulator_node/local_setup.sh
[2.058s] -- Up-to-date symlink: /home/evan/UAV_ws/install/simulator_node/share/simulator_node/local_setup.zsh
[2.058s] -- Up-to-date symlink: /home/evan/UAV_ws/install/simulator_node/share/simulator_node/local_setup.dsv
[2.058s] -- Symlinking: /home/evan/UAV_ws/install/simulator_node/share/simulator_node/package.dsv
[2.068s] -- Up-to-date symlink: /home/evan/UAV_ws/install/simulator_node/share/ament_index/resource_index/packages/simulator_node
[2.068s] -- Up-to-date symlink: /home/evan/UAV_ws/install/simulator_node/share/simulator_node/cmake/simulator_nodeConfig.cmake
[2.068s] -- Up-to-date symlink: /home/evan/UAV_ws/install/simulator_node/share/simulator_node/cmake/simulator_nodeConfig-version.cmake
[2.068s] -- Up-to-date symlink: /home/evan/UAV_ws/install/simulator_node/share/simulator_node/package.xml
[2.070s] Invoked command in '/home/evan/UAV_ws/build/simulator_node' returned '0': AMENT_PREFIX_PATH=/home/evan/UAV_ws/install/grampc-d:/home/evan/UAV_ws/install/libs:/home/evan/UAV_ws/install/common_msgs:${AMENT_PREFIX_PATH} CMAKE_PREFIX_PATH=/home/evan/UAV_ws/install/grampc-d:/home/evan/UAV_ws/install/libs:/home/evan/UAV_ws/install/common_msgs:/opt/ros/humble LD_LIBRARY_PATH=/home/evan/UAV_ws/install/grampc-d/lib:/home/evan/UAV_ws/install/libs/lib:/home/evan/UAV_ws/install/common_msgs/lib:${LD_LIBRARY_PATH} PYTHONPATH=/home/evan/UAV_ws/install/common_msgs/local/lib/python3.10/dist-packages:${PYTHONPATH} /usr/bin/cmake --install /home/evan/UAV_ws/build/simulator_node
