[1.055s] Invoking command in '/home/ubuntu/UAV_ws/build/grampc-d': AMENT_PREFIX_PATH=/home/ubuntu/UAV_ws/install/libs:${AMENT_PREFIX_PATH} CMAKE_PREFIX_PATH=/home/ubuntu/UAV_ws/install/libs:/opt/ros/foxy LD_LIBRARY_PATH=/home/ubuntu/UAV_ws/install/libs/lib:${LD_LIBRARY_PATH} /usr/bin/cmake /home/ubuntu/UAV_ws/src/grampc-d -DCMAKE_INSTALL_PREFIX=/home/ubuntu/UAV_ws/install/grampc-d
[1.297s] -- The C compiler identification is GNU 9.4.0
[1.509s] -- The CXX compiler identification is GNU 9.4.0
[1.526s] -- Check for working C compiler: /usr/bin/cc
[1.797s] -- Check for working C compiler: /usr/bin/cc -- works
[1.799s] -- Detecting C compiler ABI info
[2.071s] -- Detecting C compiler ABI info - done
[2.106s] -- Detecting C compile features
[2.107s] -- Detecting C compile features - done
[2.115s] -- Check for working CXX compiler: /usr/bin/c++
[2.422s] -- Check for working CXX compiler: /usr/bin/c++ -- works
[2.426s] -- Detecting CXX compiler ABI info
[2.737s] -- Detecting CXX compiler ABI info - done
[2.773s] -- Detecting CXX compile features
[2.774s] -- Detecting CXX compile features - done
[2.794s] -- Found ament_cmake: 0.9.12 (/opt/ros/foxy/share/ament_cmake/cmake)
[2.909s] -- Found PythonInterp: /usr/bin/python3 (found suitable version "3.8.10", minimum required is "3") 
[2.910s] -- Using PYTHON_EXECUTABLE: /usr/bin/python3
[3.751s] -- Found rclcpp: 2.4.3 (/opt/ros/foxy/share/rclcpp/cmake)
[4.026s] -- Using all available rosidl_typesupport_c: rosidl_typesupport_fastrtps_c;rosidl_typesupport_introspection_c
[4.074s] -- Found rosidl_adapter: 1.3.1 (/opt/ros/foxy/share/rosidl_adapter/cmake)
[4.594s] -- Found OpenSSL: /usr/lib/aarch64-linux-gnu/libcrypto.so (found version "1.1.1f")  
[4.814s] -- Found FastRTPS: /opt/ros/foxy/include  
[5.329s] -- Using all available rosidl_typesupport_cpp: rosidl_typesupport_fastrtps_cpp;rosidl_typesupport_introspection_cpp
[5.576s] -- Found rmw_implementation_cmake: 1.0.4 (/opt/ros/foxy/share/rmw_implementation_cmake/cmake)
[5.581s] -- Using RMW implementation 'rmw_fastrtps_cpp' as default
[5.585s] -- Looking for pthread.h
[5.878s] -- Looking for pthread.h - found
[5.879s] -- Performing Test CMAKE_HAVE_LIBC_PTHREAD
[6.176s] -- Performing Test CMAKE_HAVE_LIBC_PTHREAD - Failed
[6.177s] -- Looking for pthread_create in pthreads
[6.418s] -- Looking for pthread_create in pthreads - not found
[6.418s] -- Looking for pthread_create in pthread
[6.708s] -- Looking for pthread_create in pthread - found
[6.712s] -- Found Threads: TRUE  
[7.297s] -- Found libs: 0.0.0 (/home/ubuntu/UAV_ws/install/libs/share/libs/cmake)
[7.319s] -- Found ament_lint_auto: 0.9.8 (/opt/ros/foxy/share/ament_lint_auto/cmake)
[7.686s] -- Added test 'cppcheck' to perform static code analysis on C / C++ code
[7.687s] -- Configured cppcheck include dirs: $<BUILD_INTERFACE:/home/ubuntu/UAV_ws/src/grampc-d/include>
[7.687s] -- Configured cppcheck exclude dirs and/or files: 
[7.703s] -- Added test 'lint_cmake' to check CMake code style
[7.746s] -- Added test 'uncrustify' to check C / C++ code style
[7.746s] -- Configured uncrustify additional arguments: 
[7.752s] -- Added test 'xmllint' to check XML markup files
[7.772s] -- Configuring done
[7.813s] -- Generating done
[7.819s] -- Build files have been written to: /home/ubuntu/UAV_ws/build/grampc-d
[7.848s] Invoked command in '/home/ubuntu/UAV_ws/build/grampc-d' returned '0': AMENT_PREFIX_PATH=/home/ubuntu/UAV_ws/install/libs:${AMENT_PREFIX_PATH} CMAKE_PREFIX_PATH=/home/ubuntu/UAV_ws/install/libs:/opt/ros/foxy LD_LIBRARY_PATH=/home/ubuntu/UAV_ws/install/libs/lib:${LD_LIBRARY_PATH} /usr/bin/cmake /home/ubuntu/UAV_ws/src/grampc-d -DCMAKE_INSTALL_PREFIX=/home/ubuntu/UAV_ws/install/grampc-d
[7.858s] Invoking command in '/home/ubuntu/UAV_ws/build/grampc-d': AMENT_PREFIX_PATH=/home/ubuntu/UAV_ws/install/libs:${AMENT_PREFIX_PATH} CMAKE_PREFIX_PATH=/home/ubuntu/UAV_ws/install/libs:/opt/ros/foxy LD_LIBRARY_PATH=/home/ubuntu/UAV_ws/install/libs/lib:${LD_LIBRARY_PATH} /usr/bin/cmake --build /home/ubuntu/UAV_ws/build/grampc-d -- -j4 -l4
[8.023s] [35m[1mScanning dependencies of target grampcd[0m
[8.200s] [  5%] [32mBuilding CXX object CMakeFiles/grampcd.dir/src/agent/neighbor.cpp.o[0m
[8.202s] [  5%] [32mBuilding CXX object CMakeFiles/grampcd.dir/src/agent/agent.cpp.o[0m
[8.208s] [  8%] [32mBuilding CXX object CMakeFiles/grampcd.dir/src/simulator/simulator.cpp.o[0m
[8.211s] [ 11%] [32mBuilding CXX object CMakeFiles/grampcd.dir/src/coord/coordinator.cpp.o[0m
[8.465s] In file included from [01m[K/home/ubuntu/UAV_ws/src/grampc-d/include/grampcd/agent/agent.hpp:19[m[K,
[8.467s]                  from [01m[K/home/ubuntu/UAV_ws/src/grampc-d/src/agent/neighbor.cpp:13[m[K:
[8.468s] [01m[K/home/ubuntu/UAV_ws/src/grampc-d/include/grampcd/state/agent_state.hpp:16:10:[m[K [01;31m[Kfatal error: [m[Kcereal/archives/binary.hpp: No such file or directory
[8.469s]    16 | #include [01;31m[K"cereal/archives/binary.hpp"[m[K
[8.469s]       |          [01;31m[K^~~~~~~~~~~~~~~~~~~~~~~~~~~~[m[K
[8.470s] In file included from [01m[K/home/ubuntu/UAV_ws/src/grampc-d/include/grampcd/agent/agent.hpp:19[m[K,
[8.471s]                  from [01m[K/home/ubuntu/UAV_ws/src/grampc-d/src/agent/agent.cpp:13[m[K:
[8.471s] [01m[K/home/ubuntu/UAV_ws/src/grampc-d/include/grampcd/state/agent_state.hpp:16:10:[m[K [01;31m[Kfatal error: [m[Kcereal/archives/binary.hpp: No such file or directory
[8.472s]    16 | #include [01;31m[K"cereal/archives/binary.hpp"[m[K
[8.472s]       |          [01;31m[K^~~~~~~~~~~~~~~~~~~~~~~~~~~~[m[K
[8.472s] compilation terminated.
[8.473s] compilation terminated.
[8.478s] make[2]: *** [CMakeFiles/grampcd.dir/build.make:63: CMakeFiles/grampcd.dir/src/agent/agent.cpp.o] Error 1
[8.478s] make[2]: *** Waiting for unfinished jobs....
[8.481s] make[2]: *** [CMakeFiles/grampcd.dir/build.make:76: CMakeFiles/grampcd.dir/src/agent/neighbor.cpp.o] Error 1
[8.483s] In file included from [01m[K/home/ubuntu/UAV_ws/src/grampc-d/include/grampcd/optim/problem_description_central.hpp:19[m[K,
[8.484s]                  from [01m[K/home/ubuntu/UAV_ws/src/grampc-d/include/grampcd/optim/solver_central.hpp:16[m[K,
[8.485s]                  from [01m[K/home/ubuntu/UAV_ws/src/grampc-d/include/grampcd/simulator/simulator.hpp:15[m[K,
[8.486s]                  from [01m[K/home/ubuntu/UAV_ws/src/grampc-d/src/simulator/simulator.cpp:13[m[K:
[8.486s] [01m[K/home/ubuntu/UAV_ws/src/grampc-d/include/grampcd/state/agent_state.hpp:16:10:[m[K [01;31m[Kfatal error: [m[Kcereal/archives/binary.hpp: No such file or directory
[8.487s]    16 | #include [01;31m[K"cereal/archives/binary.hpp"[m[K
[8.487s]       |          [01;31m[K^~~~~~~~~~~~~~~~~~~~~~~~~~~~[m[K
[8.488s] compilation terminated.
[8.489s] make[2]: *** [CMakeFiles/grampcd.dir/build.make:102: CMakeFiles/grampcd.dir/src/simulator/simulator.cpp.o] Error 1
[9.266s] In file included from [01m[K/home/ubuntu/UAV_ws/src/grampc-d/include/grampcd/util/class_forwarding.hpp:15[m[K,
[9.270s]                  from [01m[K/home/ubuntu/UAV_ws/src/grampc-d/include/grampcd/coord/coordinator.hpp:15[m[K,
[9.271s]                  from [01m[K/home/ubuntu/UAV_ws/src/grampc-d/src/coord/coordinator.cpp:13[m[K:
[9.271s] [01m[K/home/ubuntu/UAV_ws/src/grampc-d/include/grampcd/util/types.hpp:34:31:[m[K [01;35m[Kwarning: [m[Kextra ‘[01m[K;[m[K’ [[01;35m[K-Wpedantic[m[K]
[9.271s]    34 |         DMPC_DECLARE_PTR(C, C)[01;35m[K;[m[K
[9.272s]       |                               [01;35m[K^[m[K
[9.272s] [01m[K/home/ubuntu/UAV_ws/src/grampc-d/include/grampcd/util/class_forwarding.hpp:21:2:[m[K [01;36m[Knote: [m[Kin expansion of macro ‘[01m[KDMPC_CLASS_FORWARD[m[K’
[9.272s]    21 |  [01;36m[KDMPC_CLASS_FORWARD[m[K(CommunicationInterfaceLocal);
[9.273s]       |  [01;36m[K^~~~~~~~~~~~~~~~~~[m[K
[9.273s] In file included from [01m[K/home/ubuntu/UAV_ws/src/grampc-d/include/grampcd/coord/coordinator.hpp:15[m[K,
[9.273s]                  from [01m[K/home/ubuntu/UAV_ws/src/grampc-d/src/coord/coordinator.cpp:13[m[K:
[9.274s] [01m[K/home/ubuntu/UAV_ws/src/grampc-d/include/grampcd/util/class_forwarding.hpp:21:49:[m[K [01;35m[Kwarning: [m[Kextra ‘[01m[K;[m[K’ [[01;35m[K-Wpedantic[m[K]
[9.274s]    21 |  DMPC_CLASS_FORWARD(CommunicationInterfaceLocal)[01;35m[K;[m[K
[9.274s]       |                                                 [01;35m[K^[m[K
[9.275s] In file included from [01m[K/home/ubuntu/UAV_ws/src/grampc-d/include/grampcd/util/class_forwarding.hpp:15[m[K,
[9.275s]                  from [01m[K/home/ubuntu/UAV_ws/src/grampc-d/include/grampcd/coord/coordinator.hpp:15[m[K,
[9.275s]                  from [01m[K/home/ubuntu/UAV_ws/src/grampc-d/src/coord/coordinator.cpp:13[m[K:
[9.276s] [01m[K/home/ubuntu/UAV_ws/src/grampc-d/include/grampcd/util/types.hpp:34:31:[m[K [01;35m[Kwarning: [m[Kextra ‘[01m[K;[m[K’ [[01;35m[K-Wpedantic[m[K]
[9.276s]    34 |         DMPC_DECLARE_PTR(C, C)[01;35m[K;[m[K
[9.276s]       |                               [01;35m[K^[m[K
[9.277s] [01m[K/home/ubuntu/UAV_ws/src/grampc-d/include/grampcd/util/class_forwarding.hpp:22:2:[m[K [01;36m[Knote: [m[Kin expansion of macro ‘[01m[KDMPC_CLASS_FORWARD[m[K’
[9.277s]    22 |  [01;36m[KDMPC_CLASS_FORWARD[m[K(CommunicationInterface);
[9.277s]       |  [01;36m[K^~~~~~~~~~~~~~~~~~[m[K
[9.278s] In file included from [01m[K/home/ubuntu/UAV_ws/src/grampc-d/include/grampcd/coord/coordinator.hpp:15[m[K,
[9.278s]                  from [01m[K/home/ubuntu/UAV_ws/src/grampc-d/src/coord/coordinator.cpp:13[m[K:
[9.279s] [01m[K/home/ubuntu/UAV_ws/src/grampc-d/include/grampcd/util/class_forwarding.hpp:22:44:[m[K [01;35m[Kwarning: [m[Kextra ‘[01m[K;[m[K’ [[01;35m[K-Wpedantic[m[K]
[9.279s]    22 |  DMPC_CLASS_FORWARD(CommunicationInterface)[01;35m[K;[m[K
[9.279s]       |                                            [01;35m[K^[m[K
[9.281s] In file included from [01m[K/home/ubuntu/UAV_ws/src/grampc-d/include/grampcd/util/class_forwarding.hpp:15[m[K,
[9.283s]                  from [01m[K/home/ubuntu/UAV_ws/src/grampc-d/include/grampcd/coord/coordinator.hpp:15[m[K,
[9.284s]                  from [01m[K/home/ubuntu/UAV_ws/src/grampc-d/src/coord/coordinator.cpp:13[m[K:
[9.284s] [01m[K/home/ubuntu/UAV_ws/src/grampc-d/include/grampcd/util/types.hpp:34:31:[m[K [01;35m[Kwarning: [m[Kextra ‘[01m[K;[m[K’ [[01;35m[K-Wpedantic[m[K]
[9.284s]    34 |         DMPC_DECLARE_PTR(C, C)[01;35m[K;[m[K
[9.285s]       |                               [01;35m[K^[m[K
[9.285s] [01m[K/home/ubuntu/UAV_ws/src/grampc-d/include/grampcd/util/class_forwarding.hpp:24:2:[m[K [01;36m[Knote: [m[Kin expansion of macro ‘[01m[KDMPC_CLASS_FORWARD[m[K’
[9.285s]    24 |  [01;36m[KDMPC_CLASS_FORWARD[m[K(Solution);
[9.286s]       |  [01;36m[K^~~~~~~~~~~~~~~~~~[m[K
[9.286s] In file included from [01m[K/home/ubuntu/UAV_ws/src/grampc-d/include/grampcd/coord/coordinator.hpp:15[m[K,
[9.286s]                  from [01m[K/home/ubuntu/UAV_ws/src/grampc-d/src/coord/coordinator.cpp:13[m[K:
[9.287s] [01m[K/home/ubuntu/UAV_ws/src/grampc-d/include/grampcd/util/class_forwarding.hpp:24:30:[m[K [01;35m[Kwarning: [m[Kextra ‘[01m[K;[m[K’ [[01;35m[K-Wpedantic[m[K]
[9.287s]    24 |  DMPC_CLASS_FORWARD(Solution)[01;35m[K;[m[K
[9.287s]       |                              [01;35m[K^[m[K
[9.288s] In file included from [01m[K/home/ubuntu/UAV_ws/src/grampc-d/include/grampcd/util/class_forwarding.hpp:15[m[K,
[9.288s]                  from [01m[K/home/ubuntu/UAV_ws/src/grampc-d/include/grampcd/coord/coordinator.hpp:15[m[K,
[9.288s]                  from [01m[K/home/ubuntu/UAV_ws/src/grampc-d/src/coord/coordinator.cpp:13[m[K:
[9.289s] [01m[K/home/ubuntu/UAV_ws/src/grampc-d/include/grampcd/util/types.hpp:34:31:[m[K [01;35m[Kwarning: [m[Kextra ‘[01m[K;[m[K’ [[01;35m[K-Wpedantic[m[K]
[9.289s]    34 |         DMPC_DECLARE_PTR(C, C)[01;35m[K;[m[K
[9.289s]       |                               [01;35m[K^[m[K
[9.290s] [01m[K/home/ubuntu/UAV_ws/src/grampc-d/include/grampcd/util/class_forwarding.hpp:26:2:[m[K [01;36m[Knote: [m[Kin expansion of macro ‘[01m[KDMPC_CLASS_FORWARD[m[K’
[9.290s]    26 |  [01;36m[KDMPC_CLASS_FORWARD[m[K(Agent);
[9.290s]       |  [01;36m[K^~~~~~~~~~~~~~~~~~[m[K
[9.291s] In file included from [01m[K/home/ubuntu/UAV_ws/src/grampc-d/include/grampcd/coord/coordinator.hpp:15[m[K,
[9.291s]                  from [01m[K/home/ubuntu/UAV_ws/src/grampc-d/src/coord/coordinator.cpp:13[m[K:
[9.291s] [01m[K/home/ubuntu/UAV_ws/src/grampc-d/include/grampcd/util/class_forwarding.hpp:26:27:[m[K [01;35m[Kwarning: [m[Kextra ‘[01m[K;[m[K’ [[01;35m[K-Wpedantic[m[K]
[9.292s]    26 |  DMPC_CLASS_FORWARD(Agent)[01;35m[K;[m[K
[9.292s]       |                           [01;35m[K^[m[K
[9.292s] In file included from [01m[K/home/ubuntu/UAV_ws/src/grampc-d/include/grampcd/util/class_forwarding.hpp:15[m[K,
[9.293s]                  from [01m[K/home/ubuntu/UAV_ws/src/grampc-d/include/grampcd/coord/coordinator.hpp:15[m[K,
[9.293s]                  from [01m[K/home/ubuntu/UAV_ws/src/grampc-d/src/coord/coordinator.cpp:13[m[K:
[9.293s] [01m[K/home/ubuntu/UAV_ws/src/grampc-d/include/grampcd/util/types.hpp:34:31:[m[K [01;35m[Kwarning: [m[Kextra ‘[01m[K;[m[K’ [[01;35m[K-Wpedantic[m[K]
[9.294s]    34 |         DMPC_DECLARE_PTR(C, C)[01;35m[K;[m[K
[9.294s]       |                               [01;35m[K^[m[K
[9.294s] [01m[K/home/ubuntu/UAV_ws/src/grampc-d/include/grampcd/util/class_forwarding.hpp:27:2:[m[K [01;36m[Knote: [m[Kin expansion of macro ‘[01m[KDMPC_CLASS_FORWARD[m[K’
[9.295s]    27 |  [01;36m[KDMPC_CLASS_FORWARD[m[K(Neighbor);
[9.295s]       |  [01;36m[K^~~~~~~~~~~~~~~~~~[m[K
[9.295s] In file included from [01m[K/home/ubuntu/UAV_ws/src/grampc-d/include/grampcd/coord/coordinator.hpp:15[m[K,
[9.296s]                  from [01m[K/home/ubuntu/UAV_ws/src/grampc-d/src/coord/coordinator.cpp:13[m[K:
[9.296s] [01m[K/home/ubuntu/UAV_ws/src/grampc-d/include/grampcd/util/class_forwarding.hpp:27:30:[m[K [01;35m[Kwarning: [m[Kextra ‘[01m[K;[m[K’ [[01;35m[K-Wpedantic[m[K]
[9.296s]    27 |  DMPC_CLASS_FORWARD(Neighbor)[01;35m[K;[m[K
[9.297s]       |                              [01;35m[K^[m[K
[9.297s] In file included from [01m[K/home/ubuntu/UAV_ws/src/grampc-d/include/grampcd/util/class_forwarding.hpp:15[m[K,
[9.297s]                  from [01m[K/home/ubuntu/UAV_ws/src/grampc-d/include/grampcd/coord/coordinator.hpp:15[m[K,
[9.298s]                  from [01m[K/home/ubuntu/UAV_ws/src/grampc-d/src/coord/coordinator.cpp:13[m[K:
[9.298s] [01m[K/home/ubuntu/UAV_ws/src/grampc-d/include/grampcd/util/types.hpp:34:31:[m[K [01;35m[Kwarning: [m[Kextra ‘[01m[K;[m[K’ [[01;35m[K-Wpedantic[m[K]
[9.298s]    34 |         DMPC_DECLARE_PTR(C, C)[01;35m[K;[m[K
[9.299s]       |                               [01;35m[K^[m[K
[9.299s] [01m[K/home/ubuntu/UAV_ws/src/grampc-d/include/grampcd/util/class_forwarding.hpp:28:2:[m[K [01;36m[Knote: [m[Kin expansion of macro ‘[01m[KDMPC_CLASS_FORWARD[m[K’
[9.299s]    28 |  [01;36m[KDMPC_CLASS_FORWARD[m[K(Coordinator);
[9.300s]       |  [01;36m[K^~~~~~~~~~~~~~~~~~[m[K
[9.300s] In file included from [01m[K/home/ubuntu/UAV_ws/src/grampc-d/include/grampcd/coord/coordinator.hpp:15[m[K,
[9.300s]                  from [01m[K/home/ubuntu/UAV_ws/src/grampc-d/src/coord/coordinator.cpp:13[m[K:
[9.300s] [01m[K/home/ubuntu/UAV_ws/src/grampc-d/include/grampcd/util/class_forwarding.hpp:28:33:[m[K [01;35m[Kwarning: [m[Kextra ‘[01m[K;[m[K’ [[01;35m[K-Wpedantic[m[K]
[9.301s]    28 |  DMPC_CLASS_FORWARD(Coordinator)[01;35m[K;[m[K
[9.301s]       |                                 [01;35m[K^[m[K
[9.301s] In file included from [01m[K/home/ubuntu/UAV_ws/src/grampc-d/include/grampcd/util/class_forwarding.hpp:15[m[K,
[9.302s]                  from [01m[K/home/ubuntu/UAV_ws/src/grampc-d/include/grampcd/coord/coordinator.hpp:15[m[K,
[9.302s]                  from [01m[K/home/ubuntu/UAV_ws/src/grampc-d/src/coord/coordinator.cpp:13[m[K:
[9.302s] [01m[K/home/ubuntu/UAV_ws/src/grampc-d/include/grampcd/util/types.hpp:34:31:[m[K [01;35m[Kwarning: [m[Kextra ‘[01m[K;[m[K’ [[01;35m[K-Wpedantic[m[K]
[9.303s]    34 |         DMPC_DECLARE_PTR(C, C)[01;35m[K;[m[K
[9.303s]       |                               [01;35m[K^[m[K
[9.303s] [01m[K/home/ubuntu/UAV_ws/src/grampc-d/include/grampcd/util/class_forwarding.hpp:29:2:[m[K [01;36m[Knote: [m[Kin expansion of macro ‘[01m[KDMPC_CLASS_FORWARD[m[K’
[9.304s]    29 |  [01;36m[KDMPC_CLASS_FORWARD[m[K(StepSelector);
[9.304s]       |  [01;36m[K^~~~~~~~~~~~~~~~~~[m[K
[9.304s] In file included from [01m[K/home/ubuntu/UAV_ws/src/grampc-d/include/grampcd/coord/coordinator.hpp:15[m[K,
[9.305s]                  from [01m[K/home/ubuntu/UAV_ws/src/grampc-d/src/coord/coordinator.cpp:13[m[K:
[9.305s] [01m[K/home/ubuntu/UAV_ws/src/grampc-d/include/grampcd/util/class_forwarding.hpp:29:34:[m[K [01;35m[Kwarning: [m[Kextra ‘[01m[K;[m[K’ [[01;35m[K-Wpedantic[m[K]
[9.305s]    29 |  DMPC_CLASS_FORWARD(StepSelector)[01;35m[K;[m[K
[9.306s]       |                                  [01;35m[K^[m[K
[9.306s] In file included from [01m[K/home/ubuntu/UAV_ws/src/grampc-d/include/grampcd/util/class_forwarding.hpp:15[m[K,
[9.306s]                  from [01m[K/home/ubuntu/UAV_ws/src/grampc-d/include/grampcd/coord/coordinator.hpp:15[m[K,
[9.307s]                  from [01m[K/home/ubuntu/UAV_ws/src/grampc-d/src/coord/coordinator.cpp:13[m[K:
[9.307s] [01m[K/home/ubuntu/UAV_ws/src/grampc-d/include/grampcd/util/types.hpp:34:31:[m[K [01;35m[Kwarning: [m[Kextra ‘[01m[K;[m[K’ [[01;35m[K-Wpedantic[m[K]
[9.307s]    34 |         DMPC_DECLARE_PTR(C, C)[01;35m[K;[m[K
[9.308s]       |                               [01;35m[K^[m[K
[9.308s] [01m[K/home/ubuntu/UAV_ws/src/grampc-d/include/grampcd/util/class_forwarding.hpp:30:2:[m[K [01;36m[Knote: [m[Kin expansion of macro ‘[01m[KDMPC_CLASS_FORWARD[m[K’
[9.308s]    30 |  [01;36m[KDMPC_CLASS_FORWARD[m[K(SyncStepSelector);
[9.309s]       |  [01;36m[K^~~~~~~~~~~~~~~~~~[m[K
[9.309s] In file included from [01m[K/home/ubuntu/UAV_ws/src/grampc-d/include/grampcd/coord/coordinator.hpp:15[m[K,
[9.309s]                  from [01m[K/home/ubuntu/UAV_ws/src/grampc-d/src/coord/coordinator.cpp:13[m[K:
[9.310s] [01m[K/home/ubuntu/UAV_ws/src/grampc-d/include/grampcd/util/class_forwarding.hpp:30:38:[m[K [01;35m[Kwarning: [m[Kextra ‘[01m[K;[m[K’ [[01;35m[K-Wpedantic[m[K]
[9.310s]    30 |  DMPC_CLASS_FORWARD(SyncStepSelector)[01;35m[K;[m[K
[9.310s]       |                                      [01;35m[K^[m[K
[9.311s] In file included from [01m[K/home/ubuntu/UAV_ws/src/grampc-d/include/grampcd/util/class_forwarding.hpp:15[m[K,
[9.311s]                  from [01m[K/home/ubuntu/UAV_ws/src/grampc-d/include/grampcd/coord/coordinator.hpp:15[m[K,
[9.311s]                  from [01m[K/home/ubuntu/UAV_ws/src/grampc-d/src/coord/coordinator.cpp:13[m[K:
[9.312s] [01m[K/home/ubuntu/UAV_ws/src/grampc-d/include/grampcd/util/types.hpp:34:31:[m[K [01;35m[Kwarning: [m[Kextra ‘[01m[K;[m[K’ [[01;35m[K-Wpedantic[m[K]
[9.312s]    34 |         DMPC_DECLARE_PTR(C, C)[01;35m[K;[m[K
[9.312s]       |                               [01;35m[K^[m[K
[9.313s] [01m[K/home/ubuntu/UAV_ws/src/grampc-d/include/grampcd/util/class_forwarding.hpp:31:2:[m[K [01;36m[Knote: [m[Kin expansion of macro ‘[01m[KDMPC_CLASS_FORWARD[m[K’
[9.313s]    31 |  [01;36m[KDMPC_CLASS_FORWARD[m[K(AsyncStepSelector);
[9.313s]       |  [01;36m[K^~~~~~~~~~~~~~~~~~[m[K
[9.314s] In file included from [01m[K/home/ubuntu/UAV_ws/src/grampc-d/include/grampcd/coord/coordinator.hpp:15[m[K,
[9.314s]                  from [01m[K/home/ubuntu/UAV_ws/src/grampc-d/src/coord/coordinator.cpp:13[m[K:
[9.314s] [01m[K/home/ubuntu/UAV_ws/src/grampc-d/include/grampcd/util/class_forwarding.hpp:31:39:[m[K [01;35m[Kwarning: [m[Kextra ‘[01m[K;[m[K’ [[01;35m[K-Wpedantic[m[K]
[9.315s]    31 |  DMPC_CLASS_FORWARD(AsyncStepSelector)[01;35m[K;[m[K
[9.315s]       |                                       [01;35m[K^[m[K
[9.315s] In file included from [01m[K/home/ubuntu/UAV_ws/src/grampc-d/include/grampcd/util/class_forwarding.hpp:15[m[K,
[9.316s]                  from [01m[K/home/ubuntu/UAV_ws/src/grampc-d/include/grampcd/coord/coordinator.hpp:15[m[K,
[9.316s]                  from [01m[K/home/ubuntu/UAV_ws/src/grampc-d/src/coord/coordinator.cpp:13[m[K:
[9.316s] [01m[K/home/ubuntu/UAV_ws/src/grampc-d/include/grampcd/util/types.hpp:34:31:[m[K [01;35m[Kwarning: [m[Kextra ‘[01m[K;[m[K’ [[01;35m[K-Wpedantic[m[K]
[9.317s]    34 |         DMPC_DECLARE_PTR(C, C)[01;35m[K;[m[K
[9.317s]       |                               [01;35m[K^[m[K
[9.317s] [01m[K/home/ubuntu/UAV_ws/src/grampc-d/include/grampcd/util/class_forwarding.hpp:33:2:[m[K [01;36m[Knote: [m[Kin expansion of macro ‘[01m[KDMPC_CLASS_FORWARD[m[K’
[9.317s]    33 |  [01;36m[KDMPC_CLASS_FORWARD[m[K(DmpcInterface);
[9.318s]       |  [01;36m[K^~~~~~~~~~~~~~~~~~[m[K
[9.318s] In file included from [01m[K/home/ubuntu/UAV_ws/src/grampc-d/include/grampcd/coord/coordinator.hpp:15[m[K,
[9.318s]                  from [01m[K/home/ubuntu/UAV_ws/src/grampc-d/src/coord/coordinator.cpp:13[m[K:
[9.319s] [01m[K/home/ubuntu/UAV_ws/src/grampc-d/include/grampcd/util/class_forwarding.hpp:33:35:[m[K [01;35m[Kwarning: [m[Kextra ‘[01m[K;[m[K’ [[01;35m[K-Wpedantic[m[K]
[9.319s]    33 |  DMPC_CLASS_FORWARD(DmpcInterface)[01;35m[K;[m[K
[9.319s]       |                                   [01;35m[K^[m[K
[9.320s] In file included from [01m[K/home/ubuntu/UAV_ws/src/grampc-d/include/grampcd/util/class_forwarding.hpp:15[m[K,
[9.320s]                  from [01m[K/home/ubuntu/UAV_ws/src/grampc-d/include/grampcd/coord/coordinator.hpp:15[m[K,
[9.320s]                  from [01m[K/home/ubuntu/UAV_ws/src/grampc-d/src/coord/coordinator.cpp:13[m[K:
[9.321s] [01m[K/home/ubuntu/UAV_ws/src/grampc-d/include/grampcd/util/types.hpp:34:31:[m[K [01;35m[Kwarning: [m[Kextra ‘[01m[K;[m[K’ [[01;35m[K-Wpedantic[m[K]
[9.321s]    34 |         DMPC_DECLARE_PTR(C, C)[01;35m[K;[m[K
[9.321s]       |                               [01;35m[K^[m[K
[9.322s] [01m[K/home/ubuntu/UAV_ws/src/grampc-d/include/grampcd/util/class_forwarding.hpp:35:2:[m[K [01;36m[Knote: [m[Kin expansion of macro ‘[01m[KDMPC_CLASS_FORWARD[m[K’
[9.322s]    35 |  [01;36m[KDMPC_CLASS_FORWARD[m[K(Simulator);
[9.322s]       |  [01;36m[K^~~~~~~~~~~~~~~~~~[m[K
[9.323s] In file included from [01m[K/home/ubuntu/UAV_ws/src/grampc-d/include/grampcd/coord/coordinator.hpp:15[m[K,
[9.323s]                  from [01m[K/home/ubuntu/UAV_ws/src/grampc-d/src/coord/coordinator.cpp:13[m[K:
[9.323s] [01m[K/home/ubuntu/UAV_ws/src/grampc-d/include/grampcd/util/class_forwarding.hpp:35:31:[m[K [01;35m[Kwarning: [m[Kextra ‘[01m[K;[m[K’ [[01;35m[K-Wpedantic[m[K]
[9.324s]    35 |  DMPC_CLASS_FORWARD(Simulator)[01;35m[K;[m[K
[9.324s]       |                               [01;35m[K^[m[K
[9.325s] In file included from [01m[K/home/ubuntu/UAV_ws/src/grampc-d/include/grampcd/util/class_forwarding.hpp:15[m[K,
[9.325s]                  from [01m[K/home/ubuntu/UAV_ws/src/grampc-d/include/grampcd/coord/coordinator.hpp:15[m[K,
[9.325s]                  from [01m[K/home/ubuntu/UAV_ws/src/grampc-d/src/coord/coordinator.cpp:13[m[K:
[9.325s] [01m[K/home/ubuntu/UAV_ws/src/grampc-d/include/grampcd/util/types.hpp:34:31:[m[K [01;35m[Kwarning: [m[Kextra ‘[01m[K;[m[K’ [[01;35m[K-Wpedantic[m[K]
[9.326s]    34 |         DMPC_DECLARE_PTR(C, C)[01;35m[K;[m[K
[9.326s]       |                               [01;35m[K^[m[K
[9.326s] [01m[K/home/ubuntu/UAV_ws/src/grampc-d/include/grampcd/util/class_forwarding.hpp:37:2:[m[K [01;36m[Knote: [m[Kin expansion of macro ‘[01m[KDMPC_CLASS_FORWARD[m[K’
[9.327s]    37 |  [01;36m[KDMPC_CLASS_FORWARD[m[K(CommunicationData);
[9.327s]       |  [01;36m[K^~~~~~~~~~~~~~~~~~[m[K
[9.327s] In file included from [01m[K/home/ubuntu/UAV_ws/src/grampc-d/include/grampcd/coord/coordinator.hpp:15[m[K,
[9.328s]                  from [01m[K/home/ubuntu/UAV_ws/src/grampc-d/src/coord/coordinator.cpp:13[m[K:
[9.328s] [01m[K/home/ubuntu/UAV_ws/src/grampc-d/include/grampcd/util/class_forwarding.hpp:37:39:[m[K [01;35m[Kwarning: [m[Kextra ‘[01m[K;[m[K’ [[01;35m[K-Wpedantic[m[K]
[9.328s]    37 |  DMPC_CLASS_FORWARD(CommunicationData)[01;35m[K;[m[K
[9.329s]       |                                       [01;35m[K^[m[K
[9.329s] In file included from [01m[K/home/ubuntu/UAV_ws/src/grampc-d/include/grampcd/util/class_forwarding.hpp:15[m[K,
[9.330s]                  from [01m[K/home/ubuntu/UAV_ws/src/grampc-d/include/grampcd/coord/coordinator.hpp:15[m[K,
[9.330s]                  from [01m[K/home/ubuntu/UAV_ws/src/grampc-d/src/coord/coordinator.cpp:13[m[K:
[9.330s] [01m[K/home/ubuntu/UAV_ws/src/grampc-d/include/grampcd/util/types.hpp:34:31:[m[K [01;35m[Kwarning: [m[Kextra ‘[01m[K;[m[K’ [[01;35m[K-Wpedantic[m[K]
[9.330s]    34 |         DMPC_DECLARE_PTR(C, C)[01;35m[K;[m[K
[9.331s]       |                               [01;35m[K^[m[K
[9.331s] [01m[K/home/ubuntu/UAV_ws/src/grampc-d/include/grampcd/util/class_forwarding.hpp:39:2:[m[K [01;36m[Knote: [m[Kin expansion of macro ‘[01m[KDMPC_CLASS_FORWARD[m[K’
[9.331s]    39 |  [01;36m[KDMPC_CLASS_FORWARD[m[K(ModelFactory);
[9.332s]       |  [01;36m[K^~~~~~~~~~~~~~~~~~[m[K
[9.332s] In file included from [01m[K/home/ubuntu/UAV_ws/src/grampc-d/include/grampcd/coord/coordinator.hpp:15[m[K,
[9.333s]                  from [01m[K/home/ubuntu/UAV_ws/src/grampc-d/src/coord/coordinator.cpp:13[m[K:
[9.333s] [01m[K/home/ubuntu/UAV_ws/src/grampc-d/include/grampcd/util/class_forwarding.hpp:39:34:[m[K [01;35m[Kwarning: [m[Kextra ‘[01m[K;[m[K’ [[01;35m[K-Wpedantic[m[K]
[9.333s]    39 |  DMPC_CLASS_FORWARD(ModelFactory)[01;35m[K;[m[K
[9.334s]       |                                  [01;35m[K^[m[K
[9.334s] In file included from [01m[K/home/ubuntu/UAV_ws/src/grampc-d/include/grampcd/util/class_forwarding.hpp:15[m[K,
[9.334s]                  from [01m[K/home/ubuntu/UAV_ws/src/grampc-d/include/grampcd/coord/coordinator.hpp:15[m[K,
[9.334s]                  from [01m[K/home/ubuntu/UAV_ws/src/grampc-d/src/coord/coordinator.cpp:13[m[K:
[9.335s] [01m[K/home/ubuntu/UAV_ws/src/grampc-d/include/grampcd/util/types.hpp:34:31:[m[K [01;35m[Kwarning: [m[Kextra ‘[01m[K;[m[K’ [[01;35m[K-Wpedantic[m[K]
[9.335s]    34 |         DMPC_DECLARE_PTR(C, C)[01;35m[K;[m[K
[9.335s]       |                               [01;35m[K^[m[K
[9.336s] [01m[K/home/ubuntu/UAV_ws/src/grampc-d/include/grampcd/util/class_forwarding.hpp:40:2:[m[K [01;36m[Knote: [m[Kin expansion of macro ‘[01m[KDMPC_CLASS_FORWARD[m[K’
[9.336s]    40 |  [01;36m[KDMPC_CLASS_FORWARD[m[K(AgentModel);
[9.336s]       |  [01;36m[K^~~~~~~~~~~~~~~~~~[m[K
[9.337s] In file included from [01m[K/home/ubuntu/UAV_ws/src/grampc-d/include/grampcd/coord/coordinator.hpp:15[m[K,
[9.337s]                  from [01m[K/home/ubuntu/UAV_ws/src/grampc-d/src/coord/coordinator.cpp:13[m[K:
[9.338s] [01m[K/home/ubuntu/UAV_ws/src/grampc-d/include/grampcd/util/class_forwarding.hpp:40:32:[m[K [01;35m[Kwarning: [m[Kextra ‘[01m[K;[m[K’ [[01;35m[K-Wpedantic[m[K]
[9.338s]    40 |  DMPC_CLASS_FORWARD(AgentModel)[01;35m[K;[m[K
[9.339s]       |                                [01;35m[K^[m[K
[9.339s] In file included from [01m[K/home/ubuntu/UAV_ws/src/grampc-d/include/grampcd/util/class_forwarding.hpp:15[m[K,
[9.339s]                  from [01m[K/home/ubuntu/UAV_ws/src/grampc-d/include/grampcd/coord/coordinator.hpp:15[m[K,
[9.340s]                  from [01m[K/home/ubuntu/UAV_ws/src/grampc-d/src/coord/coordinator.cpp:13[m[K:
[9.340s] [01m[K/home/ubuntu/UAV_ws/src/grampc-d/include/grampcd/util/types.hpp:34:31:[m[K [01;35m[Kwarning: [m[Kextra ‘[01m[K;[m[K’ [[01;35m[K-Wpedantic[m[K]
[9.340s]    34 |         DMPC_DECLARE_PTR(C, C)[01;35m[K;[m[K
[9.341s]       |                               [01;35m[K^[m[K
[9.341s] [01m[K/home/ubuntu/UAV_ws/src/grampc-d/include/grampcd/util/class_forwarding.hpp:41:2:[m[K [01;36m[Knote: [m[Kin expansion of macro ‘[01m[KDMPC_CLASS_FORWARD[m[K’
[9.341s]    41 |  [01;36m[KDMPC_CLASS_FORWARD[m[K(CouplingModel);
[9.342s]       |  [01;36m[K^~~~~~~~~~~~~~~~~~[m[K
[9.342s] In file included from [01m[K/home/ubuntu/UAV_ws/src/grampc-d/include/grampcd/coord/coordinator.hpp:15[m[K,
[9.342s]                  from [01m[K/home/ubuntu/UAV_ws/src/grampc-d/src/coord/coordinator.cpp:13[m[K:
[9.343s] [01m[K/home/ubuntu/UAV_ws/src/grampc-d/include/grampcd/util/class_forwarding.hpp:41:35:[m[K [01;35m[Kwarning: [m[Kextra ‘[01m[K;[m[K’ [[01;35m[K-Wpedantic[m[K]
[9.343s]    41 |  DMPC_CLASS_FORWARD(CouplingModel)[01;35m[K;[m[K
[9.344s]       |                                   [01;35m[K^[m[K
[9.344s] In file included from [01m[K/home/ubuntu/UAV_ws/src/grampc-d/include/grampcd/util/class_forwarding.hpp:15[m[K,
[9.345s]                  from [01m[K/home/ubuntu/UAV_ws/src/grampc-d/include/grampcd/coord/coordinator.hpp:15[m[K,
[9.345s]                  from [01m[K/home/ubuntu/UAV_ws/src/grampc-d/src/coord/coordinator.cpp:13[m[K:
[9.346s] [01m[K/home/ubuntu/UAV_ws/src/grampc-d/include/grampcd/util/types.hpp:34:31:[m[K [01;35m[Kwarning: [m[Kextra ‘[01m[K;[m[K’ [[01;35m[K-Wpedantic[m[K]
[9.346s]    34 |         DMPC_DECLARE_PTR(C, C)[01;35m[K;[m[K
[9.346s]       |                               [01;35m[K^[m[K
[9.347s] [01m[K/home/ubuntu/UAV_ws/src/grampc-d/include/grampcd/util/class_forwarding.hpp:43:2:[m[K [01;36m[Knote: [m[Kin expansion of macro ‘[01m[KDMPC_CLASS_FORWARD[m[K’
[9.347s]    43 |  [01;36m[KDMPC_CLASS_FORWARD[m[K(Logging);
[9.348s]       |  [01;36m[K^~~~~~~~~~~~~~~~~~[m[K
[9.348s] In file included from [01m[K/home/ubuntu/UAV_ws/src/grampc-d/include/grampcd/coord/coordinator.hpp:15[m[K,
[9.349s]                  from [01m[K/home/ubuntu/UAV_ws/src/grampc-d/src/coord/coordinator.cpp:13[m[K:
[9.349s] [01m[K/home/ubuntu/UAV_ws/src/grampc-d/include/grampcd/util/class_forwarding.hpp:43:29:[m[K [01;35m[Kwarning: [m[Kextra ‘[01m[K;[m[K’ [[01;35m[K-Wpedantic[m[K]
[9.349s]    43 |  DMPC_CLASS_FORWARD(Logging)[01;35m[K;[m[K
[9.350s]       |                             [01;35m[K^[m[K
[9.350s] In file included from [01m[K/home/ubuntu/UAV_ws/src/grampc-d/include/grampcd/util/class_forwarding.hpp:15[m[K,
[9.350s]                  from [01m[K/home/ubuntu/UAV_ws/src/grampc-d/include/grampcd/coord/coordinator.hpp:15[m[K,
[9.351s]                  from [01m[K/home/ubuntu/UAV_ws/src/grampc-d/src/coord/coordinator.cpp:13[m[K:
[9.351s] [01m[K/home/ubuntu/UAV_ws/src/grampc-d/include/grampcd/util/types.hpp:34:31:[m[K [01;35m[Kwarning: [m[Kextra ‘[01m[K;[m[K’ [[01;35m[K-Wpedantic[m[K]
[9.351s]    34 |         DMPC_DECLARE_PTR(C, C)[01;35m[K;[m[K
[9.352s]       |                               [01;35m[K^[m[K
[9.352s] [01m[K/home/ubuntu/UAV_ws/src/grampc-d/include/grampcd/util/class_forwarding.hpp:45:2:[m[K [01;36m[Knote: [m[Kin expansion of macro ‘[01m[KDMPC_CLASS_FORWARD[m[K’
[9.353s]    45 |  [01;36m[KDMPC_CLASS_FORWARD[m[K(ApproximateNeighbor);
[9.353s]       |  [01;36m[K^~~~~~~~~~~~~~~~~~[m[K
[9.354s] In file included from [01m[K/home/ubuntu/UAV_ws/src/grampc-d/include/grampcd/coord/coordinator.hpp:15[m[K,
[9.354s]                  from [01m[K/home/ubuntu/UAV_ws/src/grampc-d/src/coord/coordinator.cpp:13[m[K:
[9.355s] [01m[K/home/ubuntu/UAV_ws/src/grampc-d/include/grampcd/util/class_forwarding.hpp:45:41:[m[K [01;35m[Kwarning: [m[Kextra ‘[01m[K;[m[K’ [[01;35m[K-Wpedantic[m[K]
[9.355s]    45 |  DMPC_CLASS_FORWARD(ApproximateNeighbor)[01;35m[K;[m[K
[9.355s]       |                                         [01;35m[K^[m[K
[9.356s] In file included from [01m[K/home/ubuntu/UAV_ws/src/grampc-d/include/grampcd/util/class_forwarding.hpp:15[m[K,
[9.357s]                  from [01m[K/home/ubuntu/UAV_ws/src/grampc-d/include/grampcd/coord/coordinator.hpp:15[m[K,
[9.357s]                  from [01m[K/home/ubuntu/UAV_ws/src/grampc-d/src/coord/coordinator.cpp:13[m[K:
[9.357s] [01m[K/home/ubuntu/UAV_ws/src/grampc-d/include/grampcd/util/types.hpp:34:31:[m[K [01;35m[Kwarning: [m[Kextra ‘[01m[K;[m[K’ [[01;35m[K-Wpedantic[m[K]
[9.358s]    34 |         DMPC_DECLARE_PTR(C, C)[01;35m[K;[m[K
[9.358s]       |                               [01;35m[K^[m[K
[9.359s] [01m[K/home/ubuntu/UAV_ws/src/grampc-d/include/grampcd/util/class_forwarding.hpp:46:2:[m[K [01;36m[Knote: [m[Kin expansion of macro ‘[01m[KDMPC_CLASS_FORWARD[m[K’
[9.359s]    46 |  [01;36m[KDMPC_CLASS_FORWARD[m[K(SolverCentral);
[9.359s]       |  [01;36m[K^~~~~~~~~~~~~~~~~~[m[K
[9.360s] In file included from [01m[K/home/ubuntu/UAV_ws/src/grampc-d/include/grampcd/coord/coordinator.hpp:15[m[K,
[9.360s]                  from [01m[K/home/ubuntu/UAV_ws/src/grampc-d/src/coord/coordinator.cpp:13[m[K:
[9.360s] [01m[K/home/ubuntu/UAV_ws/src/grampc-d/include/grampcd/util/class_forwarding.hpp:46:35:[m[K [01;35m[Kwarning: [m[Kextra ‘[01m[K;[m[K’ [[01;35m[K-Wpedantic[m[K]
[9.361s]    46 |  DMPC_CLASS_FORWARD(SolverCentral)[01;35m[K;[m[K
[9.361s]       |                                   [01;35m[K^[m[K
[9.362s] In file included from [01m[K/home/ubuntu/UAV_ws/src/grampc-d/include/grampcd/util/class_forwarding.hpp:15[m[K,
[9.362s]                  from [01m[K/home/ubuntu/UAV_ws/src/grampc-d/include/grampcd/coord/coordinator.hpp:15[m[K,
[9.363s]                  from [01m[K/home/ubuntu/UAV_ws/src/grampc-d/src/coord/coordinator.cpp:13[m[K:
[9.363s] [01m[K/home/ubuntu/UAV_ws/src/grampc-d/include/grampcd/util/types.hpp:34:31:[m[K [01;35m[Kwarning: [m[Kextra ‘[01m[K;[m[K’ [[01;35m[K-Wpedantic[m[K]
[9.364s]    34 |         DMPC_DECLARE_PTR(C, C)[01;35m[K;[m[K
[9.364s]       |                               [01;35m[K^[m[K
[9.364s] [01m[K/home/ubuntu/UAV_ws/src/grampc-d/include/grampcd/util/class_forwarding.hpp:47:2:[m[K [01;36m[Knote: [m[Kin expansion of macro ‘[01m[KDMPC_CLASS_FORWARD[m[K’
[9.365s]    47 |  [01;36m[KDMPC_CLASS_FORWARD[m[K(SolverLocal);
[9.365s]       |  [01;36m[K^~~~~~~~~~~~~~~~~~[m[K
[9.365s] In file included from [01m[K/home/ubuntu/UAV_ws/src/grampc-d/include/grampcd/coord/coordinator.hpp:15[m[K,
[9.366s]                  from [01m[K/home/ubuntu/UAV_ws/src/grampc-d/src/coord/coordinator.cpp:13[m[K:
[9.366s] [01m[K/home/ubuntu/UAV_ws/src/grampc-d/include/grampcd/util/class_forwarding.hpp:47:33:[m[K [01;35m[Kwarning: [m[Kextra ‘[01m[K;[m[K’ [[01;35m[K-Wpedantic[m[K]
[9.367s]    47 |  DMPC_CLASS_FORWARD(SolverLocal)[01;35m[K;[m[K
[9.367s]       |                                 [01;35m[K^[m[K
[9.368s] In file included from [01m[K/home/ubuntu/UAV_ws/src/grampc-d/include/grampcd/util/class_forwarding.hpp:15[m[K,
[9.368s]                  from [01m[K/home/ubuntu/UAV_ws/src/grampc-d/include/grampcd/coord/coordinator.hpp:15[m[K,
[9.368s]                  from [01m[K/home/ubuntu/UAV_ws/src/grampc-d/src/coord/coordinator.cpp:13[m[K:
[9.369s] [01m[K/home/ubuntu/UAV_ws/src/grampc-d/include/grampcd/util/types.hpp:34:31:[m[K [01;35m[Kwarning: [m[Kextra ‘[01m[K;[m[K’ [[01;35m[K-Wpedantic[m[K]
[9.369s]    34 |         DMPC_DECLARE_PTR(C, C)[01;35m[K;[m[K
[9.369s]       |                               [01;35m[K^[m[K
[9.370s] [01m[K/home/ubuntu/UAV_ws/src/grampc-d/include/grampcd/util/class_forwarding.hpp:48:2:[m[K [01;36m[Knote: [m[Kin expansion of macro ‘[01m[KDMPC_CLASS_FORWARD[m[K’
[9.371s]    48 |  [01;36m[KDMPC_CLASS_FORWARD[m[K(SolverLocalADMM);
[9.371s]       |  [01;36m[K^~~~~~~~~~~~~~~~~~[m[K
[9.372s] In file included from [01m[K/home/ubuntu/UAV_ws/src/grampc-d/include/grampcd/coord/coordinator.hpp:15[m[K,
[9.372s]                  from [01m[K/home/ubuntu/UAV_ws/src/grampc-d/src/coord/coordinator.cpp:13[m[K:
[9.372s] [01m[K/home/ubuntu/UAV_ws/src/grampc-d/include/grampcd/util/class_forwarding.hpp:48:37:[m[K [01;35m[Kwarning: [m[Kextra ‘[01m[K;[m[K’ [[01;35m[K-Wpedantic[m[K]
[9.373s]    48 |  DMPC_CLASS_FORWARD(SolverLocalADMM)[01;35m[K;[m[K
[9.373s]       |                                     [01;35m[K^[m[K
[9.373s] In file included from [01m[K/home/ubuntu/UAV_ws/src/grampc-d/include/grampcd/util/class_forwarding.hpp:15[m[K,
[9.374s]                  from [01m[K/home/ubuntu/UAV_ws/src/grampc-d/include/grampcd/coord/coordinator.hpp:15[m[K,
[9.374s]                  from [01m[K/home/ubuntu/UAV_ws/src/grampc-d/src/coord/coordinator.cpp:13[m[K:
[9.374s] [01m[K/home/ubuntu/UAV_ws/src/grampc-d/include/grampcd/util/types.hpp:34:31:[m[K [01;35m[Kwarning: [m[Kextra ‘[01m[K;[m[K’ [[01;35m[K-Wpedantic[m[K]
[9.375s]    34 |         DMPC_DECLARE_PTR(C, C)[01;35m[K;[m[K
[9.375s]       |                               [01;35m[K^[m[K
[9.376s] [01m[K/home/ubuntu/UAV_ws/src/grampc-d/include/grampcd/util/class_forwarding.hpp:49:2:[m[K [01;36m[Knote: [m[Kin expansion of macro ‘[01m[KDMPC_CLASS_FORWARD[m[K’
[9.376s]    49 |  [01;36m[KDMPC_CLASS_FORWARD[m[K(SolverLocalSensi);
[9.377s]       |  [01;36m[K^~~~~~~~~~~~~~~~~~[m[K
[9.377s] In file included from [01m[K/home/ubuntu/UAV_ws/src/grampc-d/include/grampcd/coord/coordinator.hpp:15[m[K,
[9.377s]                  from [01m[K/home/ubuntu/UAV_ws/src/grampc-d/src/coord/coordinator.cpp:13[m[K:
[9.377s] [01m[K/home/ubuntu/UAV_ws/src/grampc-d/include/grampcd/util/class_forwarding.hpp:49:38:[m[K [01;35m[Kwarning: [m[Kextra ‘[01m[K;[m[K’ [[01;35m[K-Wpedantic[m[K]
[9.378s]    49 |  DMPC_CLASS_FORWARD(SolverLocalSensi)[01;35m[K;[m[K
[9.378s]       |                                      [01;35m[K^[m[K
[9.379s] In file included from [01m[K/home/ubuntu/UAV_ws/src/grampc-d/include/grampcd/util/class_forwarding.hpp:15[m[K,
[9.379s]                  from [01m[K/home/ubuntu/UAV_ws/src/grampc-d/include/grampcd/coord/coordinator.hpp:15[m[K,
[9.379s]                  from [01m[K/home/ubuntu/UAV_ws/src/grampc-d/src/coord/coordinator.cpp:13[m[K:
[9.380s] [01m[K/home/ubuntu/UAV_ws/src/grampc-d/include/grampcd/util/types.hpp:34:31:[m[K [01;35m[Kwarning: [m[Kextra ‘[01m[K;[m[K’ [[01;35m[K-Wpedantic[m[K]
[9.380s]    34 |         DMPC_DECLARE_PTR(C, C)[01;35m[K;[m[K
[9.380s]       |                               [01;35m[K^[m[K
[9.381s] [01m[K/home/ubuntu/UAV_ws/src/grampc-d/include/grampcd/util/class_forwarding.hpp:50:2:[m[K [01;36m[Knote: [m[Kin expansion of macro ‘[01m[KDMPC_CLASS_FORWARD[m[K’
[9.381s]    50 |  [01;36m[KDMPC_CLASS_FORWARD[m[K(Simulator);
[9.381s]       |  [01;36m[K^~~~~~~~~~~~~~~~~~[m[K
[9.382s] In file included from [01m[K/home/ubuntu/UAV_ws/src/grampc-d/include/grampcd/coord/coordinator.hpp:15[m[K,
[9.382s]                  from [01m[K/home/ubuntu/UAV_ws/src/grampc-d/src/coord/coordinator.cpp:13[m[K:
[9.382s] [01m[K/home/ubuntu/UAV_ws/src/grampc-d/include/grampcd/util/class_forwarding.hpp:50:31:[m[K [01;35m[Kwarning: [m[Kextra ‘[01m[K;[m[K’ [[01;35m[K-Wpedantic[m[K]
[9.383s]    50 |  DMPC_CLASS_FORWARD(Simulator)[01;35m[K;[m[K
[9.383s]       |                               [01;35m[K^[m[K
[9.384s] In file included from [01m[K/home/ubuntu/UAV_ws/src/grampc-d/include/grampcd/util/class_forwarding.hpp:15[m[K,
[9.384s]                  from [01m[K/home/ubuntu/UAV_ws/src/grampc-d/include/grampcd/coord/coordinator.hpp:15[m[K,
[9.384s]                  from [01m[K/home/ubuntu/UAV_ws/src/grampc-d/src/coord/coordinator.cpp:13[m[K:
[9.385s] [01m[K/home/ubuntu/UAV_ws/src/grampc-d/include/grampcd/util/types.hpp:39:31:[m[K [01;35m[Kwarning: [m[Kextra ‘[01m[K;[m[K’ [[01;35m[K-Wpedantic[m[K]
[9.385s]    39 |         DMPC_DECLARE_PTR(C, C)[01;35m[K;[m[K
[9.386s]       |                               [01;35m[K^[m[K
[9.386s] [01m[K/home/ubuntu/UAV_ws/src/grampc-d/include/grampcd/util/class_forwarding.hpp:52:2:[m[K [01;36m[Knote: [m[Kin expansion of macro ‘[01m[KDMPC_STRUCT_FORWARD[m[K’
[9.386s]    52 |  [01;36m[KDMPC_STRUCT_FORWARD[m[K(AgentInfo);
[9.387s]       |  [01;36m[K^~~~~~~~~~~~~~~~~~~[m[K
[9.387s] In file included from [01m[K/home/ubuntu/UAV_ws/src/grampc-d/include/grampcd/coord/coordinator.hpp:15[m[K,
[9.388s]                  from [01m[K/home/ubuntu/UAV_ws/src/grampc-d/src/coord/coordinator.cpp:13[m[K:
[9.388s] [01m[K/home/ubuntu/UAV_ws/src/grampc-d/include/grampcd/util/class_forwarding.hpp:52:32:[m[K [01;35m[Kwarning: [m[Kextra ‘[01m[K;[m[K’ [[01;35m[K-Wpedantic[m[K]
[9.389s]    52 |  DMPC_STRUCT_FORWARD(AgentInfo)[01;35m[K;[m[K
[9.389s]       |                                [01;35m[K^[m[K
[9.389s] In file included from [01m[K/home/ubuntu/UAV_ws/src/grampc-d/include/grampcd/util/class_forwarding.hpp:15[m[K,
[9.390s]                  from [01m[K/home/ubuntu/UAV_ws/src/grampc-d/include/grampcd/coord/coordinator.hpp:15[m[K,
[9.390s]                  from [01m[K/home/ubuntu/UAV_ws/src/grampc-d/src/coord/coordinator.cpp:13[m[K:
[9.391s] [01m[K/home/ubuntu/UAV_ws/src/grampc-d/include/grampcd/util/types.hpp:39:31:[m[K [01;35m[Kwarning: [m[Kextra ‘[01m[K;[m[K’ [[01;35m[K-Wpedantic[m[K]
[9.391s]    39 |         DMPC_DECLARE_PTR(C, C)[01;35m[K;[m[K
[9.392s]       |                               [01;35m[K^[m[K
[9.392s] [01m[K/home/ubuntu/UAV_ws/src/grampc-d/include/grampcd/util/class_forwarding.hpp:53:2:[m[K [01;36m[Knote: [m[Kin expansion of macro ‘[01m[KDMPC_STRUCT_FORWARD[m[K’
[9.392s]    53 |  [01;36m[KDMPC_STRUCT_FORWARD[m[K(CouplingInfo);
[9.393s]       |  [01;36m[K^~~~~~~~~~~~~~~~~~~[m[K
[9.393s] In file included from [01m[K/home/ubuntu/UAV_ws/src/grampc-d/include/grampcd/coord/coordinator.hpp:15[m[K,
[9.393s]                  from [01m[K/home/ubuntu/UAV_ws/src/grampc-d/src/coord/coordinator.cpp:13[m[K:
[9.394s] [01m[K/home/ubuntu/UAV_ws/src/grampc-d/include/grampcd/util/class_forwarding.hpp:53:35:[m[K [01;35m[Kwarning: [m[Kextra ‘[01m[K;[m[K’ [[01;35m[K-Wpedantic[m[K]
[9.394s]    53 |  DMPC_STRUCT_FORWARD(CouplingInfo)[01;35m[K;[m[K
[9.395s]       |                                   [01;35m[K^[m[K
[9.395s] In file included from [01m[K/home/ubuntu/UAV_ws/src/grampc-d/include/grampcd/util/class_forwarding.hpp:15[m[K,
[9.396s]                  from [01m[K/home/ubuntu/UAV_ws/src/grampc-d/include/grampcd/coord/coordinator.hpp:15[m[K,
[9.396s]                  from [01m[K/home/ubuntu/UAV_ws/src/grampc-d/src/coord/coordinator.cpp:13[m[K:
[9.396s] [01m[K/home/ubuntu/UAV_ws/src/grampc-d/include/grampcd/util/types.hpp:39:31:[m[K [01;35m[Kwarning: [m[Kextra ‘[01m[K;[m[K’ [[01;35m[K-Wpedantic[m[K]
[9.397s]    39 |         DMPC_DECLARE_PTR(C, C)[01;35m[K;[m[K
[9.397s]       |                               [01;35m[K^[m[K
[9.398s] [01m[K/home/ubuntu/UAV_ws/src/grampc-d/include/grampcd/util/class_forwarding.hpp:55:2:[m[K [01;36m[Knote: [m[Kin expansion of macro ‘[01m[KDMPC_STRUCT_FORWARD[m[K’
[9.398s]    55 |  [01;36m[KDMPC_STRUCT_FORWARD[m[K(AgentState);
[9.398s]       |  [01;36m[K^~~~~~~~~~~~~~~~~~~[m[K
[9.399s] In file included from [01m[K/home/ubuntu/UAV_ws/src/grampc-d/include/grampcd/coord/coordinator.hpp:15[m[K,
[9.399s]                  from [01m[K/home/ubuntu/UAV_ws/src/grampc-d/src/coord/coordinator.cpp:13[m[K:
[9.400s] [01m[K/home/ubuntu/UAV_ws/src/grampc-d/include/grampcd/util/class_forwarding.hpp:55:33:[m[K [01;35m[Kwarning: [m[Kextra ‘[01m[K;[m[K’ [[01;35m[K-Wpedantic[m[K]
[9.400s]    55 |  DMPC_STRUCT_FORWARD(AgentState)[01;35m[K;[m[K
[9.401s]       |                                 [01;35m[K^[m[K
[9.401s] In file included from [01m[K/home/ubuntu/UAV_ws/src/grampc-d/include/grampcd/util/class_forwarding.hpp:15[m[K,
[9.402s]                  from [01m[K/home/ubuntu/UAV_ws/src/grampc-d/include/grampcd/coord/coordinator.hpp:15[m[K,
[9.402s]                  from [01m[K/home/ubuntu/UAV_ws/src/grampc-d/src/coord/coordinator.cpp:13[m[K:
[9.403s] [01m[K/home/ubuntu/UAV_ws/src/grampc-d/include/grampcd/util/types.hpp:39:31:[m[K [01;35m[Kwarning: [m[Kextra ‘[01m[K;[m[K’ [[01;35m[K-Wpedantic[m[K]
[9.403s]    39 |         DMPC_DECLARE_PTR(C, C)[01;35m[K;[m[K
[9.404s]       |                               [01;35m[K^[m[K
[9.404s] [01m[K/home/ubuntu/UAV_ws/src/grampc-d/include/grampcd/util/class_forwarding.hpp:56:2:[m[K [01;36m[Knote: [m[Kin expansion of macro ‘[01m[KDMPC_STRUCT_FORWARD[m[K’
[9.404s]    56 |  [01;36m[KDMPC_STRUCT_FORWARD[m[K(CouplingState);
[9.405s]       |  [01;36m[K^~~~~~~~~~~~~~~~~~~[m[K
[9.405s] In file included from [01m[K/home/ubuntu/UAV_ws/src/grampc-d/include/grampcd/coord/coordinator.hpp:15[m[K,
[9.406s]                  from [01m[K/home/ubuntu/UAV_ws/src/grampc-d/src/coord/coordinator.cpp:13[m[K:
[9.406s] [01m[K/home/ubuntu/UAV_ws/src/grampc-d/include/grampcd/util/class_forwarding.hpp:56:36:[m[K [01;35m[Kwarning: [m[Kextra ‘[01m[K;[m[K’ [[01;35m[K-Wpedantic[m[K]
[9.406s]    56 |  DMPC_STRUCT_FORWARD(CouplingState)[01;35m[K;[m[K
[9.407s]       |                                    [01;35m[K^[m[K
[9.407s] In file included from [01m[K/home/ubuntu/UAV_ws/src/grampc-d/include/grampcd/util/class_forwarding.hpp:15[m[K,
[9.408s]                  from [01m[K/home/ubuntu/UAV_ws/src/grampc-d/include/grampcd/coord/coordinator.hpp:15[m[K,
[9.408s]                  from [01m[K/home/ubuntu/UAV_ws/src/grampc-d/src/coord/coordinator.cpp:13[m[K:
[9.408s] [01m[K/home/ubuntu/UAV_ws/src/grampc-d/include/grampcd/util/types.hpp:39:31:[m[K [01;35m[Kwarning: [m[Kextra ‘[01m[K;[m[K’ [[01;35m[K-Wpedantic[m[K]
[9.409s]    39 |         DMPC_DECLARE_PTR(C, C)[01;35m[K;[m[K
[9.409s]       |                               [01;35m[K^[m[K
[9.409s] [01m[K/home/ubuntu/UAV_ws/src/grampc-d/include/grampcd/util/class_forwarding.hpp:57:2:[m[K [01;36m[Knote: [m[Kin expansion of macro ‘[01m[KDMPC_STRUCT_FORWARD[m[K’
[9.410s]    57 |  [01;36m[KDMPC_STRUCT_FORWARD[m[K(MultiplierState);
[9.410s]       |  [01;36m[K^~~~~~~~~~~~~~~~~~~[m[K
[9.410s] In file included from [01m[K/home/ubuntu/UAV_ws/src/grampc-d/include/grampcd/coord/coordinator.hpp:15[m[K,
[9.411s]                  from [01m[K/home/ubuntu/UAV_ws/src/grampc-d/src/coord/coordinator.cpp:13[m[K:
[9.411s] [01m[K/home/ubuntu/UAV_ws/src/grampc-d/include/grampcd/util/class_forwarding.hpp:57:38:[m[K [01;35m[Kwarning: [m[Kextra ‘[01m[K;[m[K’ [[01;35m[K-Wpedantic[m[K]
[9.411s]    57 |  DMPC_STRUCT_FORWARD(MultiplierState)[01;35m[K;[m[K
[9.412s]       |                                      [01;35m[K^[m[K
[9.412s] In file included from [01m[K/home/ubuntu/UAV_ws/src/grampc-d/include/grampcd/util/class_forwarding.hpp:15[m[K,
[9.413s]                  from [01m[K/home/ubuntu/UAV_ws/src/grampc-d/include/grampcd/coord/coordinator.hpp:15[m[K,
[9.413s]                  from [01m[K/home/ubuntu/UAV_ws/src/grampc-d/src/coord/coordinator.cpp:13[m[K:
[9.413s] [01m[K/home/ubuntu/UAV_ws/src/grampc-d/include/grampcd/util/types.hpp:39:31:[m[K [01;35m[Kwarning: [m[Kextra ‘[01m[K;[m[K’ [[01;35m[K-Wpedantic[m[K]
[9.414s]    39 |         DMPC_DECLARE_PTR(C, C)[01;35m[K;[m[K
[9.414s]       |                               [01;35m[K^[m[K
[9.415s] [01m[K/home/ubuntu/UAV_ws/src/grampc-d/include/grampcd/util/class_forwarding.hpp:58:2:[m[K [01;36m[Knote: [m[Kin expansion of macro ‘[01m[KDMPC_STRUCT_FORWARD[m[K’
[9.415s]    58 |  [01;36m[KDMPC_STRUCT_FORWARD[m[K(PenaltyState);
[9.416s]       |  [01;36m[K^~~~~~~~~~~~~~~~~~~[m[K
[9.416s] In file included from [01m[K/home/ubuntu/UAV_ws/src/grampc-d/include/grampcd/coord/coordinator.hpp:15[m[K,
[9.416s]                  from [01m[K/home/ubuntu/UAV_ws/src/grampc-d/src/coord/coordinator.cpp:13[m[K:
[9.417s] [01m[K/home/ubuntu/UAV_ws/src/grampc-d/include/grampcd/util/class_forwarding.hpp:58:35:[m[K [01;35m[Kwarning: [m[Kextra ‘[01m[K;[m[K’ [[01;35m[K-Wpedantic[m[K]
[9.417s]    58 |  DMPC_STRUCT_FORWARD(PenaltyState)[01;35m[K;[m[K
[9.418s]       |                                   [01;35m[K^[m[K
[9.418s] In file included from [01m[K/home/ubuntu/UAV_ws/src/grampc-d/include/grampcd/util/class_forwarding.hpp:15[m[K,
[9.418s]                  from [01m[K/home/ubuntu/UAV_ws/src/grampc-d/include/grampcd/coord/coordinator.hpp:15[m[K,
[9.419s]                  from [01m[K/home/ubuntu/UAV_ws/src/grampc-d/src/coord/coordinator.cpp:13[m[K:
[9.419s] [01m[K/home/ubuntu/UAV_ws/src/grampc-d/include/grampcd/util/types.hpp:39:31:[m[K [01;35m[Kwarning: [m[Kextra ‘[01m[K;[m[K’ [[01;35m[K-Wpedantic[m[K]
[9.420s]    39 |         DMPC_DECLARE_PTR(C, C)[01;35m[K;[m[K
[9.420s]       |                               [01;35m[K^[m[K
[9.420s] [01m[K/home/ubuntu/UAV_ws/src/grampc-d/include/grampcd/util/class_forwarding.hpp:59:2:[m[K [01;36m[Knote: [m[Kin expansion of macro ‘[01m[KDMPC_STRUCT_FORWARD[m[K’
[9.421s]    59 |  [01;36m[KDMPC_STRUCT_FORWARD[m[K(SensiState);
[9.421s]       |  [01;36m[K^~~~~~~~~~~~~~~~~~~[m[K
[9.421s] In file included from [01m[K/home/ubuntu/UAV_ws/src/grampc-d/include/grampcd/coord/coordinator.hpp:15[m[K,
[9.422s]                  from [01m[K/home/ubuntu/UAV_ws/src/grampc-d/src/coord/coordinator.cpp:13[m[K:
[9.422s] [01m[K/home/ubuntu/UAV_ws/src/grampc-d/include/grampcd/util/class_forwarding.hpp:59:33:[m[K [01;35m[Kwarning: [m[Kextra ‘[01m[K;[m[K’ [[01;35m[K-Wpedantic[m[K]
[9.422s]    59 |  DMPC_STRUCT_FORWARD(SensiState)[01;35m[K;[m[K
[9.423s]       |                                 [01;35m[K^[m[K
[9.423s] In file included from [01m[K/home/ubuntu/UAV_ws/src/grampc-d/include/grampcd/util/class_forwarding.hpp:15[m[K,
[9.424s]                  from [01m[K/home/ubuntu/UAV_ws/src/grampc-d/include/grampcd/coord/coordinator.hpp:15[m[K,
[9.424s]                  from [01m[K/home/ubuntu/UAV_ws/src/grampc-d/src/coord/coordinator.cpp:13[m[K:
[9.425s] [01m[K/home/ubuntu/UAV_ws/src/grampc-d/include/grampcd/util/types.hpp:39:31:[m[K [01;35m[Kwarning: [m[Kextra ‘[01m[K;[m[K’ [[01;35m[K-Wpedantic[m[K]
[9.425s]    39 |         DMPC_DECLARE_PTR(C, C)[01;35m[K;[m[K
[9.425s]       |                               [01;35m[K^[m[K
[9.426s] [01m[K/home/ubuntu/UAV_ws/src/grampc-d/include/grampcd/util/class_forwarding.hpp:60:2:[m[K [01;36m[Knote: [m[Kin expansion of macro ‘[01m[KDMPC_STRUCT_FORWARD[m[K’
[9.426s]    60 |  [01;36m[KDMPC_STRUCT_FORWARD[m[K(ConstraintState);
[9.427s]       |  [01;36m[K^~~~~~~~~~~~~~~~~~~[m[K
[9.427s] In file included from [01m[K/home/ubuntu/UAV_ws/src/grampc-d/include/grampcd/coord/coordinator.hpp:15[m[K,
[9.427s]                  from [01m[K/home/ubuntu/UAV_ws/src/grampc-d/src/coord/coordinator.cpp:13[m[K:
[9.428s] [01m[K/home/ubuntu/UAV_ws/src/grampc-d/include/grampcd/util/class_forwarding.hpp:60:38:[m[K [01;35m[Kwarning: [m[Kextra ‘[01m[K;[m[K’ [[01;35m[K-Wpedantic[m[K]
[9.428s]    60 |  DMPC_STRUCT_FORWARD(ConstraintState)[01;35m[K;[m[K
[9.428s]       |                                      [01;35m[K^[m[K
[9.429s] In file included from [01m[K/home/ubuntu/UAV_ws/src/grampc-d/include/grampcd/util/class_forwarding.hpp:15[m[K,
[9.429s]                  from [01m[K/home/ubuntu/UAV_ws/src/grampc-d/include/grampcd/coord/coordinator.hpp:15[m[K,
[9.429s]                  from [01m[K/home/ubuntu/UAV_ws/src/grampc-d/src/coord/coordinator.cpp:13[m[K:
[9.430s] [01m[K/home/ubuntu/UAV_ws/src/grampc-d/include/grampcd/util/types.hpp:39:31:[m[K [01;35m[Kwarning: [m[Kextra ‘[01m[K;[m[K’ [[01;35m[K-Wpedantic[m[K]
[9.430s]    39 |         DMPC_DECLARE_PTR(C, C)[01;35m[K;[m[K
[9.431s]       |                               [01;35m[K^[m[K
[9.431s] [01m[K/home/ubuntu/UAV_ws/src/grampc-d/include/grampcd/util/class_forwarding.hpp:63:2:[m[K [01;36m[Knote: [m[Kin expansion of macro ‘[01m[KDMPC_STRUCT_FORWARD[m[K’
[9.432s]    63 |  [01;36m[KDMPC_STRUCT_FORWARD[m[K(AgentInfo);
[9.432s]       |  [01;36m[K^~~~~~~~~~~~~~~~~~~[m[K
[9.432s] In file included from [01m[K/home/ubuntu/UAV_ws/src/grampc-d/include/grampcd/coord/coordinator.hpp:15[m[K,
[9.433s]                  from [01m[K/home/ubuntu/UAV_ws/src/grampc-d/src/coord/coordinator.cpp:13[m[K:
[9.433s] [01m[K/home/ubuntu/UAV_ws/src/grampc-d/include/grampcd/util/class_forwarding.hpp:63:32:[m[K [01;35m[Kwarning: [m[Kextra ‘[01m[K;[m[K’ [[01;35m[K-Wpedantic[m[K]
[9.433s]    63 |  DMPC_STRUCT_FORWARD(AgentInfo)[01;35m[K;[m[K
[9.434s]       |                                [01;35m[K^[m[K
[9.434s] In file included from [01m[K/home/ubuntu/UAV_ws/src/grampc-d/include/grampcd/util/class_forwarding.hpp:15[m[K,
[9.435s]                  from [01m[K/home/ubuntu/UAV_ws/src/grampc-d/include/grampcd/coord/coordinator.hpp:15[m[K,
[9.435s]                  from [01m[K/home/ubuntu/UAV_ws/src/grampc-d/src/coord/coordinator.cpp:13[m[K:
[9.435s] [01m[K/home/ubuntu/UAV_ws/src/grampc-d/include/grampcd/util/types.hpp:39:31:[m[K [01;35m[Kwarning: [m[Kextra ‘[01m[K;[m[K’ [[01;35m[K-Wpedantic[m[K]
[9.436s]    39 |         DMPC_DECLARE_PTR(C, C)[01;35m[K;[m[K
[9.436s]       |                               [01;35m[K^[m[K
[9.437s] [01m[K/home/ubuntu/UAV_ws/src/grampc-d/include/grampcd/util/class_forwarding.hpp:64:2:[m[K [01;36m[Knote: [m[Kin expansion of macro ‘[01m[KDMPC_STRUCT_FORWARD[m[K’
[9.437s]    64 |  [01;36m[KDMPC_STRUCT_FORWARD[m[K(CouplingInfo);
[9.438s]       |  [01;36m[K^~~~~~~~~~~~~~~~~~~[m[K
[9.438s] In file included from [01m[K/home/ubuntu/UAV_ws/src/grampc-d/include/grampcd/coord/coordinator.hpp:15[m[K,
[9.438s]                  from [01m[K/home/ubuntu/UAV_ws/src/grampc-d/src/coord/coordinator.cpp:13[m[K:
[9.439s] [01m[K/home/ubuntu/UAV_ws/src/grampc-d/include/grampcd/util/class_forwarding.hpp:64:35:[m[K [01;35m[Kwarning: [m[Kextra ‘[01m[K;[m[K’ [[01;35m[K-Wpedantic[m[K]
[9.439s]    64 |  DMPC_STRUCT_FORWARD(CouplingInfo)[01;35m[K;[m[K
[9.439s]       |                                   [01;35m[K^[m[K
[9.440s] In file included from [01m[K/home/ubuntu/UAV_ws/src/grampc-d/include/grampcd/util/class_forwarding.hpp:15[m[K,
[9.440s]                  from [01m[K/home/ubuntu/UAV_ws/src/grampc-d/include/grampcd/coord/coordinator.hpp:15[m[K,
[9.440s]                  from [01m[K/home/ubuntu/UAV_ws/src/grampc-d/src/coord/coordinator.cpp:13[m[K:
[9.441s] [01m[K/home/ubuntu/UAV_ws/src/grampc-d/include/grampcd/util/types.hpp:39:31:[m[K [01;35m[Kwarning: [m[Kextra ‘[01m[K;[m[K’ [[01;35m[K-Wpedantic[m[K]
[9.441s]    39 |         DMPC_DECLARE_PTR(C, C)[01;35m[K;[m[K
[9.441s]       |                               [01;35m[K^[m[K
[9.442s] [01m[K/home/ubuntu/UAV_ws/src/grampc-d/include/grampcd/util/class_forwarding.hpp:65:2:[m[K [01;36m[Knote: [m[Kin expansion of macro ‘[01m[KDMPC_STRUCT_FORWARD[m[K’
[9.442s]    65 |  [01;36m[KDMPC_STRUCT_FORWARD[m[K(OptimizationInfo);
[9.443s]       |  [01;36m[K^~~~~~~~~~~~~~~~~~~[m[K
[9.443s] In file included from [01m[K/home/ubuntu/UAV_ws/src/grampc-d/include/grampcd/coord/coordinator.hpp:15[m[K,
[9.443s]                  from [01m[K/home/ubuntu/UAV_ws/src/grampc-d/src/coord/coordinator.cpp:13[m[K:
[9.444s] [01m[K/home/ubuntu/UAV_ws/src/grampc-d/include/grampcd/util/class_forwarding.hpp:65:39:[m[K [01;35m[Kwarning: [m[Kextra ‘[01m[K;[m[K’ [[01;35m[K-Wpedantic[m[K]
[9.444s]    65 |  DMPC_STRUCT_FORWARD(OptimizationInfo)[01;35m[K;[m[K
[9.445s]       |                                       [01;35m[K^[m[K
[9.445s] In file included from [01m[K/home/ubuntu/UAV_ws/src/grampc-d/include/grampcd/util/class_forwarding.hpp:15[m[K,
[9.446s]                  from [01m[K/home/ubuntu/UAV_ws/src/grampc-d/include/grampcd/coord/coordinator.hpp:15[m[K,
[9.446s]                  from [01m[K/home/ubuntu/UAV_ws/src/grampc-d/src/coord/coordinator.cpp:13[m[K:
[9.446s] [01m[K/home/ubuntu/UAV_ws/src/grampc-d/include/grampcd/util/types.hpp:39:31:[m[K [01;35m[Kwarning: [m[Kextra ‘[01m[K;[m[K’ [[01;35m[K-Wpedantic[m[K]
[9.447s]    39 |         DMPC_DECLARE_PTR(C, C)[01;35m[K;[m[K
[9.447s]       |                               [01;35m[K^[m[K
[9.448s] [01m[K/home/ubuntu/UAV_ws/src/grampc-d/include/grampcd/util/class_forwarding.hpp:66:2:[m[K [01;36m[Knote: [m[Kin expansion of macro ‘[01m[KDMPC_STRUCT_FORWARD[m[K’
[9.448s]    66 |  [01;36m[KDMPC_STRUCT_FORWARD[m[K(CommunicationInfo);
[9.448s]       |  [01;36m[K^~~~~~~~~~~~~~~~~~~[m[K
[9.449s] In file included from [01m[K/home/ubuntu/UAV_ws/src/grampc-d/include/grampcd/coord/coordinator.hpp:15[m[K,
[9.449s]                  from [01m[K/home/ubuntu/UAV_ws/src/grampc-d/src/coord/coordinator.cpp:13[m[K:
[9.449s] [01m[K/home/ubuntu/UAV_ws/src/grampc-d/include/grampcd/util/class_forwarding.hpp:66:40:[m[K [01;35m[Kwarning: [m[Kextra ‘[01m[K;[m[K’ [[01;35m[K-Wpedantic[m[K]
[9.450s]    66 |  DMPC_STRUCT_FORWARD(CommunicationInfo)[01;35m[K;[m[K
[9.450s]       |                                        [01;35m[K^[m[K
[9.451s] In file included from [01m[K/home/ubuntu/UAV_ws/src/grampc-d/include/grampcd/util/class_forwarding.hpp:15[m[K,
[9.451s]                  from [01m[K/home/ubuntu/UAV_ws/src/grampc-d/include/grampcd/coord/coordinator.hpp:15[m[K,
[9.451s]                  from [01m[K/home/ubuntu/UAV_ws/src/grampc-d/src/coord/coordinator.cpp:13[m[K:
[9.452s] [01m[K/home/ubuntu/UAV_ws/src/grampc-d/include/grampcd/util/types.hpp:39:31:[m[K [01;35m[Kwarning: [m[Kextra ‘[01m[K;[m[K’ [[01;35m[K-Wpedantic[m[K]
[9.452s]    39 |         DMPC_DECLARE_PTR(C, C)[01;35m[K;[m[K
[9.453s]       |                               [01;35m[K^[m[K
[9.453s] [01m[K/home/ubuntu/UAV_ws/src/grampc-d/include/grampcd/util/class_forwarding.hpp:67:2:[m[K [01;36m[Knote: [m[Kin expansion of macro ‘[01m[KDMPC_STRUCT_FORWARD[m[K’
[9.453s]    67 |  [01;36m[KDMPC_STRUCT_FORWARD[m[K(TuningInfo);
[9.454s]       |  [01;36m[K^~~~~~~~~~~~~~~~~~~[m[K
[9.454s] In file included from [01m[K/home/ubuntu/UAV_ws/src/grampc-d/include/grampcd/coord/coordinator.hpp:15[m[K,
[9.454s]                  from [01m[K/home/ubuntu/UAV_ws/src/grampc-d/src/coord/coordinator.cpp:13[m[K:
[9.455s] [01m[K/home/ubuntu/UAV_ws/src/grampc-d/include/grampcd/util/class_forwarding.hpp:67:33:[m[K [01;35m[Kwarning: [m[Kextra ‘[01m[K;[m[K’ [[01;35m[K-Wpedantic[m[K]
[9.455s]    67 |  DMPC_STRUCT_FORWARD(TuningInfo)[01;35m[K;[m[K
[9.456s]       |                                 [01;35m[K^[m[K
[9.456s] In file included from [01m[K/home/ubuntu/UAV_ws/src/grampc-d/include/grampcd/util/class_forwarding.hpp:15[m[K,
[9.456s]                  from [01m[K/home/ubuntu/UAV_ws/src/grampc-d/include/grampcd/coord/coordinator.hpp:15[m[K,
[9.457s]                  from [01m[K/home/ubuntu/UAV_ws/src/grampc-d/src/coord/coordinator.cpp:13[m[K:
[9.457s] [01m[K/home/ubuntu/UAV_ws/src/grampc-d/include/grampcd/util/types.hpp:39:31:[m[K [01;35m[Kwarning: [m[Kextra ‘[01m[K;[m[K’ [[01;35m[K-Wpedantic[m[K]
[9.458s]    39 |         DMPC_DECLARE_PTR(C, C)[01;35m[K;[m[K
[9.458s]       |                               [01;35m[K^[m[K
[9.458s] [01m[K/home/ubuntu/UAV_ws/src/grampc-d/include/grampcd/util/class_forwarding.hpp:69:2:[m[K [01;36m[Knote: [m[Kin expansion of macro ‘[01m[KDMPC_STRUCT_FORWARD[m[K’
[9.459s]    69 |  [01;36m[KDMPC_STRUCT_FORWARD[m[K(Message);
[9.459s]       |  [01;36m[K^~~~~~~~~~~~~~~~~~~[m[K
[9.459s] In file included from [01m[K/home/ubuntu/UAV_ws/src/grampc-d/include/grampcd/coord/coordinator.hpp:15[m[K,
[9.460s]                  from [01m[K/home/ubuntu/UAV_ws/src/grampc-d/src/coord/coordinator.cpp:13[m[K:
[9.460s] [01m[K/home/ubuntu/UAV_ws/src/grampc-d/include/grampcd/util/class_forwarding.hpp:69:30:[m[K [01;35m[Kwarning: [m[Kextra ‘[01m[K;[m[K’ [[01;35m[K-Wpedantic[m[K]
[9.461s]    69 |  DMPC_STRUCT_FORWARD(Message)[01;35m[K;[m[K
[9.461s]       |                              [01;35m[K^[m[K
[9.461s] In file included from [01m[K/home/ubuntu/UAV_ws/src/grampc-d/include/grampcd/util/class_forwarding.hpp:15[m[K,
[9.462s]                  from [01m[K/home/ubuntu/UAV_ws/src/grampc-d/include/grampcd/coord/coordinator.hpp:15[m[K,
[9.462s]                  from [01m[K/home/ubuntu/UAV_ws/src/grampc-d/src/coord/coordinator.cpp:13[m[K:
[9.463s] [01m[K/home/ubuntu/UAV_ws/src/grampc-d/include/grampcd/util/types.hpp:39:31:[m[K [01;35m[Kwarning: [m[Kextra ‘[01m[K;[m[K’ [[01;35m[K-Wpedantic[m[K]
[9.463s]    39 |         DMPC_DECLARE_PTR(C, C)[01;35m[K;[m[K
[9.463s]       |                               [01;35m[K^[m[K
[9.464s] [01m[K/home/ubuntu/UAV_ws/src/grampc-d/include/grampcd/util/class_forwarding.hpp:70:2:[m[K [01;36m[Knote: [m[Kin expansion of macro ‘[01m[KDMPC_STRUCT_FORWARD[m[K’
[9.464s]    70 |  [01;36m[KDMPC_STRUCT_FORWARD[m[K(MessageHandler);
[9.465s]       |  [01;36m[K^~~~~~~~~~~~~~~~~~~[m[K
[9.465s] In file included from [01m[K/home/ubuntu/UAV_ws/src/grampc-d/include/grampcd/coord/coordinator.hpp:15[m[K,
[9.465s]                  from [01m[K/home/ubuntu/UAV_ws/src/grampc-d/src/coord/coordinator.cpp:13[m[K:
[9.466s] [01m[K/home/ubuntu/UAV_ws/src/grampc-d/include/grampcd/util/class_forwarding.hpp:70:37:[m[K [01;35m[Kwarning: [m[Kextra ‘[01m[K;[m[K’ [[01;35m[K-Wpedantic[m[K]
[9.466s]    70 |  DMPC_STRUCT_FORWARD(MessageHandler)[01;35m[K;[m[K
[9.466s]       |                                     [01;35m[K^[m[K
[9.525s] In file included from [01m[K/home/ubuntu/UAV_ws/src/grampc-d/src/coord/coordinator.cpp:13[m[K:
[9.525s] [01m[K/home/ubuntu/UAV_ws/src/grampc-d/include/grampcd/coord/coordinator.hpp:35:9:[m[K [01;35m[Kwarning: [m[Ktype qualifiers ignored on function return type [[01;35m[K-Wignored-qualifiers[m[K]
[9.526s]    35 |         [01;35m[Kconst[m[K bool register_agent(const AgentInfo& agent_info);
[9.526s]       |         [01;35m[K^~~~~[m[K
[9.526s] [01m[K/home/ubuntu/UAV_ws/src/grampc-d/include/grampcd/coord/coordinator.hpp:37:9:[m[K [01;35m[Kwarning: [m[Ktype qualifiers ignored on function return type [[01;35m[K-Wignored-qualifiers[m[K]
[9.527s]    37 |         [01;35m[Kconst[m[K bool register_coupling(const CouplingInfo& coupling_info);
[9.527s]       |         [01;35m[K^~~~~[m[K
[9.528s] [01m[K/home/ubuntu/UAV_ws/src/grampc-d/include/grampcd/coord/coordinator.hpp:40:9:[m[K [01;35m[Kwarning: [m[Ktype qualifiers ignored on function return type [[01;35m[K-Wignored-qualifiers[m[K]
[9.528s]    40 |         [01;35m[Kconst[m[K bool deregister_agent(const AgentInfo& agent_info);
[9.528s]       |         [01;35m[K^~~~~[m[K
[9.529s] [01m[K/home/ubuntu/UAV_ws/src/grampc-d/include/grampcd/coord/coordinator.hpp:41:9:[m[K [01;35m[Kwarning: [m[Ktype qualifiers ignored on function return type [[01;35m[K-Wignored-qualifiers[m[K]
[9.529s]    41 |         [01;35m[Kconst[m[K bool deregister_coupling(CouplingInfoPtr coupling_info);
[9.529s]       |         [01;35m[K^~~~~[m[K
[9.530s] [01m[K/home/ubuntu/UAV_ws/src/grampc-d/include/grampcd/coord/coordinator.hpp:47:9:[m[K [01;35m[Kwarning: [m[Ktype qualifiers ignored on function return type [[01;35m[K-Wignored-qualifiers[m[K]
[9.530s]    47 |         [01;35m[Kconst[m[K unsigned int get_numberOfAgents() const;
[9.531s]       |         [01;35m[K^~~~~[m[K
[9.531s] [01m[K/home/ubuntu/UAV_ws/src/grampc-d/include/grampcd/coord/coordinator.hpp:63:9:[m[K [01;35m[Kwarning: [m[Ktype qualifiers ignored on function return type [[01;35m[K-Wignored-qualifiers[m[K]
[9.531s]    63 |         [01;35m[Kconst[m[K bool solve_ADMM(int outer_iterations = 1, int inner_iterations = 1);
[9.532s]       |         [01;35m[K^~~~~[m[K
[9.532s] [01m[K/home/ubuntu/UAV_ws/src/grampc-d/include/grampcd/coord/coordinator.hpp:72:9:[m[K [01;35m[Kwarning: [m[Ktype qualifiers ignored on function return type [[01;35m[K-Wignored-qualifiers[m[K]
[9.533s]    72 |         [01;35m[Kconst[m[K bool solve_sensi(int iterations = 1);
[9.533s]       |         [01;35m[K^~~~~[m[K
[9.581s] In file included from [01m[K/home/ubuntu/UAV_ws/src/grampc-d/src/coord/coordinator.cpp:15[m[K:
[9.581s] [01m[K/home/ubuntu/UAV_ws/src/grampc-d/include/grampcd/optim/optim_util.hpp:77:5:[m[K [01;35m[Kwarning: [m[Ktype qualifiers ignored on function return type [[01;35m[K-Wignored-qualifiers[m[K]
[9.582s]    77 |     [01;35m[Kconst[m[K bool compare_stateDimensions( const AgentState& state_1, const AgentState& state_2 );
[9.582s]       |     [01;35m[K^~~~~[m[K
[9.582s] [01m[K/home/ubuntu/UAV_ws/src/grampc-d/include/grampcd/optim/optim_util.hpp:79:5:[m[K [01;35m[Kwarning: [m[Ktype qualifiers ignored on function return type [[01;35m[K-Wignored-qualifiers[m[K]
[9.583s]    79 |     [01;35m[Kconst[m[K bool compare_stateDimensions( const CouplingState& state_1, const CouplingState& state_2 );
[9.583s]       |     [01;35m[K^~~~~[m[K
[9.583s] [01m[K/home/ubuntu/UAV_ws/src/grampc-d/include/grampcd/optim/optim_util.hpp:81:5:[m[K [01;35m[Kwarning: [m[Ktype qualifiers ignored on function return type [[01;35m[K-Wignored-qualifiers[m[K]
[9.584s]    81 |     [01;35m[Kconst[m[K bool compare_stateDimensions( const MultiplierState& state_1, const MultiplierState& state_2 );
[9.584s]       |     [01;35m[K^~~~~[m[K
[9.585s] [01m[K/home/ubuntu/UAV_ws/src/grampc-d/include/grampcd/optim/optim_util.hpp:83:5:[m[K [01;35m[Kwarning: [m[Ktype qualifiers ignored on function return type [[01;35m[K-Wignored-qualifiers[m[K]
[9.585s]    83 |     [01;35m[Kconst[m[K bool compare_stateDimensions( const PenaltyState& state_1, const PenaltyState& state_2 );
[9.585s]       |     [01;35m[K^~~~~[m[K
[9.586s] [01m[K/home/ubuntu/UAV_ws/src/grampc-d/include/grampcd/optim/optim_util.hpp:85:5:[m[K [01;35m[Kwarning: [m[Ktype qualifiers ignored on function return type [[01;35m[K-Wignored-qualifiers[m[K]
[9.586s]    85 |     [01;35m[Kconst[m[K bool compare_stateDimensions(const SensiState& state_1, const SensiState& state_2);
[9.587s]       |     [01;35m[K^~~~~[m[K
[9.587s] [01m[K/home/ubuntu/UAV_ws/src/grampc-d/include/grampcd/optim/optim_util.hpp:87:5:[m[K [01;35m[Kwarning: [m[Ktype qualifiers ignored on function return type [[01;35m[K-Wignored-qualifiers[m[K]
[9.587s]    87 |     [01;35m[Kconst[m[K bool compare_stateDimensions(const ConstraintState& state_1, const ConstraintState& state_2);
[9.588s]       |     [01;35m[K^~~~~[m[K
[9.834s] In file included from [01m[K/home/ubuntu/UAV_ws/src/grampc-d/src/coord/coordinator.cpp:18[m[K:
[9.835s] [01m[K/home/ubuntu/UAV_ws/src/grampc-d/include/grampcd/util/data_conversion.hpp:38:10:[m[K [01;35m[Kwarning: [m[Ktype qualifiers ignored on function return type [[01;35m[K-Wignored-qualifiers[m[K]
[9.836s]    38 |   static [01;35m[Kconst[m[K bool is_element_in_vector(const std::vector<int>& list, const int element);
[9.837s]       |          [01;35m[K^~~~~[m[K
[9.837s] [01m[K/home/ubuntu/UAV_ws/src/grampc-d/include/grampcd/util/data_conversion.hpp:40:10:[m[K [01;35m[Kwarning: [m[Ktype qualifiers ignored on function return type [[01;35m[K-Wignored-qualifiers[m[K]
[9.838s]    40 |   static [01;35m[Kconst[m[K bool is_element_in_vector(const std::vector<std::shared_ptr<CouplingInfo>>& list, const CouplingInfo& element);
[9.838s]       |          [01;35m[K^~~~~[m[K
[9.839s] [01m[K/home/ubuntu/UAV_ws/src/grampc-d/include/grampcd/util/data_conversion.hpp:42:10:[m[K [01;35m[Kwarning: [m[Ktype qualifiers ignored on function return type [[01;35m[K-Wignored-qualifiers[m[K]
[9.839s]    42 |   static [01;35m[Kconst[m[K bool is_element_in_vector(const std::vector< CouplingInfo >& list, const CouplingInfo& element);
[9.840s]       |          [01;35m[K^~~~~[m[K
[9.840s] [01m[K/home/ubuntu/UAV_ws/src/grampc-d/include/grampcd/util/data_conversion.hpp:44:10:[m[K [01;35m[Kwarning: [m[Ktype qualifiers ignored on function return type [[01;35m[K-Wignored-qualifiers[m[K]
[9.841s]    44 |   static [01;35m[Kconst[m[K bool is_element_in_vector(const std::vector< CommunicationDataPtr >& list, const std::shared_ptr<CommunicationData>& element);
[9.841s]       |          [01;35m[K^~~~~[m[K
[9.841s] In file included from [01m[K/home/ubuntu/UAV_ws/src/grampc-d/src/coord/coordinator.cpp:18[m[K:
[9.842s] [01m[K/home/ubuntu/UAV_ws/src/grampc-d/include/grampcd/util/data_conversion.hpp:46:10:[m[K [01;35m[Kwarning: [m[Ktype qualifiers ignored on function return type [[01;35m[K-Wignored-qualifiers[m[K]
[9.842s]    46 |   static [01;35m[Kconst[m[K bool is_element_in_vector(const std::vector<NeighborPtr>& list, const int neighbor_id);
[9.842s]       |          [01;35m[K^~~~~[m[K
[9.843s] [01m[K/home/ubuntu/UAV_ws/src/grampc-d/include/grampcd/util/data_conversion.hpp:48:10:[m[K [01;35m[Kwarning: [m[Ktype qualifiers ignored on function return type [[01;35m[K-Wignored-qualifiers[m[K]
[9.843s]    48 |   static [01;35m[Kconst[m[K bool is_element_in_vector(const std::vector<NeighborPtr>& list, const NeighborPtr& element);
[9.844s]       |          [01;35m[K^~~~~[m[K
[9.844s] [01m[K/home/ubuntu/UAV_ws/src/grampc-d/include/grampcd/util/data_conversion.hpp:50:10:[m[K [01;35m[Kwarning: [m[Ktype qualifiers ignored on function return type [[01;35m[K-Wignored-qualifiers[m[K]
[9.845s]    50 |   static [01;35m[Kconst[m[K bool is_element_in_vector(const std::vector<AgentInfo>& list, const int id);
[9.845s]       |          [01;35m[K^~~~~[m[K
[9.845s] In file included from [01m[K/home/ubuntu/UAV_ws/src/grampc-d/src/coord/coordinator.cpp:20[m[K:
[9.846s] [01m[K/home/ubuntu/UAV_ws/src/grampc-d/include/grampcd/comm/communication_interface.hpp:33:17:[m[K [01;35m[Kwarning: [m[Ktype qualifiers ignored on function return type [[01;35m[K-Wignored-qualifiers[m[K]
[9.846s]    33 |         virtual [01;35m[Kconst[m[K bool register_agent(const AgentPtr& agent) = 0;
[9.846s]       |                 [01;35m[K^~~~~[m[K
[9.847s] [01m[K/home/ubuntu/UAV_ws/src/grampc-d/include/grampcd/comm/communication_interface.hpp:35:14:[m[K [01;35m[Kwarning: [m[Ktype qualifiers ignored on function return type [[01;35m[K-Wignored-qualifiers[m[K]
[9.847s]    35 |      virtual [01;35m[Kconst[m[K bool deregister_agent(const AgentInfo& agent) = 0;
[9.848s]       |              [01;35m[K^~~~~[m[K
[9.848s] [01m[K/home/ubuntu/UAV_ws/src/grampc-d/include/grampcd/comm/communication_interface.hpp:37:17:[m[K [01;35m[Kwarning: [m[Ktype qualifiers ignored on function return type [[01;35m[K-Wignored-qualifiers[m[K]
[9.849s]    37 |         virtual [01;35m[Kconst[m[K bool register_coupling(const CouplingInfo& coupling) = 0;
[9.849s]       |                 [01;35m[K^~~~~[m[K
[9.850s] [01m[K/home/ubuntu/UAV_ws/src/grampc-d/include/grampcd/comm/communication_interface.hpp:39:17:[m[K [01;35m[Kwarning: [m[Ktype qualifiers ignored on function return type [[01;35m[K-Wignored-qualifiers[m[K]
[9.850s]    39 |         virtual [01;35m[Kconst[m[K bool deregister_coupling(const CouplingInfo& coupling) = 0;
[9.850s]       |                 [01;35m[K^~~~~[m[K
[9.851s] [01m[K/home/ubuntu/UAV_ws/src/grampc-d/include/grampcd/comm/communication_interface.hpp:42:17:[m[K [01;35m[Kwarning: [m[Ktype qualifiers ignored on function return type [[01;35m[K-Wignored-qualifiers[m[K]
[9.851s]    42 |         virtual [01;35m[Kconst[m[K bool fromCommunication_deregistered_coupling(const CouplingInfo& coupling) = 0;
[9.851s]       |                 [01;35m[K^~~~~[m[K
[9.852s] [01m[K/home/ubuntu/UAV_ws/src/grampc-d/include/grampcd/comm/communication_interface.hpp:45:17:[m[K [01;35m[Kwarning: [m[Ktype qualifiers ignored on function return type [[01;35m[K-Wignored-qualifiers[m[K]
[9.852s]    45 |         virtual [01;35m[Kconst[m[K bool send_numberOfNeighbors( const int number, const int from, const int to ) = 0;
[9.853s]       |                 [01;35m[K^~~~~[m[K
[9.853s] [01m[K/home/ubuntu/UAV_ws/src/grampc-d/include/grampcd/comm/communication_interface.hpp:47:17:[m[K [01;35m[Kwarning: [m[Ktype qualifiers ignored on function return type [[01;35m[K-Wignored-qualifiers[m[K]
[9.853s]    47 |         virtual [01;35m[Kconst[m[K bool send_localCopies(const AgentState& state, const int from, const int to) = 0;
[9.854s]       |                 [01;35m[K^~~~~[m[K
[9.854s] [01m[K/home/ubuntu/UAV_ws/src/grampc-d/include/grampcd/comm/communication_interface.hpp:49:17:[m[K [01;35m[Kwarning: [m[Ktype qualifiers ignored on function return type [[01;35m[K-Wignored-qualifiers[m[K]
[9.854s]    49 |         virtual [01;35m[Kconst[m[K bool send_agentState(const AgentState& state, const ConstraintState& constr_state, const int from, const int to) = 0;
[9.855s]       |                 [01;35m[K^~~~~[m[K
[9.855s] In file included from [01m[K/home/ubuntu/UAV_ws/src/grampc-d/src/coord/coordinator.cpp:20[m[K:
[9.856s] [01m[K/home/ubuntu/UAV_ws/src/grampc-d/include/grampcd/comm/communication_interface.hpp:51:17:[m[K [01;35m[Kwarning: [m[Ktype qualifiers ignored on function return type [[01;35m[K-Wignored-qualifiers[m[K]
[9.856s]    51 |         virtual [01;35m[Kconst[m[K bool send_desiredAgentState( const AgentState& desired_state, const int from, const int to ) = 0;
[9.856s]       |                 [01;35m[K^~~~~[m[K
[9.857s] [01m[K/home/ubuntu/UAV_ws/src/grampc-d/include/grampcd/comm/communication_interface.hpp:53:17:[m[K [01;35m[Kwarning: [m[Ktype qualifiers ignored on function return type [[01;35m[K-Wignored-qualifiers[m[K]
[9.857s]    53 |         virtual [01;35m[Kconst[m[K bool send_couplingState(const CouplingState& state, const int from, const int to) = 0;
[9.858s]       |                 [01;35m[K^~~~~[m[K
[9.858s] [01m[K/home/ubuntu/UAV_ws/src/grampc-d/include/grampcd/comm/communication_interface.hpp:55:17:[m[K [01;35m[Kwarning: [m[Ktype qualifiers ignored on function return type [[01;35m[K-Wignored-qualifiers[m[K]
[9.859s]    55 |         virtual [01;35m[Kconst[m[K bool send_couplingState(const CouplingState& state, const CouplingState& state2, const int from, const int to) = 0;
[9.859s]       |                 [01;35m[K^~~~~[m[K
[9.859s] [01m[K/home/ubuntu/UAV_ws/src/grampc-d/include/grampcd/comm/communication_interface.hpp:57:17:[m[K [01;35m[Kwarning: [m[Ktype qualifiers ignored on function return type [[01;35m[K-Wignored-qualifiers[m[K]
[9.860s]    57 |         virtual [01;35m[Kconst[m[K bool send_multiplierState(const MultiplierState& state, PenaltyState penalty, const int from, const int to) = 0;
[9.860s]       |                 [01;35m[K^~~~~[m[K
[9.860s] [01m[K/home/ubuntu/UAV_ws/src/grampc-d/include/grampcd/comm/communication_interface.hpp:59:17:[m[K [01;35m[Kwarning: [m[Ktype qualifiers ignored on function return type [[01;35m[K-Wignored-qualifiers[m[K]
[9.861s]    59 |         virtual [01;35m[Kconst[m[K bool send_convergenceFlag(const bool converged, const int from) = 0;
[9.861s]       |                 [01;35m[K^~~~~[m[K
[9.861s] [01m[K/home/ubuntu/UAV_ws/src/grampc-d/include/grampcd/comm/communication_interface.hpp:61:17:[m[K [01;35m[Kwarning: [m[Ktype qualifiers ignored on function return type [[01;35m[K-Wignored-qualifiers[m[K]
[9.862s]    61 |         virtual [01;35m[Kconst[m[K bool send_stoppedAlgFlag(const bool flag, const int from, const int to) = 0;
[9.862s]       |                 [01;35m[K^~~~~[m[K
[9.862s] [01m[K/home/ubuntu/UAV_ws/src/grampc-d/include/grampcd/comm/communication_interface.hpp:63:17:[m[K [01;35m[Kwarning: [m[Ktype qualifiers ignored on function return type [[01;35m[K-Wignored-qualifiers[m[K]
[9.863s]    63 |         virtual [01;35m[Kconst[m[K bool send_stoppedAlgFlag(const bool flag, const int from) = 0;
[9.863s]       |                 [01;35m[K^~~~~[m[K
[9.863s] [01m[K/home/ubuntu/UAV_ws/src/grampc-d/include/grampcd/comm/communication_interface.hpp:66:17:[m[K [01;35m[Kwarning: [m[Ktype qualifiers ignored on function return type [[01;35m[K-Wignored-qualifiers[m[K]
[9.864s]    66 |         virtual [01;35m[Kconst[m[K bool configure_optimization(const OptimizationInfo& info) = 0;
[9.864s]       |                 [01;35m[K^~~~~[m[K
[9.864s] [01m[K/home/ubuntu/UAV_ws/src/grampc-d/include/grampcd/comm/communication_interface.hpp:69:17:[m[K [01;35m[Kwarning: [m[Ktype qualifiers ignored on function return type [[01;35m[K-Wignored-qualifiers[m[K]
[9.865s]    69 |         virtual [01;35m[Kconst[m[K bool trigger_step(const AlgStep& step) = 0;
[9.865s]       |                 [01;35m[K^~~~~[m[K
[9.865s] [01m[K/home/ubuntu/UAV_ws/src/grampc-d/include/grampcd/comm/communication_interface.hpp:122:17:[m[K [01;35m[Kwarning: [m[Ktype qualifiers ignored on function return type [[01;35m[K-Wignored-qualifiers[m[K]
[9.866s]   122 |         virtual [01;35m[Kconst[m[K unsigned int get_numberOfAgents() const = 0;
[9.866s]       |                 [01;35m[K^~~~~[m[K
[9.866s] In file included from [01m[K/home/ubuntu/UAV_ws/src/grampc-d/src/coord/coordinator.cpp:22[m[K:
[9.867s] [01m[K/home/ubuntu/UAV_ws/src/grampc-d/include/grampcd/info/agent_info.hpp:33:3:[m[K [01;35m[Kwarning: [m[Ktype qualifiers ignored on function return type [[01;35m[K-Wignored-qualifiers[m[K]
[9.867s]    33 |   [01;35m[Kconst[m[K bool operator== (const AgentInfo& info) const { return (id_ == info.id_) && (model_name_ == info.model_name_); }
[9.867s]       |   [01;35m[K^~~~~[m[K
[9.868s] In file included from [01m[K/home/ubuntu/UAV_ws/src/grampc-d/src/coord/coordinator.cpp:23[m[K:
[9.868s] [01m[K/home/ubuntu/UAV_ws/src/grampc-d/include/grampcd/info/coupling_info.hpp:35:9:[m[K [01;35m[Kwarning: [m[Ktype qualifiers ignored on function return type [[01;35m[K-Wignored-qualifiers[m[K]
[9.868s]    35 |         [01;35m[Kconst[m[K bool operator== (const CouplingInfo &info) const
[9.869s]       |         [01;35m[K^~~~~[m[K
[9.869s] In file included from [01m[K/home/ubuntu/UAV_ws/src/grampc-d/src/coord/coordinator.cpp:13[m[K:
[9.869s] [01m[K/home/ubuntu/UAV_ws/src/grampc-d/include/grampcd/coord/coordinator.hpp:[m[K In constructor ‘[01m[Kgrampcd::Coordinator::Coordinator(const CommunicationInterfacePtr&, bool, const LoggingPtr&)[m[K’:
[9.870s] [01m[K/home/ubuntu/UAV_ws/src/grampc-d/include/grampcd/coord/coordinator.hpp:105:14:[m[K [01;35m[Kwarning: [m[K‘[01m[Kgrampcd::Coordinator::simulation_[m[K’ will be initialized after [[01;35m[K-Wreorder[m[K]
[9.870s]   105 |         bool [01;35m[Ksimulation_[m[K = false;
[9.870s]       |              [01;35m[K^~~~~~~~~~~[m[K
[9.871s] [01m[K/home/ubuntu/UAV_ws/src/grampc-d/include/grampcd/coord/coordinator.hpp:102:20:[m[K [01;35m[Kwarning: [m[K  ‘[01m[Kgrampcd::LoggingPtr grampcd::Coordinator::log_[m[K’ [[01;35m[K-Wreorder[m[K]
[9.871s]   102 |         LoggingPtr [01;35m[Klog_[m[K;
[9.872s]       |                    [01;35m[K^~~~[m[K
[9.872s] [01m[K/home/ubuntu/UAV_ws/src/grampc-d/src/coord/coordinator.cpp:28:5:[m[K [01;35m[Kwarning: [m[K  when initialized here [[01;35m[K-Wreorder[m[K]
[9.873s]    28 |     [01;35m[KCoordinator[m[K::Coordinator(const CommunicationInterfacePtr& communication_interface, bool simulation, const LoggingPtr& log)
[9.873s]       |     [01;35m[K^~~~~~~~~~~[m[K
[9.873s] [01m[K/home/ubuntu/UAV_ws/src/grampc-d/src/coord/coordinator.cpp:[m[K At global scope:
[9.874s] [01m[K/home/ubuntu/UAV_ws/src/grampc-d/src/coord/coordinator.cpp:35:5:[m[K [01;35m[Kwarning: [m[Ktype qualifiers ignored on function return type [[01;35m[K-Wignored-qualifiers[m[K]
[9.874s]    35 |     [01;35m[Kconst[m[K bool Coordinator::register_agent(const AgentInfo& agent_info)
[9.874s]       |     [01;35m[K^~~~~[m[K
[9.942s] [01m[K/home/ubuntu/UAV_ws/src/grampc-d/src/coord/coordinator.cpp:62:5:[m[K [01;35m[Kwarning: [m[Ktype qualifiers ignored on function return type [[01;35m[K-Wignored-qualifiers[m[K]
[9.942s]    62 |     [01;35m[Kconst[m[K bool Coordinator::register_coupling(const CouplingInfo& coupling_info)
[9.942s]       |     [01;35m[K^~~~~[m[K
[9.991s] [01m[K/home/ubuntu/UAV_ws/src/grampc-d/src/coord/coordinator.cpp:115:5:[m[K [01;35m[Kwarning: [m[Ktype qualifiers ignored on function return type [[01;35m[K-Wignored-qualifiers[m[K]
[9.992s]   115 |     [01;35m[Kconst[m[K bool Coordinator::deregister_agent(const AgentInfo &agent_info)
[9.992s]       |     [01;35m[K^~~~~[m[K
[9.997s] [01m[K/home/ubuntu/UAV_ws/src/grampc-d/src/coord/coordinator.cpp:142:5:[m[K [01;35m[Kwarning: [m[Ktype qualifiers ignored on function return type [[01;35m[K-Wignored-qualifiers[m[K]
[9.997s]   142 |     [01;35m[Kconst[m[K bool Coordinator::deregister_coupling(CouplingInfoPtr coupling_info)
[9.998s]       |     [01;35m[K^~~~~[m[K
[10.005s] [01m[K/home/ubuntu/UAV_ws/src/grampc-d/src/coord/coordinator.cpp:[m[K In member function ‘[01m[Kvoid grampcd::Coordinator::print_network() const[m[K’:
[10.006s] [01m[K/home/ubuntu/UAV_ws/src/grampc-d/src/coord/coordinator.cpp:181:26:[m[K [01;35m[Kwarning: [m[Kstructured bindings only available with ‘[01m[K-std=c++17[m[K’ or ‘[01m[K-std=gnu++17[m[K’
[10.006s]   181 |         for( const auto& [01;35m[K[[m[Kid, info] : agents_ )
[10.007s]       |                          [01;35m[K^[m[K
[10.017s] [01m[K/home/ubuntu/UAV_ws/src/grampc-d/src/coord/coordinator.cpp:[m[K At global scope:
[10.018s] [01m[K/home/ubuntu/UAV_ws/src/grampc-d/src/coord/coordinator.cpp:195:5:[m[K [01;35m[Kwarning: [m[Ktype qualifiers ignored on function return type [[01;35m[K-Wignored-qualifiers[m[K]
[10.018s]   195 |     [01;35m[Kconst[m[K unsigned int Coordinator::get_numberOfAgents() const
[10.018s]       |     [01;35m[K^~~~~[m[K
[10.019s] [01m[K/home/ubuntu/UAV_ws/src/grampc-d/src/coord/coordinator.cpp:223:5:[m[K [01;35m[Kwarning: [m[Ktype qualifiers ignored on function return type [[01;35m[K-Wignored-qualifiers[m[K]
[10.020s]   223 |     [01;35m[Kconst[m[K bool Coordinator::solve_ADMM(int outer_iterations, int inner_iterations)
[10.020s]       |     [01;35m[K^~~~~[m[K
[10.023s] [01m[K/home/ubuntu/UAV_ws/src/grampc-d/src/coord/coordinator.cpp:302:5:[m[K [01;35m[Kwarning: [m[Ktype qualifiers ignored on function return type [[01;35m[K-Wignored-qualifiers[m[K]
[10.023s]   302 |     [01;35m[Kconst[m[K bool Coordinator::solve_sensi(int iter)
[10.024s]       |     [01;35m[K^~~~~[m[K
[10.026s] [01m[K/home/ubuntu/UAV_ws/src/grampc-d/src/coord/coordinator.cpp:[m[K In member function ‘[01m[Kvoid grampcd::Coordinator::fromCommunication_received_flagStoppedAlg(bool, int)[m[K’:
[10.027s] [01m[K/home/ubuntu/UAV_ws/src/grampc-d/src/coord/coordinator.cpp:362:70:[m[K [01;35m[Kwarning: [m[Kunused parameter ‘[01m[Kflag[m[K’ [[01;35m[K-Wunused-parameter[m[K]
[10.027s]   362 |     void Coordinator::fromCommunication_received_flagStoppedAlg([01;35m[Kbool flag[m[K, int from)
[10.027s]       |                                                                 [01;35m[K~~~~~^~~~[m[K
[11.549s] make[1]: *** [CMakeFiles/Makefile2:78: CMakeFiles/grampcd.dir/all] Error 2
[11.550s] make: *** [Makefile:141: all] Error 2
[11.555s] Invoked command in '/home/ubuntu/UAV_ws/build/grampc-d' returned '2': AMENT_PREFIX_PATH=/home/ubuntu/UAV_ws/install/libs:${AMENT_PREFIX_PATH} CMAKE_PREFIX_PATH=/home/ubuntu/UAV_ws/install/libs:/opt/ros/foxy LD_LIBRARY_PATH=/home/ubuntu/UAV_ws/install/libs/lib:${LD_LIBRARY_PATH} /usr/bin/cmake --build /home/ubuntu/UAV_ws/build/grampc-d -- -j4 -l4
