[0.163s] Invoking command in '/home/evan/UAV_ws/build/libs': CMAKE_PREFIX_PATH=${CMAKE_PREFIX_PATH}:/opt/ros/humble /usr/bin/cmake --build /home/evan/UAV_ws/build/libs -- -j16 -l16
[0.215s] [ 76%] Built target cereal
[0.215s] [ 76%] Built target asio
[0.215s] [ 76%] Built target sha
[0.215s] [100%] Built target grampc
[0.243s] Invoked command in '/home/evan/UAV_ws/build/libs' returned '0': CMAKE_PREFIX_PATH=${CMAKE_PREFIX_PATH}:/opt/ros/humble /usr/bin/cmake --build /home/evan/UAV_ws/build/libs -- -j16 -l16
[0.331s] Invoking command in '/home/evan/UAV_ws/build/libs': CMAKE_PREFIX_PATH=${CMAKE_PREFIX_PATH}:/opt/ros/humble /usr/bin/cmake --install /home/evan/UAV_ws/build/libs
[0.339s] -- Install configuration: "Debug"
[0.340s] -- Execute custom install script
[0.340s] -- Up-to-date symlink: /home/evan/UAV_ws/install/libs/share/libs/environment/library_path.sh
[0.341s] -- Up-to-date symlink: /home/evan/UAV_ws/install/libs/share/libs/environment/library_path.dsv
[0.341s] -- Up-to-date symlink: /home/evan/UAV_ws/install/libs/include/libs/euler1.h
[0.341s] -- Up-to-date symlink: /home/evan/UAV_ws/install/libs/include/libs/eulermod2.h
[0.341s] -- Up-to-date symlink: /home/evan/UAV_ws/install/libs/include/libs/f2cmod.h
[0.342s] -- Up-to-date symlink: /home/evan/UAV_ws/install/libs/include/libs/grampc.h
[0.342s] -- Up-to-date symlink: /home/evan/UAV_ws/install/libs/include/libs/grampc.hpp
[0.342s] -- Up-to-date symlink: /home/evan/UAV_ws/install/libs/include/libs/grampc_alloc.h
[0.342s] -- Up-to-date symlink: /home/evan/UAV_ws/install/libs/include/libs/grampc_fixedsize.h
[0.342s] -- Up-to-date symlink: /home/evan/UAV_ws/install/libs/include/libs/grampc_init.h
[0.342s] -- Up-to-date symlink: /home/evan/UAV_ws/install/libs/include/libs/grampc_macro.h
[0.342s] -- Up-to-date symlink: /home/evan/UAV_ws/install/libs/include/libs/grampc_mess.h
[0.342s] -- Up-to-date symlink: /home/evan/UAV_ws/install/libs/include/libs/grampc_run.h
[0.343s] -- Up-to-date symlink: /home/evan/UAV_ws/install/libs/include/libs/grampc_setopt.h
[0.343s] -- Up-to-date symlink: /home/evan/UAV_ws/install/libs/include/libs/grampc_setparam.h
[0.343s] -- Up-to-date symlink: /home/evan/UAV_ws/install/libs/include/libs/grampc_util.h
[0.343s] -- Up-to-date symlink: /home/evan/UAV_ws/install/libs/include/libs/heun2.h
[0.344s] -- Up-to-date symlink: /home/evan/UAV_ws/install/libs/include/libs/probfct.h
[0.344s] -- Up-to-date symlink: /home/evan/UAV_ws/install/libs/include/libs/problem_description.hpp
[0.344s] -- Up-to-date symlink: /home/evan/UAV_ws/install/libs/include/libs/rodas.h
[0.344s] -- Up-to-date symlink: /home/evan/UAV_ws/install/libs/include/libs/rodas_decsol_f2c.h
[0.345s] -- Up-to-date symlink: /home/evan/UAV_ws/install/libs/include/libs/ruku45.h
[0.345s] -- Up-to-date symlink: /home/evan/UAV_ws/install/libs/include/libs/simpson.h
[0.345s] -- Up-to-date symlink: /home/evan/UAV_ws/install/libs/include/libs/trapezodial.h
[0.345s] -- Up-to-date symlink: /home/evan/UAV_ws/install/libs/share/ament_index/resource_index/package_run_dependencies/libs
[0.345s] -- Up-to-date symlink: /home/evan/UAV_ws/install/libs/share/ament_index/resource_index/parent_prefix_path/libs
[0.345s] -- Up-to-date symlink: /home/evan/UAV_ws/install/libs/share/libs/environment/ament_prefix_path.sh
[0.345s] -- Up-to-date symlink: /home/evan/UAV_ws/install/libs/share/libs/environment/ament_prefix_path.dsv
[0.345s] -- Up-to-date symlink: /home/evan/UAV_ws/install/libs/share/libs/environment/path.sh
[0.346s] -- Up-to-date symlink: /home/evan/UAV_ws/install/libs/share/libs/environment/path.dsv
[0.346s] -- Up-to-date symlink: /home/evan/UAV_ws/install/libs/share/libs/local_setup.bash
[0.346s] -- Up-to-date symlink: /home/evan/UAV_ws/install/libs/share/libs/local_setup.sh
[0.346s] -- Up-to-date symlink: /home/evan/UAV_ws/install/libs/share/libs/local_setup.zsh
[0.346s] -- Up-to-date symlink: /home/evan/UAV_ws/install/libs/share/libs/local_setup.dsv
[0.346s] -- Symlinking: /home/evan/UAV_ws/install/libs/share/libs/package.dsv
[0.356s] -- Up-to-date symlink: /home/evan/UAV_ws/install/libs/share/ament_index/resource_index/packages/libs
[0.356s] -- Up-to-date symlink: /home/evan/UAV_ws/install/libs/share/libs/cmake/ament_cmake_export_targets-extras.cmake
[0.356s] -- Up-to-date symlink: /home/evan/UAV_ws/install/libs/share/libs/cmake/libsConfig.cmake
[0.356s] -- Up-to-date symlink: /home/evan/UAV_ws/install/libs/share/libs/cmake/libsConfig-version.cmake
[0.357s] -- Up-to-date symlink: /home/evan/UAV_ws/install/libs/share/libs/package.xml
[0.357s] -- Up-to-date: /home/evan/UAV_ws/install/libs/lib/libgrampc.a
[0.357s] -- Up-to-date: /home/evan/UAV_ws/install/libs/share/libs/cmake/grampcExport.cmake
[0.357s] -- Up-to-date: /home/evan/UAV_ws/install/libs/share/libs/cmake/grampcExport-debug.cmake
[0.404s] Invoked command in '/home/evan/UAV_ws/build/libs' returned '0': CMAKE_PREFIX_PATH=${CMAKE_PREFIX_PATH}:/opt/ros/humble /usr/bin/cmake --install /home/evan/UAV_ws/build/libs
