[1.423s] Invoking command in '/home/ubuntu/UAV_ws/build/mpc_node': CMAKE_PREFIX_PATH=/home/ubuntu/UAV_ws/install/grampc-d:/home/ubuntu/UAV_ws/install/libs:/home/ubuntu/UAV_ws/install/common_msgs:/home/ubuntu/UAV_ws/install/uav_launch:/home/ubuntu/UAV_ws/install/test:/home/ubuntu/UAV_ws/install/simulator_node:/home/ubuntu/UAV_ws/install/mpc_node:/opt/ros/foxy LD_LIBRARY_PATH=/home/ubuntu/UAV_ws/install/common_msgs/lib:/home/ubuntu/UAV_ws/install/grampc-d/lib:/home/ubuntu/UAV_ws/install/libs/lib:/opt/ros/foxy/opt/yaml_cpp_vendor/lib:/opt/ros/foxy/opt/rviz_ogre_vendor/lib:/opt/ros/foxy/lib/aarch64-linux-gnu:/opt/ros/foxy/lib /usr/bin/cmake /home/ubuntu/UAV_ws/src/mpc_node -DCMAKE_INSTALL_PREFIX=/home/ubuntu/UAV_ws/install/mpc_node
[1.671s] -- The C compiler identification is GNU 9.4.0
[1.890s] -- The CXX compiler identification is GNU 9.4.0
[1.907s] -- Check for working C compiler: /usr/bin/cc
[2.193s] -- Check for working C compiler: /usr/bin/cc -- works
[2.197s] -- Detecting C compiler ABI info
[2.492s] -- Detecting C compiler ABI info - done
[2.528s] -- Detecting C compile features
[2.529s] -- Detecting C compile features - done
[2.537s] -- Check for working CXX compiler: /usr/bin/c++
[2.857s] -- Check for working CXX compiler: /usr/bin/c++ -- works
[2.861s] -- Detecting CXX compiler ABI info
[3.182s] -- Detecting CXX compiler ABI info - done
[3.221s] -- Detecting CXX compile features
[3.222s] -- Detecting CXX compile features - done
[3.244s] -- Found ament_cmake: 0.9.12 (/opt/ros/foxy/share/ament_cmake/cmake)
[3.363s] -- Found PythonInterp: /usr/bin/python3 (found suitable version "3.8.10", minimum required is "3") 
[3.363s] -- Using PYTHON_EXECUTABLE: /usr/bin/python3
[4.231s] -- Found rclcpp: 2.4.3 (/opt/ros/foxy/share/rclcpp/cmake)
[4.527s] -- Using all available rosidl_typesupport_c: rosidl_typesupport_fastrtps_c;rosidl_typesupport_introspection_c
[4.581s] -- Found rosidl_adapter: 1.3.1 (/opt/ros/foxy/share/rosidl_adapter/cmake)
[5.123s] -- Found OpenSSL: /usr/lib/aarch64-linux-gnu/libcrypto.so (found version "1.1.1f")  
[5.347s] -- Found FastRTPS: /opt/ros/foxy/include  
[5.876s] -- Using all available rosidl_typesupport_cpp: rosidl_typesupport_fastrtps_cpp;rosidl_typesupport_introspection_cpp
[6.135s] -- Found rmw_implementation_cmake: 1.0.4 (/opt/ros/foxy/share/rmw_implementation_cmake/cmake)
[6.141s] -- Using RMW implementation 'rmw_fastrtps_cpp' as default
[6.144s] -- Looking for pthread.h
[6.451s] -- Looking for pthread.h - found
[6.452s] -- Performing Test CMAKE_HAVE_LIBC_PTHREAD
[6.763s] -- Performing Test CMAKE_HAVE_LIBC_PTHREAD - Failed
[6.764s] -- Looking for pthread_create in pthreads
[7.015s] -- Looking for pthread_create in pthreads - not found
[7.016s] -- Looking for pthread_create in pthread
[7.316s] -- Looking for pthread_create in pthread - found
[7.319s] -- Found Threads: TRUE  
[7.917s] -- Found libs: 0.0.0 (/home/ubuntu/UAV_ws/install/libs/share/libs/cmake)
[7.921s] -- Found grampc-d: 0.0.0 (/home/ubuntu/UAV_ws/install/grampc-d/share/grampc-d/cmake)
[7.927s] -- Found common_msgs: 0.0.0 (/home/ubuntu/UAV_ws/install/common_msgs/share/common_msgs/cmake)
[7.979s] -- Found ament_lint_auto: 0.9.8 (/opt/ros/foxy/share/ament_lint_auto/cmake)
[8.326s] -- Added test 'cppcheck' to perform static code analysis on C / C++ code
[8.327s] -- Configured cppcheck include dirs: 
[8.327s] -- Configured cppcheck exclude dirs and/or files: 
[8.331s] -- Added test 'lint_cmake' to check CMake code style
[8.337s] -- Added test 'uncrustify' to check C / C++ code style
[8.337s] -- Configured uncrustify additional arguments: 
[8.339s] -- Added test 'xmllint' to check XML markup files
[8.359s] -- Configuring done
[8.388s] -- Generating done
[8.395s] -- Build files have been written to: /home/ubuntu/UAV_ws/build/mpc_node
[8.422s] Invoked command in '/home/ubuntu/UAV_ws/build/mpc_node' returned '0': CMAKE_PREFIX_PATH=/home/ubuntu/UAV_ws/install/grampc-d:/home/ubuntu/UAV_ws/install/libs:/home/ubuntu/UAV_ws/install/common_msgs:/home/ubuntu/UAV_ws/install/uav_launch:/home/ubuntu/UAV_ws/install/test:/home/ubuntu/UAV_ws/install/simulator_node:/home/ubuntu/UAV_ws/install/mpc_node:/opt/ros/foxy LD_LIBRARY_PATH=/home/ubuntu/UAV_ws/install/common_msgs/lib:/home/ubuntu/UAV_ws/install/grampc-d/lib:/home/ubuntu/UAV_ws/install/libs/lib:/opt/ros/foxy/opt/yaml_cpp_vendor/lib:/opt/ros/foxy/opt/rviz_ogre_vendor/lib:/opt/ros/foxy/lib/aarch64-linux-gnu:/opt/ros/foxy/lib /usr/bin/cmake /home/ubuntu/UAV_ws/src/mpc_node -DCMAKE_INSTALL_PREFIX=/home/ubuntu/UAV_ws/install/mpc_node
[8.433s] Invoking command in '/home/ubuntu/UAV_ws/build/mpc_node': CMAKE_PREFIX_PATH=/home/ubuntu/UAV_ws/install/grampc-d:/home/ubuntu/UAV_ws/install/libs:/home/ubuntu/UAV_ws/install/common_msgs:/home/ubuntu/UAV_ws/install/uav_launch:/home/ubuntu/UAV_ws/install/test:/home/ubuntu/UAV_ws/install/simulator_node:/home/ubuntu/UAV_ws/install/mpc_node:/opt/ros/foxy LD_LIBRARY_PATH=/home/ubuntu/UAV_ws/install/common_msgs/lib:/home/ubuntu/UAV_ws/install/grampc-d/lib:/home/ubuntu/UAV_ws/install/libs/lib:/opt/ros/foxy/opt/yaml_cpp_vendor/lib:/opt/ros/foxy/opt/rviz_ogre_vendor/lib:/opt/ros/foxy/lib/aarch64-linux-gnu:/opt/ros/foxy/lib /usr/bin/cmake --build /home/ubuntu/UAV_ws/build/mpc_node -- -j4 -l4
[8.609s] [35m[1mScanning dependencies of target mpc_node_exe[0m
[9.000s] [ 50%] [32mBuilding CXX object CMakeFiles/mpc_node_exe.dir/src/mpc_node.cpp.o[0m
[14.302s] [01m[K/home/ubuntu/UAV_ws/src/mpc_node/src/mpc_node.cpp:[m[K In constructor ‘[01m[KControlNode::ControlNode()[m[K’:
[14.303s] [01m[K/home/ubuntu/UAV_ws/src/mpc_node/src/mpc_node.cpp:78:18:[m[K [01;35m[Kwarning: [m[KISO C++ forbids variable length array ‘[01m[Kmodel_parameters[m[K’ [[01;35m[K-Wvla[m[K]
[14.303s]    78 |         typeRNum [01;35m[Kmodel_parameters[m[K[num_xtraj + num_utraj + 2];
[14.304s]       |                  [01;35m[K^~~~~~~~~~~~~~~~[m[K
[14.343s] [01m[K/home/ubuntu/UAV_ws/src/mpc_node/src/mpc_node.cpp:28:14:[m[K [01;35m[Kwarning: [m[Kunused variable ‘[01m[Kfo[m[K’ [[01;35m[K-Wunused-variable[m[K]
[14.343s]    28 |         bool [01;35m[Kfo[m[K = file.is_open();
[14.343s]       |              [01;35m[K^~[m[K
[14.344s] [01m[K/home/ubuntu/UAV_ws/src/mpc_node/src/mpc_node.cpp:66:24:[m[K [01;35m[Kwarning: [m[Kunused variable ‘[01m[KTsim[m[K’ [[01;35m[K-Wunused-variable[m[K]
[14.344s]    66 |         const typeRNum [01;35m[KTsim[m[K = 3.3;
[14.344s]       |                        [01;35m[K^~~~[m[K
[27.978s] [100%] [32m[1mLinking CXX executable mpc_node_exe[0m
[32.632s] [100%] Built target mpc_node_exe
[32.672s] Invoked command in '/home/ubuntu/UAV_ws/build/mpc_node' returned '0': CMAKE_PREFIX_PATH=/home/ubuntu/UAV_ws/install/grampc-d:/home/ubuntu/UAV_ws/install/libs:/home/ubuntu/UAV_ws/install/common_msgs:/home/ubuntu/UAV_ws/install/uav_launch:/home/ubuntu/UAV_ws/install/test:/home/ubuntu/UAV_ws/install/simulator_node:/home/ubuntu/UAV_ws/install/mpc_node:/opt/ros/foxy LD_LIBRARY_PATH=/home/ubuntu/UAV_ws/install/common_msgs/lib:/home/ubuntu/UAV_ws/install/grampc-d/lib:/home/ubuntu/UAV_ws/install/libs/lib:/opt/ros/foxy/opt/yaml_cpp_vendor/lib:/opt/ros/foxy/opt/rviz_ogre_vendor/lib:/opt/ros/foxy/lib/aarch64-linux-gnu:/opt/ros/foxy/lib /usr/bin/cmake --build /home/ubuntu/UAV_ws/build/mpc_node -- -j4 -l4
[32.847s] Invoking command in '/home/ubuntu/UAV_ws/build/mpc_node': CMAKE_PREFIX_PATH=/home/ubuntu/UAV_ws/install/grampc-d:/home/ubuntu/UAV_ws/install/libs:/home/ubuntu/UAV_ws/install/common_msgs:/home/ubuntu/UAV_ws/install/uav_launch:/home/ubuntu/UAV_ws/install/test:/home/ubuntu/UAV_ws/install/simulator_node:/home/ubuntu/UAV_ws/install/mpc_node:/opt/ros/foxy LD_LIBRARY_PATH=/home/ubuntu/UAV_ws/install/common_msgs/lib:/home/ubuntu/UAV_ws/install/grampc-d/lib:/home/ubuntu/UAV_ws/install/libs/lib:/opt/ros/foxy/opt/yaml_cpp_vendor/lib:/opt/ros/foxy/opt/rviz_ogre_vendor/lib:/opt/ros/foxy/lib/aarch64-linux-gnu:/opt/ros/foxy/lib /usr/bin/cmake --install /home/ubuntu/UAV_ws/build/mpc_node
[32.882s] -- Install configuration: ""
[32.883s] -- Installing: /home/ubuntu/UAV_ws/install/mpc_node/lib/mpc_node/mpc_node_exe
[32.945s] -- Set runtime path of "/home/ubuntu/UAV_ws/install/mpc_node/lib/mpc_node/mpc_node_exe" to ""
[32.945s] -- Installing: /home/ubuntu/UAV_ws/install/mpc_node/share/ament_index/resource_index/package_run_dependencies/mpc_node
[32.947s] -- Installing: /home/ubuntu/UAV_ws/install/mpc_node/share/ament_index/resource_index/parent_prefix_path/mpc_node
[32.948s] -- Installing: /home/ubuntu/UAV_ws/install/mpc_node/share/mpc_node/environment/ament_prefix_path.sh
[32.949s] -- Installing: /home/ubuntu/UAV_ws/install/mpc_node/share/mpc_node/environment/ament_prefix_path.dsv
[32.950s] -- Installing: /home/ubuntu/UAV_ws/install/mpc_node/share/mpc_node/environment/path.sh
[32.951s] -- Installing: /home/ubuntu/UAV_ws/install/mpc_node/share/mpc_node/environment/path.dsv
[32.952s] -- Installing: /home/ubuntu/UAV_ws/install/mpc_node/share/mpc_node/local_setup.bash
[32.953s] -- Installing: /home/ubuntu/UAV_ws/install/mpc_node/share/mpc_node/local_setup.sh
[32.953s] -- Installing: /home/ubuntu/UAV_ws/install/mpc_node/share/mpc_node/local_setup.zsh
[32.954s] -- Installing: /home/ubuntu/UAV_ws/install/mpc_node/share/mpc_node/local_setup.dsv
[32.955s] -- Installing: /home/ubuntu/UAV_ws/install/mpc_node/share/mpc_node/package.dsv
[32.956s] -- Installing: /home/ubuntu/UAV_ws/install/mpc_node/share/ament_index/resource_index/packages/mpc_node
[32.957s] -- Installing: /home/ubuntu/UAV_ws/install/mpc_node/share/mpc_node/cmake/mpc_nodeConfig.cmake
[32.958s] -- Installing: /home/ubuntu/UAV_ws/install/mpc_node/share/mpc_node/cmake/mpc_nodeConfig-version.cmake
[32.959s] -- Installing: /home/ubuntu/UAV_ws/install/mpc_node/share/mpc_node/package.xml
[32.965s] Invoked command in '/home/ubuntu/UAV_ws/build/mpc_node' returned '0': CMAKE_PREFIX_PATH=/home/ubuntu/UAV_ws/install/grampc-d:/home/ubuntu/UAV_ws/install/libs:/home/ubuntu/UAV_ws/install/common_msgs:/home/ubuntu/UAV_ws/install/uav_launch:/home/ubuntu/UAV_ws/install/test:/home/ubuntu/UAV_ws/install/simulator_node:/home/ubuntu/UAV_ws/install/mpc_node:/opt/ros/foxy LD_LIBRARY_PATH=/home/ubuntu/UAV_ws/install/common_msgs/lib:/home/ubuntu/UAV_ws/install/grampc-d/lib:/home/ubuntu/UAV_ws/install/libs/lib:/opt/ros/foxy/opt/yaml_cpp_vendor/lib:/opt/ros/foxy/opt/rviz_ogre_vendor/lib:/opt/ros/foxy/lib/aarch64-linux-gnu:/opt/ros/foxy/lib /usr/bin/cmake --install /home/ubuntu/UAV_ws/build/mpc_node
