[0.801s] DEBUG:colcon:Command line arguments: ['/usr/bin/colcon', 'build', '--symlink-install', '--cmake-args', '-DCMAKE_BUILD_TYPE=Debug']
[0.801s] DEBUG:colcon:Parsed command line arguments: Namespace(log_base=None, log_level=None, verb_name='build', build_base='build', install_base='install', merge_install=False, symlink_install=True, test_result_base=None, continue_on_error=False, executor='parallel', parallel_workers=16, event_handlers=None, ignore_user_meta=False, metas=['./colcon.meta'], base_paths=['.'], packages_ignore=None, packages_ignore_regex=None, paths=None, packages_up_to=None, packages_up_to_regex=None, packages_above=None, packages_above_and_dependencies=None, packages_above_depth=None, packages_select_by_dep=None, packages_skip_by_dep=None, packages_skip_up_to=None, packages_select_build_failed=False, packages_skip_build_finished=False, packages_select_test_failures=False, packages_skip_test_passed=False, packages_select=None, packages_skip=None, packages_select_regex=None, packages_skip_regex=None, packages_start=None, packages_end=None, allow_overriding=[], cmake_args=['-DCMAKE_BUILD_TYPE=Debug'], cmake_target=None, cmake_target_skip_unavailable=False, cmake_clean_cache=False, cmake_clean_first=False, cmake_force_configure=False, ament_cmake_args=None, catkin_cmake_args=None, catkin_skip_building_tests=False, verb_parser=<colcon_defaults.argument_parser.defaults.DefaultArgumentsDecorator object at 0x71cc351137f0>, verb_extension=<colcon_core.verb.build.BuildVerb object at 0x71cc35415060>, main=<bound method BuildVerb.main of <colcon_core.verb.build.BuildVerb object at 0x71cc35415060>>)
[0.842s] Level 1:colcon.colcon_core.package_discovery:discover_packages(colcon_meta) check parameters
[0.842s] Level 1:colcon.colcon_core.package_discovery:discover_packages(recursive) check parameters
[0.842s] Level 1:colcon.colcon_core.package_discovery:discover_packages(ignore) check parameters
[0.842s] Level 1:colcon.colcon_core.package_discovery:discover_packages(path) check parameters
[0.842s] Level 1:colcon.colcon_core.package_discovery:discover_packages(colcon_meta) discover
[0.842s] Level 1:colcon.colcon_core.package_discovery:discover_packages(recursive) discover
[0.842s] INFO:colcon.colcon_core.package_discovery:Crawling recursively for packages in '/home/evan/UAV_ws'
[0.842s] Level 1:colcon.colcon_core.package_identification:_identify(.) by extensions ['ignore', 'ignore_ament_install']
[0.842s] Level 1:colcon.colcon_core.package_identification:_identify(.) by extension 'ignore'
[0.842s] Level 1:colcon.colcon_core.package_identification:_identify(.) by extension 'ignore_ament_install'
[0.842s] Level 1:colcon.colcon_core.package_identification:_identify(.) by extensions ['colcon_pkg']
[0.842s] Level 1:colcon.colcon_core.package_identification:_identify(.) by extension 'colcon_pkg'
[0.843s] Level 1:colcon.colcon_core.package_identification:_identify(.) by extensions ['colcon_meta']
[0.843s] Level 1:colcon.colcon_core.package_identification:_identify(.) by extension 'colcon_meta'
[0.843s] Level 1:colcon.colcon_core.package_identification:_identify(.) by extensions ['ros']
[0.843s] Level 1:colcon.colcon_core.package_identification:_identify(.) by extension 'ros'
[0.852s] Level 1:colcon.colcon_core.package_identification:_identify(.) by extensions ['cmake', 'python']
[0.852s] Level 1:colcon.colcon_core.package_identification:_identify(.) by extension 'cmake'
[0.852s] Level 1:colcon.colcon_core.package_identification:_identify(.) by extension 'python'
[0.852s] Level 1:colcon.colcon_core.package_identification:_identify(.) by extensions ['python_setup_py']
[0.852s] Level 1:colcon.colcon_core.package_identification:_identify(.) by extension 'python_setup_py'
[0.852s] Level 1:colcon.colcon_core.package_identification:_identify(build) by extensions ['ignore', 'ignore_ament_install']
[0.853s] Level 1:colcon.colcon_core.package_identification:_identify(build) by extension 'ignore'
[0.853s] Level 1:colcon.colcon_core.package_identification:_identify(build) ignored
[0.853s] Level 1:colcon.colcon_core.package_identification:_identify(install) by extensions ['ignore', 'ignore_ament_install']
[0.853s] Level 1:colcon.colcon_core.package_identification:_identify(install) by extension 'ignore'
[0.853s] Level 1:colcon.colcon_core.package_identification:_identify(install) ignored
[0.853s] Level 1:colcon.colcon_core.package_identification:_identify(log) by extensions ['ignore', 'ignore_ament_install']
[0.853s] Level 1:colcon.colcon_core.package_identification:_identify(log) by extension 'ignore'
[0.853s] Level 1:colcon.colcon_core.package_identification:_identify(log) ignored
[0.853s] Level 1:colcon.colcon_core.package_identification:_identify(src) by extensions ['ignore', 'ignore_ament_install']
[0.853s] Level 1:colcon.colcon_core.package_identification:_identify(src) by extension 'ignore'
[0.853s] Level 1:colcon.colcon_core.package_identification:_identify(src) by extension 'ignore_ament_install'
[0.853s] Level 1:colcon.colcon_core.package_identification:_identify(src) by extensions ['colcon_pkg']
[0.853s] Level 1:colcon.colcon_core.package_identification:_identify(src) by extension 'colcon_pkg'
[0.853s] Level 1:colcon.colcon_core.package_identification:_identify(src) by extensions ['colcon_meta']
[0.853s] Level 1:colcon.colcon_core.package_identification:_identify(src) by extension 'colcon_meta'
[0.853s] Level 1:colcon.colcon_core.package_identification:_identify(src) by extensions ['ros']
[0.853s] Level 1:colcon.colcon_core.package_identification:_identify(src) by extension 'ros'
[0.853s] Level 1:colcon.colcon_core.package_identification:_identify(src) by extensions ['cmake', 'python']
[0.853s] Level 1:colcon.colcon_core.package_identification:_identify(src) by extension 'cmake'
[0.853s] Level 1:colcon.colcon_core.package_identification:_identify(src) by extension 'python'
[0.853s] Level 1:colcon.colcon_core.package_identification:_identify(src) by extensions ['python_setup_py']
[0.853s] Level 1:colcon.colcon_core.package_identification:_identify(src) by extension 'python_setup_py'
[0.854s] Level 1:colcon.colcon_core.package_identification:_identify(src/common_msgs) by extensions ['ignore', 'ignore_ament_install']
[0.854s] Level 1:colcon.colcon_core.package_identification:_identify(src/common_msgs) by extension 'ignore'
[0.854s] Level 1:colcon.colcon_core.package_identification:_identify(src/common_msgs) by extension 'ignore_ament_install'
[0.854s] Level 1:colcon.colcon_core.package_identification:_identify(src/common_msgs) by extensions ['colcon_pkg']
[0.854s] Level 1:colcon.colcon_core.package_identification:_identify(src/common_msgs) by extension 'colcon_pkg'
[0.854s] Level 1:colcon.colcon_core.package_identification:_identify(src/common_msgs) by extensions ['colcon_meta']
[0.854s] Level 1:colcon.colcon_core.package_identification:_identify(src/common_msgs) by extension 'colcon_meta'
[0.854s] Level 1:colcon.colcon_core.package_identification:_identify(src/common_msgs) by extensions ['ros']
[0.854s] Level 1:colcon.colcon_core.package_identification:_identify(src/common_msgs) by extension 'ros'
[0.856s] DEBUG:colcon.colcon_core.package_identification:Package 'src/common_msgs' with type 'ros.ament_cmake' and name 'common_msgs'
[0.856s] Level 1:colcon.colcon_core.package_identification:_identify(src/grampc-d) by extensions ['ignore', 'ignore_ament_install']
[0.856s] Level 1:colcon.colcon_core.package_identification:_identify(src/grampc-d) by extension 'ignore'
[0.856s] Level 1:colcon.colcon_core.package_identification:_identify(src/grampc-d) by extension 'ignore_ament_install'
[0.856s] Level 1:colcon.colcon_core.package_identification:_identify(src/grampc-d) by extensions ['colcon_pkg']
[0.856s] Level 1:colcon.colcon_core.package_identification:_identify(src/grampc-d) by extension 'colcon_pkg'
[0.856s] Level 1:colcon.colcon_core.package_identification:_identify(src/grampc-d) by extensions ['colcon_meta']
[0.856s] Level 1:colcon.colcon_core.package_identification:_identify(src/grampc-d) by extension 'colcon_meta'
[0.856s] Level 1:colcon.colcon_core.package_identification:_identify(src/grampc-d) by extensions ['ros']
[0.856s] Level 1:colcon.colcon_core.package_identification:_identify(src/grampc-d) by extension 'ros'
[0.857s] DEBUG:colcon.colcon_core.package_identification:Package 'src/grampc-d' with type 'ros.ament_cmake' and name 'grampc-d'
[0.857s] Level 1:colcon.colcon_core.package_identification:_identify(src/libs) by extensions ['ignore', 'ignore_ament_install']
[0.857s] Level 1:colcon.colcon_core.package_identification:_identify(src/libs) by extension 'ignore'
[0.857s] Level 1:colcon.colcon_core.package_identification:_identify(src/libs) by extension 'ignore_ament_install'
[0.857s] Level 1:colcon.colcon_core.package_identification:_identify(src/libs) by extensions ['colcon_pkg']
[0.857s] Level 1:colcon.colcon_core.package_identification:_identify(src/libs) by extension 'colcon_pkg'
[0.857s] Level 1:colcon.colcon_core.package_identification:_identify(src/libs) by extensions ['colcon_meta']
[0.857s] Level 1:colcon.colcon_core.package_identification:_identify(src/libs) by extension 'colcon_meta'
[0.857s] Level 1:colcon.colcon_core.package_identification:_identify(src/libs) by extensions ['ros']
[0.857s] Level 1:colcon.colcon_core.package_identification:_identify(src/libs) by extension 'ros'
[0.857s] DEBUG:colcon.colcon_core.package_identification:Package 'src/libs' with type 'ros.ament_cmake' and name 'libs'
[0.858s] Level 1:colcon.colcon_core.package_identification:_identify(src/mpc_node) by extensions ['ignore', 'ignore_ament_install']
[0.858s] Level 1:colcon.colcon_core.package_identification:_identify(src/mpc_node) by extension 'ignore'
[0.858s] Level 1:colcon.colcon_core.package_identification:_identify(src/mpc_node) by extension 'ignore_ament_install'
[0.858s] Level 1:colcon.colcon_core.package_identification:_identify(src/mpc_node) by extensions ['colcon_pkg']
[0.858s] Level 1:colcon.colcon_core.package_identification:_identify(src/mpc_node) by extension 'colcon_pkg'
[0.858s] Level 1:colcon.colcon_core.package_identification:_identify(src/mpc_node) by extensions ['colcon_meta']
[0.858s] Level 1:colcon.colcon_core.package_identification:_identify(src/mpc_node) by extension 'colcon_meta'
[0.858s] Level 1:colcon.colcon_core.package_identification:_identify(src/mpc_node) by extensions ['ros']
[0.858s] Level 1:colcon.colcon_core.package_identification:_identify(src/mpc_node) by extension 'ros'
[0.858s] DEBUG:colcon.colcon_core.package_identification:Package 'src/mpc_node' with type 'ros.ament_cmake' and name 'mpc_node'
[0.858s] Level 1:colcon.colcon_core.package_identification:_identify(src/simulator_node) by extensions ['ignore', 'ignore_ament_install']
[0.858s] Level 1:colcon.colcon_core.package_identification:_identify(src/simulator_node) by extension 'ignore'
[0.858s] Level 1:colcon.colcon_core.package_identification:_identify(src/simulator_node) by extension 'ignore_ament_install'
[0.858s] Level 1:colcon.colcon_core.package_identification:_identify(src/simulator_node) by extensions ['colcon_pkg']
[0.859s] Level 1:colcon.colcon_core.package_identification:_identify(src/simulator_node) by extension 'colcon_pkg'
[0.859s] Level 1:colcon.colcon_core.package_identification:_identify(src/simulator_node) by extensions ['colcon_meta']
[0.859s] Level 1:colcon.colcon_core.package_identification:_identify(src/simulator_node) by extension 'colcon_meta'
[0.859s] Level 1:colcon.colcon_core.package_identification:_identify(src/simulator_node) by extensions ['ros']
[0.859s] Level 1:colcon.colcon_core.package_identification:_identify(src/simulator_node) by extension 'ros'
[0.859s] DEBUG:colcon.colcon_core.package_identification:Package 'src/simulator_node' with type 'ros.ament_cmake' and name 'simulator_node'
[0.859s] Level 1:colcon.colcon_core.package_identification:_identify(src/test) by extensions ['ignore', 'ignore_ament_install']
[0.859s] Level 1:colcon.colcon_core.package_identification:_identify(src/test) by extension 'ignore'
[0.859s] Level 1:colcon.colcon_core.package_identification:_identify(src/test) by extension 'ignore_ament_install'
[0.859s] Level 1:colcon.colcon_core.package_identification:_identify(src/test) by extensions ['colcon_pkg']
[0.859s] Level 1:colcon.colcon_core.package_identification:_identify(src/test) by extension 'colcon_pkg'
[0.859s] Level 1:colcon.colcon_core.package_identification:_identify(src/test) by extensions ['colcon_meta']
[0.859s] Level 1:colcon.colcon_core.package_identification:_identify(src/test) by extension 'colcon_meta'
[0.859s] Level 1:colcon.colcon_core.package_identification:_identify(src/test) by extensions ['ros']
[0.859s] Level 1:colcon.colcon_core.package_identification:_identify(src/test) by extension 'ros'
[0.860s] DEBUG:colcon.colcon_core.package_identification:Package 'src/test' with type 'ros.ament_cmake' and name 'test'
[0.860s] Level 1:colcon.colcon_core.package_identification:_identify(src/uav_launch) by extensions ['ignore', 'ignore_ament_install']
[0.860s] Level 1:colcon.colcon_core.package_identification:_identify(src/uav_launch) by extension 'ignore'
[0.860s] Level 1:colcon.colcon_core.package_identification:_identify(src/uav_launch) by extension 'ignore_ament_install'
[0.860s] Level 1:colcon.colcon_core.package_identification:_identify(src/uav_launch) by extensions ['colcon_pkg']
[0.860s] Level 1:colcon.colcon_core.package_identification:_identify(src/uav_launch) by extension 'colcon_pkg'
[0.860s] Level 1:colcon.colcon_core.package_identification:_identify(src/uav_launch) by extensions ['colcon_meta']
[0.860s] Level 1:colcon.colcon_core.package_identification:_identify(src/uav_launch) by extension 'colcon_meta'
[0.860s] Level 1:colcon.colcon_core.package_identification:_identify(src/uav_launch) by extensions ['ros']
[0.860s] Level 1:colcon.colcon_core.package_identification:_identify(src/uav_launch) by extension 'ros'
[0.860s] DEBUG:colcon.colcon_core.package_identification:Package 'src/uav_launch' with type 'ros.ament_cmake' and name 'uav_launch'
[0.861s] Level 1:colcon.colcon_core.package_discovery:discover_packages(recursive) using defaults
[0.861s] Level 1:colcon.colcon_core.package_discovery:discover_packages(ignore) discover
[0.861s] Level 1:colcon.colcon_core.package_discovery:discover_packages(ignore) using defaults
[0.861s] Level 1:colcon.colcon_core.package_discovery:discover_packages(path) discover
[0.861s] Level 1:colcon.colcon_core.package_discovery:discover_packages(path) using defaults
[0.931s] Level 1:colcon.colcon_core.package_discovery:discover_packages(prefix_path) check parameters
[0.931s] Level 1:colcon.colcon_core.package_discovery:discover_packages(prefix_path) discover
[0.957s] DEBUG:colcon.colcon_installed_package_information.package_discovery:Found 291 installed packages in /opt/ros/humble
[0.958s] Level 1:colcon.colcon_core.package_discovery:discover_packages(prefix_path) using defaults
[1.016s] Level 5:colcon.colcon_core.verb:set package 'common_msgs' build argument 'cmake_args' from command line to '['-DCMAKE_BUILD_TYPE=Debug']'
[1.016s] Level 5:colcon.colcon_core.verb:set package 'common_msgs' build argument 'cmake_target' from command line to 'None'
[1.016s] Level 5:colcon.colcon_core.verb:set package 'common_msgs' build argument 'cmake_target_skip_unavailable' from command line to 'False'
[1.016s] Level 5:colcon.colcon_core.verb:set package 'common_msgs' build argument 'cmake_clean_cache' from command line to 'False'
[1.016s] Level 5:colcon.colcon_core.verb:set package 'common_msgs' build argument 'cmake_clean_first' from command line to 'False'
[1.016s] Level 5:colcon.colcon_core.verb:set package 'common_msgs' build argument 'cmake_force_configure' from command line to 'False'
[1.016s] Level 5:colcon.colcon_core.verb:set package 'common_msgs' build argument 'ament_cmake_args' from command line to 'None'
[1.016s] Level 5:colcon.colcon_core.verb:set package 'common_msgs' build argument 'catkin_cmake_args' from command line to 'None'
[1.016s] Level 5:colcon.colcon_core.verb:set package 'common_msgs' build argument 'catkin_skip_building_tests' from command line to 'False'
[1.016s] DEBUG:colcon.colcon_core.verb:Building package 'common_msgs' with the following arguments: {'ament_cmake_args': None, 'build_base': '/home/evan/UAV_ws/build/common_msgs', 'catkin_cmake_args': None, 'catkin_skip_building_tests': False, 'cmake_args': ['-DCMAKE_BUILD_TYPE=Debug'], 'cmake_clean_cache': False, 'cmake_clean_first': False, 'cmake_force_configure': False, 'cmake_target': None, 'cmake_target_skip_unavailable': False, 'install_base': '/home/evan/UAV_ws/install/common_msgs', 'merge_install': False, 'path': '/home/evan/UAV_ws/src/common_msgs', 'symlink_install': True, 'test_result_base': None}
[1.028s] Level 5:colcon.colcon_core.verb:set package 'libs' build argument 'cmake_args' from command line to '['-DCMAKE_BUILD_TYPE=Debug']'
[1.028s] Level 5:colcon.colcon_core.verb:set package 'libs' build argument 'cmake_target' from command line to 'None'
[1.028s] Level 5:colcon.colcon_core.verb:set package 'libs' build argument 'cmake_target_skip_unavailable' from command line to 'False'
[1.028s] Level 5:colcon.colcon_core.verb:set package 'libs' build argument 'cmake_clean_cache' from command line to 'False'
[1.028s] Level 5:colcon.colcon_core.verb:set package 'libs' build argument 'cmake_clean_first' from command line to 'False'
[1.028s] Level 5:colcon.colcon_core.verb:set package 'libs' build argument 'cmake_force_configure' from command line to 'False'
[1.028s] Level 5:colcon.colcon_core.verb:set package 'libs' build argument 'ament_cmake_args' from command line to 'None'
[1.028s] Level 5:colcon.colcon_core.verb:set package 'libs' build argument 'catkin_cmake_args' from command line to 'None'
[1.028s] Level 5:colcon.colcon_core.verb:set package 'libs' build argument 'catkin_skip_building_tests' from command line to 'False'
[1.028s] DEBUG:colcon.colcon_core.verb:Building package 'libs' with the following arguments: {'ament_cmake_args': None, 'build_base': '/home/evan/UAV_ws/build/libs', 'catkin_cmake_args': None, 'catkin_skip_building_tests': False, 'cmake_args': ['-DCMAKE_BUILD_TYPE=Debug'], 'cmake_clean_cache': False, 'cmake_clean_first': False, 'cmake_force_configure': False, 'cmake_target': None, 'cmake_target_skip_unavailable': False, 'install_base': '/home/evan/UAV_ws/install/libs', 'merge_install': False, 'path': '/home/evan/UAV_ws/src/libs', 'symlink_install': True, 'test_result_base': None}
[1.039s] Level 5:colcon.colcon_core.verb:set package 'uav_launch' build argument 'cmake_args' from command line to '['-DCMAKE_BUILD_TYPE=Debug']'
[1.039s] Level 5:colcon.colcon_core.verb:set package 'uav_launch' build argument 'cmake_target' from command line to 'None'
[1.039s] Level 5:colcon.colcon_core.verb:set package 'uav_launch' build argument 'cmake_target_skip_unavailable' from command line to 'False'
[1.039s] Level 5:colcon.colcon_core.verb:set package 'uav_launch' build argument 'cmake_clean_cache' from command line to 'False'
[1.039s] Level 5:colcon.colcon_core.verb:set package 'uav_launch' build argument 'cmake_clean_first' from command line to 'False'
[1.039s] Level 5:colcon.colcon_core.verb:set package 'uav_launch' build argument 'cmake_force_configure' from command line to 'False'
[1.039s] Level 5:colcon.colcon_core.verb:set package 'uav_launch' build argument 'ament_cmake_args' from command line to 'None'
[1.039s] Level 5:colcon.colcon_core.verb:set package 'uav_launch' build argument 'catkin_cmake_args' from command line to 'None'
[1.039s] Level 5:colcon.colcon_core.verb:set package 'uav_launch' build argument 'catkin_skip_building_tests' from command line to 'False'
[1.039s] DEBUG:colcon.colcon_core.verb:Building package 'uav_launch' with the following arguments: {'ament_cmake_args': None, 'build_base': '/home/evan/UAV_ws/build/uav_launch', 'catkin_cmake_args': None, 'catkin_skip_building_tests': False, 'cmake_args': ['-DCMAKE_BUILD_TYPE=Debug'], 'cmake_clean_cache': False, 'cmake_clean_first': False, 'cmake_force_configure': False, 'cmake_target': None, 'cmake_target_skip_unavailable': False, 'install_base': '/home/evan/UAV_ws/install/uav_launch', 'merge_install': False, 'path': '/home/evan/UAV_ws/src/uav_launch', 'symlink_install': True, 'test_result_base': None}
[1.051s] Level 5:colcon.colcon_core.verb:set package 'grampc-d' build argument 'cmake_args' from command line to '['-DCMAKE_BUILD_TYPE=Debug']'
[1.051s] Level 5:colcon.colcon_core.verb:set package 'grampc-d' build argument 'cmake_target' from command line to 'None'
[1.051s] Level 5:colcon.colcon_core.verb:set package 'grampc-d' build argument 'cmake_target_skip_unavailable' from command line to 'False'
[1.051s] Level 5:colcon.colcon_core.verb:set package 'grampc-d' build argument 'cmake_clean_cache' from command line to 'False'
[1.051s] Level 5:colcon.colcon_core.verb:set package 'grampc-d' build argument 'cmake_clean_first' from command line to 'False'
[1.051s] Level 5:colcon.colcon_core.verb:set package 'grampc-d' build argument 'cmake_force_configure' from command line to 'False'
[1.051s] Level 5:colcon.colcon_core.verb:set package 'grampc-d' build argument 'ament_cmake_args' from command line to 'None'
[1.051s] Level 5:colcon.colcon_core.verb:set package 'grampc-d' build argument 'catkin_cmake_args' from command line to 'None'
[1.051s] Level 5:colcon.colcon_core.verb:set package 'grampc-d' build argument 'catkin_skip_building_tests' from command line to 'False'
[1.051s] DEBUG:colcon.colcon_core.verb:Building package 'grampc-d' with the following arguments: {'ament_cmake_args': None, 'build_base': '/home/evan/UAV_ws/build/grampc-d', 'catkin_cmake_args': None, 'catkin_skip_building_tests': False, 'cmake_args': ['-DCMAKE_BUILD_TYPE=Debug'], 'cmake_clean_cache': False, 'cmake_clean_first': False, 'cmake_force_configure': False, 'cmake_target': None, 'cmake_target_skip_unavailable': False, 'install_base': '/home/evan/UAV_ws/install/grampc-d', 'merge_install': False, 'path': '/home/evan/UAV_ws/src/grampc-d', 'symlink_install': True, 'test_result_base': None}
[1.074s] Level 5:colcon.colcon_core.verb:set package 'test' build argument 'cmake_args' from command line to '['-DCMAKE_BUILD_TYPE=Debug']'
[1.074s] Level 5:colcon.colcon_core.verb:set package 'test' build argument 'cmake_target' from command line to 'None'
[1.074s] Level 5:colcon.colcon_core.verb:set package 'test' build argument 'cmake_target_skip_unavailable' from command line to 'False'
[1.074s] Level 5:colcon.colcon_core.verb:set package 'test' build argument 'cmake_clean_cache' from command line to 'False'
[1.074s] Level 5:colcon.colcon_core.verb:set package 'test' build argument 'cmake_clean_first' from command line to 'False'
[1.074s] Level 5:colcon.colcon_core.verb:set package 'test' build argument 'cmake_force_configure' from command line to 'False'
[1.074s] Level 5:colcon.colcon_core.verb:set package 'test' build argument 'ament_cmake_args' from command line to 'None'
[1.074s] Level 5:colcon.colcon_core.verb:set package 'test' build argument 'catkin_cmake_args' from command line to 'None'
[1.074s] Level 5:colcon.colcon_core.verb:set package 'test' build argument 'catkin_skip_building_tests' from command line to 'False'
[1.074s] DEBUG:colcon.colcon_core.verb:Building package 'test' with the following arguments: {'ament_cmake_args': None, 'build_base': '/home/evan/UAV_ws/build/test', 'catkin_cmake_args': None, 'catkin_skip_building_tests': False, 'cmake_args': ['-DCMAKE_BUILD_TYPE=Debug'], 'cmake_clean_cache': False, 'cmake_clean_first': False, 'cmake_force_configure': False, 'cmake_target': None, 'cmake_target_skip_unavailable': False, 'install_base': '/home/evan/UAV_ws/install/test', 'merge_install': False, 'path': '/home/evan/UAV_ws/src/test', 'symlink_install': True, 'test_result_base': None}
[1.085s] Level 5:colcon.colcon_core.verb:set package 'mpc_node' build argument 'cmake_args' from command line to '['-DCMAKE_BUILD_TYPE=Debug']'
[1.086s] Level 5:colcon.colcon_core.verb:set package 'mpc_node' build argument 'cmake_target' from command line to 'None'
[1.086s] Level 5:colcon.colcon_core.verb:set package 'mpc_node' build argument 'cmake_target_skip_unavailable' from command line to 'False'
[1.086s] Level 5:colcon.colcon_core.verb:set package 'mpc_node' build argument 'cmake_clean_cache' from command line to 'False'
[1.086s] Level 5:colcon.colcon_core.verb:set package 'mpc_node' build argument 'cmake_clean_first' from command line to 'False'
[1.086s] Level 5:colcon.colcon_core.verb:set package 'mpc_node' build argument 'cmake_force_configure' from command line to 'False'
[1.086s] Level 5:colcon.colcon_core.verb:set package 'mpc_node' build argument 'ament_cmake_args' from command line to 'None'
[1.086s] Level 5:colcon.colcon_core.verb:set package 'mpc_node' build argument 'catkin_cmake_args' from command line to 'None'
[1.086s] Level 5:colcon.colcon_core.verb:set package 'mpc_node' build argument 'catkin_skip_building_tests' from command line to 'False'
[1.086s] DEBUG:colcon.colcon_core.verb:Building package 'mpc_node' with the following arguments: {'ament_cmake_args': None, 'build_base': '/home/evan/UAV_ws/build/mpc_node', 'catkin_cmake_args': None, 'catkin_skip_building_tests': False, 'cmake_args': ['-DCMAKE_BUILD_TYPE=Debug'], 'cmake_clean_cache': False, 'cmake_clean_first': False, 'cmake_force_configure': False, 'cmake_target': None, 'cmake_target_skip_unavailable': False, 'install_base': '/home/evan/UAV_ws/install/mpc_node', 'merge_install': False, 'path': '/home/evan/UAV_ws/src/mpc_node', 'symlink_install': True, 'test_result_base': None}
[1.097s] Level 5:colcon.colcon_core.verb:set package 'simulator_node' build argument 'cmake_args' from command line to '['-DCMAKE_BUILD_TYPE=Debug']'
[1.097s] Level 5:colcon.colcon_core.verb:set package 'simulator_node' build argument 'cmake_target' from command line to 'None'
[1.097s] Level 5:colcon.colcon_core.verb:set package 'simulator_node' build argument 'cmake_target_skip_unavailable' from command line to 'False'
[1.097s] Level 5:colcon.colcon_core.verb:set package 'simulator_node' build argument 'cmake_clean_cache' from command line to 'False'
[1.097s] Level 5:colcon.colcon_core.verb:set package 'simulator_node' build argument 'cmake_clean_first' from command line to 'False'
[1.097s] Level 5:colcon.colcon_core.verb:set package 'simulator_node' build argument 'cmake_force_configure' from command line to 'False'
[1.097s] Level 5:colcon.colcon_core.verb:set package 'simulator_node' build argument 'ament_cmake_args' from command line to 'None'
[1.097s] Level 5:colcon.colcon_core.verb:set package 'simulator_node' build argument 'catkin_cmake_args' from command line to 'None'
[1.097s] Level 5:colcon.colcon_core.verb:set package 'simulator_node' build argument 'catkin_skip_building_tests' from command line to 'False'
[1.097s] DEBUG:colcon.colcon_core.verb:Building package 'simulator_node' with the following arguments: {'ament_cmake_args': None, 'build_base': '/home/evan/UAV_ws/build/simulator_node', 'catkin_cmake_args': None, 'catkin_skip_building_tests': False, 'cmake_args': ['-DCMAKE_BUILD_TYPE=Debug'], 'cmake_clean_cache': False, 'cmake_clean_first': False, 'cmake_force_configure': False, 'cmake_target': None, 'cmake_target_skip_unavailable': False, 'install_base': '/home/evan/UAV_ws/install/simulator_node', 'merge_install': False, 'path': '/home/evan/UAV_ws/src/simulator_node', 'symlink_install': True, 'test_result_base': None}
[1.109s] INFO:colcon.colcon_core.executor:Executing jobs using 'parallel' executor
[1.121s] DEBUG:colcon.colcon_parallel_executor.executor.parallel:run_until_complete
[1.121s] INFO:colcon.colcon_ros.task.ament_cmake.build:Building ROS package in '/home/evan/UAV_ws/src/libs' with build type 'ament_cmake'
[1.121s] INFO:colcon.colcon_cmake.task.cmake.build:Building CMake package in '/home/evan/UAV_ws/src/libs'
[1.139s] INFO:colcon.colcon_core.plugin_system:Skipping extension 'colcon_core.shell.bat': Not used on non-Windows systems
[1.139s] INFO:colcon.colcon_core.shell:Skip shell extension 'powershell' for command environment: Not usable outside of PowerShell
[1.139s] DEBUG:colcon.colcon_core.shell:Skip shell extension 'dsv' for command environment
[1.165s] INFO:colcon.colcon_ros.task.ament_cmake.build:Building ROS package in '/home/evan/UAV_ws/src/common_msgs' with build type 'ament_cmake'
[1.165s] INFO:colcon.colcon_cmake.task.cmake.build:Building CMake package in '/home/evan/UAV_ws/src/common_msgs'
[1.177s] INFO:colcon.colcon_core.shell:Skip shell extension 'powershell' for command environment: Not usable outside of PowerShell
[1.177s] DEBUG:colcon.colcon_core.shell:Skip shell extension 'dsv' for command environment
[1.203s] INFO:colcon.colcon_ros.task.ament_cmake.build:Building ROS package in '/home/evan/UAV_ws/src/uav_launch' with build type 'ament_cmake'
[1.203s] INFO:colcon.colcon_cmake.task.cmake.build:Building CMake package in '/home/evan/UAV_ws/src/uav_launch'
[1.215s] INFO:colcon.colcon_core.shell:Skip shell extension 'powershell' for command environment: Not usable outside of PowerShell
[1.215s] DEBUG:colcon.colcon_core.shell:Skip shell extension 'dsv' for command environment
[1.246s] DEBUG:colcon.colcon_core.event_handler.log_command:Invoking command in '/home/evan/UAV_ws/build/libs': CMAKE_PREFIX_PATH=/opt/ros/humble /usr/bin/cmake --build /home/evan/UAV_ws/build/libs -- -j16 -l16
[1.250s] DEBUG:colcon.colcon_core.event_handler.log_command:Invoking command in '/home/evan/UAV_ws/build/common_msgs': CMAKE_PREFIX_PATH=/opt/ros/humble /usr/bin/cmake --build /home/evan/UAV_ws/build/common_msgs -- -j16 -l16
[1.253s] DEBUG:colcon.colcon_core.event_handler.log_command:Invoking command in '/home/evan/UAV_ws/build/uav_launch': CMAKE_PREFIX_PATH=/opt/ros/humble /usr/bin/cmake --build /home/evan/UAV_ws/build/uav_launch -- -j16 -l16
[1.303s] DEBUG:colcon.colcon_core.event_handler.log_command:Invoked command in '/home/evan/UAV_ws/build/uav_launch' returned '0': CMAKE_PREFIX_PATH=/opt/ros/humble /usr/bin/cmake --build /home/evan/UAV_ws/build/uav_launch -- -j16 -l16
[1.331s] DEBUG:colcon.colcon_core.event_handler.log_command:Invoking command in '/home/evan/UAV_ws/build/uav_launch': CMAKE_PREFIX_PATH=/opt/ros/humble /usr/bin/cmake --install /home/evan/UAV_ws/build/uav_launch
[1.332s] DEBUG:colcon.colcon_core.event_handler.log_command:Invoked command in '/home/evan/UAV_ws/build/libs' returned '0': CMAKE_PREFIX_PATH=/opt/ros/humble /usr/bin/cmake --build /home/evan/UAV_ws/build/libs -- -j16 -l16
[1.352s] Level 1:colcon.colcon_core.environment:create_environment_scripts_only(uav_launch)
[1.353s] DEBUG:colcon.colcon_core.event_handler.log_command:Invoked command in '/home/evan/UAV_ws/build/uav_launch' returned '0': CMAKE_PREFIX_PATH=/opt/ros/humble /usr/bin/cmake --install /home/evan/UAV_ws/build/uav_launch
[1.372s] Level 1:colcon.colcon_core.environment:checking '/home/evan/UAV_ws/install/uav_launch' for CMake module files
[1.373s] Level 1:colcon.colcon_core.environment:checking '/home/evan/UAV_ws/install/uav_launch' for CMake config files
[1.373s] Level 1:colcon.colcon_core.shell:create_environment_hook('uav_launch', 'cmake_prefix_path')
[1.385s] INFO:colcon.colcon_core.shell:Creating environment hook '/home/evan/UAV_ws/install/uav_launch/share/uav_launch/hook/cmake_prefix_path.ps1'
[1.386s] INFO:colcon.colcon_core.shell:Creating environment descriptor '/home/evan/UAV_ws/install/uav_launch/share/uav_launch/hook/cmake_prefix_path.dsv'
[1.387s] INFO:colcon.colcon_core.shell:Creating environment hook '/home/evan/UAV_ws/install/uav_launch/share/uav_launch/hook/cmake_prefix_path.sh'
[1.387s] Level 1:colcon.colcon_core.environment:checking '/home/evan/UAV_ws/install/uav_launch/bin'
[1.387s] Level 1:colcon.colcon_core.environment:checking '/home/evan/UAV_ws/install/uav_launch/lib/pkgconfig/uav_launch.pc'
[1.388s] Level 1:colcon.colcon_core.environment:checking '/home/evan/UAV_ws/install/uav_launch/lib/python3.10/site-packages'
[1.388s] Level 1:colcon.colcon_core.environment:checking '/home/evan/UAV_ws/install/uav_launch/bin'
[1.400s] INFO:colcon.colcon_core.shell:Creating package script '/home/evan/UAV_ws/install/uav_launch/share/uav_launch/package.ps1'
[1.401s] INFO:colcon.colcon_core.shell:Creating package descriptor '/home/evan/UAV_ws/install/uav_launch/share/uav_launch/package.dsv'
[1.401s] INFO:colcon.colcon_core.shell:Creating package script '/home/evan/UAV_ws/install/uav_launch/share/uav_launch/package.sh'
[1.402s] INFO:colcon.colcon_core.shell:Creating package script '/home/evan/UAV_ws/install/uav_launch/share/uav_launch/package.bash'
[1.403s] INFO:colcon.colcon_core.shell:Creating package script '/home/evan/UAV_ws/install/uav_launch/share/uav_launch/package.zsh'
[1.403s] Level 1:colcon.colcon_core.environment:create_file_with_runtime_dependencies(/home/evan/UAV_ws/install/uav_launch/share/colcon-core/packages/uav_launch)
[1.406s] DEBUG:colcon.colcon_core.event_handler.log_command:Invoking command in '/home/evan/UAV_ws/build/libs': CMAKE_PREFIX_PATH=/opt/ros/humble /usr/bin/cmake --install /home/evan/UAV_ws/build/libs
[1.438s] Level 1:colcon.colcon_core.environment:create_environment_scripts_only(uav_launch)
[1.449s] Level 1:colcon.colcon_core.environment:checking '/home/evan/UAV_ws/install/uav_launch' for CMake module files
[1.449s] Level 1:colcon.colcon_core.environment:checking '/home/evan/UAV_ws/install/uav_launch' for CMake config files
[1.450s] Level 1:colcon.colcon_core.shell:create_environment_hook('uav_launch', 'cmake_prefix_path')
[1.461s] INFO:colcon.colcon_core.shell:Creating environment hook '/home/evan/UAV_ws/install/uav_launch/share/uav_launch/hook/cmake_prefix_path.ps1'
[1.462s] INFO:colcon.colcon_core.shell:Creating environment descriptor '/home/evan/UAV_ws/install/uav_launch/share/uav_launch/hook/cmake_prefix_path.dsv'
[1.462s] INFO:colcon.colcon_core.shell:Creating environment hook '/home/evan/UAV_ws/install/uav_launch/share/uav_launch/hook/cmake_prefix_path.sh'
[1.462s] Level 1:colcon.colcon_core.environment:checking '/home/evan/UAV_ws/install/uav_launch/bin'
[1.462s] Level 1:colcon.colcon_core.environment:checking '/home/evan/UAV_ws/install/uav_launch/lib/pkgconfig/uav_launch.pc'
[1.462s] Level 1:colcon.colcon_core.environment:checking '/home/evan/UAV_ws/install/uav_launch/lib/python3.10/site-packages'
[1.463s] Level 1:colcon.colcon_core.environment:checking '/home/evan/UAV_ws/install/uav_launch/bin'
[1.474s] INFO:colcon.colcon_core.shell:Creating package script '/home/evan/UAV_ws/install/uav_launch/share/uav_launch/package.ps1'
[1.474s] INFO:colcon.colcon_core.shell:Creating package descriptor '/home/evan/UAV_ws/install/uav_launch/share/uav_launch/package.dsv'
[1.475s] INFO:colcon.colcon_core.shell:Creating package script '/home/evan/UAV_ws/install/uav_launch/share/uav_launch/package.sh'
[1.475s] INFO:colcon.colcon_core.shell:Creating package script '/home/evan/UAV_ws/install/uav_launch/share/uav_launch/package.bash'
[1.475s] INFO:colcon.colcon_core.shell:Creating package script '/home/evan/UAV_ws/install/uav_launch/share/uav_launch/package.zsh'
[1.476s] Level 1:colcon.colcon_core.environment:create_file_with_runtime_dependencies(/home/evan/UAV_ws/install/uav_launch/share/colcon-core/packages/uav_launch)
[1.477s] Level 1:colcon.colcon_core.environment:create_environment_scripts_only(libs)
[1.478s] DEBUG:colcon.colcon_core.event_handler.log_command:Invoked command in '/home/evan/UAV_ws/build/libs' returned '0': CMAKE_PREFIX_PATH=/opt/ros/humble /usr/bin/cmake --install /home/evan/UAV_ws/build/libs
[1.488s] Level 1:colcon.colcon_core.environment:checking '/home/evan/UAV_ws/install/libs' for CMake module files
[1.489s] Level 1:colcon.colcon_core.environment:checking '/home/evan/UAV_ws/install/libs' for CMake config files
[1.489s] Level 1:colcon.colcon_core.shell:create_environment_hook('libs', 'cmake_prefix_path')
[1.502s] INFO:colcon.colcon_core.shell:Creating environment hook '/home/evan/UAV_ws/install/libs/share/libs/hook/cmake_prefix_path.ps1'
[1.502s] INFO:colcon.colcon_core.shell:Creating environment descriptor '/home/evan/UAV_ws/install/libs/share/libs/hook/cmake_prefix_path.dsv'
[1.502s] INFO:colcon.colcon_core.shell:Creating environment hook '/home/evan/UAV_ws/install/libs/share/libs/hook/cmake_prefix_path.sh'
[1.503s] Level 1:colcon.colcon_core.environment:checking '/home/evan/UAV_ws/install/libs/lib'
[1.503s] Level 1:colcon.colcon_core.environment:checking '/home/evan/UAV_ws/install/libs/bin'
[1.503s] Level 1:colcon.colcon_core.environment:checking '/home/evan/UAV_ws/install/libs/lib/pkgconfig/libs.pc'
[1.503s] Level 1:colcon.colcon_core.environment:checking '/home/evan/UAV_ws/install/libs/lib/python3.10/site-packages'
[1.503s] Level 1:colcon.colcon_core.environment:checking '/home/evan/UAV_ws/install/libs/bin'
[1.516s] INFO:colcon.colcon_core.shell:Creating package script '/home/evan/UAV_ws/install/libs/share/libs/package.ps1'
[1.517s] INFO:colcon.colcon_core.shell:Creating package descriptor '/home/evan/UAV_ws/install/libs/share/libs/package.dsv'
[1.517s] INFO:colcon.colcon_core.shell:Creating package script '/home/evan/UAV_ws/install/libs/share/libs/package.sh'
[1.517s] INFO:colcon.colcon_core.shell:Creating package script '/home/evan/UAV_ws/install/libs/share/libs/package.bash'
[1.517s] INFO:colcon.colcon_core.shell:Creating package script '/home/evan/UAV_ws/install/libs/share/libs/package.zsh'
[1.518s] Level 1:colcon.colcon_core.environment:create_file_with_runtime_dependencies(/home/evan/UAV_ws/install/libs/share/colcon-core/packages/libs)
[1.564s] DEBUG:colcon.colcon_core.event_handler.log_command:Invoked command in '/home/evan/UAV_ws/build/common_msgs' returned '0': CMAKE_PREFIX_PATH=/opt/ros/humble /usr/bin/cmake --build /home/evan/UAV_ws/build/common_msgs -- -j16 -l16
[1.607s] Level 1:colcon.colcon_core.environment:create_environment_scripts_only(libs)
[1.618s] Level 1:colcon.colcon_core.environment:checking '/home/evan/UAV_ws/install/libs' for CMake module files
[1.618s] Level 1:colcon.colcon_core.environment:checking '/home/evan/UAV_ws/install/libs' for CMake config files
[1.618s] Level 1:colcon.colcon_core.shell:create_environment_hook('libs', 'cmake_prefix_path')
[1.630s] INFO:colcon.colcon_core.shell:Creating environment hook '/home/evan/UAV_ws/install/libs/share/libs/hook/cmake_prefix_path.ps1'
[1.630s] INFO:colcon.colcon_core.shell:Creating environment descriptor '/home/evan/UAV_ws/install/libs/share/libs/hook/cmake_prefix_path.dsv'
[1.630s] INFO:colcon.colcon_core.shell:Creating environment hook '/home/evan/UAV_ws/install/libs/share/libs/hook/cmake_prefix_path.sh'
[1.631s] Level 1:colcon.colcon_core.environment:checking '/home/evan/UAV_ws/install/libs/lib'
[1.631s] Level 1:colcon.colcon_core.environment:checking '/home/evan/UAV_ws/install/libs/bin'
[1.631s] Level 1:colcon.colcon_core.environment:checking '/home/evan/UAV_ws/install/libs/lib/pkgconfig/libs.pc'
[1.631s] Level 1:colcon.colcon_core.environment:checking '/home/evan/UAV_ws/install/libs/lib/python3.10/site-packages'
[1.631s] Level 1:colcon.colcon_core.environment:checking '/home/evan/UAV_ws/install/libs/bin'
[1.643s] INFO:colcon.colcon_core.shell:Creating package script '/home/evan/UAV_ws/install/libs/share/libs/package.ps1'
[1.644s] INFO:colcon.colcon_core.shell:Creating package descriptor '/home/evan/UAV_ws/install/libs/share/libs/package.dsv'
[1.644s] INFO:colcon.colcon_core.shell:Creating package script '/home/evan/UAV_ws/install/libs/share/libs/package.sh'
[1.644s] INFO:colcon.colcon_core.shell:Creating package script '/home/evan/UAV_ws/install/libs/share/libs/package.bash'
[1.645s] INFO:colcon.colcon_core.shell:Creating package script '/home/evan/UAV_ws/install/libs/share/libs/package.zsh'
[1.645s] Level 1:colcon.colcon_core.environment:create_file_with_runtime_dependencies(/home/evan/UAV_ws/install/libs/share/colcon-core/packages/libs)
[1.645s] INFO:colcon.colcon_ros.task.ament_cmake.build:Building ROS package in '/home/evan/UAV_ws/src/grampc-d' with build type 'ament_cmake'
[1.645s] INFO:colcon.colcon_cmake.task.cmake.build:Building CMake package in '/home/evan/UAV_ws/src/grampc-d'
[1.660s] INFO:colcon.colcon_core.shell:Skip shell extension 'powershell' for command environment: Not usable outside of PowerShell
[1.660s] DEBUG:colcon.colcon_core.shell:Skip shell extension 'dsv' for command environment
[1.685s] INFO:colcon.colcon_ros.task.ament_cmake.build:Building ROS package in '/home/evan/UAV_ws/src/test' with build type 'ament_cmake'
[1.685s] INFO:colcon.colcon_cmake.task.cmake.build:Building CMake package in '/home/evan/UAV_ws/src/test'
[1.699s] INFO:colcon.colcon_core.shell:Skip shell extension 'powershell' for command environment: Not usable outside of PowerShell
[1.699s] DEBUG:colcon.colcon_core.shell:Skip shell extension 'dsv' for command environment
[1.727s] DEBUG:colcon.colcon_core.event_handler.log_command:Invoking command in '/home/evan/UAV_ws/build/common_msgs': CMAKE_PREFIX_PATH=/opt/ros/humble /usr/bin/cmake --install /home/evan/UAV_ws/build/common_msgs
[1.731s] DEBUG:colcon.colcon_core.event_handler.log_command:Invoking command in '/home/evan/UAV_ws/build/grampc-d': AMENT_PREFIX_PATH=/home/evan/UAV_ws/install/libs:${AMENT_PREFIX_PATH} CMAKE_PREFIX_PATH=/home/evan/UAV_ws/install/libs:/opt/ros/humble LD_LIBRARY_PATH=/home/evan/UAV_ws/install/libs/lib:${LD_LIBRARY_PATH} /usr/bin/cmake --build /home/evan/UAV_ws/build/grampc-d -- -j16 -l16
[1.734s] DEBUG:colcon.colcon_core.event_handler.log_command:Invoking command in '/home/evan/UAV_ws/build/test': AMENT_PREFIX_PATH=/home/evan/UAV_ws/install/libs:${AMENT_PREFIX_PATH} CMAKE_PREFIX_PATH=/home/evan/UAV_ws/install/libs:/opt/ros/humble LD_LIBRARY_PATH=/home/evan/UAV_ws/install/libs/lib:${LD_LIBRARY_PATH} /usr/bin/cmake --build /home/evan/UAV_ws/build/test -- -j16 -l16
[1.776s] DEBUG:colcon.colcon_core.event_handler.log_command:Invoked command in '/home/evan/UAV_ws/build/test' returned '0': AMENT_PREFIX_PATH=/home/evan/UAV_ws/install/libs:${AMENT_PREFIX_PATH} CMAKE_PREFIX_PATH=/home/evan/UAV_ws/install/libs:/opt/ros/humble LD_LIBRARY_PATH=/home/evan/UAV_ws/install/libs/lib:${LD_LIBRARY_PATH} /usr/bin/cmake --build /home/evan/UAV_ws/build/test -- -j16 -l16
[1.800s] DEBUG:colcon.colcon_core.event_handler.log_command:Invoking command in '/home/evan/UAV_ws/build/test': AMENT_PREFIX_PATH=/home/evan/UAV_ws/install/libs:${AMENT_PREFIX_PATH} CMAKE_PREFIX_PATH=/home/evan/UAV_ws/install/libs:/opt/ros/humble LD_LIBRARY_PATH=/home/evan/UAV_ws/install/libs/lib:${LD_LIBRARY_PATH} /usr/bin/cmake --install /home/evan/UAV_ws/build/test
[1.803s] Level 1:colcon.colcon_core.environment:create_environment_scripts_only(common_msgs)
[1.804s] DEBUG:colcon.colcon_core.event_handler.log_command:Invoked command in '/home/evan/UAV_ws/build/common_msgs' returned '0': CMAKE_PREFIX_PATH=/opt/ros/humble /usr/bin/cmake --install /home/evan/UAV_ws/build/common_msgs
[1.818s] Level 1:colcon.colcon_core.environment:checking '/home/evan/UAV_ws/install/common_msgs' for CMake module files
[1.819s] Level 1:colcon.colcon_core.environment:checking '/home/evan/UAV_ws/install/common_msgs' for CMake config files
[1.820s] Level 1:colcon.colcon_core.shell:create_environment_hook('common_msgs', 'cmake_prefix_path')
[1.832s] INFO:colcon.colcon_core.shell:Creating environment hook '/home/evan/UAV_ws/install/common_msgs/share/common_msgs/hook/cmake_prefix_path.ps1'
[1.832s] INFO:colcon.colcon_core.shell:Creating environment descriptor '/home/evan/UAV_ws/install/common_msgs/share/common_msgs/hook/cmake_prefix_path.dsv'
[1.832s] INFO:colcon.colcon_core.shell:Creating environment hook '/home/evan/UAV_ws/install/common_msgs/share/common_msgs/hook/cmake_prefix_path.sh'
[1.833s] Level 1:colcon.colcon_core.environment:checking '/home/evan/UAV_ws/install/common_msgs/lib'
[1.833s] Level 1:colcon.colcon_core.shell:create_environment_hook('common_msgs', 'ld_library_path_lib')
[1.846s] INFO:colcon.colcon_core.shell:Creating environment hook '/home/evan/UAV_ws/install/common_msgs/share/common_msgs/hook/ld_library_path_lib.ps1'
[1.846s] INFO:colcon.colcon_core.shell:Creating environment descriptor '/home/evan/UAV_ws/install/common_msgs/share/common_msgs/hook/ld_library_path_lib.dsv'
[1.847s] INFO:colcon.colcon_core.shell:Creating environment hook '/home/evan/UAV_ws/install/common_msgs/share/common_msgs/hook/ld_library_path_lib.sh'
[1.847s] Level 1:colcon.colcon_core.environment:checking '/home/evan/UAV_ws/install/common_msgs/bin'
[1.847s] Level 1:colcon.colcon_core.environment:checking '/home/evan/UAV_ws/install/common_msgs/lib/pkgconfig/common_msgs.pc'
[1.847s] Level 1:colcon.colcon_core.environment:checking '/home/evan/UAV_ws/install/common_msgs/lib/python3.10/site-packages'
[1.847s] Level 1:colcon.colcon_core.environment:checking '/home/evan/UAV_ws/install/common_msgs/bin'
[1.860s] INFO:colcon.colcon_core.shell:Creating package script '/home/evan/UAV_ws/install/common_msgs/share/common_msgs/package.ps1'
[1.860s] INFO:colcon.colcon_core.shell:Creating package descriptor '/home/evan/UAV_ws/install/common_msgs/share/common_msgs/package.dsv'
[1.861s] INFO:colcon.colcon_core.shell:Creating package script '/home/evan/UAV_ws/install/common_msgs/share/common_msgs/package.sh'
[1.861s] INFO:colcon.colcon_core.shell:Creating package script '/home/evan/UAV_ws/install/common_msgs/share/common_msgs/package.bash'
[1.861s] INFO:colcon.colcon_core.shell:Creating package script '/home/evan/UAV_ws/install/common_msgs/share/common_msgs/package.zsh'
[1.862s] Level 1:colcon.colcon_core.environment:create_file_with_runtime_dependencies(/home/evan/UAV_ws/install/common_msgs/share/colcon-core/packages/common_msgs)
[1.863s] Level 1:colcon.colcon_core.environment:create_environment_scripts_only(test)
[1.864s] DEBUG:colcon.colcon_core.event_handler.log_command:Invoked command in '/home/evan/UAV_ws/build/test' returned '0': AMENT_PREFIX_PATH=/home/evan/UAV_ws/install/libs:${AMENT_PREFIX_PATH} CMAKE_PREFIX_PATH=/home/evan/UAV_ws/install/libs:/opt/ros/humble LD_LIBRARY_PATH=/home/evan/UAV_ws/install/libs/lib:${LD_LIBRARY_PATH} /usr/bin/cmake --install /home/evan/UAV_ws/build/test
[1.876s] Level 1:colcon.colcon_core.environment:checking '/home/evan/UAV_ws/install/test' for CMake module files
[1.876s] Level 1:colcon.colcon_core.environment:checking '/home/evan/UAV_ws/install/test' for CMake config files
[1.876s] Level 1:colcon.colcon_core.shell:create_environment_hook('test', 'cmake_prefix_path')
[1.888s] INFO:colcon.colcon_core.shell:Creating environment hook '/home/evan/UAV_ws/install/test/share/test/hook/cmake_prefix_path.ps1'
[1.888s] INFO:colcon.colcon_core.shell:Creating environment descriptor '/home/evan/UAV_ws/install/test/share/test/hook/cmake_prefix_path.dsv'
[1.888s] INFO:colcon.colcon_core.shell:Creating environment hook '/home/evan/UAV_ws/install/test/share/test/hook/cmake_prefix_path.sh'
[1.889s] Level 1:colcon.colcon_core.environment:checking '/home/evan/UAV_ws/install/test/bin'
[1.889s] Level 1:colcon.colcon_core.environment:checking '/home/evan/UAV_ws/install/test/lib/pkgconfig/test.pc'
[1.889s] Level 1:colcon.colcon_core.environment:checking '/home/evan/UAV_ws/install/test/lib/python3.10/site-packages'
[1.889s] Level 1:colcon.colcon_core.environment:checking '/home/evan/UAV_ws/install/test/bin'
[1.901s] INFO:colcon.colcon_core.shell:Creating package script '/home/evan/UAV_ws/install/test/share/test/package.ps1'
[1.902s] INFO:colcon.colcon_core.shell:Creating package descriptor '/home/evan/UAV_ws/install/test/share/test/package.dsv'
[1.902s] INFO:colcon.colcon_core.shell:Creating package script '/home/evan/UAV_ws/install/test/share/test/package.sh'
[1.902s] INFO:colcon.colcon_core.shell:Creating package script '/home/evan/UAV_ws/install/test/share/test/package.bash'
[1.902s] INFO:colcon.colcon_core.shell:Creating package script '/home/evan/UAV_ws/install/test/share/test/package.zsh'
[1.903s] Level 1:colcon.colcon_core.environment:create_file_with_runtime_dependencies(/home/evan/UAV_ws/install/test/share/colcon-core/packages/test)
[1.904s] DEBUG:colcon.colcon_core.event_handler.log_command:Invoked command in '/home/evan/UAV_ws/build/grampc-d' returned '0': AMENT_PREFIX_PATH=/home/evan/UAV_ws/install/libs:${AMENT_PREFIX_PATH} CMAKE_PREFIX_PATH=/home/evan/UAV_ws/install/libs:/opt/ros/humble LD_LIBRARY_PATH=/home/evan/UAV_ws/install/libs/lib:${LD_LIBRARY_PATH} /usr/bin/cmake --build /home/evan/UAV_ws/build/grampc-d -- -j16 -l16
[1.935s] Level 1:colcon.colcon_core.environment:create_environment_scripts_only(test)
[1.946s] Level 1:colcon.colcon_core.environment:checking '/home/evan/UAV_ws/install/test' for CMake module files
[1.946s] Level 1:colcon.colcon_core.environment:checking '/home/evan/UAV_ws/install/test' for CMake config files
[1.947s] Level 1:colcon.colcon_core.shell:create_environment_hook('test', 'cmake_prefix_path')
[1.959s] INFO:colcon.colcon_core.shell:Creating environment hook '/home/evan/UAV_ws/install/test/share/test/hook/cmake_prefix_path.ps1'
[1.959s] INFO:colcon.colcon_core.shell:Creating environment descriptor '/home/evan/UAV_ws/install/test/share/test/hook/cmake_prefix_path.dsv'
[1.960s] INFO:colcon.colcon_core.shell:Creating environment hook '/home/evan/UAV_ws/install/test/share/test/hook/cmake_prefix_path.sh'
[1.960s] Level 1:colcon.colcon_core.environment:checking '/home/evan/UAV_ws/install/test/bin'
[1.960s] Level 1:colcon.colcon_core.environment:checking '/home/evan/UAV_ws/install/test/lib/pkgconfig/test.pc'
[1.960s] Level 1:colcon.colcon_core.environment:checking '/home/evan/UAV_ws/install/test/lib/python3.10/site-packages'
[1.960s] Level 1:colcon.colcon_core.environment:checking '/home/evan/UAV_ws/install/test/bin'
[1.972s] INFO:colcon.colcon_core.shell:Creating package script '/home/evan/UAV_ws/install/test/share/test/package.ps1'
[1.973s] INFO:colcon.colcon_core.shell:Creating package descriptor '/home/evan/UAV_ws/install/test/share/test/package.dsv'
[1.973s] INFO:colcon.colcon_core.shell:Creating package script '/home/evan/UAV_ws/install/test/share/test/package.sh'
[1.973s] INFO:colcon.colcon_core.shell:Creating package script '/home/evan/UAV_ws/install/test/share/test/package.bash'
[1.974s] INFO:colcon.colcon_core.shell:Creating package script '/home/evan/UAV_ws/install/test/share/test/package.zsh'
[1.974s] Level 1:colcon.colcon_core.environment:create_file_with_runtime_dependencies(/home/evan/UAV_ws/install/test/share/colcon-core/packages/test)
[2.002s] Level 1:colcon.colcon_core.environment:create_environment_scripts_only(common_msgs)
[2.014s] Level 1:colcon.colcon_core.environment:checking '/home/evan/UAV_ws/install/common_msgs' for CMake module files
[2.014s] Level 1:colcon.colcon_core.environment:checking '/home/evan/UAV_ws/install/common_msgs' for CMake config files
[2.015s] Level 1:colcon.colcon_core.shell:create_environment_hook('common_msgs', 'cmake_prefix_path')
[2.027s] INFO:colcon.colcon_core.shell:Creating environment hook '/home/evan/UAV_ws/install/common_msgs/share/common_msgs/hook/cmake_prefix_path.ps1'
[2.027s] INFO:colcon.colcon_core.shell:Creating environment descriptor '/home/evan/UAV_ws/install/common_msgs/share/common_msgs/hook/cmake_prefix_path.dsv'
[2.028s] INFO:colcon.colcon_core.shell:Creating environment hook '/home/evan/UAV_ws/install/common_msgs/share/common_msgs/hook/cmake_prefix_path.sh'
[2.028s] Level 1:colcon.colcon_core.environment:checking '/home/evan/UAV_ws/install/common_msgs/lib'
[2.028s] Level 1:colcon.colcon_core.shell:create_environment_hook('common_msgs', 'ld_library_path_lib')
[2.039s] INFO:colcon.colcon_core.shell:Creating environment hook '/home/evan/UAV_ws/install/common_msgs/share/common_msgs/hook/ld_library_path_lib.ps1'
[2.040s] INFO:colcon.colcon_core.shell:Creating environment descriptor '/home/evan/UAV_ws/install/common_msgs/share/common_msgs/hook/ld_library_path_lib.dsv'
[2.040s] INFO:colcon.colcon_core.shell:Creating environment hook '/home/evan/UAV_ws/install/common_msgs/share/common_msgs/hook/ld_library_path_lib.sh'
[2.040s] Level 1:colcon.colcon_core.environment:checking '/home/evan/UAV_ws/install/common_msgs/bin'
[2.040s] Level 1:colcon.colcon_core.environment:checking '/home/evan/UAV_ws/install/common_msgs/lib/pkgconfig/common_msgs.pc'
[2.041s] Level 1:colcon.colcon_core.environment:checking '/home/evan/UAV_ws/install/common_msgs/lib/python3.10/site-packages'
[2.041s] Level 1:colcon.colcon_core.environment:checking '/home/evan/UAV_ws/install/common_msgs/bin'
[2.053s] INFO:colcon.colcon_core.shell:Creating package script '/home/evan/UAV_ws/install/common_msgs/share/common_msgs/package.ps1'
[2.053s] INFO:colcon.colcon_core.shell:Creating package descriptor '/home/evan/UAV_ws/install/common_msgs/share/common_msgs/package.dsv'
[2.053s] INFO:colcon.colcon_core.shell:Creating package script '/home/evan/UAV_ws/install/common_msgs/share/common_msgs/package.sh'
[2.054s] INFO:colcon.colcon_core.shell:Creating package script '/home/evan/UAV_ws/install/common_msgs/share/common_msgs/package.bash'
[2.054s] INFO:colcon.colcon_core.shell:Creating package script '/home/evan/UAV_ws/install/common_msgs/share/common_msgs/package.zsh'
[2.054s] Level 1:colcon.colcon_core.environment:create_file_with_runtime_dependencies(/home/evan/UAV_ws/install/common_msgs/share/colcon-core/packages/common_msgs)
[2.057s] DEBUG:colcon.colcon_core.event_handler.log_command:Invoking command in '/home/evan/UAV_ws/build/grampc-d': AMENT_PREFIX_PATH=/home/evan/UAV_ws/install/libs:${AMENT_PREFIX_PATH} CMAKE_PREFIX_PATH=/home/evan/UAV_ws/install/libs:/opt/ros/humble LD_LIBRARY_PATH=/home/evan/UAV_ws/install/libs/lib:${LD_LIBRARY_PATH} /usr/bin/cmake --install /home/evan/UAV_ws/build/grampc-d
[2.082s] Level 1:colcon.colcon_core.environment:create_environment_scripts_only(grampc-d)
[2.083s] DEBUG:colcon.colcon_core.event_handler.log_command:Invoked command in '/home/evan/UAV_ws/build/grampc-d' returned '0': AMENT_PREFIX_PATH=/home/evan/UAV_ws/install/libs:${AMENT_PREFIX_PATH} CMAKE_PREFIX_PATH=/home/evan/UAV_ws/install/libs:/opt/ros/humble LD_LIBRARY_PATH=/home/evan/UAV_ws/install/libs/lib:${LD_LIBRARY_PATH} /usr/bin/cmake --install /home/evan/UAV_ws/build/grampc-d
[2.094s] Level 1:colcon.colcon_core.environment:checking '/home/evan/UAV_ws/install/grampc-d' for CMake module files
[2.095s] Level 1:colcon.colcon_core.environment:checking '/home/evan/UAV_ws/install/grampc-d' for CMake config files
[2.095s] Level 1:colcon.colcon_core.shell:create_environment_hook('grampc-d', 'cmake_prefix_path')
[2.107s] INFO:colcon.colcon_core.shell:Creating environment hook '/home/evan/UAV_ws/install/grampc-d/share/grampc-d/hook/cmake_prefix_path.ps1'
[2.108s] INFO:colcon.colcon_core.shell:Creating environment descriptor '/home/evan/UAV_ws/install/grampc-d/share/grampc-d/hook/cmake_prefix_path.dsv'
[2.108s] INFO:colcon.colcon_core.shell:Creating environment hook '/home/evan/UAV_ws/install/grampc-d/share/grampc-d/hook/cmake_prefix_path.sh'
[2.109s] Level 1:colcon.colcon_core.environment:checking '/home/evan/UAV_ws/install/grampc-d/lib'
[2.109s] Level 1:colcon.colcon_core.environment:checking '/home/evan/UAV_ws/install/grampc-d/bin'
[2.109s] Level 1:colcon.colcon_core.environment:checking '/home/evan/UAV_ws/install/grampc-d/lib/pkgconfig/grampc-d.pc'
[2.109s] Level 1:colcon.colcon_core.environment:checking '/home/evan/UAV_ws/install/grampc-d/lib/python3.10/site-packages'
[2.109s] Level 1:colcon.colcon_core.environment:checking '/home/evan/UAV_ws/install/grampc-d/bin'
[2.121s] INFO:colcon.colcon_core.shell:Creating package script '/home/evan/UAV_ws/install/grampc-d/share/grampc-d/package.ps1'
[2.122s] INFO:colcon.colcon_core.shell:Creating package descriptor '/home/evan/UAV_ws/install/grampc-d/share/grampc-d/package.dsv'
[2.122s] INFO:colcon.colcon_core.shell:Creating package script '/home/evan/UAV_ws/install/grampc-d/share/grampc-d/package.sh'
[2.122s] INFO:colcon.colcon_core.shell:Creating package script '/home/evan/UAV_ws/install/grampc-d/share/grampc-d/package.bash'
[2.123s] INFO:colcon.colcon_core.shell:Creating package script '/home/evan/UAV_ws/install/grampc-d/share/grampc-d/package.zsh'
[2.123s] Level 1:colcon.colcon_core.environment:create_file_with_runtime_dependencies(/home/evan/UAV_ws/install/grampc-d/share/colcon-core/packages/grampc-d)
[2.273s] Level 1:colcon.colcon_core.environment:create_environment_scripts_only(grampc-d)
[2.283s] Level 1:colcon.colcon_core.environment:checking '/home/evan/UAV_ws/install/grampc-d' for CMake module files
[2.283s] Level 1:colcon.colcon_core.environment:checking '/home/evan/UAV_ws/install/grampc-d' for CMake config files
[2.284s] Level 1:colcon.colcon_core.shell:create_environment_hook('grampc-d', 'cmake_prefix_path')
[2.295s] INFO:colcon.colcon_core.shell:Creating environment hook '/home/evan/UAV_ws/install/grampc-d/share/grampc-d/hook/cmake_prefix_path.ps1'
[2.295s] INFO:colcon.colcon_core.shell:Creating environment descriptor '/home/evan/UAV_ws/install/grampc-d/share/grampc-d/hook/cmake_prefix_path.dsv'
[2.296s] INFO:colcon.colcon_core.shell:Creating environment hook '/home/evan/UAV_ws/install/grampc-d/share/grampc-d/hook/cmake_prefix_path.sh'
[2.296s] Level 1:colcon.colcon_core.environment:checking '/home/evan/UAV_ws/install/grampc-d/lib'
[2.296s] Level 1:colcon.colcon_core.environment:checking '/home/evan/UAV_ws/install/grampc-d/bin'
[2.296s] Level 1:colcon.colcon_core.environment:checking '/home/evan/UAV_ws/install/grampc-d/lib/pkgconfig/grampc-d.pc'
[2.296s] Level 1:colcon.colcon_core.environment:checking '/home/evan/UAV_ws/install/grampc-d/lib/python3.10/site-packages'
[2.296s] Level 1:colcon.colcon_core.environment:checking '/home/evan/UAV_ws/install/grampc-d/bin'
[2.308s] INFO:colcon.colcon_core.shell:Creating package script '/home/evan/UAV_ws/install/grampc-d/share/grampc-d/package.ps1'
[2.308s] INFO:colcon.colcon_core.shell:Creating package descriptor '/home/evan/UAV_ws/install/grampc-d/share/grampc-d/package.dsv'
[2.308s] INFO:colcon.colcon_core.shell:Creating package script '/home/evan/UAV_ws/install/grampc-d/share/grampc-d/package.sh'
[2.309s] INFO:colcon.colcon_core.shell:Creating package script '/home/evan/UAV_ws/install/grampc-d/share/grampc-d/package.bash'
[2.309s] INFO:colcon.colcon_core.shell:Creating package script '/home/evan/UAV_ws/install/grampc-d/share/grampc-d/package.zsh'
[2.309s] Level 1:colcon.colcon_core.environment:create_file_with_runtime_dependencies(/home/evan/UAV_ws/install/grampc-d/share/colcon-core/packages/grampc-d)
[2.309s] INFO:colcon.colcon_ros.task.ament_cmake.build:Building ROS package in '/home/evan/UAV_ws/src/mpc_node' with build type 'ament_cmake'
[2.310s] INFO:colcon.colcon_cmake.task.cmake.build:Building CMake package in '/home/evan/UAV_ws/src/mpc_node'
[2.321s] INFO:colcon.colcon_core.shell:Skip shell extension 'powershell' for command environment: Not usable outside of PowerShell
[2.321s] DEBUG:colcon.colcon_core.shell:Skip shell extension 'dsv' for command environment
[2.347s] INFO:colcon.colcon_ros.task.ament_cmake.build:Building ROS package in '/home/evan/UAV_ws/src/simulator_node' with build type 'ament_cmake'
[2.347s] INFO:colcon.colcon_cmake.task.cmake.build:Building CMake package in '/home/evan/UAV_ws/src/simulator_node'
[2.360s] INFO:colcon.colcon_core.shell:Skip shell extension 'powershell' for command environment: Not usable outside of PowerShell
[2.360s] DEBUG:colcon.colcon_core.shell:Skip shell extension 'dsv' for command environment
[2.391s] DEBUG:colcon.colcon_core.event_handler.log_command:Invoking command in '/home/evan/UAV_ws/build/mpc_node': AMENT_PREFIX_PATH=/home/evan/UAV_ws/install/grampc-d:/home/evan/UAV_ws/install/libs:/home/evan/UAV_ws/install/common_msgs:${AMENT_PREFIX_PATH} CMAKE_PREFIX_PATH=/home/evan/UAV_ws/install/grampc-d:/home/evan/UAV_ws/install/libs:/home/evan/UAV_ws/install/common_msgs:/opt/ros/humble LD_LIBRARY_PATH=/home/evan/UAV_ws/install/grampc-d/lib:/home/evan/UAV_ws/install/libs/lib:/home/evan/UAV_ws/install/common_msgs/lib:${LD_LIBRARY_PATH} PYTHONPATH=/home/evan/UAV_ws/install/common_msgs/local/lib/python3.10/dist-packages:${PYTHONPATH} /usr/bin/cmake --build /home/evan/UAV_ws/build/mpc_node -- -j16 -l16
[2.400s] DEBUG:colcon.colcon_core.event_handler.log_command:Invoking command in '/home/evan/UAV_ws/build/simulator_node': AMENT_PREFIX_PATH=/home/evan/UAV_ws/install/grampc-d:/home/evan/UAV_ws/install/libs:/home/evan/UAV_ws/install/common_msgs:${AMENT_PREFIX_PATH} CMAKE_PREFIX_PATH=/home/evan/UAV_ws/install/grampc-d:/home/evan/UAV_ws/install/libs:/home/evan/UAV_ws/install/common_msgs:/opt/ros/humble LD_LIBRARY_PATH=/home/evan/UAV_ws/install/grampc-d/lib:/home/evan/UAV_ws/install/libs/lib:/home/evan/UAV_ws/install/common_msgs/lib:${LD_LIBRARY_PATH} PYTHONPATH=/home/evan/UAV_ws/install/common_msgs/local/lib/python3.10/dist-packages:${PYTHONPATH} /usr/bin/cmake --build /home/evan/UAV_ws/build/simulator_node -- -j16 -l16
[2.459s] DEBUG:colcon.colcon_core.event_handler.log_command:Invoked command in '/home/evan/UAV_ws/build/mpc_node' returned '0': AMENT_PREFIX_PATH=/home/evan/UAV_ws/install/grampc-d:/home/evan/UAV_ws/install/libs:/home/evan/UAV_ws/install/common_msgs:${AMENT_PREFIX_PATH} CMAKE_PREFIX_PATH=/home/evan/UAV_ws/install/grampc-d:/home/evan/UAV_ws/install/libs:/home/evan/UAV_ws/install/common_msgs:/opt/ros/humble LD_LIBRARY_PATH=/home/evan/UAV_ws/install/grampc-d/lib:/home/evan/UAV_ws/install/libs/lib:/home/evan/UAV_ws/install/common_msgs/lib:${LD_LIBRARY_PATH} PYTHONPATH=/home/evan/UAV_ws/install/common_msgs/local/lib/python3.10/dist-packages:${PYTHONPATH} /usr/bin/cmake --build /home/evan/UAV_ws/build/mpc_node -- -j16 -l16
[2.491s] DEBUG:colcon.colcon_core.event_handler.log_command:Invoking command in '/home/evan/UAV_ws/build/mpc_node': AMENT_PREFIX_PATH=/home/evan/UAV_ws/install/grampc-d:/home/evan/UAV_ws/install/libs:/home/evan/UAV_ws/install/common_msgs:${AMENT_PREFIX_PATH} CMAKE_PREFIX_PATH=/home/evan/UAV_ws/install/grampc-d:/home/evan/UAV_ws/install/libs:/home/evan/UAV_ws/install/common_msgs:/opt/ros/humble LD_LIBRARY_PATH=/home/evan/UAV_ws/install/grampc-d/lib:/home/evan/UAV_ws/install/libs/lib:/home/evan/UAV_ws/install/common_msgs/lib:${LD_LIBRARY_PATH} PYTHONPATH=/home/evan/UAV_ws/install/common_msgs/local/lib/python3.10/dist-packages:${PYTHONPATH} /usr/bin/cmake --install /home/evan/UAV_ws/build/mpc_node
[2.510s] Level 1:colcon.colcon_core.environment:create_environment_scripts_only(mpc_node)
[2.511s] DEBUG:colcon.colcon_core.event_handler.log_command:Invoked command in '/home/evan/UAV_ws/build/mpc_node' returned '0': AMENT_PREFIX_PATH=/home/evan/UAV_ws/install/grampc-d:/home/evan/UAV_ws/install/libs:/home/evan/UAV_ws/install/common_msgs:${AMENT_PREFIX_PATH} CMAKE_PREFIX_PATH=/home/evan/UAV_ws/install/grampc-d:/home/evan/UAV_ws/install/libs:/home/evan/UAV_ws/install/common_msgs:/opt/ros/humble LD_LIBRARY_PATH=/home/evan/UAV_ws/install/grampc-d/lib:/home/evan/UAV_ws/install/libs/lib:/home/evan/UAV_ws/install/common_msgs/lib:${LD_LIBRARY_PATH} PYTHONPATH=/home/evan/UAV_ws/install/common_msgs/local/lib/python3.10/dist-packages:${PYTHONPATH} /usr/bin/cmake --install /home/evan/UAV_ws/build/mpc_node
[2.522s] Level 1:colcon.colcon_core.environment:checking '/home/evan/UAV_ws/install/mpc_node' for CMake module files
[2.523s] Level 1:colcon.colcon_core.environment:checking '/home/evan/UAV_ws/install/mpc_node' for CMake config files
[2.523s] Level 1:colcon.colcon_core.shell:create_environment_hook('mpc_node', 'cmake_prefix_path')
[2.536s] INFO:colcon.colcon_core.shell:Creating environment hook '/home/evan/UAV_ws/install/mpc_node/share/mpc_node/hook/cmake_prefix_path.ps1'
[2.536s] INFO:colcon.colcon_core.shell:Creating environment descriptor '/home/evan/UAV_ws/install/mpc_node/share/mpc_node/hook/cmake_prefix_path.dsv'
[2.537s] INFO:colcon.colcon_core.shell:Creating environment hook '/home/evan/UAV_ws/install/mpc_node/share/mpc_node/hook/cmake_prefix_path.sh'
[2.537s] Level 1:colcon.colcon_core.environment:checking '/home/evan/UAV_ws/install/mpc_node/lib'
[2.537s] Level 1:colcon.colcon_core.environment:checking '/home/evan/UAV_ws/install/mpc_node/bin'
[2.537s] Level 1:colcon.colcon_core.environment:checking '/home/evan/UAV_ws/install/mpc_node/lib/pkgconfig/mpc_node.pc'
[2.537s] Level 1:colcon.colcon_core.environment:checking '/home/evan/UAV_ws/install/mpc_node/lib/python3.10/site-packages'
[2.538s] Level 1:colcon.colcon_core.environment:checking '/home/evan/UAV_ws/install/mpc_node/bin'
[2.561s] INFO:colcon.colcon_core.shell:Creating package script '/home/evan/UAV_ws/install/mpc_node/share/mpc_node/package.ps1'
[2.562s] INFO:colcon.colcon_core.shell:Creating package descriptor '/home/evan/UAV_ws/install/mpc_node/share/mpc_node/package.dsv'
[2.562s] INFO:colcon.colcon_core.shell:Creating package script '/home/evan/UAV_ws/install/mpc_node/share/mpc_node/package.sh'
[2.562s] INFO:colcon.colcon_core.shell:Creating package script '/home/evan/UAV_ws/install/mpc_node/share/mpc_node/package.bash'
[2.562s] INFO:colcon.colcon_core.shell:Creating package script '/home/evan/UAV_ws/install/mpc_node/share/mpc_node/package.zsh'
[2.563s] Level 1:colcon.colcon_core.environment:create_file_with_runtime_dependencies(/home/evan/UAV_ws/install/mpc_node/share/colcon-core/packages/mpc_node)
[2.606s] Level 1:colcon.colcon_core.environment:create_environment_scripts_only(mpc_node)
[2.618s] Level 1:colcon.colcon_core.environment:checking '/home/evan/UAV_ws/install/mpc_node' for CMake module files
[2.618s] Level 1:colcon.colcon_core.environment:checking '/home/evan/UAV_ws/install/mpc_node' for CMake config files
[2.619s] Level 1:colcon.colcon_core.shell:create_environment_hook('mpc_node', 'cmake_prefix_path')
[2.631s] INFO:colcon.colcon_core.shell:Creating environment hook '/home/evan/UAV_ws/install/mpc_node/share/mpc_node/hook/cmake_prefix_path.ps1'
[2.631s] INFO:colcon.colcon_core.shell:Creating environment descriptor '/home/evan/UAV_ws/install/mpc_node/share/mpc_node/hook/cmake_prefix_path.dsv'
[2.631s] INFO:colcon.colcon_core.shell:Creating environment hook '/home/evan/UAV_ws/install/mpc_node/share/mpc_node/hook/cmake_prefix_path.sh'
[2.632s] Level 1:colcon.colcon_core.environment:checking '/home/evan/UAV_ws/install/mpc_node/lib'
[2.632s] Level 1:colcon.colcon_core.environment:checking '/home/evan/UAV_ws/install/mpc_node/bin'
[2.632s] Level 1:colcon.colcon_core.environment:checking '/home/evan/UAV_ws/install/mpc_node/lib/pkgconfig/mpc_node.pc'
[2.632s] Level 1:colcon.colcon_core.environment:checking '/home/evan/UAV_ws/install/mpc_node/lib/python3.10/site-packages'
[2.632s] Level 1:colcon.colcon_core.environment:checking '/home/evan/UAV_ws/install/mpc_node/bin'
[2.644s] INFO:colcon.colcon_core.shell:Creating package script '/home/evan/UAV_ws/install/mpc_node/share/mpc_node/package.ps1'
[2.644s] INFO:colcon.colcon_core.shell:Creating package descriptor '/home/evan/UAV_ws/install/mpc_node/share/mpc_node/package.dsv'
[2.645s] INFO:colcon.colcon_core.shell:Creating package script '/home/evan/UAV_ws/install/mpc_node/share/mpc_node/package.sh'
[2.645s] INFO:colcon.colcon_core.shell:Creating package script '/home/evan/UAV_ws/install/mpc_node/share/mpc_node/package.bash'
[2.645s] INFO:colcon.colcon_core.shell:Creating package script '/home/evan/UAV_ws/install/mpc_node/share/mpc_node/package.zsh'
[2.646s] Level 1:colcon.colcon_core.environment:create_file_with_runtime_dependencies(/home/evan/UAV_ws/install/mpc_node/share/colcon-core/packages/mpc_node)
[11.724s] DEBUG:colcon.colcon_core.event_handler.log_command:Invoked command in '/home/evan/UAV_ws/build/simulator_node' returned '0': AMENT_PREFIX_PATH=/home/evan/UAV_ws/install/grampc-d:/home/evan/UAV_ws/install/libs:/home/evan/UAV_ws/install/common_msgs:${AMENT_PREFIX_PATH} CMAKE_PREFIX_PATH=/home/evan/UAV_ws/install/grampc-d:/home/evan/UAV_ws/install/libs:/home/evan/UAV_ws/install/common_msgs:/opt/ros/humble LD_LIBRARY_PATH=/home/evan/UAV_ws/install/grampc-d/lib:/home/evan/UAV_ws/install/libs/lib:/home/evan/UAV_ws/install/common_msgs/lib:${LD_LIBRARY_PATH} PYTHONPATH=/home/evan/UAV_ws/install/common_msgs/local/lib/python3.10/dist-packages:${PYTHONPATH} /usr/bin/cmake --build /home/evan/UAV_ws/build/simulator_node -- -j16 -l16
[11.755s] DEBUG:colcon.colcon_core.event_handler.log_command:Invoking command in '/home/evan/UAV_ws/build/simulator_node': AMENT_PREFIX_PATH=/home/evan/UAV_ws/install/grampc-d:/home/evan/UAV_ws/install/libs:/home/evan/UAV_ws/install/common_msgs:${AMENT_PREFIX_PATH} CMAKE_PREFIX_PATH=/home/evan/UAV_ws/install/grampc-d:/home/evan/UAV_ws/install/libs:/home/evan/UAV_ws/install/common_msgs:/opt/ros/humble LD_LIBRARY_PATH=/home/evan/UAV_ws/install/grampc-d/lib:/home/evan/UAV_ws/install/libs/lib:/home/evan/UAV_ws/install/common_msgs/lib:${LD_LIBRARY_PATH} PYTHONPATH=/home/evan/UAV_ws/install/common_msgs/local/lib/python3.10/dist-packages:${PYTHONPATH} /usr/bin/cmake --install /home/evan/UAV_ws/build/simulator_node
[11.778s] Level 1:colcon.colcon_core.environment:create_environment_scripts_only(simulator_node)
[11.778s] DEBUG:colcon.colcon_core.event_handler.log_command:Invoked command in '/home/evan/UAV_ws/build/simulator_node' returned '0': AMENT_PREFIX_PATH=/home/evan/UAV_ws/install/grampc-d:/home/evan/UAV_ws/install/libs:/home/evan/UAV_ws/install/common_msgs:${AMENT_PREFIX_PATH} CMAKE_PREFIX_PATH=/home/evan/UAV_ws/install/grampc-d:/home/evan/UAV_ws/install/libs:/home/evan/UAV_ws/install/common_msgs:/opt/ros/humble LD_LIBRARY_PATH=/home/evan/UAV_ws/install/grampc-d/lib:/home/evan/UAV_ws/install/libs/lib:/home/evan/UAV_ws/install/common_msgs/lib:${LD_LIBRARY_PATH} PYTHONPATH=/home/evan/UAV_ws/install/common_msgs/local/lib/python3.10/dist-packages:${PYTHONPATH} /usr/bin/cmake --install /home/evan/UAV_ws/build/simulator_node
[11.792s] Level 1:colcon.colcon_core.environment:checking '/home/evan/UAV_ws/install/simulator_node' for CMake module files
[11.792s] Level 1:colcon.colcon_core.environment:checking '/home/evan/UAV_ws/install/simulator_node' for CMake config files
[11.793s] Level 1:colcon.colcon_core.shell:create_environment_hook('simulator_node', 'cmake_prefix_path')
[11.805s] INFO:colcon.colcon_core.shell:Creating environment hook '/home/evan/UAV_ws/install/simulator_node/share/simulator_node/hook/cmake_prefix_path.ps1'
[11.806s] INFO:colcon.colcon_core.shell:Creating environment descriptor '/home/evan/UAV_ws/install/simulator_node/share/simulator_node/hook/cmake_prefix_path.dsv'
[11.806s] INFO:colcon.colcon_core.shell:Creating environment hook '/home/evan/UAV_ws/install/simulator_node/share/simulator_node/hook/cmake_prefix_path.sh'
[11.806s] Level 1:colcon.colcon_core.environment:checking '/home/evan/UAV_ws/install/simulator_node/lib'
[11.807s] Level 1:colcon.colcon_core.environment:checking '/home/evan/UAV_ws/install/simulator_node/bin'
[11.807s] Level 1:colcon.colcon_core.environment:checking '/home/evan/UAV_ws/install/simulator_node/lib/pkgconfig/simulator_node.pc'
[11.807s] Level 1:colcon.colcon_core.environment:checking '/home/evan/UAV_ws/install/simulator_node/lib/python3.10/site-packages'
[11.807s] Level 1:colcon.colcon_core.environment:checking '/home/evan/UAV_ws/install/simulator_node/bin'
[11.820s] INFO:colcon.colcon_core.shell:Creating package script '/home/evan/UAV_ws/install/simulator_node/share/simulator_node/package.ps1'
[11.820s] INFO:colcon.colcon_core.shell:Creating package descriptor '/home/evan/UAV_ws/install/simulator_node/share/simulator_node/package.dsv'
[11.820s] INFO:colcon.colcon_core.shell:Creating package script '/home/evan/UAV_ws/install/simulator_node/share/simulator_node/package.sh'
[11.821s] INFO:colcon.colcon_core.shell:Creating package script '/home/evan/UAV_ws/install/simulator_node/share/simulator_node/package.bash'
[11.821s] INFO:colcon.colcon_core.shell:Creating package script '/home/evan/UAV_ws/install/simulator_node/share/simulator_node/package.zsh'
[11.821s] Level 1:colcon.colcon_core.environment:create_file_with_runtime_dependencies(/home/evan/UAV_ws/install/simulator_node/share/colcon-core/packages/simulator_node)
[11.861s] Level 1:colcon.colcon_core.environment:create_environment_scripts_only(simulator_node)
[11.872s] Level 1:colcon.colcon_core.environment:checking '/home/evan/UAV_ws/install/simulator_node' for CMake module files
[11.872s] Level 1:colcon.colcon_core.environment:checking '/home/evan/UAV_ws/install/simulator_node' for CMake config files
[11.873s] Level 1:colcon.colcon_core.shell:create_environment_hook('simulator_node', 'cmake_prefix_path')
[11.883s] INFO:colcon.colcon_core.shell:Creating environment hook '/home/evan/UAV_ws/install/simulator_node/share/simulator_node/hook/cmake_prefix_path.ps1'
[11.884s] INFO:colcon.colcon_core.shell:Creating environment descriptor '/home/evan/UAV_ws/install/simulator_node/share/simulator_node/hook/cmake_prefix_path.dsv'
[11.884s] INFO:colcon.colcon_core.shell:Creating environment hook '/home/evan/UAV_ws/install/simulator_node/share/simulator_node/hook/cmake_prefix_path.sh'
[11.885s] Level 1:colcon.colcon_core.environment:checking '/home/evan/UAV_ws/install/simulator_node/lib'
[11.885s] Level 1:colcon.colcon_core.environment:checking '/home/evan/UAV_ws/install/simulator_node/bin'
[11.885s] Level 1:colcon.colcon_core.environment:checking '/home/evan/UAV_ws/install/simulator_node/lib/pkgconfig/simulator_node.pc'
[11.885s] Level 1:colcon.colcon_core.environment:checking '/home/evan/UAV_ws/install/simulator_node/lib/python3.10/site-packages'
[11.885s] Level 1:colcon.colcon_core.environment:checking '/home/evan/UAV_ws/install/simulator_node/bin'
[11.897s] INFO:colcon.colcon_core.shell:Creating package script '/home/evan/UAV_ws/install/simulator_node/share/simulator_node/package.ps1'
[11.897s] INFO:colcon.colcon_core.shell:Creating package descriptor '/home/evan/UAV_ws/install/simulator_node/share/simulator_node/package.dsv'
[11.897s] INFO:colcon.colcon_core.shell:Creating package script '/home/evan/UAV_ws/install/simulator_node/share/simulator_node/package.sh'
[11.898s] INFO:colcon.colcon_core.shell:Creating package script '/home/evan/UAV_ws/install/simulator_node/share/simulator_node/package.bash'
[11.898s] INFO:colcon.colcon_core.shell:Creating package script '/home/evan/UAV_ws/install/simulator_node/share/simulator_node/package.zsh'
[11.898s] Level 1:colcon.colcon_core.environment:create_file_with_runtime_dependencies(/home/evan/UAV_ws/install/simulator_node/share/colcon-core/packages/simulator_node)
[11.898s] DEBUG:colcon.colcon_parallel_executor.executor.parallel:closing loop
[11.899s] DEBUG:colcon.colcon_parallel_executor.executor.parallel:loop closed
[11.899s] DEBUG:colcon.colcon_parallel_executor.executor.parallel:run_until_complete finished with '0'
[11.899s] DEBUG:colcon.colcon_core.event_reactor:joining thread
[11.914s] INFO:colcon.colcon_core.plugin_system:Skipping extension 'colcon_notification.desktop_notification.terminal_notifier': Not used on non-Darwin systems
[11.914s] INFO:colcon.colcon_core.plugin_system:Skipping extension 'colcon_notification.desktop_notification.win32': Not used on non-Windows systems
[11.914s] INFO:colcon.colcon_notification.desktop_notification:Sending desktop notification using 'notify2'
[11.932s] DEBUG:colcon.colcon_core.event_reactor:joined thread
[11.949s] INFO:colcon.colcon_core.shell:Creating prefix script '/home/evan/UAV_ws/install/local_setup.ps1'
[11.951s] INFO:colcon.colcon_core.shell:Creating prefix util module '/home/evan/UAV_ws/install/_local_setup_util_ps1.py'
[11.952s] INFO:colcon.colcon_core.shell:Creating prefix chain script '/home/evan/UAV_ws/install/setup.ps1'
[11.965s] INFO:colcon.colcon_core.shell:Creating prefix script '/home/evan/UAV_ws/install/local_setup.sh'
[11.965s] INFO:colcon.colcon_core.shell:Creating prefix util module '/home/evan/UAV_ws/install/_local_setup_util_sh.py'
[11.966s] INFO:colcon.colcon_core.shell:Creating prefix chain script '/home/evan/UAV_ws/install/setup.sh'
[11.978s] INFO:colcon.colcon_core.shell:Creating prefix script '/home/evan/UAV_ws/install/local_setup.bash'
[11.979s] INFO:colcon.colcon_core.shell:Creating prefix chain script '/home/evan/UAV_ws/install/setup.bash'
[11.991s] INFO:colcon.colcon_core.shell:Creating prefix script '/home/evan/UAV_ws/install/local_setup.zsh'
[11.991s] INFO:colcon.colcon_core.shell:Creating prefix chain script '/home/evan/UAV_ws/install/setup.zsh'
