[0.615s] DEBUG:colcon:Command line arguments: ['/usr/bin/colcon', 'list', '-p', '--base-paths', '/home/evan/UAV_ws']
[0.615s] DEBUG:colcon:Parsed command line arguments: Namespace(log_base=None, log_level=None, verb_name='list', build_base='build', ignore_user_meta=False, metas=['./colcon.meta'], base_paths=['/home/evan/UAV_ws'], packages_ignore=None, packages_ignore_regex=None, paths=None, packages_up_to=None, packages_up_to_regex=None, packages_above=None, packages_above_and_dependencies=None, packages_above_depth=None, packages_select_by_dep=None, packages_skip_by_dep=None, packages_skip_up_to=None, packages_select_build_failed=False, packages_skip_build_finished=False, packages_select_test_failures=False, packages_skip_test_passed=False, packages_select=None, packages_skip=None, packages_select_regex=None, packages_skip_regex=None, packages_start=None, packages_end=None, allow_overriding=[], topological_order=False, names_only=False, paths_only=True, topological_graph=False, topological_graph_dot=False, topological_graph_density=False, topological_graph_legend=False, topological_graph_dot_cluster=False, topological_graph_dot_include_skipped=False, verb_parser=<colcon_defaults.argument_parser.defaults.DefaultArgumentsDecorator object at 0x76fb38e20640>, verb_extension=<colcon_package_information.verb.list.ListVerb object at 0x76fb38dc9b10>, main=<bound method ListVerb.main of <colcon_package_information.verb.list.ListVerb object at 0x76fb38dc9b10>>)
[0.657s] Level 1:colcon.colcon_core.package_discovery:discover_packages(colcon_meta) check parameters
[0.657s] Level 1:colcon.colcon_core.package_discovery:discover_packages(recursive) check parameters
[0.657s] Level 1:colcon.colcon_core.package_discovery:discover_packages(ignore) check parameters
[0.657s] Level 1:colcon.colcon_core.package_discovery:discover_packages(path) check parameters
[0.657s] Level 1:colcon.colcon_core.package_discovery:discover_packages(recursive) discover
[0.657s] INFO:colcon.colcon_core.package_discovery:Crawling recursively for packages in '/home/evan/UAV_ws'
[0.657s] Level 1:colcon.colcon_core.package_identification:_identify(/home/evan/UAV_ws) by extensions ['ignore', 'ignore_ament_install']
[0.657s] Level 1:colcon.colcon_core.package_identification:_identify(/home/evan/UAV_ws) by extension 'ignore'
[0.657s] Level 1:colcon.colcon_core.package_identification:_identify(/home/evan/UAV_ws) by extension 'ignore_ament_install'
[0.657s] Level 1:colcon.colcon_core.package_identification:_identify(/home/evan/UAV_ws) by extensions ['colcon_pkg']
[0.657s] Level 1:colcon.colcon_core.package_identification:_identify(/home/evan/UAV_ws) by extension 'colcon_pkg'
[0.657s] Level 1:colcon.colcon_core.package_identification:_identify(/home/evan/UAV_ws) by extensions ['colcon_meta']
[0.657s] Level 1:colcon.colcon_core.package_identification:_identify(/home/evan/UAV_ws) by extension 'colcon_meta'
[0.657s] Level 1:colcon.colcon_core.package_identification:_identify(/home/evan/UAV_ws) by extensions ['ros']
[0.657s] Level 1:colcon.colcon_core.package_identification:_identify(/home/evan/UAV_ws) by extension 'ros'
[0.667s] Level 1:colcon.colcon_core.package_identification:_identify(/home/evan/UAV_ws) by extensions ['cmake', 'python']
[0.667s] Level 1:colcon.colcon_core.package_identification:_identify(/home/evan/UAV_ws) by extension 'cmake'
[0.667s] Level 1:colcon.colcon_core.package_identification:_identify(/home/evan/UAV_ws) by extension 'python'
[0.668s] Level 1:colcon.colcon_core.package_identification:_identify(/home/evan/UAV_ws) by extensions ['python_setup_py']
[0.668s] Level 1:colcon.colcon_core.package_identification:_identify(/home/evan/UAV_ws) by extension 'python_setup_py'
[0.668s] Level 1:colcon.colcon_core.package_identification:_identify(/home/evan/UAV_ws/build) by extensions ['ignore', 'ignore_ament_install']
[0.668s] Level 1:colcon.colcon_core.package_identification:_identify(/home/evan/UAV_ws/build) by extension 'ignore'
[0.668s] Level 1:colcon.colcon_core.package_identification:_identify(/home/evan/UAV_ws/build) ignored
[0.668s] Level 1:colcon.colcon_core.package_identification:_identify(/home/evan/UAV_ws/install) by extensions ['ignore', 'ignore_ament_install']
[0.668s] Level 1:colcon.colcon_core.package_identification:_identify(/home/evan/UAV_ws/install) by extension 'ignore'
[0.668s] Level 1:colcon.colcon_core.package_identification:_identify(/home/evan/UAV_ws/install) ignored
[0.668s] Level 1:colcon.colcon_core.package_identification:_identify(/home/evan/UAV_ws/log) by extensions ['ignore', 'ignore_ament_install']
[0.668s] Level 1:colcon.colcon_core.package_identification:_identify(/home/evan/UAV_ws/log) by extension 'ignore'
[0.668s] Level 1:colcon.colcon_core.package_identification:_identify(/home/evan/UAV_ws/log) ignored
[0.668s] Level 1:colcon.colcon_core.package_identification:_identify(/home/evan/UAV_ws/src) by extensions ['ignore', 'ignore_ament_install']
[0.668s] Level 1:colcon.colcon_core.package_identification:_identify(/home/evan/UAV_ws/src) by extension 'ignore'
[0.668s] Level 1:colcon.colcon_core.package_identification:_identify(/home/evan/UAV_ws/src) by extension 'ignore_ament_install'
[0.668s] Level 1:colcon.colcon_core.package_identification:_identify(/home/evan/UAV_ws/src) by extensions ['colcon_pkg']
[0.669s] Level 1:colcon.colcon_core.package_identification:_identify(/home/evan/UAV_ws/src) by extension 'colcon_pkg'
[0.669s] Level 1:colcon.colcon_core.package_identification:_identify(/home/evan/UAV_ws/src) by extensions ['colcon_meta']
[0.669s] Level 1:colcon.colcon_core.package_identification:_identify(/home/evan/UAV_ws/src) by extension 'colcon_meta'
[0.669s] Level 1:colcon.colcon_core.package_identification:_identify(/home/evan/UAV_ws/src) by extensions ['ros']
[0.669s] Level 1:colcon.colcon_core.package_identification:_identify(/home/evan/UAV_ws/src) by extension 'ros'
[0.669s] Level 1:colcon.colcon_core.package_identification:_identify(/home/evan/UAV_ws/src) by extensions ['cmake', 'python']
[0.669s] Level 1:colcon.colcon_core.package_identification:_identify(/home/evan/UAV_ws/src) by extension 'cmake'
[0.669s] Level 1:colcon.colcon_core.package_identification:_identify(/home/evan/UAV_ws/src) by extension 'python'
[0.669s] Level 1:colcon.colcon_core.package_identification:_identify(/home/evan/UAV_ws/src) by extensions ['python_setup_py']
[0.669s] Level 1:colcon.colcon_core.package_identification:_identify(/home/evan/UAV_ws/src) by extension 'python_setup_py'
[0.669s] Level 1:colcon.colcon_core.package_identification:_identify(/home/evan/UAV_ws/src/common_msgs) by extensions ['ignore', 'ignore_ament_install']
[0.669s] Level 1:colcon.colcon_core.package_identification:_identify(/home/evan/UAV_ws/src/common_msgs) by extension 'ignore'
[0.669s] Level 1:colcon.colcon_core.package_identification:_identify(/home/evan/UAV_ws/src/common_msgs) by extension 'ignore_ament_install'
[0.669s] Level 1:colcon.colcon_core.package_identification:_identify(/home/evan/UAV_ws/src/common_msgs) by extensions ['colcon_pkg']
[0.669s] Level 1:colcon.colcon_core.package_identification:_identify(/home/evan/UAV_ws/src/common_msgs) by extension 'colcon_pkg'
[0.669s] Level 1:colcon.colcon_core.package_identification:_identify(/home/evan/UAV_ws/src/common_msgs) by extensions ['colcon_meta']
[0.669s] Level 1:colcon.colcon_core.package_identification:_identify(/home/evan/UAV_ws/src/common_msgs) by extension 'colcon_meta'
[0.669s] Level 1:colcon.colcon_core.package_identification:_identify(/home/evan/UAV_ws/src/common_msgs) by extensions ['ros']
[0.669s] Level 1:colcon.colcon_core.package_identification:_identify(/home/evan/UAV_ws/src/common_msgs) by extension 'ros'
[0.671s] DEBUG:colcon.colcon_core.package_identification:Package '/home/evan/UAV_ws/src/common_msgs' with type 'ros.ament_cmake' and name 'common_msgs'
[0.671s] Level 1:colcon.colcon_core.package_identification:_identify(/home/evan/UAV_ws/src/grampc-d) by extensions ['ignore', 'ignore_ament_install']
[0.671s] Level 1:colcon.colcon_core.package_identification:_identify(/home/evan/UAV_ws/src/grampc-d) by extension 'ignore'
[0.671s] Level 1:colcon.colcon_core.package_identification:_identify(/home/evan/UAV_ws/src/grampc-d) by extension 'ignore_ament_install'
[0.672s] Level 1:colcon.colcon_core.package_identification:_identify(/home/evan/UAV_ws/src/grampc-d) by extensions ['colcon_pkg']
[0.672s] Level 1:colcon.colcon_core.package_identification:_identify(/home/evan/UAV_ws/src/grampc-d) by extension 'colcon_pkg'
[0.672s] Level 1:colcon.colcon_core.package_identification:_identify(/home/evan/UAV_ws/src/grampc-d) by extensions ['colcon_meta']
[0.672s] Level 1:colcon.colcon_core.package_identification:_identify(/home/evan/UAV_ws/src/grampc-d) by extension 'colcon_meta'
[0.672s] Level 1:colcon.colcon_core.package_identification:_identify(/home/evan/UAV_ws/src/grampc-d) by extensions ['ros']
[0.672s] Level 1:colcon.colcon_core.package_identification:_identify(/home/evan/UAV_ws/src/grampc-d) by extension 'ros'
[0.672s] DEBUG:colcon.colcon_core.package_identification:Package '/home/evan/UAV_ws/src/grampc-d' with type 'ros.ament_cmake' and name 'grampc-d'
[0.672s] Level 1:colcon.colcon_core.package_identification:_identify(/home/evan/UAV_ws/src/libs) by extensions ['ignore', 'ignore_ament_install']
[0.672s] Level 1:colcon.colcon_core.package_identification:_identify(/home/evan/UAV_ws/src/libs) by extension 'ignore'
[0.672s] Level 1:colcon.colcon_core.package_identification:_identify(/home/evan/UAV_ws/src/libs) by extension 'ignore_ament_install'
[0.672s] Level 1:colcon.colcon_core.package_identification:_identify(/home/evan/UAV_ws/src/libs) by extensions ['colcon_pkg']
[0.672s] Level 1:colcon.colcon_core.package_identification:_identify(/home/evan/UAV_ws/src/libs) by extension 'colcon_pkg'
[0.672s] Level 1:colcon.colcon_core.package_identification:_identify(/home/evan/UAV_ws/src/libs) by extensions ['colcon_meta']
[0.672s] Level 1:colcon.colcon_core.package_identification:_identify(/home/evan/UAV_ws/src/libs) by extension 'colcon_meta'
[0.673s] Level 1:colcon.colcon_core.package_identification:_identify(/home/evan/UAV_ws/src/libs) by extensions ['ros']
[0.673s] Level 1:colcon.colcon_core.package_identification:_identify(/home/evan/UAV_ws/src/libs) by extension 'ros'
[0.673s] DEBUG:colcon.colcon_core.package_identification:Package '/home/evan/UAV_ws/src/libs' with type 'ros.ament_cmake' and name 'libs'
[0.673s] Level 1:colcon.colcon_core.package_identification:_identify(/home/evan/UAV_ws/src/mpc_node) by extensions ['ignore', 'ignore_ament_install']
[0.673s] Level 1:colcon.colcon_core.package_identification:_identify(/home/evan/UAV_ws/src/mpc_node) by extension 'ignore'
[0.673s] Level 1:colcon.colcon_core.package_identification:_identify(/home/evan/UAV_ws/src/mpc_node) by extension 'ignore_ament_install'
[0.673s] Level 1:colcon.colcon_core.package_identification:_identify(/home/evan/UAV_ws/src/mpc_node) by extensions ['colcon_pkg']
[0.673s] Level 1:colcon.colcon_core.package_identification:_identify(/home/evan/UAV_ws/src/mpc_node) by extension 'colcon_pkg'
[0.673s] Level 1:colcon.colcon_core.package_identification:_identify(/home/evan/UAV_ws/src/mpc_node) by extensions ['colcon_meta']
[0.673s] Level 1:colcon.colcon_core.package_identification:_identify(/home/evan/UAV_ws/src/mpc_node) by extension 'colcon_meta'
[0.673s] Level 1:colcon.colcon_core.package_identification:_identify(/home/evan/UAV_ws/src/mpc_node) by extensions ['ros']
[0.673s] Level 1:colcon.colcon_core.package_identification:_identify(/home/evan/UAV_ws/src/mpc_node) by extension 'ros'
[0.674s] DEBUG:colcon.colcon_core.package_identification:Package '/home/evan/UAV_ws/src/mpc_node' with type 'ros.ament_cmake' and name 'mpc_node'
[0.674s] Level 1:colcon.colcon_core.package_identification:_identify(/home/evan/UAV_ws/src/simulator_node) by extensions ['ignore', 'ignore_ament_install']
[0.674s] Level 1:colcon.colcon_core.package_identification:_identify(/home/evan/UAV_ws/src/simulator_node) by extension 'ignore'
[0.674s] Level 1:colcon.colcon_core.package_identification:_identify(/home/evan/UAV_ws/src/simulator_node) by extension 'ignore_ament_install'
[0.674s] Level 1:colcon.colcon_core.package_identification:_identify(/home/evan/UAV_ws/src/simulator_node) by extensions ['colcon_pkg']
[0.674s] Level 1:colcon.colcon_core.package_identification:_identify(/home/evan/UAV_ws/src/simulator_node) by extension 'colcon_pkg'
[0.674s] Level 1:colcon.colcon_core.package_identification:_identify(/home/evan/UAV_ws/src/simulator_node) by extensions ['colcon_meta']
[0.674s] Level 1:colcon.colcon_core.package_identification:_identify(/home/evan/UAV_ws/src/simulator_node) by extension 'colcon_meta'
[0.674s] Level 1:colcon.colcon_core.package_identification:_identify(/home/evan/UAV_ws/src/simulator_node) by extensions ['ros']
[0.674s] Level 1:colcon.colcon_core.package_identification:_identify(/home/evan/UAV_ws/src/simulator_node) by extension 'ros'
[0.675s] DEBUG:colcon.colcon_core.package_identification:Package '/home/evan/UAV_ws/src/simulator_node' with type 'ros.ament_cmake' and name 'simulator_node'
[0.675s] Level 1:colcon.colcon_core.package_identification:_identify(/home/evan/UAV_ws/src/test) by extensions ['ignore', 'ignore_ament_install']
[0.675s] Level 1:colcon.colcon_core.package_identification:_identify(/home/evan/UAV_ws/src/test) by extension 'ignore'
[0.675s] Level 1:colcon.colcon_core.package_identification:_identify(/home/evan/UAV_ws/src/test) by extension 'ignore_ament_install'
[0.675s] Level 1:colcon.colcon_core.package_identification:_identify(/home/evan/UAV_ws/src/test) by extensions ['colcon_pkg']
[0.675s] Level 1:colcon.colcon_core.package_identification:_identify(/home/evan/UAV_ws/src/test) by extension 'colcon_pkg'
[0.675s] Level 1:colcon.colcon_core.package_identification:_identify(/home/evan/UAV_ws/src/test) by extensions ['colcon_meta']
[0.675s] Level 1:colcon.colcon_core.package_identification:_identify(/home/evan/UAV_ws/src/test) by extension 'colcon_meta'
[0.675s] Level 1:colcon.colcon_core.package_identification:_identify(/home/evan/UAV_ws/src/test) by extensions ['ros']
[0.675s] Level 1:colcon.colcon_core.package_identification:_identify(/home/evan/UAV_ws/src/test) by extension 'ros'
[0.675s] DEBUG:colcon.colcon_core.package_identification:Package '/home/evan/UAV_ws/src/test' with type 'ros.ament_cmake' and name 'test'
[0.675s] Level 1:colcon.colcon_core.package_identification:_identify(/home/evan/UAV_ws/src/uav_launch) by extensions ['ignore', 'ignore_ament_install']
[0.676s] Level 1:colcon.colcon_core.package_identification:_identify(/home/evan/UAV_ws/src/uav_launch) by extension 'ignore'
[0.676s] Level 1:colcon.colcon_core.package_identification:_identify(/home/evan/UAV_ws/src/uav_launch) by extension 'ignore_ament_install'
[0.676s] Level 1:colcon.colcon_core.package_identification:_identify(/home/evan/UAV_ws/src/uav_launch) by extensions ['colcon_pkg']
[0.676s] Level 1:colcon.colcon_core.package_identification:_identify(/home/evan/UAV_ws/src/uav_launch) by extension 'colcon_pkg'
[0.676s] Level 1:colcon.colcon_core.package_identification:_identify(/home/evan/UAV_ws/src/uav_launch) by extensions ['colcon_meta']
[0.676s] Level 1:colcon.colcon_core.package_identification:_identify(/home/evan/UAV_ws/src/uav_launch) by extension 'colcon_meta'
[0.676s] Level 1:colcon.colcon_core.package_identification:_identify(/home/evan/UAV_ws/src/uav_launch) by extensions ['ros']
[0.676s] Level 1:colcon.colcon_core.package_identification:_identify(/home/evan/UAV_ws/src/uav_launch) by extension 'ros'
[0.676s] DEBUG:colcon.colcon_core.package_identification:Package '/home/evan/UAV_ws/src/uav_launch' with type 'ros.ament_cmake' and name 'uav_launch'
[0.676s] Level 1:colcon.colcon_core.package_discovery:discover_packages(recursive) using defaults
