[0.737s] DEBUG:colcon:Command line arguments: ['/usr/bin/colcon', 'build', '--symlink-install', '--cmake-args', '-DCMAKE_BUILD_TYPE=Debug']
[0.737s] DEBUG:colcon:Parsed command line arguments: Namespace(log_base=None, log_level=None, verb_name='build', build_base='build', install_base='install', merge_install=False, symlink_install=True, test_result_base=None, continue_on_error=False, executor='parallel', parallel_workers=16, event_handlers=None, ignore_user_meta=False, metas=['./colcon.meta'], base_paths=['.'], packages_ignore=None, packages_ignore_regex=None, paths=None, packages_up_to=None, packages_up_to_regex=None, packages_above=None, packages_above_and_dependencies=None, packages_above_depth=None, packages_select_by_dep=None, packages_skip_by_dep=None, packages_skip_up_to=None, packages_select_build_failed=False, packages_skip_build_finished=False, packages_select_test_failures=False, packages_skip_test_passed=False, packages_select=None, packages_skip=None, packages_select_regex=None, packages_skip_regex=None, packages_start=None, packages_end=None, allow_overriding=[], cmake_args=['-DCMAKE_BUILD_TYPE=Debug'], cmake_target=None, cmake_target_skip_unavailable=False, cmake_clean_cache=False, cmake_clean_first=False, cmake_force_configure=False, ament_cmake_args=None, catkin_cmake_args=None, catkin_skip_building_tests=False, verb_parser=<colcon_defaults.argument_parser.defaults.DefaultArgumentsDecorator object at 0x7ab9f38139a0>, verb_extension=<colcon_core.verb.build.BuildVerb object at 0x7ab9f3b15060>, main=<bound method BuildVerb.main of <colcon_core.verb.build.BuildVerb object at 0x7ab9f3b15060>>)
[0.779s] Level 1:colcon.colcon_core.package_discovery:discover_packages(colcon_meta) check parameters
[0.780s] Level 1:colcon.colcon_core.package_discovery:discover_packages(recursive) check parameters
[0.780s] Level 1:colcon.colcon_core.package_discovery:discover_packages(ignore) check parameters
[0.780s] Level 1:colcon.colcon_core.package_discovery:discover_packages(path) check parameters
[0.780s] Level 1:colcon.colcon_core.package_discovery:discover_packages(colcon_meta) discover
[0.780s] Level 1:colcon.colcon_core.package_discovery:discover_packages(recursive) discover
[0.780s] INFO:colcon.colcon_core.package_discovery:Crawling recursively for packages in '/home/evan/UAV_ws'
[0.780s] Level 1:colcon.colcon_core.package_identification:_identify(.) by extensions ['ignore', 'ignore_ament_install']
[0.780s] Level 1:colcon.colcon_core.package_identification:_identify(.) by extension 'ignore'
[0.780s] Level 1:colcon.colcon_core.package_identification:_identify(.) by extension 'ignore_ament_install'
[0.780s] Level 1:colcon.colcon_core.package_identification:_identify(.) by extensions ['colcon_pkg']
[0.780s] Level 1:colcon.colcon_core.package_identification:_identify(.) by extension 'colcon_pkg'
[0.780s] Level 1:colcon.colcon_core.package_identification:_identify(.) by extensions ['colcon_meta']
[0.780s] Level 1:colcon.colcon_core.package_identification:_identify(.) by extension 'colcon_meta'
[0.780s] Level 1:colcon.colcon_core.package_identification:_identify(.) by extensions ['ros']
[0.780s] Level 1:colcon.colcon_core.package_identification:_identify(.) by extension 'ros'
[0.790s] Level 1:colcon.colcon_core.package_identification:_identify(.) by extensions ['cmake', 'python']
[0.790s] Level 1:colcon.colcon_core.package_identification:_identify(.) by extension 'cmake'
[0.790s] Level 1:colcon.colcon_core.package_identification:_identify(.) by extension 'python'
[0.790s] Level 1:colcon.colcon_core.package_identification:_identify(.) by extensions ['python_setup_py']
[0.790s] Level 1:colcon.colcon_core.package_identification:_identify(.) by extension 'python_setup_py'
[0.790s] Level 1:colcon.colcon_core.package_identification:_identify(build) by extensions ['ignore', 'ignore_ament_install']
[0.790s] Level 1:colcon.colcon_core.package_identification:_identify(build) by extension 'ignore'
[0.790s] Level 1:colcon.colcon_core.package_identification:_identify(build) ignored
[0.790s] Level 1:colcon.colcon_core.package_identification:_identify(install) by extensions ['ignore', 'ignore_ament_install']
[0.790s] Level 1:colcon.colcon_core.package_identification:_identify(install) by extension 'ignore'
[0.790s] Level 1:colcon.colcon_core.package_identification:_identify(install) ignored
[0.790s] Level 1:colcon.colcon_core.package_identification:_identify(log) by extensions ['ignore', 'ignore_ament_install']
[0.790s] Level 1:colcon.colcon_core.package_identification:_identify(log) by extension 'ignore'
[0.790s] Level 1:colcon.colcon_core.package_identification:_identify(log) ignored
[0.791s] Level 1:colcon.colcon_core.package_identification:_identify(src) by extensions ['ignore', 'ignore_ament_install']
[0.791s] Level 1:colcon.colcon_core.package_identification:_identify(src) by extension 'ignore'
[0.791s] Level 1:colcon.colcon_core.package_identification:_identify(src) by extension 'ignore_ament_install'
[0.791s] Level 1:colcon.colcon_core.package_identification:_identify(src) by extensions ['colcon_pkg']
[0.791s] Level 1:colcon.colcon_core.package_identification:_identify(src) by extension 'colcon_pkg'
[0.791s] Level 1:colcon.colcon_core.package_identification:_identify(src) by extensions ['colcon_meta']
[0.791s] Level 1:colcon.colcon_core.package_identification:_identify(src) by extension 'colcon_meta'
[0.791s] Level 1:colcon.colcon_core.package_identification:_identify(src) by extensions ['ros']
[0.791s] Level 1:colcon.colcon_core.package_identification:_identify(src) by extension 'ros'
[0.791s] Level 1:colcon.colcon_core.package_identification:_identify(src) by extensions ['cmake', 'python']
[0.791s] Level 1:colcon.colcon_core.package_identification:_identify(src) by extension 'cmake'
[0.791s] Level 1:colcon.colcon_core.package_identification:_identify(src) by extension 'python'
[0.791s] Level 1:colcon.colcon_core.package_identification:_identify(src) by extensions ['python_setup_py']
[0.791s] Level 1:colcon.colcon_core.package_identification:_identify(src) by extension 'python_setup_py'
[0.791s] Level 1:colcon.colcon_core.package_identification:_identify(src/common_msgs) by extensions ['ignore', 'ignore_ament_install']
[0.791s] Level 1:colcon.colcon_core.package_identification:_identify(src/common_msgs) by extension 'ignore'
[0.791s] Level 1:colcon.colcon_core.package_identification:_identify(src/common_msgs) by extension 'ignore_ament_install'
[0.791s] Level 1:colcon.colcon_core.package_identification:_identify(src/common_msgs) by extensions ['colcon_pkg']
[0.791s] Level 1:colcon.colcon_core.package_identification:_identify(src/common_msgs) by extension 'colcon_pkg'
[0.791s] Level 1:colcon.colcon_core.package_identification:_identify(src/common_msgs) by extensions ['colcon_meta']
[0.791s] Level 1:colcon.colcon_core.package_identification:_identify(src/common_msgs) by extension 'colcon_meta'
[0.791s] Level 1:colcon.colcon_core.package_identification:_identify(src/common_msgs) by extensions ['ros']
[0.791s] Level 1:colcon.colcon_core.package_identification:_identify(src/common_msgs) by extension 'ros'
[0.793s] DEBUG:colcon.colcon_core.package_identification:Package 'src/common_msgs' with type 'ros.ament_cmake' and name 'common_msgs'
[0.794s] Level 1:colcon.colcon_core.package_identification:_identify(src/grampc-d) by extensions ['ignore', 'ignore_ament_install']
[0.794s] Level 1:colcon.colcon_core.package_identification:_identify(src/grampc-d) by extension 'ignore'
[0.794s] Level 1:colcon.colcon_core.package_identification:_identify(src/grampc-d) by extension 'ignore_ament_install'
[0.794s] Level 1:colcon.colcon_core.package_identification:_identify(src/grampc-d) by extensions ['colcon_pkg']
[0.794s] Level 1:colcon.colcon_core.package_identification:_identify(src/grampc-d) by extension 'colcon_pkg'
[0.794s] Level 1:colcon.colcon_core.package_identification:_identify(src/grampc-d) by extensions ['colcon_meta']
[0.794s] Level 1:colcon.colcon_core.package_identification:_identify(src/grampc-d) by extension 'colcon_meta'
[0.794s] Level 1:colcon.colcon_core.package_identification:_identify(src/grampc-d) by extensions ['ros']
[0.794s] Level 1:colcon.colcon_core.package_identification:_identify(src/grampc-d) by extension 'ros'
[0.794s] DEBUG:colcon.colcon_core.package_identification:Package 'src/grampc-d' with type 'ros.ament_cmake' and name 'grampc-d'
[0.794s] Level 1:colcon.colcon_core.package_identification:_identify(src/libs) by extensions ['ignore', 'ignore_ament_install']
[0.794s] Level 1:colcon.colcon_core.package_identification:_identify(src/libs) by extension 'ignore'
[0.795s] Level 1:colcon.colcon_core.package_identification:_identify(src/libs) by extension 'ignore_ament_install'
[0.795s] Level 1:colcon.colcon_core.package_identification:_identify(src/libs) by extensions ['colcon_pkg']
[0.795s] Level 1:colcon.colcon_core.package_identification:_identify(src/libs) by extension 'colcon_pkg'
[0.795s] Level 1:colcon.colcon_core.package_identification:_identify(src/libs) by extensions ['colcon_meta']
[0.795s] Level 1:colcon.colcon_core.package_identification:_identify(src/libs) by extension 'colcon_meta'
[0.795s] Level 1:colcon.colcon_core.package_identification:_identify(src/libs) by extensions ['ros']
[0.795s] Level 1:colcon.colcon_core.package_identification:_identify(src/libs) by extension 'ros'
[0.795s] DEBUG:colcon.colcon_core.package_identification:Package 'src/libs' with type 'ros.ament_cmake' and name 'libs'
[0.795s] Level 1:colcon.colcon_core.package_identification:_identify(src/mpc_node) by extensions ['ignore', 'ignore_ament_install']
[0.795s] Level 1:colcon.colcon_core.package_identification:_identify(src/mpc_node) by extension 'ignore'
[0.795s] Level 1:colcon.colcon_core.package_identification:_identify(src/mpc_node) by extension 'ignore_ament_install'
[0.795s] Level 1:colcon.colcon_core.package_identification:_identify(src/mpc_node) by extensions ['colcon_pkg']
[0.795s] Level 1:colcon.colcon_core.package_identification:_identify(src/mpc_node) by extension 'colcon_pkg'
[0.795s] Level 1:colcon.colcon_core.package_identification:_identify(src/mpc_node) by extensions ['colcon_meta']
[0.795s] Level 1:colcon.colcon_core.package_identification:_identify(src/mpc_node) by extension 'colcon_meta'
[0.795s] Level 1:colcon.colcon_core.package_identification:_identify(src/mpc_node) by extensions ['ros']
[0.795s] Level 1:colcon.colcon_core.package_identification:_identify(src/mpc_node) by extension 'ros'
[0.796s] DEBUG:colcon.colcon_core.package_identification:Package 'src/mpc_node' with type 'ros.ament_cmake' and name 'mpc_node'
[0.796s] Level 1:colcon.colcon_core.package_identification:_identify(src/simulator_node) by extensions ['ignore', 'ignore_ament_install']
[0.796s] Level 1:colcon.colcon_core.package_identification:_identify(src/simulator_node) by extension 'ignore'
[0.796s] Level 1:colcon.colcon_core.package_identification:_identify(src/simulator_node) by extension 'ignore_ament_install'
[0.796s] Level 1:colcon.colcon_core.package_identification:_identify(src/simulator_node) by extensions ['colcon_pkg']
[0.796s] Level 1:colcon.colcon_core.package_identification:_identify(src/simulator_node) by extension 'colcon_pkg'
[0.796s] Level 1:colcon.colcon_core.package_identification:_identify(src/simulator_node) by extensions ['colcon_meta']
[0.796s] Level 1:colcon.colcon_core.package_identification:_identify(src/simulator_node) by extension 'colcon_meta'
[0.796s] Level 1:colcon.colcon_core.package_identification:_identify(src/simulator_node) by extensions ['ros']
[0.796s] Level 1:colcon.colcon_core.package_identification:_identify(src/simulator_node) by extension 'ros'
[0.797s] DEBUG:colcon.colcon_core.package_identification:Package 'src/simulator_node' with type 'ros.ament_cmake' and name 'simulator_node'
[0.797s] Level 1:colcon.colcon_core.package_identification:_identify(src/test) by extensions ['ignore', 'ignore_ament_install']
[0.797s] Level 1:colcon.colcon_core.package_identification:_identify(src/test) by extension 'ignore'
[0.797s] Level 1:colcon.colcon_core.package_identification:_identify(src/test) by extension 'ignore_ament_install'
[0.797s] Level 1:colcon.colcon_core.package_identification:_identify(src/test) by extensions ['colcon_pkg']
[0.797s] Level 1:colcon.colcon_core.package_identification:_identify(src/test) by extension 'colcon_pkg'
[0.797s] Level 1:colcon.colcon_core.package_identification:_identify(src/test) by extensions ['colcon_meta']
[0.797s] Level 1:colcon.colcon_core.package_identification:_identify(src/test) by extension 'colcon_meta'
[0.797s] Level 1:colcon.colcon_core.package_identification:_identify(src/test) by extensions ['ros']
[0.797s] Level 1:colcon.colcon_core.package_identification:_identify(src/test) by extension 'ros'
[0.798s] DEBUG:colcon.colcon_core.package_identification:Package 'src/test' with type 'ros.ament_cmake' and name 'test'
[0.798s] Level 1:colcon.colcon_core.package_identification:_identify(src/uav_launch) by extensions ['ignore', 'ignore_ament_install']
[0.798s] Level 1:colcon.colcon_core.package_identification:_identify(src/uav_launch) by extension 'ignore'
[0.798s] Level 1:colcon.colcon_core.package_identification:_identify(src/uav_launch) by extension 'ignore_ament_install'
[0.798s] Level 1:colcon.colcon_core.package_identification:_identify(src/uav_launch) by extensions ['colcon_pkg']
[0.798s] Level 1:colcon.colcon_core.package_identification:_identify(src/uav_launch) by extension 'colcon_pkg'
[0.798s] Level 1:colcon.colcon_core.package_identification:_identify(src/uav_launch) by extensions ['colcon_meta']
[0.798s] Level 1:colcon.colcon_core.package_identification:_identify(src/uav_launch) by extension 'colcon_meta'
[0.798s] Level 1:colcon.colcon_core.package_identification:_identify(src/uav_launch) by extensions ['ros']
[0.798s] Level 1:colcon.colcon_core.package_identification:_identify(src/uav_launch) by extension 'ros'
[0.798s] DEBUG:colcon.colcon_core.package_identification:Package 'src/uav_launch' with type 'ros.ament_cmake' and name 'uav_launch'
[0.798s] Level 1:colcon.colcon_core.package_discovery:discover_packages(recursive) using defaults
[0.798s] Level 1:colcon.colcon_core.package_discovery:discover_packages(ignore) discover
[0.798s] Level 1:colcon.colcon_core.package_discovery:discover_packages(ignore) using defaults
[0.798s] Level 1:colcon.colcon_core.package_discovery:discover_packages(path) discover
[0.798s] Level 1:colcon.colcon_core.package_discovery:discover_packages(path) using defaults
[0.870s] Level 1:colcon.colcon_core.package_discovery:discover_packages(prefix_path) check parameters
[0.871s] Level 1:colcon.colcon_core.package_discovery:discover_packages(prefix_path) discover
[0.896s] DEBUG:colcon.colcon_installed_package_information.package_discovery:Found 291 installed packages in /opt/ros/humble
[0.897s] Level 1:colcon.colcon_core.package_discovery:discover_packages(prefix_path) using defaults
[0.956s] Level 5:colcon.colcon_core.verb:set package 'common_msgs' build argument 'cmake_args' from command line to '['-DCMAKE_BUILD_TYPE=Debug']'
[0.956s] Level 5:colcon.colcon_core.verb:set package 'common_msgs' build argument 'cmake_target' from command line to 'None'
[0.956s] Level 5:colcon.colcon_core.verb:set package 'common_msgs' build argument 'cmake_target_skip_unavailable' from command line to 'False'
[0.956s] Level 5:colcon.colcon_core.verb:set package 'common_msgs' build argument 'cmake_clean_cache' from command line to 'False'
[0.956s] Level 5:colcon.colcon_core.verb:set package 'common_msgs' build argument 'cmake_clean_first' from command line to 'False'
[0.956s] Level 5:colcon.colcon_core.verb:set package 'common_msgs' build argument 'cmake_force_configure' from command line to 'False'
[0.956s] Level 5:colcon.colcon_core.verb:set package 'common_msgs' build argument 'ament_cmake_args' from command line to 'None'
[0.956s] Level 5:colcon.colcon_core.verb:set package 'common_msgs' build argument 'catkin_cmake_args' from command line to 'None'
[0.956s] Level 5:colcon.colcon_core.verb:set package 'common_msgs' build argument 'catkin_skip_building_tests' from command line to 'False'
[0.957s] DEBUG:colcon.colcon_core.verb:Building package 'common_msgs' with the following arguments: {'ament_cmake_args': None, 'build_base': '/home/evan/UAV_ws/build/common_msgs', 'catkin_cmake_args': None, 'catkin_skip_building_tests': False, 'cmake_args': ['-DCMAKE_BUILD_TYPE=Debug'], 'cmake_clean_cache': False, 'cmake_clean_first': False, 'cmake_force_configure': False, 'cmake_target': None, 'cmake_target_skip_unavailable': False, 'install_base': '/home/evan/UAV_ws/install/common_msgs', 'merge_install': False, 'path': '/home/evan/UAV_ws/src/common_msgs', 'symlink_install': True, 'test_result_base': None}
[0.969s] Level 5:colcon.colcon_core.verb:set package 'libs' build argument 'cmake_args' from command line to '['-DCMAKE_BUILD_TYPE=Debug']'
[0.969s] Level 5:colcon.colcon_core.verb:set package 'libs' build argument 'cmake_target' from command line to 'None'
[0.969s] Level 5:colcon.colcon_core.verb:set package 'libs' build argument 'cmake_target_skip_unavailable' from command line to 'False'
[0.969s] Level 5:colcon.colcon_core.verb:set package 'libs' build argument 'cmake_clean_cache' from command line to 'False'
[0.969s] Level 5:colcon.colcon_core.verb:set package 'libs' build argument 'cmake_clean_first' from command line to 'False'
[0.969s] Level 5:colcon.colcon_core.verb:set package 'libs' build argument 'cmake_force_configure' from command line to 'False'
[0.969s] Level 5:colcon.colcon_core.verb:set package 'libs' build argument 'ament_cmake_args' from command line to 'None'
[0.969s] Level 5:colcon.colcon_core.verb:set package 'libs' build argument 'catkin_cmake_args' from command line to 'None'
[0.969s] Level 5:colcon.colcon_core.verb:set package 'libs' build argument 'catkin_skip_building_tests' from command line to 'False'
[0.969s] DEBUG:colcon.colcon_core.verb:Building package 'libs' with the following arguments: {'ament_cmake_args': None, 'build_base': '/home/evan/UAV_ws/build/libs', 'catkin_cmake_args': None, 'catkin_skip_building_tests': False, 'cmake_args': ['-DCMAKE_BUILD_TYPE=Debug'], 'cmake_clean_cache': False, 'cmake_clean_first': False, 'cmake_force_configure': False, 'cmake_target': None, 'cmake_target_skip_unavailable': False, 'install_base': '/home/evan/UAV_ws/install/libs', 'merge_install': False, 'path': '/home/evan/UAV_ws/src/libs', 'symlink_install': True, 'test_result_base': None}
[0.980s] Level 5:colcon.colcon_core.verb:set package 'uav_launch' build argument 'cmake_args' from command line to '['-DCMAKE_BUILD_TYPE=Debug']'
[0.980s] Level 5:colcon.colcon_core.verb:set package 'uav_launch' build argument 'cmake_target' from command line to 'None'
[0.980s] Level 5:colcon.colcon_core.verb:set package 'uav_launch' build argument 'cmake_target_skip_unavailable' from command line to 'False'
[0.980s] Level 5:colcon.colcon_core.verb:set package 'uav_launch' build argument 'cmake_clean_cache' from command line to 'False'
[0.980s] Level 5:colcon.colcon_core.verb:set package 'uav_launch' build argument 'cmake_clean_first' from command line to 'False'
[0.980s] Level 5:colcon.colcon_core.verb:set package 'uav_launch' build argument 'cmake_force_configure' from command line to 'False'
[0.980s] Level 5:colcon.colcon_core.verb:set package 'uav_launch' build argument 'ament_cmake_args' from command line to 'None'
[0.981s] Level 5:colcon.colcon_core.verb:set package 'uav_launch' build argument 'catkin_cmake_args' from command line to 'None'
[0.981s] Level 5:colcon.colcon_core.verb:set package 'uav_launch' build argument 'catkin_skip_building_tests' from command line to 'False'
[0.981s] DEBUG:colcon.colcon_core.verb:Building package 'uav_launch' with the following arguments: {'ament_cmake_args': None, 'build_base': '/home/evan/UAV_ws/build/uav_launch', 'catkin_cmake_args': None, 'catkin_skip_building_tests': False, 'cmake_args': ['-DCMAKE_BUILD_TYPE=Debug'], 'cmake_clean_cache': False, 'cmake_clean_first': False, 'cmake_force_configure': False, 'cmake_target': None, 'cmake_target_skip_unavailable': False, 'install_base': '/home/evan/UAV_ws/install/uav_launch', 'merge_install': False, 'path': '/home/evan/UAV_ws/src/uav_launch', 'symlink_install': True, 'test_result_base': None}
[0.992s] Level 5:colcon.colcon_core.verb:set package 'grampc-d' build argument 'cmake_args' from command line to '['-DCMAKE_BUILD_TYPE=Debug']'
[0.992s] Level 5:colcon.colcon_core.verb:set package 'grampc-d' build argument 'cmake_target' from command line to 'None'
[0.992s] Level 5:colcon.colcon_core.verb:set package 'grampc-d' build argument 'cmake_target_skip_unavailable' from command line to 'False'
[0.992s] Level 5:colcon.colcon_core.verb:set package 'grampc-d' build argument 'cmake_clean_cache' from command line to 'False'
[0.992s] Level 5:colcon.colcon_core.verb:set package 'grampc-d' build argument 'cmake_clean_first' from command line to 'False'
[0.992s] Level 5:colcon.colcon_core.verb:set package 'grampc-d' build argument 'cmake_force_configure' from command line to 'False'
[0.992s] Level 5:colcon.colcon_core.verb:set package 'grampc-d' build argument 'ament_cmake_args' from command line to 'None'
[0.992s] Level 5:colcon.colcon_core.verb:set package 'grampc-d' build argument 'catkin_cmake_args' from command line to 'None'
[0.992s] Level 5:colcon.colcon_core.verb:set package 'grampc-d' build argument 'catkin_skip_building_tests' from command line to 'False'
[0.992s] DEBUG:colcon.colcon_core.verb:Building package 'grampc-d' with the following arguments: {'ament_cmake_args': None, 'build_base': '/home/evan/UAV_ws/build/grampc-d', 'catkin_cmake_args': None, 'catkin_skip_building_tests': False, 'cmake_args': ['-DCMAKE_BUILD_TYPE=Debug'], 'cmake_clean_cache': False, 'cmake_clean_first': False, 'cmake_force_configure': False, 'cmake_target': None, 'cmake_target_skip_unavailable': False, 'install_base': '/home/evan/UAV_ws/install/grampc-d', 'merge_install': False, 'path': '/home/evan/UAV_ws/src/grampc-d', 'symlink_install': True, 'test_result_base': None}
[1.016s] Level 5:colcon.colcon_core.verb:set package 'test' build argument 'cmake_args' from command line to '['-DCMAKE_BUILD_TYPE=Debug']'
[1.016s] Level 5:colcon.colcon_core.verb:set package 'test' build argument 'cmake_target' from command line to 'None'
[1.016s] Level 5:colcon.colcon_core.verb:set package 'test' build argument 'cmake_target_skip_unavailable' from command line to 'False'
[1.016s] Level 5:colcon.colcon_core.verb:set package 'test' build argument 'cmake_clean_cache' from command line to 'False'
[1.016s] Level 5:colcon.colcon_core.verb:set package 'test' build argument 'cmake_clean_first' from command line to 'False'
[1.016s] Level 5:colcon.colcon_core.verb:set package 'test' build argument 'cmake_force_configure' from command line to 'False'
[1.016s] Level 5:colcon.colcon_core.verb:set package 'test' build argument 'ament_cmake_args' from command line to 'None'
[1.016s] Level 5:colcon.colcon_core.verb:set package 'test' build argument 'catkin_cmake_args' from command line to 'None'
[1.016s] Level 5:colcon.colcon_core.verb:set package 'test' build argument 'catkin_skip_building_tests' from command line to 'False'
[1.016s] DEBUG:colcon.colcon_core.verb:Building package 'test' with the following arguments: {'ament_cmake_args': None, 'build_base': '/home/evan/UAV_ws/build/test', 'catkin_cmake_args': None, 'catkin_skip_building_tests': False, 'cmake_args': ['-DCMAKE_BUILD_TYPE=Debug'], 'cmake_clean_cache': False, 'cmake_clean_first': False, 'cmake_force_configure': False, 'cmake_target': None, 'cmake_target_skip_unavailable': False, 'install_base': '/home/evan/UAV_ws/install/test', 'merge_install': False, 'path': '/home/evan/UAV_ws/src/test', 'symlink_install': True, 'test_result_base': None}
[1.028s] Level 5:colcon.colcon_core.verb:set package 'mpc_node' build argument 'cmake_args' from command line to '['-DCMAKE_BUILD_TYPE=Debug']'
[1.028s] Level 5:colcon.colcon_core.verb:set package 'mpc_node' build argument 'cmake_target' from command line to 'None'
[1.028s] Level 5:colcon.colcon_core.verb:set package 'mpc_node' build argument 'cmake_target_skip_unavailable' from command line to 'False'
[1.028s] Level 5:colcon.colcon_core.verb:set package 'mpc_node' build argument 'cmake_clean_cache' from command line to 'False'
[1.028s] Level 5:colcon.colcon_core.verb:set package 'mpc_node' build argument 'cmake_clean_first' from command line to 'False'
[1.028s] Level 5:colcon.colcon_core.verb:set package 'mpc_node' build argument 'cmake_force_configure' from command line to 'False'
[1.028s] Level 5:colcon.colcon_core.verb:set package 'mpc_node' build argument 'ament_cmake_args' from command line to 'None'
[1.028s] Level 5:colcon.colcon_core.verb:set package 'mpc_node' build argument 'catkin_cmake_args' from command line to 'None'
[1.028s] Level 5:colcon.colcon_core.verb:set package 'mpc_node' build argument 'catkin_skip_building_tests' from command line to 'False'
[1.028s] DEBUG:colcon.colcon_core.verb:Building package 'mpc_node' with the following arguments: {'ament_cmake_args': None, 'build_base': '/home/evan/UAV_ws/build/mpc_node', 'catkin_cmake_args': None, 'catkin_skip_building_tests': False, 'cmake_args': ['-DCMAKE_BUILD_TYPE=Debug'], 'cmake_clean_cache': False, 'cmake_clean_first': False, 'cmake_force_configure': False, 'cmake_target': None, 'cmake_target_skip_unavailable': False, 'install_base': '/home/evan/UAV_ws/install/mpc_node', 'merge_install': False, 'path': '/home/evan/UAV_ws/src/mpc_node', 'symlink_install': True, 'test_result_base': None}
[1.040s] Level 5:colcon.colcon_core.verb:set package 'simulator_node' build argument 'cmake_args' from command line to '['-DCMAKE_BUILD_TYPE=Debug']'
[1.040s] Level 5:colcon.colcon_core.verb:set package 'simulator_node' build argument 'cmake_target' from command line to 'None'
[1.040s] Level 5:colcon.colcon_core.verb:set package 'simulator_node' build argument 'cmake_target_skip_unavailable' from command line to 'False'
[1.040s] Level 5:colcon.colcon_core.verb:set package 'simulator_node' build argument 'cmake_clean_cache' from command line to 'False'
[1.041s] Level 5:colcon.colcon_core.verb:set package 'simulator_node' build argument 'cmake_clean_first' from command line to 'False'
[1.041s] Level 5:colcon.colcon_core.verb:set package 'simulator_node' build argument 'cmake_force_configure' from command line to 'False'
[1.041s] Level 5:colcon.colcon_core.verb:set package 'simulator_node' build argument 'ament_cmake_args' from command line to 'None'
[1.041s] Level 5:colcon.colcon_core.verb:set package 'simulator_node' build argument 'catkin_cmake_args' from command line to 'None'
[1.041s] Level 5:colcon.colcon_core.verb:set package 'simulator_node' build argument 'catkin_skip_building_tests' from command line to 'False'
[1.041s] DEBUG:colcon.colcon_core.verb:Building package 'simulator_node' with the following arguments: {'ament_cmake_args': None, 'build_base': '/home/evan/UAV_ws/build/simulator_node', 'catkin_cmake_args': None, 'catkin_skip_building_tests': False, 'cmake_args': ['-DCMAKE_BUILD_TYPE=Debug'], 'cmake_clean_cache': False, 'cmake_clean_first': False, 'cmake_force_configure': False, 'cmake_target': None, 'cmake_target_skip_unavailable': False, 'install_base': '/home/evan/UAV_ws/install/simulator_node', 'merge_install': False, 'path': '/home/evan/UAV_ws/src/simulator_node', 'symlink_install': True, 'test_result_base': None}
[1.052s] INFO:colcon.colcon_core.executor:Executing jobs using 'parallel' executor
[1.065s] DEBUG:colcon.colcon_parallel_executor.executor.parallel:run_until_complete
[1.066s] INFO:colcon.colcon_ros.task.ament_cmake.build:Building ROS package in '/home/evan/UAV_ws/src/libs' with build type 'ament_cmake'
[1.066s] INFO:colcon.colcon_cmake.task.cmake.build:Building CMake package in '/home/evan/UAV_ws/src/libs'
[1.079s] INFO:colcon.colcon_core.plugin_system:Skipping extension 'colcon_core.shell.bat': Not used on non-Windows systems
[1.080s] INFO:colcon.colcon_core.shell:Skip shell extension 'powershell' for command environment: Not usable outside of PowerShell
[1.080s] DEBUG:colcon.colcon_core.shell:Skip shell extension 'dsv' for command environment
[1.106s] INFO:colcon.colcon_ros.task.ament_cmake.build:Building ROS package in '/home/evan/UAV_ws/src/common_msgs' with build type 'ament_cmake'
[1.106s] INFO:colcon.colcon_cmake.task.cmake.build:Building CMake package in '/home/evan/UAV_ws/src/common_msgs'
[1.118s] INFO:colcon.colcon_core.shell:Skip shell extension 'powershell' for command environment: Not usable outside of PowerShell
[1.118s] DEBUG:colcon.colcon_core.shell:Skip shell extension 'dsv' for command environment
[1.142s] INFO:colcon.colcon_ros.task.ament_cmake.build:Building ROS package in '/home/evan/UAV_ws/src/uav_launch' with build type 'ament_cmake'
[1.142s] INFO:colcon.colcon_cmake.task.cmake.build:Building CMake package in '/home/evan/UAV_ws/src/uav_launch'
[1.153s] INFO:colcon.colcon_core.shell:Skip shell extension 'powershell' for command environment: Not usable outside of PowerShell
[1.153s] DEBUG:colcon.colcon_core.shell:Skip shell extension 'dsv' for command environment
[1.184s] DEBUG:colcon.colcon_core.event_handler.log_command:Invoking command in '/home/evan/UAV_ws/build/libs': CMAKE_PREFIX_PATH=/opt/ros/humble /usr/bin/cmake --build /home/evan/UAV_ws/build/libs -- -j16 -l16
[1.186s] DEBUG:colcon.colcon_core.event_handler.log_command:Invoking command in '/home/evan/UAV_ws/build/common_msgs': CMAKE_PREFIX_PATH=/opt/ros/humble /usr/bin/cmake --build /home/evan/UAV_ws/build/common_msgs -- -j16 -l16
[1.190s] DEBUG:colcon.colcon_core.event_handler.log_command:Invoking command in '/home/evan/UAV_ws/build/uav_launch': CMAKE_PREFIX_PATH=/opt/ros/humble /usr/bin/cmake --build /home/evan/UAV_ws/build/uav_launch -- -j16 -l16
[1.221s] DEBUG:colcon.colcon_core.event_handler.log_command:Invoked command in '/home/evan/UAV_ws/build/uav_launch' returned '0': CMAKE_PREFIX_PATH=/opt/ros/humble /usr/bin/cmake --build /home/evan/UAV_ws/build/uav_launch -- -j16 -l16
[1.248s] DEBUG:colcon.colcon_core.event_handler.log_command:Invoking command in '/home/evan/UAV_ws/build/uav_launch': CMAKE_PREFIX_PATH=/opt/ros/humble /usr/bin/cmake --install /home/evan/UAV_ws/build/uav_launch
[1.250s] DEBUG:colcon.colcon_core.event_handler.log_command:Invoked command in '/home/evan/UAV_ws/build/libs' returned '0': CMAKE_PREFIX_PATH=/opt/ros/humble /usr/bin/cmake --build /home/evan/UAV_ws/build/libs -- -j16 -l16
[1.269s] Level 1:colcon.colcon_core.environment:create_environment_scripts_only(uav_launch)
[1.269s] DEBUG:colcon.colcon_core.event_handler.log_command:Invoked command in '/home/evan/UAV_ws/build/uav_launch' returned '0': CMAKE_PREFIX_PATH=/opt/ros/humble /usr/bin/cmake --install /home/evan/UAV_ws/build/uav_launch
[1.282s] Level 1:colcon.colcon_core.environment:checking '/home/evan/UAV_ws/install/uav_launch' for CMake module files
[1.283s] Level 1:colcon.colcon_core.environment:checking '/home/evan/UAV_ws/install/uav_launch' for CMake config files
[1.283s] Level 1:colcon.colcon_core.shell:create_environment_hook('uav_launch', 'cmake_prefix_path')
[1.296s] INFO:colcon.colcon_core.shell:Creating environment hook '/home/evan/UAV_ws/install/uav_launch/share/uav_launch/hook/cmake_prefix_path.ps1'
[1.296s] INFO:colcon.colcon_core.shell:Creating environment descriptor '/home/evan/UAV_ws/install/uav_launch/share/uav_launch/hook/cmake_prefix_path.dsv'
[1.297s] INFO:colcon.colcon_core.shell:Creating environment hook '/home/evan/UAV_ws/install/uav_launch/share/uav_launch/hook/cmake_prefix_path.sh'
[1.298s] Level 1:colcon.colcon_core.environment:checking '/home/evan/UAV_ws/install/uav_launch/bin'
[1.298s] Level 1:colcon.colcon_core.environment:checking '/home/evan/UAV_ws/install/uav_launch/lib/pkgconfig/uav_launch.pc'
[1.298s] Level 1:colcon.colcon_core.environment:checking '/home/evan/UAV_ws/install/uav_launch/lib/python3.10/site-packages'
[1.298s] Level 1:colcon.colcon_core.environment:checking '/home/evan/UAV_ws/install/uav_launch/bin'
[1.311s] INFO:colcon.colcon_core.shell:Creating package script '/home/evan/UAV_ws/install/uav_launch/share/uav_launch/package.ps1'
[1.312s] INFO:colcon.colcon_core.shell:Creating package descriptor '/home/evan/UAV_ws/install/uav_launch/share/uav_launch/package.dsv'
[1.312s] INFO:colcon.colcon_core.shell:Creating package script '/home/evan/UAV_ws/install/uav_launch/share/uav_launch/package.sh'
[1.313s] INFO:colcon.colcon_core.shell:Creating package script '/home/evan/UAV_ws/install/uav_launch/share/uav_launch/package.bash'
[1.314s] INFO:colcon.colcon_core.shell:Creating package script '/home/evan/UAV_ws/install/uav_launch/share/uav_launch/package.zsh'
[1.314s] Level 1:colcon.colcon_core.environment:create_file_with_runtime_dependencies(/home/evan/UAV_ws/install/uav_launch/share/colcon-core/packages/uav_launch)
[1.321s] DEBUG:colcon.colcon_core.event_handler.log_command:Invoking command in '/home/evan/UAV_ws/build/libs': CMAKE_PREFIX_PATH=/opt/ros/humble /usr/bin/cmake --install /home/evan/UAV_ws/build/libs
[1.347s] Level 1:colcon.colcon_core.environment:create_environment_scripts_only(uav_launch)
[1.361s] Level 1:colcon.colcon_core.environment:checking '/home/evan/UAV_ws/install/uav_launch' for CMake module files
[1.362s] Level 1:colcon.colcon_core.environment:checking '/home/evan/UAV_ws/install/uav_launch' for CMake config files
[1.362s] Level 1:colcon.colcon_core.shell:create_environment_hook('uav_launch', 'cmake_prefix_path')
[1.375s] INFO:colcon.colcon_core.shell:Creating environment hook '/home/evan/UAV_ws/install/uav_launch/share/uav_launch/hook/cmake_prefix_path.ps1'
[1.375s] INFO:colcon.colcon_core.shell:Creating environment descriptor '/home/evan/UAV_ws/install/uav_launch/share/uav_launch/hook/cmake_prefix_path.dsv'
[1.376s] INFO:colcon.colcon_core.shell:Creating environment hook '/home/evan/UAV_ws/install/uav_launch/share/uav_launch/hook/cmake_prefix_path.sh'
[1.376s] Level 1:colcon.colcon_core.environment:checking '/home/evan/UAV_ws/install/uav_launch/bin'
[1.376s] Level 1:colcon.colcon_core.environment:checking '/home/evan/UAV_ws/install/uav_launch/lib/pkgconfig/uav_launch.pc'
[1.376s] Level 1:colcon.colcon_core.environment:checking '/home/evan/UAV_ws/install/uav_launch/lib/python3.10/site-packages'
[1.376s] Level 1:colcon.colcon_core.environment:checking '/home/evan/UAV_ws/install/uav_launch/bin'
[1.388s] INFO:colcon.colcon_core.shell:Creating package script '/home/evan/UAV_ws/install/uav_launch/share/uav_launch/package.ps1'
[1.389s] INFO:colcon.colcon_core.shell:Creating package descriptor '/home/evan/UAV_ws/install/uav_launch/share/uav_launch/package.dsv'
[1.389s] INFO:colcon.colcon_core.shell:Creating package script '/home/evan/UAV_ws/install/uav_launch/share/uav_launch/package.sh'
[1.389s] INFO:colcon.colcon_core.shell:Creating package script '/home/evan/UAV_ws/install/uav_launch/share/uav_launch/package.bash'
[1.390s] INFO:colcon.colcon_core.shell:Creating package script '/home/evan/UAV_ws/install/uav_launch/share/uav_launch/package.zsh'
[1.390s] Level 1:colcon.colcon_core.environment:create_file_with_runtime_dependencies(/home/evan/UAV_ws/install/uav_launch/share/colcon-core/packages/uav_launch)
[1.391s] Level 1:colcon.colcon_core.environment:create_environment_scripts_only(libs)
[1.392s] DEBUG:colcon.colcon_core.event_handler.log_command:Invoked command in '/home/evan/UAV_ws/build/libs' returned '0': CMAKE_PREFIX_PATH=/opt/ros/humble /usr/bin/cmake --install /home/evan/UAV_ws/build/libs
[1.404s] Level 1:colcon.colcon_core.environment:checking '/home/evan/UAV_ws/install/libs' for CMake module files
[1.404s] Level 1:colcon.colcon_core.environment:checking '/home/evan/UAV_ws/install/libs' for CMake config files
[1.405s] Level 1:colcon.colcon_core.shell:create_environment_hook('libs', 'cmake_prefix_path')
[1.417s] INFO:colcon.colcon_core.shell:Creating environment hook '/home/evan/UAV_ws/install/libs/share/libs/hook/cmake_prefix_path.ps1'
[1.418s] INFO:colcon.colcon_core.shell:Creating environment descriptor '/home/evan/UAV_ws/install/libs/share/libs/hook/cmake_prefix_path.dsv'
[1.418s] INFO:colcon.colcon_core.shell:Creating environment hook '/home/evan/UAV_ws/install/libs/share/libs/hook/cmake_prefix_path.sh'
[1.418s] Level 1:colcon.colcon_core.environment:checking '/home/evan/UAV_ws/install/libs/lib'
[1.419s] Level 1:colcon.colcon_core.environment:checking '/home/evan/UAV_ws/install/libs/bin'
[1.419s] Level 1:colcon.colcon_core.environment:checking '/home/evan/UAV_ws/install/libs/lib/pkgconfig/libs.pc'
[1.419s] Level 1:colcon.colcon_core.environment:checking '/home/evan/UAV_ws/install/libs/lib/python3.10/site-packages'
[1.419s] Level 1:colcon.colcon_core.environment:checking '/home/evan/UAV_ws/install/libs/bin'
[1.431s] INFO:colcon.colcon_core.shell:Creating package script '/home/evan/UAV_ws/install/libs/share/libs/package.ps1'
[1.431s] INFO:colcon.colcon_core.shell:Creating package descriptor '/home/evan/UAV_ws/install/libs/share/libs/package.dsv'
[1.432s] INFO:colcon.colcon_core.shell:Creating package script '/home/evan/UAV_ws/install/libs/share/libs/package.sh'
[1.432s] INFO:colcon.colcon_core.shell:Creating package script '/home/evan/UAV_ws/install/libs/share/libs/package.bash'
[1.432s] INFO:colcon.colcon_core.shell:Creating package script '/home/evan/UAV_ws/install/libs/share/libs/package.zsh'
[1.432s] Level 1:colcon.colcon_core.environment:create_file_with_runtime_dependencies(/home/evan/UAV_ws/install/libs/share/colcon-core/packages/libs)
[1.485s] DEBUG:colcon.colcon_core.event_handler.log_command:Invoked command in '/home/evan/UAV_ws/build/common_msgs' returned '0': CMAKE_PREFIX_PATH=/opt/ros/humble /usr/bin/cmake --build /home/evan/UAV_ws/build/common_msgs -- -j16 -l16
[1.532s] Level 1:colcon.colcon_core.environment:create_environment_scripts_only(libs)
[1.549s] Level 1:colcon.colcon_core.environment:checking '/home/evan/UAV_ws/install/libs' for CMake module files
[1.550s] Level 1:colcon.colcon_core.environment:checking '/home/evan/UAV_ws/install/libs' for CMake config files
[1.550s] Level 1:colcon.colcon_core.shell:create_environment_hook('libs', 'cmake_prefix_path')
[1.568s] INFO:colcon.colcon_core.shell:Creating environment hook '/home/evan/UAV_ws/install/libs/share/libs/hook/cmake_prefix_path.ps1'
[1.569s] INFO:colcon.colcon_core.shell:Creating environment descriptor '/home/evan/UAV_ws/install/libs/share/libs/hook/cmake_prefix_path.dsv'
[1.569s] INFO:colcon.colcon_core.shell:Creating environment hook '/home/evan/UAV_ws/install/libs/share/libs/hook/cmake_prefix_path.sh'
[1.570s] Level 1:colcon.colcon_core.environment:checking '/home/evan/UAV_ws/install/libs/lib'
[1.570s] Level 1:colcon.colcon_core.environment:checking '/home/evan/UAV_ws/install/libs/bin'
[1.570s] Level 1:colcon.colcon_core.environment:checking '/home/evan/UAV_ws/install/libs/lib/pkgconfig/libs.pc'
[1.570s] Level 1:colcon.colcon_core.environment:checking '/home/evan/UAV_ws/install/libs/lib/python3.10/site-packages'
[1.570s] Level 1:colcon.colcon_core.environment:checking '/home/evan/UAV_ws/install/libs/bin'
[1.584s] INFO:colcon.colcon_core.shell:Creating package script '/home/evan/UAV_ws/install/libs/share/libs/package.ps1'
[1.585s] INFO:colcon.colcon_core.shell:Creating package descriptor '/home/evan/UAV_ws/install/libs/share/libs/package.dsv'
[1.585s] INFO:colcon.colcon_core.shell:Creating package script '/home/evan/UAV_ws/install/libs/share/libs/package.sh'
[1.586s] INFO:colcon.colcon_core.shell:Creating package script '/home/evan/UAV_ws/install/libs/share/libs/package.bash'
[1.586s] INFO:colcon.colcon_core.shell:Creating package script '/home/evan/UAV_ws/install/libs/share/libs/package.zsh'
[1.586s] Level 1:colcon.colcon_core.environment:create_file_with_runtime_dependencies(/home/evan/UAV_ws/install/libs/share/colcon-core/packages/libs)
[1.587s] INFO:colcon.colcon_ros.task.ament_cmake.build:Building ROS package in '/home/evan/UAV_ws/src/grampc-d' with build type 'ament_cmake'
[1.587s] INFO:colcon.colcon_cmake.task.cmake.build:Building CMake package in '/home/evan/UAV_ws/src/grampc-d'
[1.601s] INFO:colcon.colcon_core.shell:Skip shell extension 'powershell' for command environment: Not usable outside of PowerShell
[1.601s] DEBUG:colcon.colcon_core.shell:Skip shell extension 'dsv' for command environment
[1.627s] INFO:colcon.colcon_ros.task.ament_cmake.build:Building ROS package in '/home/evan/UAV_ws/src/test' with build type 'ament_cmake'
[1.627s] INFO:colcon.colcon_cmake.task.cmake.build:Building CMake package in '/home/evan/UAV_ws/src/test'
[1.639s] INFO:colcon.colcon_core.shell:Skip shell extension 'powershell' for command environment: Not usable outside of PowerShell
[1.639s] DEBUG:colcon.colcon_core.shell:Skip shell extension 'dsv' for command environment
[1.665s] DEBUG:colcon.colcon_core.event_handler.log_command:Invoking command in '/home/evan/UAV_ws/build/common_msgs': CMAKE_PREFIX_PATH=/opt/ros/humble /usr/bin/cmake --install /home/evan/UAV_ws/build/common_msgs
[1.669s] DEBUG:colcon.colcon_core.event_handler.log_command:Invoking command in '/home/evan/UAV_ws/build/grampc-d': AMENT_PREFIX_PATH=/home/evan/UAV_ws/install/libs:${AMENT_PREFIX_PATH} CMAKE_PREFIX_PATH=/home/evan/UAV_ws/install/libs:/opt/ros/humble LD_LIBRARY_PATH=/home/evan/UAV_ws/install/libs/lib:${LD_LIBRARY_PATH} /usr/bin/cmake --build /home/evan/UAV_ws/build/grampc-d -- -j16 -l16
[1.670s] DEBUG:colcon.colcon_core.event_handler.log_command:Invoking command in '/home/evan/UAV_ws/build/test': AMENT_PREFIX_PATH=/home/evan/UAV_ws/install/libs:${AMENT_PREFIX_PATH} CMAKE_PREFIX_PATH=/home/evan/UAV_ws/install/libs:/opt/ros/humble LD_LIBRARY_PATH=/home/evan/UAV_ws/install/libs/lib:${LD_LIBRARY_PATH} /usr/bin/cmake --build /home/evan/UAV_ws/build/test -- -j16 -l16
[1.708s] DEBUG:colcon.colcon_core.event_handler.log_command:Invoked command in '/home/evan/UAV_ws/build/test' returned '0': AMENT_PREFIX_PATH=/home/evan/UAV_ws/install/libs:${AMENT_PREFIX_PATH} CMAKE_PREFIX_PATH=/home/evan/UAV_ws/install/libs:/opt/ros/humble LD_LIBRARY_PATH=/home/evan/UAV_ws/install/libs/lib:${LD_LIBRARY_PATH} /usr/bin/cmake --build /home/evan/UAV_ws/build/test -- -j16 -l16
[1.728s] Level 1:colcon.colcon_core.environment:create_environment_scripts_only(common_msgs)
[1.729s] DEBUG:colcon.colcon_core.event_handler.log_command:Invoked command in '/home/evan/UAV_ws/build/common_msgs' returned '0': CMAKE_PREFIX_PATH=/opt/ros/humble /usr/bin/cmake --install /home/evan/UAV_ws/build/common_msgs
[1.740s] Level 1:colcon.colcon_core.environment:checking '/home/evan/UAV_ws/install/common_msgs' for CMake module files
[1.741s] Level 1:colcon.colcon_core.environment:checking '/home/evan/UAV_ws/install/common_msgs' for CMake config files
[1.742s] Level 1:colcon.colcon_core.shell:create_environment_hook('common_msgs', 'cmake_prefix_path')
[1.754s] INFO:colcon.colcon_core.shell:Creating environment hook '/home/evan/UAV_ws/install/common_msgs/share/common_msgs/hook/cmake_prefix_path.ps1'
[1.754s] INFO:colcon.colcon_core.shell:Creating environment descriptor '/home/evan/UAV_ws/install/common_msgs/share/common_msgs/hook/cmake_prefix_path.dsv'
[1.755s] INFO:colcon.colcon_core.shell:Creating environment hook '/home/evan/UAV_ws/install/common_msgs/share/common_msgs/hook/cmake_prefix_path.sh'
[1.755s] Level 1:colcon.colcon_core.environment:checking '/home/evan/UAV_ws/install/common_msgs/lib'
[1.755s] Level 1:colcon.colcon_core.shell:create_environment_hook('common_msgs', 'ld_library_path_lib')
[1.767s] INFO:colcon.colcon_core.shell:Creating environment hook '/home/evan/UAV_ws/install/common_msgs/share/common_msgs/hook/ld_library_path_lib.ps1'
[1.768s] INFO:colcon.colcon_core.shell:Creating environment descriptor '/home/evan/UAV_ws/install/common_msgs/share/common_msgs/hook/ld_library_path_lib.dsv'
[1.768s] INFO:colcon.colcon_core.shell:Creating environment hook '/home/evan/UAV_ws/install/common_msgs/share/common_msgs/hook/ld_library_path_lib.sh'
[1.769s] Level 1:colcon.colcon_core.environment:checking '/home/evan/UAV_ws/install/common_msgs/bin'
[1.769s] Level 1:colcon.colcon_core.environment:checking '/home/evan/UAV_ws/install/common_msgs/lib/pkgconfig/common_msgs.pc'
[1.769s] Level 1:colcon.colcon_core.environment:checking '/home/evan/UAV_ws/install/common_msgs/lib/python3.10/site-packages'
[1.769s] Level 1:colcon.colcon_core.environment:checking '/home/evan/UAV_ws/install/common_msgs/bin'
[1.781s] INFO:colcon.colcon_core.shell:Creating package script '/home/evan/UAV_ws/install/common_msgs/share/common_msgs/package.ps1'
[1.782s] INFO:colcon.colcon_core.shell:Creating package descriptor '/home/evan/UAV_ws/install/common_msgs/share/common_msgs/package.dsv'
[1.782s] INFO:colcon.colcon_core.shell:Creating package script '/home/evan/UAV_ws/install/common_msgs/share/common_msgs/package.sh'
[1.783s] INFO:colcon.colcon_core.shell:Creating package script '/home/evan/UAV_ws/install/common_msgs/share/common_msgs/package.bash'
[1.783s] INFO:colcon.colcon_core.shell:Creating package script '/home/evan/UAV_ws/install/common_msgs/share/common_msgs/package.zsh'
[1.783s] Level 1:colcon.colcon_core.environment:create_file_with_runtime_dependencies(/home/evan/UAV_ws/install/common_msgs/share/colcon-core/packages/common_msgs)
[1.787s] DEBUG:colcon.colcon_core.event_handler.log_command:Invoking command in '/home/evan/UAV_ws/build/test': AMENT_PREFIX_PATH=/home/evan/UAV_ws/install/libs:${AMENT_PREFIX_PATH} CMAKE_PREFIX_PATH=/home/evan/UAV_ws/install/libs:/opt/ros/humble LD_LIBRARY_PATH=/home/evan/UAV_ws/install/libs/lib:${LD_LIBRARY_PATH} /usr/bin/cmake --install /home/evan/UAV_ws/build/test
[1.787s] DEBUG:colcon.colcon_core.event_handler.log_command:Invoked command in '/home/evan/UAV_ws/build/grampc-d' returned '0': AMENT_PREFIX_PATH=/home/evan/UAV_ws/install/libs:${AMENT_PREFIX_PATH} CMAKE_PREFIX_PATH=/home/evan/UAV_ws/install/libs:/opt/ros/humble LD_LIBRARY_PATH=/home/evan/UAV_ws/install/libs/lib:${LD_LIBRARY_PATH} /usr/bin/cmake --build /home/evan/UAV_ws/build/grampc-d -- -j16 -l16
[1.804s] Level 1:colcon.colcon_core.environment:create_environment_scripts_only(test)
[1.805s] DEBUG:colcon.colcon_core.event_handler.log_command:Invoked command in '/home/evan/UAV_ws/build/test' returned '0': AMENT_PREFIX_PATH=/home/evan/UAV_ws/install/libs:${AMENT_PREFIX_PATH} CMAKE_PREFIX_PATH=/home/evan/UAV_ws/install/libs:/opt/ros/humble LD_LIBRARY_PATH=/home/evan/UAV_ws/install/libs/lib:${LD_LIBRARY_PATH} /usr/bin/cmake --install /home/evan/UAV_ws/build/test
[1.817s] Level 1:colcon.colcon_core.environment:checking '/home/evan/UAV_ws/install/test' for CMake module files
[1.817s] Level 1:colcon.colcon_core.environment:checking '/home/evan/UAV_ws/install/test' for CMake config files
[1.817s] Level 1:colcon.colcon_core.shell:create_environment_hook('test', 'cmake_prefix_path')
[1.829s] INFO:colcon.colcon_core.shell:Creating environment hook '/home/evan/UAV_ws/install/test/share/test/hook/cmake_prefix_path.ps1'
[1.830s] INFO:colcon.colcon_core.shell:Creating environment descriptor '/home/evan/UAV_ws/install/test/share/test/hook/cmake_prefix_path.dsv'
[1.830s] INFO:colcon.colcon_core.shell:Creating environment hook '/home/evan/UAV_ws/install/test/share/test/hook/cmake_prefix_path.sh'
[1.830s] Level 1:colcon.colcon_core.environment:checking '/home/evan/UAV_ws/install/test/bin'
[1.830s] Level 1:colcon.colcon_core.environment:checking '/home/evan/UAV_ws/install/test/lib/pkgconfig/test.pc'
[1.831s] Level 1:colcon.colcon_core.environment:checking '/home/evan/UAV_ws/install/test/lib/python3.10/site-packages'
[1.831s] Level 1:colcon.colcon_core.environment:checking '/home/evan/UAV_ws/install/test/bin'
[1.843s] INFO:colcon.colcon_core.shell:Creating package script '/home/evan/UAV_ws/install/test/share/test/package.ps1'
[1.844s] INFO:colcon.colcon_core.shell:Creating package descriptor '/home/evan/UAV_ws/install/test/share/test/package.dsv'
[1.844s] INFO:colcon.colcon_core.shell:Creating package script '/home/evan/UAV_ws/install/test/share/test/package.sh'
[1.844s] INFO:colcon.colcon_core.shell:Creating package script '/home/evan/UAV_ws/install/test/share/test/package.bash'
[1.845s] INFO:colcon.colcon_core.shell:Creating package script '/home/evan/UAV_ws/install/test/share/test/package.zsh'
[1.845s] Level 1:colcon.colcon_core.environment:create_file_with_runtime_dependencies(/home/evan/UAV_ws/install/test/share/colcon-core/packages/test)
[1.878s] Level 1:colcon.colcon_core.environment:create_environment_scripts_only(test)
[1.890s] Level 1:colcon.colcon_core.environment:checking '/home/evan/UAV_ws/install/test' for CMake module files
[1.890s] Level 1:colcon.colcon_core.environment:checking '/home/evan/UAV_ws/install/test' for CMake config files
[1.891s] Level 1:colcon.colcon_core.shell:create_environment_hook('test', 'cmake_prefix_path')
[1.903s] INFO:colcon.colcon_core.shell:Creating environment hook '/home/evan/UAV_ws/install/test/share/test/hook/cmake_prefix_path.ps1'
[1.903s] INFO:colcon.colcon_core.shell:Creating environment descriptor '/home/evan/UAV_ws/install/test/share/test/hook/cmake_prefix_path.dsv'
[1.904s] INFO:colcon.colcon_core.shell:Creating environment hook '/home/evan/UAV_ws/install/test/share/test/hook/cmake_prefix_path.sh'
[1.904s] Level 1:colcon.colcon_core.environment:checking '/home/evan/UAV_ws/install/test/bin'
[1.904s] Level 1:colcon.colcon_core.environment:checking '/home/evan/UAV_ws/install/test/lib/pkgconfig/test.pc'
[1.905s] Level 1:colcon.colcon_core.environment:checking '/home/evan/UAV_ws/install/test/lib/python3.10/site-packages'
[1.905s] Level 1:colcon.colcon_core.environment:checking '/home/evan/UAV_ws/install/test/bin'
[1.917s] INFO:colcon.colcon_core.shell:Creating package script '/home/evan/UAV_ws/install/test/share/test/package.ps1'
[1.918s] INFO:colcon.colcon_core.shell:Creating package descriptor '/home/evan/UAV_ws/install/test/share/test/package.dsv'
[1.918s] INFO:colcon.colcon_core.shell:Creating package script '/home/evan/UAV_ws/install/test/share/test/package.sh'
[1.918s] INFO:colcon.colcon_core.shell:Creating package script '/home/evan/UAV_ws/install/test/share/test/package.bash'
[1.919s] INFO:colcon.colcon_core.shell:Creating package script '/home/evan/UAV_ws/install/test/share/test/package.zsh'
[1.919s] Level 1:colcon.colcon_core.environment:create_file_with_runtime_dependencies(/home/evan/UAV_ws/install/test/share/colcon-core/packages/test)
[1.921s] DEBUG:colcon.colcon_core.event_handler.log_command:Invoking command in '/home/evan/UAV_ws/build/grampc-d': AMENT_PREFIX_PATH=/home/evan/UAV_ws/install/libs:${AMENT_PREFIX_PATH} CMAKE_PREFIX_PATH=/home/evan/UAV_ws/install/libs:/opt/ros/humble LD_LIBRARY_PATH=/home/evan/UAV_ws/install/libs/lib:${LD_LIBRARY_PATH} /usr/bin/cmake --install /home/evan/UAV_ws/build/grampc-d
[1.933s] Level 1:colcon.colcon_core.environment:create_environment_scripts_only(common_msgs)
[1.945s] Level 1:colcon.colcon_core.environment:checking '/home/evan/UAV_ws/install/common_msgs' for CMake module files
[1.946s] Level 1:colcon.colcon_core.environment:checking '/home/evan/UAV_ws/install/common_msgs' for CMake config files
[1.947s] Level 1:colcon.colcon_core.shell:create_environment_hook('common_msgs', 'cmake_prefix_path')
[1.958s] INFO:colcon.colcon_core.shell:Creating environment hook '/home/evan/UAV_ws/install/common_msgs/share/common_msgs/hook/cmake_prefix_path.ps1'
[1.958s] INFO:colcon.colcon_core.shell:Creating environment descriptor '/home/evan/UAV_ws/install/common_msgs/share/common_msgs/hook/cmake_prefix_path.dsv'
[1.959s] INFO:colcon.colcon_core.shell:Creating environment hook '/home/evan/UAV_ws/install/common_msgs/share/common_msgs/hook/cmake_prefix_path.sh'
[1.959s] Level 1:colcon.colcon_core.environment:checking '/home/evan/UAV_ws/install/common_msgs/lib'
[1.959s] Level 1:colcon.colcon_core.shell:create_environment_hook('common_msgs', 'ld_library_path_lib')
[1.971s] INFO:colcon.colcon_core.shell:Creating environment hook '/home/evan/UAV_ws/install/common_msgs/share/common_msgs/hook/ld_library_path_lib.ps1'
[1.971s] INFO:colcon.colcon_core.shell:Creating environment descriptor '/home/evan/UAV_ws/install/common_msgs/share/common_msgs/hook/ld_library_path_lib.dsv'
[1.972s] INFO:colcon.colcon_core.shell:Creating environment hook '/home/evan/UAV_ws/install/common_msgs/share/common_msgs/hook/ld_library_path_lib.sh'
[1.972s] Level 1:colcon.colcon_core.environment:checking '/home/evan/UAV_ws/install/common_msgs/bin'
[1.972s] Level 1:colcon.colcon_core.environment:checking '/home/evan/UAV_ws/install/common_msgs/lib/pkgconfig/common_msgs.pc'
[1.972s] Level 1:colcon.colcon_core.environment:checking '/home/evan/UAV_ws/install/common_msgs/lib/python3.10/site-packages'
[1.972s] Level 1:colcon.colcon_core.environment:checking '/home/evan/UAV_ws/install/common_msgs/bin'
[1.984s] INFO:colcon.colcon_core.shell:Creating package script '/home/evan/UAV_ws/install/common_msgs/share/common_msgs/package.ps1'
[1.984s] INFO:colcon.colcon_core.shell:Creating package descriptor '/home/evan/UAV_ws/install/common_msgs/share/common_msgs/package.dsv'
[1.985s] INFO:colcon.colcon_core.shell:Creating package script '/home/evan/UAV_ws/install/common_msgs/share/common_msgs/package.sh'
[1.985s] INFO:colcon.colcon_core.shell:Creating package script '/home/evan/UAV_ws/install/common_msgs/share/common_msgs/package.bash'
[1.985s] INFO:colcon.colcon_core.shell:Creating package script '/home/evan/UAV_ws/install/common_msgs/share/common_msgs/package.zsh'
[1.986s] Level 1:colcon.colcon_core.environment:create_file_with_runtime_dependencies(/home/evan/UAV_ws/install/common_msgs/share/colcon-core/packages/common_msgs)
[1.987s] Level 1:colcon.colcon_core.environment:create_environment_scripts_only(grampc-d)
[1.998s] DEBUG:colcon.colcon_core.event_handler.log_command:Invoked command in '/home/evan/UAV_ws/build/grampc-d' returned '0': AMENT_PREFIX_PATH=/home/evan/UAV_ws/install/libs:${AMENT_PREFIX_PATH} CMAKE_PREFIX_PATH=/home/evan/UAV_ws/install/libs:/opt/ros/humble LD_LIBRARY_PATH=/home/evan/UAV_ws/install/libs/lib:${LD_LIBRARY_PATH} /usr/bin/cmake --install /home/evan/UAV_ws/build/grampc-d
[2.005s] Level 1:colcon.colcon_core.environment:checking '/home/evan/UAV_ws/install/grampc-d' for CMake module files
[2.005s] Level 1:colcon.colcon_core.environment:checking '/home/evan/UAV_ws/install/grampc-d' for CMake config files
[2.006s] Level 1:colcon.colcon_core.shell:create_environment_hook('grampc-d', 'cmake_prefix_path')
[2.017s] INFO:colcon.colcon_core.shell:Creating environment hook '/home/evan/UAV_ws/install/grampc-d/share/grampc-d/hook/cmake_prefix_path.ps1'
[2.018s] INFO:colcon.colcon_core.shell:Creating environment descriptor '/home/evan/UAV_ws/install/grampc-d/share/grampc-d/hook/cmake_prefix_path.dsv'
[2.018s] INFO:colcon.colcon_core.shell:Creating environment hook '/home/evan/UAV_ws/install/grampc-d/share/grampc-d/hook/cmake_prefix_path.sh'
[2.018s] Level 1:colcon.colcon_core.environment:checking '/home/evan/UAV_ws/install/grampc-d/lib'
[2.019s] Level 1:colcon.colcon_core.environment:checking '/home/evan/UAV_ws/install/grampc-d/bin'
[2.019s] Level 1:colcon.colcon_core.environment:checking '/home/evan/UAV_ws/install/grampc-d/lib/pkgconfig/grampc-d.pc'
[2.019s] Level 1:colcon.colcon_core.environment:checking '/home/evan/UAV_ws/install/grampc-d/lib/python3.10/site-packages'
[2.019s] Level 1:colcon.colcon_core.environment:checking '/home/evan/UAV_ws/install/grampc-d/bin'
[2.030s] INFO:colcon.colcon_core.shell:Creating package script '/home/evan/UAV_ws/install/grampc-d/share/grampc-d/package.ps1'
[2.030s] INFO:colcon.colcon_core.shell:Creating package descriptor '/home/evan/UAV_ws/install/grampc-d/share/grampc-d/package.dsv'
[2.031s] INFO:colcon.colcon_core.shell:Creating package script '/home/evan/UAV_ws/install/grampc-d/share/grampc-d/package.sh'
[2.031s] INFO:colcon.colcon_core.shell:Creating package script '/home/evan/UAV_ws/install/grampc-d/share/grampc-d/package.bash'
[2.031s] INFO:colcon.colcon_core.shell:Creating package script '/home/evan/UAV_ws/install/grampc-d/share/grampc-d/package.zsh'
[2.031s] Level 1:colcon.colcon_core.environment:create_file_with_runtime_dependencies(/home/evan/UAV_ws/install/grampc-d/share/colcon-core/packages/grampc-d)
[2.182s] Level 1:colcon.colcon_core.environment:create_environment_scripts_only(grampc-d)
[2.192s] Level 1:colcon.colcon_core.environment:checking '/home/evan/UAV_ws/install/grampc-d' for CMake module files
[2.193s] Level 1:colcon.colcon_core.environment:checking '/home/evan/UAV_ws/install/grampc-d' for CMake config files
[2.193s] Level 1:colcon.colcon_core.shell:create_environment_hook('grampc-d', 'cmake_prefix_path')
[2.205s] INFO:colcon.colcon_core.shell:Creating environment hook '/home/evan/UAV_ws/install/grampc-d/share/grampc-d/hook/cmake_prefix_path.ps1'
[2.205s] INFO:colcon.colcon_core.shell:Creating environment descriptor '/home/evan/UAV_ws/install/grampc-d/share/grampc-d/hook/cmake_prefix_path.dsv'
[2.205s] INFO:colcon.colcon_core.shell:Creating environment hook '/home/evan/UAV_ws/install/grampc-d/share/grampc-d/hook/cmake_prefix_path.sh'
[2.206s] Level 1:colcon.colcon_core.environment:checking '/home/evan/UAV_ws/install/grampc-d/lib'
[2.206s] Level 1:colcon.colcon_core.environment:checking '/home/evan/UAV_ws/install/grampc-d/bin'
[2.206s] Level 1:colcon.colcon_core.environment:checking '/home/evan/UAV_ws/install/grampc-d/lib/pkgconfig/grampc-d.pc'
[2.206s] Level 1:colcon.colcon_core.environment:checking '/home/evan/UAV_ws/install/grampc-d/lib/python3.10/site-packages'
[2.206s] Level 1:colcon.colcon_core.environment:checking '/home/evan/UAV_ws/install/grampc-d/bin'
[2.218s] INFO:colcon.colcon_core.shell:Creating package script '/home/evan/UAV_ws/install/grampc-d/share/grampc-d/package.ps1'
[2.218s] INFO:colcon.colcon_core.shell:Creating package descriptor '/home/evan/UAV_ws/install/grampc-d/share/grampc-d/package.dsv'
[2.219s] INFO:colcon.colcon_core.shell:Creating package script '/home/evan/UAV_ws/install/grampc-d/share/grampc-d/package.sh'
[2.219s] INFO:colcon.colcon_core.shell:Creating package script '/home/evan/UAV_ws/install/grampc-d/share/grampc-d/package.bash'
[2.219s] INFO:colcon.colcon_core.shell:Creating package script '/home/evan/UAV_ws/install/grampc-d/share/grampc-d/package.zsh'
[2.219s] Level 1:colcon.colcon_core.environment:create_file_with_runtime_dependencies(/home/evan/UAV_ws/install/grampc-d/share/colcon-core/packages/grampc-d)
[2.220s] INFO:colcon.colcon_ros.task.ament_cmake.build:Building ROS package in '/home/evan/UAV_ws/src/mpc_node' with build type 'ament_cmake'
[2.220s] INFO:colcon.colcon_cmake.task.cmake.build:Building CMake package in '/home/evan/UAV_ws/src/mpc_node'
[2.232s] INFO:colcon.colcon_core.shell:Skip shell extension 'powershell' for command environment: Not usable outside of PowerShell
[2.232s] DEBUG:colcon.colcon_core.shell:Skip shell extension 'dsv' for command environment
[2.256s] INFO:colcon.colcon_ros.task.ament_cmake.build:Building ROS package in '/home/evan/UAV_ws/src/simulator_node' with build type 'ament_cmake'
[2.256s] INFO:colcon.colcon_cmake.task.cmake.build:Building CMake package in '/home/evan/UAV_ws/src/simulator_node'
[2.268s] INFO:colcon.colcon_core.shell:Skip shell extension 'powershell' for command environment: Not usable outside of PowerShell
[2.268s] DEBUG:colcon.colcon_core.shell:Skip shell extension 'dsv' for command environment
[2.297s] DEBUG:colcon.colcon_core.event_handler.log_command:Invoking command in '/home/evan/UAV_ws/build/mpc_node': AMENT_PREFIX_PATH=/home/evan/UAV_ws/install/grampc-d:/home/evan/UAV_ws/install/libs:/home/evan/UAV_ws/install/common_msgs:${AMENT_PREFIX_PATH} CMAKE_PREFIX_PATH=/home/evan/UAV_ws/install/grampc-d:/home/evan/UAV_ws/install/libs:/home/evan/UAV_ws/install/common_msgs:/opt/ros/humble LD_LIBRARY_PATH=/home/evan/UAV_ws/install/grampc-d/lib:/home/evan/UAV_ws/install/libs/lib:/home/evan/UAV_ws/install/common_msgs/lib:${LD_LIBRARY_PATH} PYTHONPATH=/home/evan/UAV_ws/install/common_msgs/local/lib/python3.10/dist-packages:${PYTHONPATH} /usr/bin/cmake --build /home/evan/UAV_ws/build/mpc_node -- -j16 -l16
[2.305s] DEBUG:colcon.colcon_core.event_handler.log_command:Invoking command in '/home/evan/UAV_ws/build/simulator_node': AMENT_PREFIX_PATH=/home/evan/UAV_ws/install/grampc-d:/home/evan/UAV_ws/install/libs:/home/evan/UAV_ws/install/common_msgs:${AMENT_PREFIX_PATH} CMAKE_PREFIX_PATH=/home/evan/UAV_ws/install/grampc-d:/home/evan/UAV_ws/install/libs:/home/evan/UAV_ws/install/common_msgs:/opt/ros/humble LD_LIBRARY_PATH=/home/evan/UAV_ws/install/grampc-d/lib:/home/evan/UAV_ws/install/libs/lib:/home/evan/UAV_ws/install/common_msgs/lib:${LD_LIBRARY_PATH} PYTHONPATH=/home/evan/UAV_ws/install/common_msgs/local/lib/python3.10/dist-packages:${PYTHONPATH} /usr/bin/cmake --build /home/evan/UAV_ws/build/simulator_node -- -j16 -l16
[2.362s] DEBUG:colcon.colcon_core.event_handler.log_command:Invoked command in '/home/evan/UAV_ws/build/mpc_node' returned '0': AMENT_PREFIX_PATH=/home/evan/UAV_ws/install/grampc-d:/home/evan/UAV_ws/install/libs:/home/evan/UAV_ws/install/common_msgs:${AMENT_PREFIX_PATH} CMAKE_PREFIX_PATH=/home/evan/UAV_ws/install/grampc-d:/home/evan/UAV_ws/install/libs:/home/evan/UAV_ws/install/common_msgs:/opt/ros/humble LD_LIBRARY_PATH=/home/evan/UAV_ws/install/grampc-d/lib:/home/evan/UAV_ws/install/libs/lib:/home/evan/UAV_ws/install/common_msgs/lib:${LD_LIBRARY_PATH} PYTHONPATH=/home/evan/UAV_ws/install/common_msgs/local/lib/python3.10/dist-packages:${PYTHONPATH} /usr/bin/cmake --build /home/evan/UAV_ws/build/mpc_node -- -j16 -l16
[2.393s] DEBUG:colcon.colcon_core.event_handler.log_command:Invoking command in '/home/evan/UAV_ws/build/mpc_node': AMENT_PREFIX_PATH=/home/evan/UAV_ws/install/grampc-d:/home/evan/UAV_ws/install/libs:/home/evan/UAV_ws/install/common_msgs:${AMENT_PREFIX_PATH} CMAKE_PREFIX_PATH=/home/evan/UAV_ws/install/grampc-d:/home/evan/UAV_ws/install/libs:/home/evan/UAV_ws/install/common_msgs:/opt/ros/humble LD_LIBRARY_PATH=/home/evan/UAV_ws/install/grampc-d/lib:/home/evan/UAV_ws/install/libs/lib:/home/evan/UAV_ws/install/common_msgs/lib:${LD_LIBRARY_PATH} PYTHONPATH=/home/evan/UAV_ws/install/common_msgs/local/lib/python3.10/dist-packages:${PYTHONPATH} /usr/bin/cmake --install /home/evan/UAV_ws/build/mpc_node
[2.413s] Level 1:colcon.colcon_core.environment:create_environment_scripts_only(mpc_node)
[2.413s] DEBUG:colcon.colcon_core.event_handler.log_command:Invoked command in '/home/evan/UAV_ws/build/mpc_node' returned '0': AMENT_PREFIX_PATH=/home/evan/UAV_ws/install/grampc-d:/home/evan/UAV_ws/install/libs:/home/evan/UAV_ws/install/common_msgs:${AMENT_PREFIX_PATH} CMAKE_PREFIX_PATH=/home/evan/UAV_ws/install/grampc-d:/home/evan/UAV_ws/install/libs:/home/evan/UAV_ws/install/common_msgs:/opt/ros/humble LD_LIBRARY_PATH=/home/evan/UAV_ws/install/grampc-d/lib:/home/evan/UAV_ws/install/libs/lib:/home/evan/UAV_ws/install/common_msgs/lib:${LD_LIBRARY_PATH} PYTHONPATH=/home/evan/UAV_ws/install/common_msgs/local/lib/python3.10/dist-packages:${PYTHONPATH} /usr/bin/cmake --install /home/evan/UAV_ws/build/mpc_node
[2.424s] Level 1:colcon.colcon_core.environment:checking '/home/evan/UAV_ws/install/mpc_node' for CMake module files
[2.425s] Level 1:colcon.colcon_core.environment:checking '/home/evan/UAV_ws/install/mpc_node' for CMake config files
[2.425s] Level 1:colcon.colcon_core.shell:create_environment_hook('mpc_node', 'cmake_prefix_path')
[2.435s] INFO:colcon.colcon_core.shell:Creating environment hook '/home/evan/UAV_ws/install/mpc_node/share/mpc_node/hook/cmake_prefix_path.ps1'
[2.436s] INFO:colcon.colcon_core.shell:Creating environment descriptor '/home/evan/UAV_ws/install/mpc_node/share/mpc_node/hook/cmake_prefix_path.dsv'
[2.436s] INFO:colcon.colcon_core.shell:Creating environment hook '/home/evan/UAV_ws/install/mpc_node/share/mpc_node/hook/cmake_prefix_path.sh'
[2.436s] Level 1:colcon.colcon_core.environment:checking '/home/evan/UAV_ws/install/mpc_node/lib'
[2.436s] Level 1:colcon.colcon_core.environment:checking '/home/evan/UAV_ws/install/mpc_node/bin'
[2.436s] Level 1:colcon.colcon_core.environment:checking '/home/evan/UAV_ws/install/mpc_node/lib/pkgconfig/mpc_node.pc'
[2.437s] Level 1:colcon.colcon_core.environment:checking '/home/evan/UAV_ws/install/mpc_node/lib/python3.10/site-packages'
[2.437s] Level 1:colcon.colcon_core.environment:checking '/home/evan/UAV_ws/install/mpc_node/bin'
[2.448s] INFO:colcon.colcon_core.shell:Creating package script '/home/evan/UAV_ws/install/mpc_node/share/mpc_node/package.ps1'
[2.448s] INFO:colcon.colcon_core.shell:Creating package descriptor '/home/evan/UAV_ws/install/mpc_node/share/mpc_node/package.dsv'
[2.448s] INFO:colcon.colcon_core.shell:Creating package script '/home/evan/UAV_ws/install/mpc_node/share/mpc_node/package.sh'
[2.449s] INFO:colcon.colcon_core.shell:Creating package script '/home/evan/UAV_ws/install/mpc_node/share/mpc_node/package.bash'
[2.449s] INFO:colcon.colcon_core.shell:Creating package script '/home/evan/UAV_ws/install/mpc_node/share/mpc_node/package.zsh'
[2.449s] Level 1:colcon.colcon_core.environment:create_file_with_runtime_dependencies(/home/evan/UAV_ws/install/mpc_node/share/colcon-core/packages/mpc_node)
[2.502s] Level 1:colcon.colcon_core.environment:create_environment_scripts_only(mpc_node)
[2.514s] Level 1:colcon.colcon_core.environment:checking '/home/evan/UAV_ws/install/mpc_node' for CMake module files
[2.514s] Level 1:colcon.colcon_core.environment:checking '/home/evan/UAV_ws/install/mpc_node' for CMake config files
[2.514s] Level 1:colcon.colcon_core.shell:create_environment_hook('mpc_node', 'cmake_prefix_path')
[2.525s] INFO:colcon.colcon_core.shell:Creating environment hook '/home/evan/UAV_ws/install/mpc_node/share/mpc_node/hook/cmake_prefix_path.ps1'
[2.526s] INFO:colcon.colcon_core.shell:Creating environment descriptor '/home/evan/UAV_ws/install/mpc_node/share/mpc_node/hook/cmake_prefix_path.dsv'
[2.526s] INFO:colcon.colcon_core.shell:Creating environment hook '/home/evan/UAV_ws/install/mpc_node/share/mpc_node/hook/cmake_prefix_path.sh'
[2.527s] Level 1:colcon.colcon_core.environment:checking '/home/evan/UAV_ws/install/mpc_node/lib'
[2.527s] Level 1:colcon.colcon_core.environment:checking '/home/evan/UAV_ws/install/mpc_node/bin'
[2.527s] Level 1:colcon.colcon_core.environment:checking '/home/evan/UAV_ws/install/mpc_node/lib/pkgconfig/mpc_node.pc'
[2.527s] Level 1:colcon.colcon_core.environment:checking '/home/evan/UAV_ws/install/mpc_node/lib/python3.10/site-packages'
[2.527s] Level 1:colcon.colcon_core.environment:checking '/home/evan/UAV_ws/install/mpc_node/bin'
[2.538s] INFO:colcon.colcon_core.shell:Creating package script '/home/evan/UAV_ws/install/mpc_node/share/mpc_node/package.ps1'
[2.539s] INFO:colcon.colcon_core.shell:Creating package descriptor '/home/evan/UAV_ws/install/mpc_node/share/mpc_node/package.dsv'
[2.539s] INFO:colcon.colcon_core.shell:Creating package script '/home/evan/UAV_ws/install/mpc_node/share/mpc_node/package.sh'
[2.539s] INFO:colcon.colcon_core.shell:Creating package script '/home/evan/UAV_ws/install/mpc_node/share/mpc_node/package.bash'
[2.540s] INFO:colcon.colcon_core.shell:Creating package script '/home/evan/UAV_ws/install/mpc_node/share/mpc_node/package.zsh'
[2.540s] Level 1:colcon.colcon_core.environment:create_file_with_runtime_dependencies(/home/evan/UAV_ws/install/mpc_node/share/colcon-core/packages/mpc_node)
[11.406s] DEBUG:colcon.colcon_core.event_handler.log_command:Invoked command in '/home/evan/UAV_ws/build/simulator_node' returned '0': AMENT_PREFIX_PATH=/home/evan/UAV_ws/install/grampc-d:/home/evan/UAV_ws/install/libs:/home/evan/UAV_ws/install/common_msgs:${AMENT_PREFIX_PATH} CMAKE_PREFIX_PATH=/home/evan/UAV_ws/install/grampc-d:/home/evan/UAV_ws/install/libs:/home/evan/UAV_ws/install/common_msgs:/opt/ros/humble LD_LIBRARY_PATH=/home/evan/UAV_ws/install/grampc-d/lib:/home/evan/UAV_ws/install/libs/lib:/home/evan/UAV_ws/install/common_msgs/lib:${LD_LIBRARY_PATH} PYTHONPATH=/home/evan/UAV_ws/install/common_msgs/local/lib/python3.10/dist-packages:${PYTHONPATH} /usr/bin/cmake --build /home/evan/UAV_ws/build/simulator_node -- -j16 -l16
[11.437s] DEBUG:colcon.colcon_core.event_handler.log_command:Invoking command in '/home/evan/UAV_ws/build/simulator_node': AMENT_PREFIX_PATH=/home/evan/UAV_ws/install/grampc-d:/home/evan/UAV_ws/install/libs:/home/evan/UAV_ws/install/common_msgs:${AMENT_PREFIX_PATH} CMAKE_PREFIX_PATH=/home/evan/UAV_ws/install/grampc-d:/home/evan/UAV_ws/install/libs:/home/evan/UAV_ws/install/common_msgs:/opt/ros/humble LD_LIBRARY_PATH=/home/evan/UAV_ws/install/grampc-d/lib:/home/evan/UAV_ws/install/libs/lib:/home/evan/UAV_ws/install/common_msgs/lib:${LD_LIBRARY_PATH} PYTHONPATH=/home/evan/UAV_ws/install/common_msgs/local/lib/python3.10/dist-packages:${PYTHONPATH} /usr/bin/cmake --install /home/evan/UAV_ws/build/simulator_node
[11.457s] Level 1:colcon.colcon_core.environment:create_environment_scripts_only(simulator_node)
[11.457s] DEBUG:colcon.colcon_core.event_handler.log_command:Invoked command in '/home/evan/UAV_ws/build/simulator_node' returned '0': AMENT_PREFIX_PATH=/home/evan/UAV_ws/install/grampc-d:/home/evan/UAV_ws/install/libs:/home/evan/UAV_ws/install/common_msgs:${AMENT_PREFIX_PATH} CMAKE_PREFIX_PATH=/home/evan/UAV_ws/install/grampc-d:/home/evan/UAV_ws/install/libs:/home/evan/UAV_ws/install/common_msgs:/opt/ros/humble LD_LIBRARY_PATH=/home/evan/UAV_ws/install/grampc-d/lib:/home/evan/UAV_ws/install/libs/lib:/home/evan/UAV_ws/install/common_msgs/lib:${LD_LIBRARY_PATH} PYTHONPATH=/home/evan/UAV_ws/install/common_msgs/local/lib/python3.10/dist-packages:${PYTHONPATH} /usr/bin/cmake --install /home/evan/UAV_ws/build/simulator_node
[11.469s] Level 1:colcon.colcon_core.environment:checking '/home/evan/UAV_ws/install/simulator_node' for CMake module files
[11.469s] Level 1:colcon.colcon_core.environment:checking '/home/evan/UAV_ws/install/simulator_node' for CMake config files
[11.470s] Level 1:colcon.colcon_core.shell:create_environment_hook('simulator_node', 'cmake_prefix_path')
[11.481s] INFO:colcon.colcon_core.shell:Creating environment hook '/home/evan/UAV_ws/install/simulator_node/share/simulator_node/hook/cmake_prefix_path.ps1'
[11.482s] INFO:colcon.colcon_core.shell:Creating environment descriptor '/home/evan/UAV_ws/install/simulator_node/share/simulator_node/hook/cmake_prefix_path.dsv'
[11.482s] INFO:colcon.colcon_core.shell:Creating environment hook '/home/evan/UAV_ws/install/simulator_node/share/simulator_node/hook/cmake_prefix_path.sh'
[11.482s] Level 1:colcon.colcon_core.environment:checking '/home/evan/UAV_ws/install/simulator_node/lib'
[11.482s] Level 1:colcon.colcon_core.environment:checking '/home/evan/UAV_ws/install/simulator_node/bin'
[11.483s] Level 1:colcon.colcon_core.environment:checking '/home/evan/UAV_ws/install/simulator_node/lib/pkgconfig/simulator_node.pc'
[11.483s] Level 1:colcon.colcon_core.environment:checking '/home/evan/UAV_ws/install/simulator_node/lib/python3.10/site-packages'
[11.483s] Level 1:colcon.colcon_core.environment:checking '/home/evan/UAV_ws/install/simulator_node/bin'
[11.495s] INFO:colcon.colcon_core.shell:Creating package script '/home/evan/UAV_ws/install/simulator_node/share/simulator_node/package.ps1'
[11.495s] INFO:colcon.colcon_core.shell:Creating package descriptor '/home/evan/UAV_ws/install/simulator_node/share/simulator_node/package.dsv'
[11.495s] INFO:colcon.colcon_core.shell:Creating package script '/home/evan/UAV_ws/install/simulator_node/share/simulator_node/package.sh'
[11.496s] INFO:colcon.colcon_core.shell:Creating package script '/home/evan/UAV_ws/install/simulator_node/share/simulator_node/package.bash'
[11.496s] INFO:colcon.colcon_core.shell:Creating package script '/home/evan/UAV_ws/install/simulator_node/share/simulator_node/package.zsh'
[11.496s] Level 1:colcon.colcon_core.environment:create_file_with_runtime_dependencies(/home/evan/UAV_ws/install/simulator_node/share/colcon-core/packages/simulator_node)
[11.535s] Level 1:colcon.colcon_core.environment:create_environment_scripts_only(simulator_node)
[11.547s] Level 1:colcon.colcon_core.environment:checking '/home/evan/UAV_ws/install/simulator_node' for CMake module files
[11.547s] Level 1:colcon.colcon_core.environment:checking '/home/evan/UAV_ws/install/simulator_node' for CMake config files
[11.548s] Level 1:colcon.colcon_core.shell:create_environment_hook('simulator_node', 'cmake_prefix_path')
[11.559s] INFO:colcon.colcon_core.shell:Creating environment hook '/home/evan/UAV_ws/install/simulator_node/share/simulator_node/hook/cmake_prefix_path.ps1'
[11.560s] INFO:colcon.colcon_core.shell:Creating environment descriptor '/home/evan/UAV_ws/install/simulator_node/share/simulator_node/hook/cmake_prefix_path.dsv'
[11.560s] INFO:colcon.colcon_core.shell:Creating environment hook '/home/evan/UAV_ws/install/simulator_node/share/simulator_node/hook/cmake_prefix_path.sh'
[11.560s] Level 1:colcon.colcon_core.environment:checking '/home/evan/UAV_ws/install/simulator_node/lib'
[11.560s] Level 1:colcon.colcon_core.environment:checking '/home/evan/UAV_ws/install/simulator_node/bin'
[11.560s] Level 1:colcon.colcon_core.environment:checking '/home/evan/UAV_ws/install/simulator_node/lib/pkgconfig/simulator_node.pc'
[11.561s] Level 1:colcon.colcon_core.environment:checking '/home/evan/UAV_ws/install/simulator_node/lib/python3.10/site-packages'
[11.561s] Level 1:colcon.colcon_core.environment:checking '/home/evan/UAV_ws/install/simulator_node/bin'
[11.573s] INFO:colcon.colcon_core.shell:Creating package script '/home/evan/UAV_ws/install/simulator_node/share/simulator_node/package.ps1'
[11.574s] INFO:colcon.colcon_core.shell:Creating package descriptor '/home/evan/UAV_ws/install/simulator_node/share/simulator_node/package.dsv'
[11.574s] INFO:colcon.colcon_core.shell:Creating package script '/home/evan/UAV_ws/install/simulator_node/share/simulator_node/package.sh'
[11.574s] INFO:colcon.colcon_core.shell:Creating package script '/home/evan/UAV_ws/install/simulator_node/share/simulator_node/package.bash'
[11.575s] INFO:colcon.colcon_core.shell:Creating package script '/home/evan/UAV_ws/install/simulator_node/share/simulator_node/package.zsh'
[11.575s] Level 1:colcon.colcon_core.environment:create_file_with_runtime_dependencies(/home/evan/UAV_ws/install/simulator_node/share/colcon-core/packages/simulator_node)
[11.575s] DEBUG:colcon.colcon_parallel_executor.executor.parallel:closing loop
[11.576s] DEBUG:colcon.colcon_parallel_executor.executor.parallel:loop closed
[11.576s] DEBUG:colcon.colcon_parallel_executor.executor.parallel:run_until_complete finished with '0'
[11.576s] DEBUG:colcon.colcon_core.event_reactor:joining thread
[11.593s] INFO:colcon.colcon_core.plugin_system:Skipping extension 'colcon_notification.desktop_notification.terminal_notifier': Not used on non-Darwin systems
[11.593s] INFO:colcon.colcon_core.plugin_system:Skipping extension 'colcon_notification.desktop_notification.win32': Not used on non-Windows systems
[11.593s] INFO:colcon.colcon_notification.desktop_notification:Sending desktop notification using 'notify2'
[11.602s] DEBUG:colcon.colcon_core.event_reactor:joined thread
[11.615s] INFO:colcon.colcon_core.shell:Creating prefix script '/home/evan/UAV_ws/install/local_setup.ps1'
[11.616s] INFO:colcon.colcon_core.shell:Creating prefix util module '/home/evan/UAV_ws/install/_local_setup_util_ps1.py'
[11.617s] INFO:colcon.colcon_core.shell:Creating prefix chain script '/home/evan/UAV_ws/install/setup.ps1'
[11.628s] INFO:colcon.colcon_core.shell:Creating prefix script '/home/evan/UAV_ws/install/local_setup.sh'
[11.629s] INFO:colcon.colcon_core.shell:Creating prefix util module '/home/evan/UAV_ws/install/_local_setup_util_sh.py'
[11.629s] INFO:colcon.colcon_core.shell:Creating prefix chain script '/home/evan/UAV_ws/install/setup.sh'
[11.642s] INFO:colcon.colcon_core.shell:Creating prefix script '/home/evan/UAV_ws/install/local_setup.bash'
[11.642s] INFO:colcon.colcon_core.shell:Creating prefix chain script '/home/evan/UAV_ws/install/setup.bash'
[11.654s] INFO:colcon.colcon_core.shell:Creating prefix script '/home/evan/UAV_ws/install/local_setup.zsh'
[11.655s] INFO:colcon.colcon_core.shell:Creating prefix chain script '/home/evan/UAV_ws/install/setup.zsh'
