[0.061s] Invoking command in '/home/evan/UAV_ws/build/simulator_node': CMAKE_PREFIX_PATH=/home/evan/UAV_ws/install/grampc-d:/home/evan/UAV_ws/install/libs:/home/evan/UAV_ws/install/common_msgs:/home/evan/UAV_ws/install/uav_launch:/home/evan/UAV_ws/install/test:/home/evan/UAV_ws/install/simulator_node:/home/evan/UAV_ws/install/mpc_node:/opt/ros/humble LD_LIBRARY_PATH=/home/evan/UAV_ws/install/common_msgs/lib:/home/evan/UAV_ws/install/grampc-d/lib:/home/evan/UAV_ws/install/libs/lib:/opt/ros/humble/opt/rviz_ogre_vendor/lib:/opt/ros/humble/lib/x86_64-linux-gnu:/opt/ros/humble/lib /usr/bin/cmake --build /home/evan/UAV_ws/build/simulator_node -- -j16 -l16
[0.115s] [100%] Built target simulator_node_exe
[0.125s] Invoked command in '/home/evan/UAV_ws/build/simulator_node' returned '0': CMAKE_PREFIX_PATH=/home/evan/UAV_ws/install/grampc-d:/home/evan/UAV_ws/install/libs:/home/evan/UAV_ws/install/common_msgs:/home/evan/UAV_ws/install/uav_launch:/home/evan/UAV_ws/install/test:/home/evan/UAV_ws/install/simulator_node:/home/evan/UAV_ws/install/mpc_node:/opt/ros/humble LD_LIBRARY_PATH=/home/evan/UAV_ws/install/common_msgs/lib:/home/evan/UAV_ws/install/grampc-d/lib:/home/evan/UAV_ws/install/libs/lib:/opt/ros/humble/opt/rviz_ogre_vendor/lib:/opt/ros/humble/lib/x86_64-linux-gnu:/opt/ros/humble/lib /usr/bin/cmake --build /home/evan/UAV_ws/build/simulator_node -- -j16 -l16
[0.156s] Invoking command in '/home/evan/UAV_ws/build/simulator_node': CMAKE_PREFIX_PATH=/home/evan/UAV_ws/install/grampc-d:/home/evan/UAV_ws/install/libs:/home/evan/UAV_ws/install/common_msgs:/home/evan/UAV_ws/install/uav_launch:/home/evan/UAV_ws/install/test:/home/evan/UAV_ws/install/simulator_node:/home/evan/UAV_ws/install/mpc_node:/opt/ros/humble LD_LIBRARY_PATH=/home/evan/UAV_ws/install/common_msgs/lib:/home/evan/UAV_ws/install/grampc-d/lib:/home/evan/UAV_ws/install/libs/lib:/opt/ros/humble/opt/rviz_ogre_vendor/lib:/opt/ros/humble/lib/x86_64-linux-gnu:/opt/ros/humble/lib /usr/bin/cmake --install /home/evan/UAV_ws/build/simulator_node
[0.163s] -- Install configuration: "Debug"
[0.163s] -- Execute custom install script
[0.163s] -- Up-to-date symlink: /home/evan/UAV_ws/install/simulator_node/lib/simulator_node/simulator_node_exe
[0.163s] -- Up-to-date symlink: /home/evan/UAV_ws/install/simulator_node/share/ament_index/resource_index/package_run_dependencies/simulator_node
[0.163s] -- Up-to-date symlink: /home/evan/UAV_ws/install/simulator_node/share/ament_index/resource_index/parent_prefix_path/simulator_node
[0.164s] -- Up-to-date symlink: /home/evan/UAV_ws/install/simulator_node/share/simulator_node/environment/ament_prefix_path.sh
[0.164s] -- Up-to-date symlink: /home/evan/UAV_ws/install/simulator_node/share/simulator_node/environment/ament_prefix_path.dsv
[0.164s] -- Up-to-date symlink: /home/evan/UAV_ws/install/simulator_node/share/simulator_node/environment/path.sh
[0.164s] -- Up-to-date symlink: /home/evan/UAV_ws/install/simulator_node/share/simulator_node/environment/path.dsv
[0.164s] -- Up-to-date symlink: /home/evan/UAV_ws/install/simulator_node/share/simulator_node/local_setup.bash
[0.164s] -- Up-to-date symlink: /home/evan/UAV_ws/install/simulator_node/share/simulator_node/local_setup.sh
[0.164s] -- Up-to-date symlink: /home/evan/UAV_ws/install/simulator_node/share/simulator_node/local_setup.zsh
[0.164s] -- Up-to-date symlink: /home/evan/UAV_ws/install/simulator_node/share/simulator_node/local_setup.dsv
[0.164s] -- Symlinking: /home/evan/UAV_ws/install/simulator_node/share/simulator_node/package.dsv
[0.173s] -- Up-to-date symlink: /home/evan/UAV_ws/install/simulator_node/share/ament_index/resource_index/packages/simulator_node
[0.174s] -- Up-to-date symlink: /home/evan/UAV_ws/install/simulator_node/share/simulator_node/cmake/simulator_nodeConfig.cmake
[0.174s] -- Up-to-date symlink: /home/evan/UAV_ws/install/simulator_node/share/simulator_node/cmake/simulator_nodeConfig-version.cmake
[0.174s] -- Up-to-date symlink: /home/evan/UAV_ws/install/simulator_node/share/simulator_node/package.xml
[0.211s] Invoked command in '/home/evan/UAV_ws/build/simulator_node' returned '0': CMAKE_PREFIX_PATH=/home/evan/UAV_ws/install/grampc-d:/home/evan/UAV_ws/install/libs:/home/evan/UAV_ws/install/common_msgs:/home/evan/UAV_ws/install/uav_launch:/home/evan/UAV_ws/install/test:/home/evan/UAV_ws/install/simulator_node:/home/evan/UAV_ws/install/mpc_node:/opt/ros/humble LD_LIBRARY_PATH=/home/evan/UAV_ws/install/common_msgs/lib:/home/evan/UAV_ws/install/grampc-d/lib:/home/evan/UAV_ws/install/libs/lib:/opt/ros/humble/opt/rviz_ogre_vendor/lib:/opt/ros/humble/lib/x86_64-linux-gnu:/opt/ros/humble/lib /usr/bin/cmake --install /home/evan/UAV_ws/build/simulator_node
